ERROR - 2023-04-13 01:20:26 --> Error connecting to the database: mysqli_sql_exception: No connection could be made because the target machine actively refused it in C:\laragon\www\SIPIUTANG\system\Database\MySQLi\Connection.php:174
Stack trace:
#0 C:\laragon\www\SIPIUTANG\system\Database\MySQLi\Connection.php(174): mysqli->real_connect('localhost', 'root', '', 'db_piutang', 3306, '', 0)
#1 C:\laragon\www\SIPIUTANG\system\Database\BaseConnection.php(391): CodeIgniter\Database\MySQLi\Connection->connect(false)
#2 C:\laragon\www\SIPIUTANG\system\Database\BaseConnection.php(573): CodeIgniter\Database\BaseConnection->initialize()
#3 C:\laragon\www\SIPIUTANG\system\Database\BaseBuilder.php(1616): CodeIgniter\Database\BaseConnection->query('SELECT SUM(sisa...', Array, false)
#4 C:\laragon\www\SIPIUTANG\app\Models\ModelInvoice.php(97): CodeIgniter\Database\BaseBuilder->get()
#5 C:\laragon\www\SIPIUTANG\app\Controllers\AJAX\Piutang.php(23): App\Models\ModelInvoice->getHutang(NULL)
#6 C:\laragon\www\SIPIUTANG\system\CodeIgniter.php(934): App\Controllers\AJAX\Piutang->index(NULL)
#7 C:\laragon\www\SIPIUTANG\system\CodeIgniter.php(499): CodeIgniter\CodeIgniter->runController(Object(App\Controllers\AJAX\Piutang))
#8 C:\laragon\www\SIPIUTANG\system\CodeIgniter.php(368): CodeIgniter\CodeIgniter->handleRequest(NULL, Object(Config\Cache), false)
#9 C:\laragon\www\SIPIUTANG\public\index.php(67): CodeIgniter\CodeIgniter->run()
#10 C:\laragon\www\SIPIUTANG\system\Commands\Server\rewrite.php(47): require_once('C:\\laragon\\www\\...')
#11 {main}

Next CodeIgniter\Database\Exceptions\DatabaseException: No connection could be made because the target machine actively refused it in C:\laragon\www\SIPIUTANG\system\Database\MySQLi\Connection.php:218
Stack trace:
#0 C:\laragon\www\SIPIUTANG\system\Database\BaseConnection.php(391): CodeIgniter\Database\MySQLi\Connection->connect(false)
#1 C:\laragon\www\SIPIUTANG\system\Database\BaseConnection.php(573): CodeIgniter\Database\BaseConnection->initialize()
#2 C:\laragon\www\SIPIUTANG\system\Database\BaseBuilder.php(1616): CodeIgniter\Database\BaseConnection->query('SELECT SUM(sisa...', Array, false)
#3 C:\laragon\www\SIPIUTANG\app\Models\ModelInvoice.php(97): CodeIgniter\Database\BaseBuilder->get()
#4 C:\laragon\www\SIPIUTANG\app\Controllers\AJAX\Piutang.php(23): App\Models\ModelInvoice->getHutang(NULL)
#5 C:\laragon\www\SIPIUTANG\system\CodeIgniter.php(934): App\Controllers\AJAX\Piutang->index(NULL)
#6 C:\laragon\www\SIPIUTANG\system\CodeIgniter.php(499): CodeIgniter\CodeIgniter->runController(Object(App\Controllers\AJAX\Piutang))
#7 C:\laragon\www\SIPIUTANG\system\CodeIgniter.php(368): CodeIgniter\CodeIgniter->handleRequest(NULL, Object(Config\Cache), false)
#8 C:\laragon\www\SIPIUTANG\public\index.php(67): CodeIgniter\CodeIgniter->run()
#9 C:\laragon\www\SIPIUTANG\system\Commands\Server\rewrite.php(47): require_once('C:\\laragon\\www\\...')
#10 {main}
CRITICAL - 2023-04-13 01:20:26 --> Unable to connect to the database.
Main connection [MySQLi]: No connection could be made because the target machine actively refused it
in SYSTEMPATH\Database\BaseConnection.php on line 427.
 1 SYSTEMPATH\Database\BaseConnection.php(573): CodeIgniter\Database\BaseConnection->initialize()
 2 SYSTEMPATH\Database\BaseBuilder.php(1616): CodeIgniter\Database\BaseConnection->query('SELECT SUM(sisa_hutang) as hutang_invoice, `id_customer`, `nama_usaha`, `nama_cstmr`, `telepon`, `atas_nama`
FROM `tb_invoice`
JOIN `tb_customer` ON `tb_customer`.`id` = `tb_invoice`.`id_customer`
GROUP BY `tb_invoice`.`id_customer`', [], false)
 3 APPPATH\Models\ModelInvoice.php(97): CodeIgniter\Database\BaseBuilder->get()
 4 APPPATH\Controllers\AJAX\Piutang.php(23): App\Models\ModelInvoice->getHutang(null)
 5 SYSTEMPATH\CodeIgniter.php(934): App\Controllers\AJAX\Piutang->index(null)
 6 SYSTEMPATH\CodeIgniter.php(499): CodeIgniter\CodeIgniter->runController(Object(App\Controllers\AJAX\Piutang))
 7 SYSTEMPATH\CodeIgniter.php(368): CodeIgniter\CodeIgniter->handleRequest(null, Object(Config\Cache), false)
 8 FCPATH\index.php(67): CodeIgniter\CodeIgniter->run()
 9 SYSTEMPATH\Commands\Server\rewrite.php(47): require_once('FCPATH\\index.php')
ERROR - 2023-04-13 01:20:30 --> Error connecting to the database: mysqli_sql_exception: No connection could be made because the target machine actively refused it in C:\laragon\www\SIPIUTANG\system\Database\MySQLi\Connection.php:174
Stack trace:
#0 C:\laragon\www\SIPIUTANG\system\Database\MySQLi\Connection.php(174): mysqli->real_connect('localhost', 'root', '', 'db_piutang', 3306, '', 0)
#1 C:\laragon\www\SIPIUTANG\system\Database\BaseConnection.php(391): CodeIgniter\Database\MySQLi\Connection->connect(false)
#2 C:\laragon\www\SIPIUTANG\system\Database\BaseConnection.php(573): CodeIgniter\Database\BaseConnection->initialize()
#3 C:\laragon\www\SIPIUTANG\system\Database\BaseBuilder.php(1616): CodeIgniter\Database\BaseConnection->query('SELECT *\nFROM `...', Array, false)
#4 C:\laragon\www\SIPIUTANG\app\Models\ModelBank.php(16): CodeIgniter\Database\BaseBuilder->get()
#5 C:\laragon\www\SIPIUTANG\app\Controllers\AJAX\Bank.php(13): App\Models\ModelBank->getBank(NULL)
#6 C:\laragon\www\SIPIUTANG\system\CodeIgniter.php(934): App\Controllers\AJAX\Bank->index()
#7 C:\laragon\www\SIPIUTANG\system\CodeIgniter.php(499): CodeIgniter\CodeIgniter->runController(Object(App\Controllers\AJAX\Bank))
#8 C:\laragon\www\SIPIUTANG\system\CodeIgniter.php(368): CodeIgniter\CodeIgniter->handleRequest(NULL, Object(Config\Cache), false)
#9 C:\laragon\www\SIPIUTANG\public\index.php(67): CodeIgniter\CodeIgniter->run()
#10 C:\laragon\www\SIPIUTANG\system\Commands\Server\rewrite.php(47): require_once('C:\\laragon\\www\\...')
#11 {main}

Next CodeIgniter\Database\Exceptions\DatabaseException: No connection could be made because the target machine actively refused it in C:\laragon\www\SIPIUTANG\system\Database\MySQLi\Connection.php:218
Stack trace:
#0 C:\laragon\www\SIPIUTANG\system\Database\BaseConnection.php(391): CodeIgniter\Database\MySQLi\Connection->connect(false)
#1 C:\laragon\www\SIPIUTANG\system\Database\BaseConnection.php(573): CodeIgniter\Database\BaseConnection->initialize()
#2 C:\laragon\www\SIPIUTANG\system\Database\BaseBuilder.php(1616): CodeIgniter\Database\BaseConnection->query('SELECT *\nFROM `...', Array, false)
#3 C:\laragon\www\SIPIUTANG\app\Models\ModelBank.php(16): CodeIgniter\Database\BaseBuilder->get()
#4 C:\laragon\www\SIPIUTANG\app\Controllers\AJAX\Bank.php(13): App\Models\ModelBank->getBank(NULL)
#5 C:\laragon\www\SIPIUTANG\system\CodeIgniter.php(934): App\Controllers\AJAX\Bank->index()
#6 C:\laragon\www\SIPIUTANG\system\CodeIgniter.php(499): CodeIgniter\CodeIgniter->runController(Object(App\Controllers\AJAX\Bank))
#7 C:\laragon\www\SIPIUTANG\system\CodeIgniter.php(368): CodeIgniter\CodeIgniter->handleRequest(NULL, Object(Config\Cache), false)
#8 C:\laragon\www\SIPIUTANG\public\index.php(67): CodeIgniter\CodeIgniter->run()
#9 C:\laragon\www\SIPIUTANG\system\Commands\Server\rewrite.php(47): require_once('C:\\laragon\\www\\...')
#10 {main}
CRITICAL - 2023-04-13 01:20:30 --> Unable to connect to the database.
Main connection [MySQLi]: No connection could be made because the target machine actively refused it
in SYSTEMPATH\Database\BaseConnection.php on line 427.
 1 SYSTEMPATH\Database\BaseConnection.php(573): CodeIgniter\Database\BaseConnection->initialize()
 2 SYSTEMPATH\Database\BaseBuilder.php(1616): CodeIgniter\Database\BaseConnection->query('SELECT *
FROM `tb_bank`', [], false)
 3 APPPATH\Models\ModelBank.php(16): CodeIgniter\Database\BaseBuilder->get()
 4 APPPATH\Controllers\AJAX\Bank.php(13): App\Models\ModelBank->getBank(null)
 5 SYSTEMPATH\CodeIgniter.php(934): App\Controllers\AJAX\Bank->index()
 6 SYSTEMPATH\CodeIgniter.php(499): CodeIgniter\CodeIgniter->runController(Object(App\Controllers\AJAX\Bank))
 7 SYSTEMPATH\CodeIgniter.php(368): CodeIgniter\CodeIgniter->handleRequest(null, Object(Config\Cache), false)
 8 FCPATH\index.php(67): CodeIgniter\CodeIgniter->run()
 9 SYSTEMPATH\Commands\Server\rewrite.php(47): require_once('FCPATH\\index.php')
ERROR - 2023-04-13 01:20:35 --> Error connecting to the database: mysqli_sql_exception: No connection could be made because the target machine actively refused it in C:\laragon\www\SIPIUTANG\system\Database\MySQLi\Connection.php:174
Stack trace:
#0 C:\laragon\www\SIPIUTANG\system\Database\MySQLi\Connection.php(174): mysqli->real_connect('localhost', 'root', '', 'db_piutang', 3306, '', 0)
#1 C:\laragon\www\SIPIUTANG\system\Database\BaseConnection.php(391): CodeIgniter\Database\MySQLi\Connection->connect(false)
#2 C:\laragon\www\SIPIUTANG\system\Database\BaseConnection.php(573): CodeIgniter\Database\BaseConnection->initialize()
#3 C:\laragon\www\SIPIUTANG\system\Database\BaseBuilder.php(1616): CodeIgniter\Database\BaseConnection->query('SELECT `tb_reke...', Array, false)
#4 C:\laragon\www\SIPIUTANG\app\Models\ModelRekPenerima.php(26): CodeIgniter\Database\BaseBuilder->get()
#5 C:\laragon\www\SIPIUTANG\app\Controllers\AJAX\RekPenerima.php(17): App\Models\ModelRekPenerima->getRekPenerima(NULL)
#6 C:\laragon\www\SIPIUTANG\system\CodeIgniter.php(934): App\Controllers\AJAX\RekPenerima->index(NULL)
#7 C:\laragon\www\SIPIUTANG\system\CodeIgniter.php(499): CodeIgniter\CodeIgniter->runController(Object(App\Controllers\AJAX\RekPenerima))
#8 C:\laragon\www\SIPIUTANG\system\CodeIgniter.php(368): CodeIgniter\CodeIgniter->handleRequest(NULL, Object(Config\Cache), false)
#9 C:\laragon\www\SIPIUTANG\public\index.php(67): CodeIgniter\CodeIgniter->run()
#10 C:\laragon\www\SIPIUTANG\system\Commands\Server\rewrite.php(47): require_once('C:\\laragon\\www\\...')
#11 {main}

Next CodeIgniter\Database\Exceptions\DatabaseException: No connection could be made because the target machine actively refused it in C:\laragon\www\SIPIUTANG\system\Database\MySQLi\Connection.php:218
Stack trace:
#0 C:\laragon\www\SIPIUTANG\system\Database\BaseConnection.php(391): CodeIgniter\Database\MySQLi\Connection->connect(false)
#1 C:\laragon\www\SIPIUTANG\system\Database\BaseConnection.php(573): CodeIgniter\Database\BaseConnection->initialize()
#2 C:\laragon\www\SIPIUTANG\system\Database\BaseBuilder.php(1616): CodeIgniter\Database\BaseConnection->query('SELECT `tb_reke...', Array, false)
#3 C:\laragon\www\SIPIUTANG\app\Models\ModelRekPenerima.php(26): CodeIgniter\Database\BaseBuilder->get()
#4 C:\laragon\www\SIPIUTANG\app\Controllers\AJAX\RekPenerima.php(17): App\Models\ModelRekPenerima->getRekPenerima(NULL)
#5 C:\laragon\www\SIPIUTANG\system\CodeIgniter.php(934): App\Controllers\AJAX\RekPenerima->index(NULL)
#6 C:\laragon\www\SIPIUTANG\system\CodeIgniter.php(499): CodeIgniter\CodeIgniter->runController(Object(App\Controllers\AJAX\RekPenerima))
#7 C:\laragon\www\SIPIUTANG\system\CodeIgniter.php(368): CodeIgniter\CodeIgniter->handleRequest(NULL, Object(Config\Cache), false)
#8 C:\laragon\www\SIPIUTANG\public\index.php(67): CodeIgniter\CodeIgniter->run()
#9 C:\laragon\www\SIPIUTANG\system\Commands\Server\rewrite.php(47): require_once('C:\\laragon\\www\\...')
#10 {main}
CRITICAL - 2023-04-13 01:20:35 --> Unable to connect to the database.
Main connection [MySQLi]: No connection could be made because the target machine actively refused it
in SYSTEMPATH\Database\BaseConnection.php on line 427.
 1 SYSTEMPATH\Database\BaseConnection.php(573): CodeIgniter\Database\BaseConnection->initialize()
 2 SYSTEMPATH\Database\BaseBuilder.php(1616): CodeIgniter\Database\BaseConnection->query('SELECT `tb_rekening_penerima`.`id`, `nama_rekening`, `nomor_rekening`, `id_bank_penerima`, `nama_bank`, `alias`
FROM `tb_rekening_penerima`
LEFT JOIN `tb_bank` ON `tb_bank`.`id` = `tb_rekening_penerima`.`id_bank_penerima`', [], false)
 3 APPPATH\Models\ModelRekPenerima.php(26): CodeIgniter\Database\BaseBuilder->get()
 4 APPPATH\Controllers\AJAX\RekPenerima.php(17): App\Models\ModelRekPenerima->getRekPenerima(null)
 5 SYSTEMPATH\CodeIgniter.php(934): App\Controllers\AJAX\RekPenerima->index(null)
 6 SYSTEMPATH\CodeIgniter.php(499): CodeIgniter\CodeIgniter->runController(Object(App\Controllers\AJAX\RekPenerima))
 7 SYSTEMPATH\CodeIgniter.php(368): CodeIgniter\CodeIgniter->handleRequest(null, Object(Config\Cache), false)
 8 FCPATH\index.php(67): CodeIgniter\CodeIgniter->run()
 9 SYSTEMPATH\Commands\Server\rewrite.php(47): require_once('FCPATH\\index.php')
ERROR - 2023-04-13 01:20:39 --> Error connecting to the database: mysqli_sql_exception: No connection could be made because the target machine actively refused it in C:\laragon\www\SIPIUTANG\system\Database\MySQLi\Connection.php:174
Stack trace:
#0 C:\laragon\www\SIPIUTANG\system\Database\MySQLi\Connection.php(174): mysqli->real_connect('localhost', 'root', '', 'db_piutang', 3306, '', 0)
#1 C:\laragon\www\SIPIUTANG\system\Database\BaseConnection.php(391): CodeIgniter\Database\MySQLi\Connection->connect(false)
#2 C:\laragon\www\SIPIUTANG\system\Database\BaseConnection.php(573): CodeIgniter\Database\BaseConnection->initialize()
#3 C:\laragon\www\SIPIUTANG\system\Database\BaseBuilder.php(1616): CodeIgniter\Database\BaseConnection->query('SELECT *\nFROM `...', Array, false)
#4 C:\laragon\www\SIPIUTANG\app\Models\ModelBank.php(16): CodeIgniter\Database\BaseBuilder->get()
#5 C:\laragon\www\SIPIUTANG\app\Controllers\AJAX\Bank.php(13): App\Models\ModelBank->getBank(NULL)
#6 C:\laragon\www\SIPIUTANG\system\CodeIgniter.php(934): App\Controllers\AJAX\Bank->index()
#7 C:\laragon\www\SIPIUTANG\system\CodeIgniter.php(499): CodeIgniter\CodeIgniter->runController(Object(App\Controllers\AJAX\Bank))
#8 C:\laragon\www\SIPIUTANG\system\CodeIgniter.php(368): CodeIgniter\CodeIgniter->handleRequest(NULL, Object(Config\Cache), false)
#9 C:\laragon\www\SIPIUTANG\public\index.php(67): CodeIgniter\CodeIgniter->run()
#10 C:\laragon\www\SIPIUTANG\system\Commands\Server\rewrite.php(47): require_once('C:\\laragon\\www\\...')
#11 {main}

Next CodeIgniter\Database\Exceptions\DatabaseException: No connection could be made because the target machine actively refused it in C:\laragon\www\SIPIUTANG\system\Database\MySQLi\Connection.php:218
Stack trace:
#0 C:\laragon\www\SIPIUTANG\system\Database\BaseConnection.php(391): CodeIgniter\Database\MySQLi\Connection->connect(false)
#1 C:\laragon\www\SIPIUTANG\system\Database\BaseConnection.php(573): CodeIgniter\Database\BaseConnection->initialize()
#2 C:\laragon\www\SIPIUTANG\system\Database\BaseBuilder.php(1616): CodeIgniter\Database\BaseConnection->query('SELECT *\nFROM `...', Array, false)
#3 C:\laragon\www\SIPIUTANG\app\Models\ModelBank.php(16): CodeIgniter\Database\BaseBuilder->get()
#4 C:\laragon\www\SIPIUTANG\app\Controllers\AJAX\Bank.php(13): App\Models\ModelBank->getBank(NULL)
#5 C:\laragon\www\SIPIUTANG\system\CodeIgniter.php(934): App\Controllers\AJAX\Bank->index()
#6 C:\laragon\www\SIPIUTANG\system\CodeIgniter.php(499): CodeIgniter\CodeIgniter->runController(Object(App\Controllers\AJAX\Bank))
#7 C:\laragon\www\SIPIUTANG\system\CodeIgniter.php(368): CodeIgniter\CodeIgniter->handleRequest(NULL, Object(Config\Cache), false)
#8 C:\laragon\www\SIPIUTANG\public\index.php(67): CodeIgniter\CodeIgniter->run()
#9 C:\laragon\www\SIPIUTANG\system\Commands\Server\rewrite.php(47): require_once('C:\\laragon\\www\\...')
#10 {main}
CRITICAL - 2023-04-13 01:20:39 --> Unable to connect to the database.
Main connection [MySQLi]: No connection could be made because the target machine actively refused it
in SYSTEMPATH\Database\BaseConnection.php on line 427.
 1 SYSTEMPATH\Database\BaseConnection.php(573): CodeIgniter\Database\BaseConnection->initialize()
 2 SYSTEMPATH\Database\BaseBuilder.php(1616): CodeIgniter\Database\BaseConnection->query('SELECT *
FROM `tb_bank`', [], false)
 3 APPPATH\Models\ModelBank.php(16): CodeIgniter\Database\BaseBuilder->get()
 4 APPPATH\Controllers\AJAX\Bank.php(13): App\Models\ModelBank->getBank(null)
 5 SYSTEMPATH\CodeIgniter.php(934): App\Controllers\AJAX\Bank->index()
 6 SYSTEMPATH\CodeIgniter.php(499): CodeIgniter\CodeIgniter->runController(Object(App\Controllers\AJAX\Bank))
 7 SYSTEMPATH\CodeIgniter.php(368): CodeIgniter\CodeIgniter->handleRequest(null, Object(Config\Cache), false)
 8 FCPATH\index.php(67): CodeIgniter\CodeIgniter->run()
 9 SYSTEMPATH\Commands\Server\rewrite.php(47): require_once('FCPATH\\index.php')
ERROR - 2023-04-13 01:21:40 --> Error connecting to the database: mysqli_sql_exception: No connection could be made because the target machine actively refused it in C:\laragon\www\SIPIUTANG\system\Database\MySQLi\Connection.php:174
Stack trace:
#0 C:\laragon\www\SIPIUTANG\system\Database\MySQLi\Connection.php(174): mysqli->real_connect('localhost', 'root', '', 'db_piutang', 3306, '', 0)
#1 C:\laragon\www\SIPIUTANG\system\Database\BaseConnection.php(391): CodeIgniter\Database\MySQLi\Connection->connect(false)
#2 C:\laragon\www\SIPIUTANG\system\Database\BaseConnection.php(573): CodeIgniter\Database\BaseConnection->initialize()
#3 C:\laragon\www\SIPIUTANG\system\Database\BaseBuilder.php(1616): CodeIgniter\Database\BaseConnection->query('SELECT `tb_reke...', Array, false)
#4 C:\laragon\www\SIPIUTANG\app\Models\ModelRekPenerima.php(26): CodeIgniter\Database\BaseBuilder->get()
#5 C:\laragon\www\SIPIUTANG\app\Controllers\AJAX\RekPenerima.php(17): App\Models\ModelRekPenerima->getRekPenerima(NULL)
#6 C:\laragon\www\SIPIUTANG\system\CodeIgniter.php(934): App\Controllers\AJAX\RekPenerima->index(NULL)
#7 C:\laragon\www\SIPIUTANG\system\CodeIgniter.php(499): CodeIgniter\CodeIgniter->runController(Object(App\Controllers\AJAX\RekPenerima))
#8 C:\laragon\www\SIPIUTANG\system\CodeIgniter.php(368): CodeIgniter\CodeIgniter->handleRequest(NULL, Object(Config\Cache), false)
#9 C:\laragon\www\SIPIUTANG\public\index.php(67): CodeIgniter\CodeIgniter->run()
#10 C:\laragon\www\SIPIUTANG\system\Commands\Server\rewrite.php(47): require_once('C:\\laragon\\www\\...')
#11 {main}

Next CodeIgniter\Database\Exceptions\DatabaseException: No connection could be made because the target machine actively refused it in C:\laragon\www\SIPIUTANG\system\Database\MySQLi\Connection.php:218
Stack trace:
#0 C:\laragon\www\SIPIUTANG\system\Database\BaseConnection.php(391): CodeIgniter\Database\MySQLi\Connection->connect(false)
#1 C:\laragon\www\SIPIUTANG\system\Database\BaseConnection.php(573): CodeIgniter\Database\BaseConnection->initialize()
#2 C:\laragon\www\SIPIUTANG\system\Database\BaseBuilder.php(1616): CodeIgniter\Database\BaseConnection->query('SELECT `tb_reke...', Array, false)
#3 C:\laragon\www\SIPIUTANG\app\Models\ModelRekPenerima.php(26): CodeIgniter\Database\BaseBuilder->get()
#4 C:\laragon\www\SIPIUTANG\app\Controllers\AJAX\RekPenerima.php(17): App\Models\ModelRekPenerima->getRekPenerima(NULL)
#5 C:\laragon\www\SIPIUTANG\system\CodeIgniter.php(934): App\Controllers\AJAX\RekPenerima->index(NULL)
#6 C:\laragon\www\SIPIUTANG\system\CodeIgniter.php(499): CodeIgniter\CodeIgniter->runController(Object(App\Controllers\AJAX\RekPenerima))
#7 C:\laragon\www\SIPIUTANG\system\CodeIgniter.php(368): CodeIgniter\CodeIgniter->handleRequest(NULL, Object(Config\Cache), false)
#8 C:\laragon\www\SIPIUTANG\public\index.php(67): CodeIgniter\CodeIgniter->run()
#9 C:\laragon\www\SIPIUTANG\system\Commands\Server\rewrite.php(47): require_once('C:\\laragon\\www\\...')
#10 {main}
CRITICAL - 2023-04-13 01:21:40 --> Unable to connect to the database.
Main connection [MySQLi]: No connection could be made because the target machine actively refused it
in SYSTEMPATH\Database\BaseConnection.php on line 427.
 1 SYSTEMPATH\Database\BaseConnection.php(573): CodeIgniter\Database\BaseConnection->initialize()
 2 SYSTEMPATH\Database\BaseBuilder.php(1616): CodeIgniter\Database\BaseConnection->query('SELECT `tb_rekening_penerima`.`id`, `nama_rekening`, `nomor_rekening`, `id_bank_penerima`, `nama_bank`, `alias`
FROM `tb_rekening_penerima`
LEFT JOIN `tb_bank` ON `tb_bank`.`id` = `tb_rekening_penerima`.`id_bank_penerima`', [], false)
 3 APPPATH\Models\ModelRekPenerima.php(26): CodeIgniter\Database\BaseBuilder->get()
 4 APPPATH\Controllers\AJAX\RekPenerima.php(17): App\Models\ModelRekPenerima->getRekPenerima(null)
 5 SYSTEMPATH\CodeIgniter.php(934): App\Controllers\AJAX\RekPenerima->index(null)
 6 SYSTEMPATH\CodeIgniter.php(499): CodeIgniter\CodeIgniter->runController(Object(App\Controllers\AJAX\RekPenerima))
 7 SYSTEMPATH\CodeIgniter.php(368): CodeIgniter\CodeIgniter->handleRequest(null, Object(Config\Cache), false)
 8 FCPATH\index.php(67): CodeIgniter\CodeIgniter->run()
 9 SYSTEMPATH\Commands\Server\rewrite.php(47): require_once('FCPATH\\index.php')
ERROR - 2023-04-13 01:21:44 --> Error connecting to the database: mysqli_sql_exception: No connection could be made because the target machine actively refused it in C:\laragon\www\SIPIUTANG\system\Database\MySQLi\Connection.php:174
Stack trace:
#0 C:\laragon\www\SIPIUTANG\system\Database\MySQLi\Connection.php(174): mysqli->real_connect('localhost', 'root', '', 'db_piutang', 3306, '', 0)
#1 C:\laragon\www\SIPIUTANG\system\Database\BaseConnection.php(391): CodeIgniter\Database\MySQLi\Connection->connect(false)
#2 C:\laragon\www\SIPIUTANG\system\Database\BaseConnection.php(573): CodeIgniter\Database\BaseConnection->initialize()
#3 C:\laragon\www\SIPIUTANG\system\Database\BaseBuilder.php(1616): CodeIgniter\Database\BaseConnection->query('SELECT `tb_paym...', Array, false)
#4 C:\laragon\www\SIPIUTANG\app\Models\ModelPayment.php(27): CodeIgniter\Database\BaseBuilder->get()
#5 C:\laragon\www\SIPIUTANG\app\Controllers\AJAX\Payment.php(25): App\Models\ModelPayment->getPayment(NULL, NULL, NULL)
#6 C:\laragon\www\SIPIUTANG\system\CodeIgniter.php(934): App\Controllers\AJAX\Payment->index(NULL, NULL, NULL)
#7 C:\laragon\www\SIPIUTANG\system\CodeIgniter.php(499): CodeIgniter\CodeIgniter->runController(Object(App\Controllers\AJAX\Payment))
#8 C:\laragon\www\SIPIUTANG\system\CodeIgniter.php(368): CodeIgniter\CodeIgniter->handleRequest(NULL, Object(Config\Cache), false)
#9 C:\laragon\www\SIPIUTANG\public\index.php(67): CodeIgniter\CodeIgniter->run()
#10 C:\laragon\www\SIPIUTANG\system\Commands\Server\rewrite.php(47): require_once('C:\\laragon\\www\\...')
#11 {main}

Next CodeIgniter\Database\Exceptions\DatabaseException: No connection could be made because the target machine actively refused it in C:\laragon\www\SIPIUTANG\system\Database\MySQLi\Connection.php:218
Stack trace:
#0 C:\laragon\www\SIPIUTANG\system\Database\BaseConnection.php(391): CodeIgniter\Database\MySQLi\Connection->connect(false)
#1 C:\laragon\www\SIPIUTANG\system\Database\BaseConnection.php(573): CodeIgniter\Database\BaseConnection->initialize()
#2 C:\laragon\www\SIPIUTANG\system\Database\BaseBuilder.php(1616): CodeIgniter\Database\BaseConnection->query('SELECT `tb_paym...', Array, false)
#3 C:\laragon\www\SIPIUTANG\app\Models\ModelPayment.php(27): CodeIgniter\Database\BaseBuilder->get()
#4 C:\laragon\www\SIPIUTANG\app\Controllers\AJAX\Payment.php(25): App\Models\ModelPayment->getPayment(NULL, NULL, NULL)
#5 C:\laragon\www\SIPIUTANG\system\CodeIgniter.php(934): App\Controllers\AJAX\Payment->index(NULL, NULL, NULL)
#6 C:\laragon\www\SIPIUTANG\system\CodeIgniter.php(499): CodeIgniter\CodeIgniter->runController(Object(App\Controllers\AJAX\Payment))
#7 C:\laragon\www\SIPIUTANG\system\CodeIgniter.php(368): CodeIgniter\CodeIgniter->handleRequest(NULL, Object(Config\Cache), false)
#8 C:\laragon\www\SIPIUTANG\public\index.php(67): CodeIgniter\CodeIgniter->run()
#9 C:\laragon\www\SIPIUTANG\system\Commands\Server\rewrite.php(47): require_once('C:\\laragon\\www\\...')
#10 {main}
CRITICAL - 2023-04-13 01:21:44 --> Unable to connect to the database.
Main connection [MySQLi]: No connection could be made because the target machine actively refused it
in SYSTEMPATH\Database\BaseConnection.php on line 427.
 1 SYSTEMPATH\Database\BaseConnection.php(573): CodeIgniter\Database\BaseConnection->initialize()
 2 SYSTEMPATH\Database\BaseBuilder.php(1616): CodeIgniter\Database\BaseConnection->query('SELECT `tb_payment`.`id`, `no_payment`, `nominal_payment`, `tgl_pembayaran`, `tb_payment`.`keterangan` AS `keterangan_payment`, `verifikasi`, `id_bank_pembayar`, `rekening_pembayar`, `atas_nama_pembayar`, `id_rekening_penerima`, `id_rekening_penerima`, `tb_rekening_penerima`.`id_bank_penerima` as `id_bank_rek_penerima`, `nama_rekening`, `nomor_rekening`, `tb_rekening_penerima`.`keterangan` AS `keterangan_penerima`, `id_bank_penerima`, `id_customer`, `nama_cstmr`, `nama_usaha`, `atas_nama`, `rekening`, `alias`
FROM `tb_payment`
JOIN `invoice_payment` ON `invoice_payment`.`id_payment` = `tb_payment`.`id`
JOIN `tb_invoice` ON `invoice_payment`.`id_invoice` = `tb_invoice`.`id`
JOIN `tb_customer` ON `tb_customer`.`id` = `tb_invoice`.`id_customer`
JOIN `tb_bank` ON `tb_bank`.`id` = `tb_customer`.`id_bank`
JOIN `tb_rekening_penerima` ON `tb_rekening_penerima`.`id` = `tb_payment`.`id_rekening_penerima`
GROUP BY `tb_payment`.`id`, `tb_customer`.`id`', [], false)
 3 APPPATH\Models\ModelPayment.php(27): CodeIgniter\Database\BaseBuilder->get()
 4 APPPATH\Controllers\AJAX\Payment.php(25): App\Models\ModelPayment->getPayment(null, null, null)
 5 SYSTEMPATH\CodeIgniter.php(934): App\Controllers\AJAX\Payment->index(null, null, null)
 6 SYSTEMPATH\CodeIgniter.php(499): CodeIgniter\CodeIgniter->runController(Object(App\Controllers\AJAX\Payment))
 7 SYSTEMPATH\CodeIgniter.php(368): CodeIgniter\CodeIgniter->handleRequest(null, Object(Config\Cache), false)
 8 FCPATH\index.php(67): CodeIgniter\CodeIgniter->run()
 9 SYSTEMPATH\Commands\Server\rewrite.php(47): require_once('FCPATH\\index.php')
CRITICAL - 2023-04-13 03:30:50 --> Undefined variable $hutang_terbayar
in APPPATH\Controllers\AJAX\Dashboard.php on line 52.
 1 APPPATH\Controllers\AJAX\Dashboard.php(52): CodeIgniter\Debug\Exceptions->errorHandler(2, 'Undefined variable $hutang_terbayar', 'APPPATH\\Controllers\\AJAX\\Dashboard.php', 52)
 2 SYSTEMPATH\CodeIgniter.php(934): App\Controllers\AJAX\Dashboard->getChartTransaksi()
 3 SYSTEMPATH\CodeIgniter.php(499): CodeIgniter\CodeIgniter->runController(Object(App\Controllers\AJAX\Dashboard))
 4 SYSTEMPATH\CodeIgniter.php(368): CodeIgniter\CodeIgniter->handleRequest(null, Object(Config\Cache), false)
 5 FCPATH\index.php(67): CodeIgniter\CodeIgniter->run()
 6 SYSTEMPATH\Commands\Server\rewrite.php(47): require_once('FCPATH\\index.php')
CRITICAL - 2023-04-13 05:36:42 --> date(): Argument #2 ($timestamp) must be of type ?int, string given
in APPPATH\Controllers\AJAX\Dashboard.php on line 53.
 1 APPPATH\Controllers\AJAX\Dashboard.php(53): date('d', '2023-04-01')
 2 SYSTEMPATH\CodeIgniter.php(934): App\Controllers\AJAX\Dashboard->getChartTransaksi()
 3 SYSTEMPATH\CodeIgniter.php(499): CodeIgniter\CodeIgniter->runController(Object(App\Controllers\AJAX\Dashboard))
 4 SYSTEMPATH\CodeIgniter.php(368): CodeIgniter\CodeIgniter->handleRequest(null, Object(Config\Cache), false)
 5 FCPATH\index.php(67): CodeIgniter\CodeIgniter->run()
 6 SYSTEMPATH\Commands\Server\rewrite.php(47): require_once('FCPATH\\index.php')
CRITICAL - 2023-04-13 06:10:45 --> Undefined variable $i
in APPPATH\Controllers\AJAX\Dashboard.php on line 56.
 1 APPPATH\Controllers\AJAX\Dashboard.php(56): CodeIgniter\Debug\Exceptions->errorHandler(2, 'Undefined variable $i', 'APPPATH\\Controllers\\AJAX\\Dashboard.php', 56)
 2 SYSTEMPATH\CodeIgniter.php(934): App\Controllers\AJAX\Dashboard->getChartTransaksi()
 3 SYSTEMPATH\CodeIgniter.php(499): CodeIgniter\CodeIgniter->runController(Object(App\Controllers\AJAX\Dashboard))
 4 SYSTEMPATH\CodeIgniter.php(368): CodeIgniter\CodeIgniter->handleRequest(null, Object(Config\Cache), false)
 5 FCPATH\index.php(67): CodeIgniter\CodeIgniter->run()
 6 SYSTEMPATH\Commands\Server\rewrite.php(47): require_once('FCPATH\\index.php')
CRITICAL - 2023-04-13 07:06:45 --> syntax error, unexpected variable "$mLaporan"
in APPPATH\Controllers\AJAX\Dashboard.php on line 40.
 1 SYSTEMPATH\Autoloader\Autoloader.php(289): CodeIgniter\Autoloader\Autoloader->includeFile('APPPATH\\Controllers\\AJAX\\Dashboard.php')
 2 SYSTEMPATH\Autoloader\Autoloader.php(267): CodeIgniter\Autoloader\Autoloader->loadInNamespace('App\\Controllers\\AJAX\\Dashboard')
 3 [internal function]: CodeIgniter\Autoloader\Autoloader->loadClass('App\\Controllers\\AJAX\\Dashboard')
 4 SYSTEMPATH\CodeIgniter.php(892): class_exists('\\App\\Controllers\\AJAX\\Dashboard', true)
 5 SYSTEMPATH\CodeIgniter.php(486): CodeIgniter\CodeIgniter->startController()
 6 SYSTEMPATH\CodeIgniter.php(368): CodeIgniter\CodeIgniter->handleRequest(null, Object(Config\Cache), false)
 7 FCPATH\index.php(67): CodeIgniter\CodeIgniter->run()
 8 SYSTEMPATH\Commands\Server\rewrite.php(47): require_once('FCPATH\\index.php')
CRITICAL - 2023-04-13 07:40:25 --> Undefined variable $invoiceSum
in APPPATH\Controllers\AJAX\Dashboard.php on line 65.
 1 APPPATH\Controllers\AJAX\Dashboard.php(65): CodeIgniter\Debug\Exceptions->errorHandler(2, 'Undefined variable $invoiceSum', 'APPPATH\\Controllers\\AJAX\\Dashboard.php', 65)
 2 SYSTEMPATH\CodeIgniter.php(934): App\Controllers\AJAX\Dashboard->getChartTransaksi()
 3 SYSTEMPATH\CodeIgniter.php(499): CodeIgniter\CodeIgniter->runController(Object(App\Controllers\AJAX\Dashboard))
 4 SYSTEMPATH\CodeIgniter.php(368): CodeIgniter\CodeIgniter->handleRequest(null, Object(Config\Cache), false)
 5 FCPATH\index.php(67): CodeIgniter\CodeIgniter->run()
 6 SYSTEMPATH\Commands\Server\rewrite.php(47): require_once('FCPATH\\index.php')
CRITICAL - 2023-04-13 07:42:45 --> Undefined variable $invoiceSum
in APPPATH\Controllers\AJAX\Dashboard.php on line 69.
 1 APPPATH\Controllers\AJAX\Dashboard.php(69): CodeIgniter\Debug\Exceptions->errorHandler(2, 'Undefined variable $invoiceSum', 'APPPATH\\Controllers\\AJAX\\Dashboard.php', 69)
 2 SYSTEMPATH\CodeIgniter.php(934): App\Controllers\AJAX\Dashboard->getChartTransaksi()
 3 SYSTEMPATH\CodeIgniter.php(499): CodeIgniter\CodeIgniter->runController(Object(App\Controllers\AJAX\Dashboard))
 4 SYSTEMPATH\CodeIgniter.php(368): CodeIgniter\CodeIgniter->handleRequest(null, Object(Config\Cache), false)
 5 FCPATH\index.php(67): CodeIgniter\CodeIgniter->run()
 6 SYSTEMPATH\Commands\Server\rewrite.php(47): require_once('FCPATH\\index.php')
CRITICAL - 2023-04-13 07:50:30 --> Undefined variable $i
in APPPATH\Controllers\AJAX\Dashboard.php on line 52.
 1 APPPATH\Controllers\AJAX\Dashboard.php(52): CodeIgniter\Debug\Exceptions->errorHandler(2, 'Undefined variable $i', 'APPPATH\\Controllers\\AJAX\\Dashboard.php', 52)
 2 SYSTEMPATH\CodeIgniter.php(934): App\Controllers\AJAX\Dashboard->getChartTransaksi()
 3 SYSTEMPATH\CodeIgniter.php(499): CodeIgniter\CodeIgniter->runController(Object(App\Controllers\AJAX\Dashboard))
 4 SYSTEMPATH\CodeIgniter.php(368): CodeIgniter\CodeIgniter->handleRequest(null, Object(Config\Cache), false)
 5 FCPATH\index.php(67): CodeIgniter\CodeIgniter->run()
 6 SYSTEMPATH\Commands\Server\rewrite.php(47): require_once('FCPATH\\index.php')
CRITICAL - 2023-04-13 07:50:41 --> Undefined variable $jumlah
in APPPATH\Controllers\AJAX\Dashboard.php on line 53.
 1 APPPATH\Controllers\AJAX\Dashboard.php(53): CodeIgniter\Debug\Exceptions->errorHandler(2, 'Undefined variable $jumlah', 'APPPATH\\Controllers\\AJAX\\Dashboard.php', 53)
 2 SYSTEMPATH\CodeIgniter.php(934): App\Controllers\AJAX\Dashboard->getChartTransaksi()
 3 SYSTEMPATH\CodeIgniter.php(499): CodeIgniter\CodeIgniter->runController(Object(App\Controllers\AJAX\Dashboard))
 4 SYSTEMPATH\CodeIgniter.php(368): CodeIgniter\CodeIgniter->handleRequest(null, Object(Config\Cache), false)
 5 FCPATH\index.php(67): CodeIgniter\CodeIgniter->run()
 6 SYSTEMPATH\Commands\Server\rewrite.php(47): require_once('FCPATH\\index.php')
CRITICAL - 2023-04-13 07:51:15 --> Undefined variable $i
in APPPATH\Controllers\AJAX\Dashboard.php on line 56.
 1 APPPATH\Controllers\AJAX\Dashboard.php(56): CodeIgniter\Debug\Exceptions->errorHandler(2, 'Undefined variable $i', 'APPPATH\\Controllers\\AJAX\\Dashboard.php', 56)
 2 SYSTEMPATH\CodeIgniter.php(934): App\Controllers\AJAX\Dashboard->getChartTransaksi()
 3 SYSTEMPATH\CodeIgniter.php(499): CodeIgniter\CodeIgniter->runController(Object(App\Controllers\AJAX\Dashboard))
 4 SYSTEMPATH\CodeIgniter.php(368): CodeIgniter\CodeIgniter->handleRequest(null, Object(Config\Cache), false)
 5 FCPATH\index.php(67): CodeIgniter\CodeIgniter->run()
 6 SYSTEMPATH\Commands\Server\rewrite.php(47): require_once('FCPATH\\index.php')
CRITICAL - 2023-04-13 07:53:29 --> Trying to access array offset on value of type null
in APPPATH\Controllers\AJAX\Dashboard.php on line 55.
 1 APPPATH\Controllers\AJAX\Dashboard.php(55): CodeIgniter\Debug\Exceptions->errorHandler(2, 'Trying to access array offset on value of type null', 'APPPATH\\Controllers\\AJAX\\Dashboard.php', 55)
 2 SYSTEMPATH\CodeIgniter.php(934): App\Controllers\AJAX\Dashboard->getChartTransaksi()
 3 SYSTEMPATH\CodeIgniter.php(499): CodeIgniter\CodeIgniter->runController(Object(App\Controllers\AJAX\Dashboard))
 4 SYSTEMPATH\CodeIgniter.php(368): CodeIgniter\CodeIgniter->handleRequest(null, Object(Config\Cache), false)
 5 FCPATH\index.php(67): CodeIgniter\CodeIgniter->run()
 6 SYSTEMPATH\Commands\Server\rewrite.php(47): require_once('FCPATH\\index.php')
CRITICAL - 2023-04-13 07:53:51 --> Undefined variable $invoiceSum
in APPPATH\Controllers\AJAX\Dashboard.php on line 64.
 1 APPPATH\Controllers\AJAX\Dashboard.php(64): CodeIgniter\Debug\Exceptions->errorHandler(2, 'Undefined variable $invoiceSum', 'APPPATH\\Controllers\\AJAX\\Dashboard.php', 64)
 2 SYSTEMPATH\CodeIgniter.php(934): App\Controllers\AJAX\Dashboard->getChartTransaksi()
 3 SYSTEMPATH\CodeIgniter.php(499): CodeIgniter\CodeIgniter->runController(Object(App\Controllers\AJAX\Dashboard))
 4 SYSTEMPATH\CodeIgniter.php(368): CodeIgniter\CodeIgniter->handleRequest(null, Object(Config\Cache), false)
 5 FCPATH\index.php(67): CodeIgniter\CodeIgniter->run()
 6 SYSTEMPATH\Commands\Server\rewrite.php(47): require_once('FCPATH\\index.php')
CRITICAL - 2023-04-13 08:20:10 --> Undefined array key "mounth"
in APPPATH\Controllers\AJAX\Dashboard.php on line 64.
 1 APPPATH\Controllers\AJAX\Dashboard.php(64): CodeIgniter\Debug\Exceptions->errorHandler(2, 'Undefined array key "mounth"', 'APPPATH\\Controllers\\AJAX\\Dashboard.php', 64)
 2 SYSTEMPATH\CodeIgniter.php(934): App\Controllers\AJAX\Dashboard->getChartTransaksi()
 3 SYSTEMPATH\CodeIgniter.php(499): CodeIgniter\CodeIgniter->runController(Object(App\Controllers\AJAX\Dashboard))
 4 SYSTEMPATH\CodeIgniter.php(368): CodeIgniter\CodeIgniter->handleRequest(null, Object(Config\Cache), false)
 5 FCPATH\index.php(67): CodeIgniter\CodeIgniter->run()
 6 SYSTEMPATH\Commands\Server\rewrite.php(47): require_once('FCPATH\\index.php')
CRITICAL - 2023-04-13 08:20:57 --> Undefined array key "mounth"
in APPPATH\Controllers\AJAX\Dashboard.php on line 64.
 1 APPPATH\Controllers\AJAX\Dashboard.php(64): CodeIgniter\Debug\Exceptions->errorHandler(2, 'Undefined array key "mounth"', 'APPPATH\\Controllers\\AJAX\\Dashboard.php', 64)
 2 SYSTEMPATH\CodeIgniter.php(934): App\Controllers\AJAX\Dashboard->getChartTransaksi()
 3 SYSTEMPATH\CodeIgniter.php(499): CodeIgniter\CodeIgniter->runController(Object(App\Controllers\AJAX\Dashboard))
 4 SYSTEMPATH\CodeIgniter.php(368): CodeIgniter\CodeIgniter->handleRequest(null, Object(Config\Cache), false)
 5 FCPATH\index.php(67): CodeIgniter\CodeIgniter->run()
 6 SYSTEMPATH\Commands\Server\rewrite.php(47): require_once('FCPATH\\index.php')
ERROR - 2023-04-13 08:32:29 --> mysqli_sql_exception: Incorrect DATE value: '2023-02-31' in C:\laragon\www\SIPIUTANG\system\Database\MySQLi\Connection.php:295
Stack trace:
#0 C:\laragon\www\SIPIUTANG\system\Database\MySQLi\Connection.php(295): mysqli->query('SELECT SUM(nila...', 0)
#1 C:\laragon\www\SIPIUTANG\system\Database\BaseConnection.php(691): CodeIgniter\Database\MySQLi\Connection->execute('SELECT SUM(nila...')
#2 C:\laragon\www\SIPIUTANG\system\Database\BaseConnection.php(605): CodeIgniter\Database\BaseConnection->simpleQuery('SELECT SUM(nila...')
#3 C:\laragon\www\SIPIUTANG\system\Database\BaseBuilder.php(1616): CodeIgniter\Database\BaseConnection->query('SELECT SUM(nila...', Array, false)
#4 C:\laragon\www\SIPIUTANG\app\Models\ModelLaporan.php(259): CodeIgniter\Database\BaseBuilder->get()
#5 C:\laragon\www\SIPIUTANG\app\Controllers\AJAX\Dashboard.php(51): App\Models\ModelLaporan->getDataInvoiceDashboard(Array, Array)
#6 C:\laragon\www\SIPIUTANG\system\CodeIgniter.php(934): App\Controllers\AJAX\Dashboard->getChartTransaksi()
#7 C:\laragon\www\SIPIUTANG\system\CodeIgniter.php(499): CodeIgniter\CodeIgniter->runController(Object(App\Controllers\AJAX\Dashboard))
#8 C:\laragon\www\SIPIUTANG\system\CodeIgniter.php(368): CodeIgniter\CodeIgniter->handleRequest(NULL, Object(Config\Cache), false)
#9 C:\laragon\www\SIPIUTANG\public\index.php(67): CodeIgniter\CodeIgniter->run()
#10 C:\laragon\www\SIPIUTANG\system\Commands\Server\rewrite.php(47): require_once('C:\\laragon\\www\\...')
#11 {main}
CRITICAL - 2023-04-13 08:32:29 --> Incorrect DATE value: '2023-02-31'
in SYSTEMPATH\Database\BaseConnection.php on line 645.
 1 SYSTEMPATH\Database\BaseBuilder.php(1616): CodeIgniter\Database\BaseConnection->query('SELECT SUM(nilai_invoice) AS sum_nilai_invoice, SUM(sisa_hutang) AS sum_sisa_hutang, SUM(potongan_retur) AS sum_potongan_retur
FROM `tb_invoice`
WHERE `tgl_invoice` >= :tgl_invoice:
AND `tgl_invoice` <= :tgl_invoice.1:', [...], false)
 2 APPPATH\Models\ModelLaporan.php(259): CodeIgniter\Database\BaseBuilder->get()
 3 APPPATH\Controllers\AJAX\Dashboard.php(51): App\Models\ModelLaporan->getDataInvoiceDashboard([...], [...])
 4 SYSTEMPATH\CodeIgniter.php(934): App\Controllers\AJAX\Dashboard->getChartTransaksi()
 5 SYSTEMPATH\CodeIgniter.php(499): CodeIgniter\CodeIgniter->runController(Object(App\Controllers\AJAX\Dashboard))
 6 SYSTEMPATH\CodeIgniter.php(368): CodeIgniter\CodeIgniter->handleRequest(null, Object(Config\Cache), false)
 7 FCPATH\index.php(67): CodeIgniter\CodeIgniter->run()
 8 SYSTEMPATH\Commands\Server\rewrite.php(47): require_once('FCPATH\\index.php')
ERROR - 2023-04-13 08:33:54 --> mysqli_sql_exception: Incorrect DATE value: '2023-02-31' in C:\laragon\www\SIPIUTANG\system\Database\MySQLi\Connection.php:295
Stack trace:
#0 C:\laragon\www\SIPIUTANG\system\Database\MySQLi\Connection.php(295): mysqli->query('SELECT SUM(nila...', 0)
#1 C:\laragon\www\SIPIUTANG\system\Database\BaseConnection.php(691): CodeIgniter\Database\MySQLi\Connection->execute('SELECT SUM(nila...')
#2 C:\laragon\www\SIPIUTANG\system\Database\BaseConnection.php(605): CodeIgniter\Database\BaseConnection->simpleQuery('SELECT SUM(nila...')
#3 C:\laragon\www\SIPIUTANG\system\Database\BaseBuilder.php(1616): CodeIgniter\Database\BaseConnection->query('SELECT SUM(nila...', Array, false)
#4 C:\laragon\www\SIPIUTANG\app\Models\ModelLaporan.php(259): CodeIgniter\Database\BaseBuilder->get()
#5 C:\laragon\www\SIPIUTANG\app\Controllers\AJAX\Dashboard.php(51): App\Models\ModelLaporan->getDataInvoiceDashboard(Array, Array)
#6 C:\laragon\www\SIPIUTANG\system\CodeIgniter.php(934): App\Controllers\AJAX\Dashboard->getChartTransaksi()
#7 C:\laragon\www\SIPIUTANG\system\CodeIgniter.php(499): CodeIgniter\CodeIgniter->runController(Object(App\Controllers\AJAX\Dashboard))
#8 C:\laragon\www\SIPIUTANG\system\CodeIgniter.php(368): CodeIgniter\CodeIgniter->handleRequest(NULL, Object(Config\Cache), false)
#9 C:\laragon\www\SIPIUTANG\public\index.php(67): CodeIgniter\CodeIgniter->run()
#10 C:\laragon\www\SIPIUTANG\system\Commands\Server\rewrite.php(47): require_once('C:\\laragon\\www\\...')
#11 {main}
CRITICAL - 2023-04-13 08:33:54 --> Incorrect DATE value: '2023-02-31'
in SYSTEMPATH\Database\BaseConnection.php on line 645.
 1 SYSTEMPATH\Database\BaseBuilder.php(1616): CodeIgniter\Database\BaseConnection->query('SELECT SUM(nilai_invoice) AS sum_nilai_invoice, SUM(sisa_hutang) AS sum_sisa_hutang, SUM(potongan_retur) AS sum_potongan_retur
FROM `tb_invoice`
WHERE `tgl_invoice` >= :tgl_invoice:
AND `tgl_invoice` <= :tgl_invoice.1:', [...], false)
 2 APPPATH\Models\ModelLaporan.php(259): CodeIgniter\Database\BaseBuilder->get()
 3 APPPATH\Controllers\AJAX\Dashboard.php(51): App\Models\ModelLaporan->getDataInvoiceDashboard([...], [...])
 4 SYSTEMPATH\CodeIgniter.php(934): App\Controllers\AJAX\Dashboard->getChartTransaksi()
 5 SYSTEMPATH\CodeIgniter.php(499): CodeIgniter\CodeIgniter->runController(Object(App\Controllers\AJAX\Dashboard))
 6 SYSTEMPATH\CodeIgniter.php(368): CodeIgniter\CodeIgniter->handleRequest(null, Object(Config\Cache), false)
 7 FCPATH\index.php(67): CodeIgniter\CodeIgniter->run()
 8 SYSTEMPATH\Commands\Server\rewrite.php(47): require_once('FCPATH\\index.php')
ERROR - 2023-04-13 08:35:59 --> mysqli_sql_exception: Incorrect DATE value: '2023-02-31' in C:\laragon\www\SIPIUTANG\system\Database\MySQLi\Connection.php:295
Stack trace:
#0 C:\laragon\www\SIPIUTANG\system\Database\MySQLi\Connection.php(295): mysqli->query('SELECT SUM(nila...', 0)
#1 C:\laragon\www\SIPIUTANG\system\Database\BaseConnection.php(691): CodeIgniter\Database\MySQLi\Connection->execute('SELECT SUM(nila...')
#2 C:\laragon\www\SIPIUTANG\system\Database\BaseConnection.php(605): CodeIgniter\Database\BaseConnection->simpleQuery('SELECT SUM(nila...')
#3 C:\laragon\www\SIPIUTANG\system\Database\BaseBuilder.php(1616): CodeIgniter\Database\BaseConnection->query('SELECT SUM(nila...', Array, false)
#4 C:\laragon\www\SIPIUTANG\app\Models\ModelLaporan.php(259): CodeIgniter\Database\BaseBuilder->get()
#5 C:\laragon\www\SIPIUTANG\app\Controllers\AJAX\Dashboard.php(51): App\Models\ModelLaporan->getDataInvoiceDashboard(Array, Array)
#6 C:\laragon\www\SIPIUTANG\system\CodeIgniter.php(934): App\Controllers\AJAX\Dashboard->getChartTransaksi()
#7 C:\laragon\www\SIPIUTANG\system\CodeIgniter.php(499): CodeIgniter\CodeIgniter->runController(Object(App\Controllers\AJAX\Dashboard))
#8 C:\laragon\www\SIPIUTANG\system\CodeIgniter.php(368): CodeIgniter\CodeIgniter->handleRequest(NULL, Object(Config\Cache), false)
#9 C:\laragon\www\SIPIUTANG\public\index.php(67): CodeIgniter\CodeIgniter->run()
#10 C:\laragon\www\SIPIUTANG\system\Commands\Server\rewrite.php(47): require_once('C:\\laragon\\www\\...')
#11 {main}
CRITICAL - 2023-04-13 08:35:59 --> Incorrect DATE value: '2023-02-31'
in SYSTEMPATH\Database\BaseConnection.php on line 645.
 1 SYSTEMPATH\Database\BaseBuilder.php(1616): CodeIgniter\Database\BaseConnection->query('SELECT SUM(nilai_invoice) AS sum_nilai_invoice, SUM(sisa_hutang) AS sum_sisa_hutang, SUM(potongan_retur) AS sum_potongan_retur
FROM `tb_invoice`
WHERE `tgl_invoice` >= :tgl_invoice:
AND `tgl_invoice` <= :tgl_invoice.1:', [...], false)
 2 APPPATH\Models\ModelLaporan.php(259): CodeIgniter\Database\BaseBuilder->get()
 3 APPPATH\Controllers\AJAX\Dashboard.php(51): App\Models\ModelLaporan->getDataInvoiceDashboard([...], [...])
 4 SYSTEMPATH\CodeIgniter.php(934): App\Controllers\AJAX\Dashboard->getChartTransaksi()
 5 SYSTEMPATH\CodeIgniter.php(499): CodeIgniter\CodeIgniter->runController(Object(App\Controllers\AJAX\Dashboard))
 6 SYSTEMPATH\CodeIgniter.php(368): CodeIgniter\CodeIgniter->handleRequest(null, Object(Config\Cache), false)
 7 FCPATH\index.php(67): CodeIgniter\CodeIgniter->run()
 8 SYSTEMPATH\Commands\Server\rewrite.php(47): require_once('FCPATH\\index.php')
ERROR - 2023-04-13 08:36:14 --> mysqli_sql_exception: Incorrect DATE value: '2023-02-30' in C:\laragon\www\SIPIUTANG\system\Database\MySQLi\Connection.php:295
Stack trace:
#0 C:\laragon\www\SIPIUTANG\system\Database\MySQLi\Connection.php(295): mysqli->query('SELECT SUM(nila...', 0)
#1 C:\laragon\www\SIPIUTANG\system\Database\BaseConnection.php(691): CodeIgniter\Database\MySQLi\Connection->execute('SELECT SUM(nila...')
#2 C:\laragon\www\SIPIUTANG\system\Database\BaseConnection.php(605): CodeIgniter\Database\BaseConnection->simpleQuery('SELECT SUM(nila...')
#3 C:\laragon\www\SIPIUTANG\system\Database\BaseBuilder.php(1616): CodeIgniter\Database\BaseConnection->query('SELECT SUM(nila...', Array, false)
#4 C:\laragon\www\SIPIUTANG\app\Models\ModelLaporan.php(259): CodeIgniter\Database\BaseBuilder->get()
#5 C:\laragon\www\SIPIUTANG\app\Controllers\AJAX\Dashboard.php(51): App\Models\ModelLaporan->getDataInvoiceDashboard(Array, Array)
#6 C:\laragon\www\SIPIUTANG\system\CodeIgniter.php(934): App\Controllers\AJAX\Dashboard->getChartTransaksi()
#7 C:\laragon\www\SIPIUTANG\system\CodeIgniter.php(499): CodeIgniter\CodeIgniter->runController(Object(App\Controllers\AJAX\Dashboard))
#8 C:\laragon\www\SIPIUTANG\system\CodeIgniter.php(368): CodeIgniter\CodeIgniter->handleRequest(NULL, Object(Config\Cache), false)
#9 C:\laragon\www\SIPIUTANG\public\index.php(67): CodeIgniter\CodeIgniter->run()
#10 C:\laragon\www\SIPIUTANG\system\Commands\Server\rewrite.php(47): require_once('C:\\laragon\\www\\...')
#11 {main}
CRITICAL - 2023-04-13 08:36:14 --> Incorrect DATE value: '2023-02-30'
in SYSTEMPATH\Database\BaseConnection.php on line 645.
 1 SYSTEMPATH\Database\BaseBuilder.php(1616): CodeIgniter\Database\BaseConnection->query('SELECT SUM(nilai_invoice) AS sum_nilai_invoice, SUM(sisa_hutang) AS sum_sisa_hutang, SUM(potongan_retur) AS sum_potongan_retur
FROM `tb_invoice`
WHERE `tgl_invoice` >= :tgl_invoice:
AND `tgl_invoice` <= :tgl_invoice.1:', [...], false)
 2 APPPATH\Models\ModelLaporan.php(259): CodeIgniter\Database\BaseBuilder->get()
 3 APPPATH\Controllers\AJAX\Dashboard.php(51): App\Models\ModelLaporan->getDataInvoiceDashboard([...], [...])
 4 SYSTEMPATH\CodeIgniter.php(934): App\Controllers\AJAX\Dashboard->getChartTransaksi()
 5 SYSTEMPATH\CodeIgniter.php(499): CodeIgniter\CodeIgniter->runController(Object(App\Controllers\AJAX\Dashboard))
 6 SYSTEMPATH\CodeIgniter.php(368): CodeIgniter\CodeIgniter->handleRequest(null, Object(Config\Cache), false)
 7 FCPATH\index.php(67): CodeIgniter\CodeIgniter->run()
 8 SYSTEMPATH\Commands\Server\rewrite.php(47): require_once('FCPATH\\index.php')
ERROR - 2023-04-13 08:36:21 --> mysqli_sql_exception: Incorrect DATE value: '2023-02-29' in C:\laragon\www\SIPIUTANG\system\Database\MySQLi\Connection.php:295
Stack trace:
#0 C:\laragon\www\SIPIUTANG\system\Database\MySQLi\Connection.php(295): mysqli->query('SELECT SUM(nila...', 0)
#1 C:\laragon\www\SIPIUTANG\system\Database\BaseConnection.php(691): CodeIgniter\Database\MySQLi\Connection->execute('SELECT SUM(nila...')
#2 C:\laragon\www\SIPIUTANG\system\Database\BaseConnection.php(605): CodeIgniter\Database\BaseConnection->simpleQuery('SELECT SUM(nila...')
#3 C:\laragon\www\SIPIUTANG\system\Database\BaseBuilder.php(1616): CodeIgniter\Database\BaseConnection->query('SELECT SUM(nila...', Array, false)
#4 C:\laragon\www\SIPIUTANG\app\Models\ModelLaporan.php(259): CodeIgniter\Database\BaseBuilder->get()
#5 C:\laragon\www\SIPIUTANG\app\Controllers\AJAX\Dashboard.php(51): App\Models\ModelLaporan->getDataInvoiceDashboard(Array, Array)
#6 C:\laragon\www\SIPIUTANG\system\CodeIgniter.php(934): App\Controllers\AJAX\Dashboard->getChartTransaksi()
#7 C:\laragon\www\SIPIUTANG\system\CodeIgniter.php(499): CodeIgniter\CodeIgniter->runController(Object(App\Controllers\AJAX\Dashboard))
#8 C:\laragon\www\SIPIUTANG\system\CodeIgniter.php(368): CodeIgniter\CodeIgniter->handleRequest(NULL, Object(Config\Cache), false)
#9 C:\laragon\www\SIPIUTANG\public\index.php(67): CodeIgniter\CodeIgniter->run()
#10 C:\laragon\www\SIPIUTANG\system\Commands\Server\rewrite.php(47): require_once('C:\\laragon\\www\\...')
#11 {main}
CRITICAL - 2023-04-13 08:36:21 --> Incorrect DATE value: '2023-02-29'
in SYSTEMPATH\Database\BaseConnection.php on line 645.
 1 SYSTEMPATH\Database\BaseBuilder.php(1616): CodeIgniter\Database\BaseConnection->query('SELECT SUM(nilai_invoice) AS sum_nilai_invoice, SUM(sisa_hutang) AS sum_sisa_hutang, SUM(potongan_retur) AS sum_potongan_retur
FROM `tb_invoice`
WHERE `tgl_invoice` >= :tgl_invoice:
AND `tgl_invoice` <= :tgl_invoice.1:', [...], false)
 2 APPPATH\Models\ModelLaporan.php(259): CodeIgniter\Database\BaseBuilder->get()
 3 APPPATH\Controllers\AJAX\Dashboard.php(51): App\Models\ModelLaporan->getDataInvoiceDashboard([...], [...])
 4 SYSTEMPATH\CodeIgniter.php(934): App\Controllers\AJAX\Dashboard->getChartTransaksi()
 5 SYSTEMPATH\CodeIgniter.php(499): CodeIgniter\CodeIgniter->runController(Object(App\Controllers\AJAX\Dashboard))
 6 SYSTEMPATH\CodeIgniter.php(368): CodeIgniter\CodeIgniter->handleRequest(null, Object(Config\Cache), false)
 7 FCPATH\index.php(67): CodeIgniter\CodeIgniter->run()
 8 SYSTEMPATH\Commands\Server\rewrite.php(47): require_once('FCPATH\\index.php')
CRITICAL - 2023-04-13 08:40:53 --> syntax error, unexpected token "]", expecting variable or "{" or "$"
in APPPATH\Controllers\AJAX\Dashboard.php on line 51.
 1 SYSTEMPATH\Autoloader\Autoloader.php(289): CodeIgniter\Autoloader\Autoloader->includeFile('APPPATH\\Controllers\\AJAX\\Dashboard.php')
 2 SYSTEMPATH\Autoloader\Autoloader.php(267): CodeIgniter\Autoloader\Autoloader->loadInNamespace('App\\Controllers\\AJAX\\Dashboard')
 3 [internal function]: CodeIgniter\Autoloader\Autoloader->loadClass('App\\Controllers\\AJAX\\Dashboard')
 4 SYSTEMPATH\CodeIgniter.php(892): class_exists('\\App\\Controllers\\AJAX\\Dashboard', true)
 5 SYSTEMPATH\CodeIgniter.php(486): CodeIgniter\CodeIgniter->startController()
 6 SYSTEMPATH\CodeIgniter.php(368): CodeIgniter\CodeIgniter->handleRequest(null, Object(Config\Cache), false)
 7 FCPATH\index.php(67): CodeIgniter\CodeIgniter->run()
 8 SYSTEMPATH\Commands\Server\rewrite.php(47): require_once('FCPATH\\index.php')
ERROR - 2023-04-13 08:47:13 --> mysqli_sql_exception: Incorrect DATE value: '20231-01' in C:\laragon\www\SIPIUTANG\system\Database\MySQLi\Connection.php:295
Stack trace:
#0 C:\laragon\www\SIPIUTANG\system\Database\MySQLi\Connection.php(295): mysqli->query('SELECT SUM(nila...', 0)
#1 C:\laragon\www\SIPIUTANG\system\Database\BaseConnection.php(691): CodeIgniter\Database\MySQLi\Connection->execute('SELECT SUM(nila...')
#2 C:\laragon\www\SIPIUTANG\system\Database\BaseConnection.php(605): CodeIgniter\Database\BaseConnection->simpleQuery('SELECT SUM(nila...')
#3 C:\laragon\www\SIPIUTANG\system\Database\BaseBuilder.php(1616): CodeIgniter\Database\BaseConnection->query('SELECT SUM(nila...', Array, false)
#4 C:\laragon\www\SIPIUTANG\app\Models\ModelLaporan.php(259): CodeIgniter\Database\BaseBuilder->get()
#5 C:\laragon\www\SIPIUTANG\app\Controllers\AJAX\Dashboard.php(53): App\Models\ModelLaporan->getDataInvoiceDashboard(Array, Array)
#6 C:\laragon\www\SIPIUTANG\system\CodeIgniter.php(934): App\Controllers\AJAX\Dashboard->getChartTransaksi()
#7 C:\laragon\www\SIPIUTANG\system\CodeIgniter.php(499): CodeIgniter\CodeIgniter->runController(Object(App\Controllers\AJAX\Dashboard))
#8 C:\laragon\www\SIPIUTANG\system\CodeIgniter.php(368): CodeIgniter\CodeIgniter->handleRequest(NULL, Object(Config\Cache), false)
#9 C:\laragon\www\SIPIUTANG\public\index.php(67): CodeIgniter\CodeIgniter->run()
#10 C:\laragon\www\SIPIUTANG\system\Commands\Server\rewrite.php(47): require_once('C:\\laragon\\www\\...')
#11 {main}
CRITICAL - 2023-04-13 08:47:13 --> Incorrect DATE value: '20231-01'
in SYSTEMPATH\Database\BaseConnection.php on line 645.
 1 SYSTEMPATH\Database\BaseBuilder.php(1616): CodeIgniter\Database\BaseConnection->query('SELECT SUM(nilai_invoice) AS sum_nilai_invoice, SUM(sisa_hutang) AS sum_sisa_hutang, SUM(potongan_retur) AS sum_potongan_retur
FROM `tb_invoice`
WHERE `tgl_invoice` >= :tgl_invoice:
AND `tgl_invoice` <= :tgl_invoice.1:', [...], false)
 2 APPPATH\Models\ModelLaporan.php(259): CodeIgniter\Database\BaseBuilder->get()
 3 APPPATH\Controllers\AJAX\Dashboard.php(53): App\Models\ModelLaporan->getDataInvoiceDashboard([...], [...])
 4 SYSTEMPATH\CodeIgniter.php(934): App\Controllers\AJAX\Dashboard->getChartTransaksi()
 5 SYSTEMPATH\CodeIgniter.php(499): CodeIgniter\CodeIgniter->runController(Object(App\Controllers\AJAX\Dashboard))
 6 SYSTEMPATH\CodeIgniter.php(368): CodeIgniter\CodeIgniter->handleRequest(null, Object(Config\Cache), false)
 7 FCPATH\index.php(67): CodeIgniter\CodeIgniter->run()
 8 SYSTEMPATH\Commands\Server\rewrite.php(47): require_once('FCPATH\\index.php')
ERROR - 2023-04-13 08:47:30 --> mysqli_sql_exception: Incorrect DATE value: '20231-01' in C:\laragon\www\SIPIUTANG\system\Database\MySQLi\Connection.php:295
Stack trace:
#0 C:\laragon\www\SIPIUTANG\system\Database\MySQLi\Connection.php(295): mysqli->query('SELECT SUM(nila...', 0)
#1 C:\laragon\www\SIPIUTANG\system\Database\BaseConnection.php(691): CodeIgniter\Database\MySQLi\Connection->execute('SELECT SUM(nila...')
#2 C:\laragon\www\SIPIUTANG\system\Database\BaseConnection.php(605): CodeIgniter\Database\BaseConnection->simpleQuery('SELECT SUM(nila...')
#3 C:\laragon\www\SIPIUTANG\system\Database\BaseBuilder.php(1616): CodeIgniter\Database\BaseConnection->query('SELECT SUM(nila...', Array, false)
#4 C:\laragon\www\SIPIUTANG\app\Models\ModelLaporan.php(259): CodeIgniter\Database\BaseBuilder->get()
#5 C:\laragon\www\SIPIUTANG\app\Controllers\AJAX\Dashboard.php(53): App\Models\ModelLaporan->getDataInvoiceDashboard(Array, Array)
#6 C:\laragon\www\SIPIUTANG\system\CodeIgniter.php(934): App\Controllers\AJAX\Dashboard->getChartTransaksi()
#7 C:\laragon\www\SIPIUTANG\system\CodeIgniter.php(499): CodeIgniter\CodeIgniter->runController(Object(App\Controllers\AJAX\Dashboard))
#8 C:\laragon\www\SIPIUTANG\system\CodeIgniter.php(368): CodeIgniter\CodeIgniter->handleRequest(NULL, Object(Config\Cache), false)
#9 C:\laragon\www\SIPIUTANG\public\index.php(67): CodeIgniter\CodeIgniter->run()
#10 C:\laragon\www\SIPIUTANG\system\Commands\Server\rewrite.php(47): require_once('C:\\laragon\\www\\...')
#11 {main}
CRITICAL - 2023-04-13 08:47:30 --> Incorrect DATE value: '20231-01'
in SYSTEMPATH\Database\BaseConnection.php on line 645.
 1 SYSTEMPATH\Database\BaseBuilder.php(1616): CodeIgniter\Database\BaseConnection->query('SELECT SUM(nilai_invoice) AS sum_nilai_invoice, SUM(sisa_hutang) AS sum_sisa_hutang, SUM(potongan_retur) AS sum_potongan_retur
FROM `tb_invoice`
WHERE `tgl_invoice` >= :tgl_invoice:
AND `tgl_invoice` <= :tgl_invoice.1:', [...], false)
 2 APPPATH\Models\ModelLaporan.php(259): CodeIgniter\Database\BaseBuilder->get()
 3 APPPATH\Controllers\AJAX\Dashboard.php(53): App\Models\ModelLaporan->getDataInvoiceDashboard([...], [...])
 4 SYSTEMPATH\CodeIgniter.php(934): App\Controllers\AJAX\Dashboard->getChartTransaksi()
 5 SYSTEMPATH\CodeIgniter.php(499): CodeIgniter\CodeIgniter->runController(Object(App\Controllers\AJAX\Dashboard))
 6 SYSTEMPATH\CodeIgniter.php(368): CodeIgniter\CodeIgniter->handleRequest(null, Object(Config\Cache), false)
 7 FCPATH\index.php(67): CodeIgniter\CodeIgniter->run()
 8 SYSTEMPATH\Commands\Server\rewrite.php(47): require_once('FCPATH\\index.php')
ERROR - 2023-04-13 08:47:46 --> mysqli_sql_exception: Incorrect DATE value: '20231-01' in C:\laragon\www\SIPIUTANG\system\Database\MySQLi\Connection.php:295
Stack trace:
#0 C:\laragon\www\SIPIUTANG\system\Database\MySQLi\Connection.php(295): mysqli->query('SELECT SUM(nila...', 0)
#1 C:\laragon\www\SIPIUTANG\system\Database\BaseConnection.php(691): CodeIgniter\Database\MySQLi\Connection->execute('SELECT SUM(nila...')
#2 C:\laragon\www\SIPIUTANG\system\Database\BaseConnection.php(605): CodeIgniter\Database\BaseConnection->simpleQuery('SELECT SUM(nila...')
#3 C:\laragon\www\SIPIUTANG\system\Database\BaseBuilder.php(1616): CodeIgniter\Database\BaseConnection->query('SELECT SUM(nila...', Array, false)
#4 C:\laragon\www\SIPIUTANG\app\Models\ModelLaporan.php(259): CodeIgniter\Database\BaseBuilder->get()
#5 C:\laragon\www\SIPIUTANG\app\Controllers\AJAX\Dashboard.php(53): App\Models\ModelLaporan->getDataInvoiceDashboard(Array, Array)
#6 C:\laragon\www\SIPIUTANG\system\CodeIgniter.php(934): App\Controllers\AJAX\Dashboard->getChartTransaksi()
#7 C:\laragon\www\SIPIUTANG\system\CodeIgniter.php(499): CodeIgniter\CodeIgniter->runController(Object(App\Controllers\AJAX\Dashboard))
#8 C:\laragon\www\SIPIUTANG\system\CodeIgniter.php(368): CodeIgniter\CodeIgniter->handleRequest(NULL, Object(Config\Cache), false)
#9 C:\laragon\www\SIPIUTANG\public\index.php(67): CodeIgniter\CodeIgniter->run()
#10 C:\laragon\www\SIPIUTANG\system\Commands\Server\rewrite.php(47): require_once('C:\\laragon\\www\\...')
#11 {main}
CRITICAL - 2023-04-13 08:47:46 --> Incorrect DATE value: '20231-01'
in SYSTEMPATH\Database\BaseConnection.php on line 645.
 1 SYSTEMPATH\Database\BaseBuilder.php(1616): CodeIgniter\Database\BaseConnection->query('SELECT SUM(nilai_invoice) AS sum_nilai_invoice, SUM(sisa_hutang) AS sum_sisa_hutang, SUM(potongan_retur) AS sum_potongan_retur
FROM `tb_invoice`
WHERE `tgl_invoice` >= :tgl_invoice:
AND `tgl_invoice` <= :tgl_invoice.1:', [...], false)
 2 APPPATH\Models\ModelLaporan.php(259): CodeIgniter\Database\BaseBuilder->get()
 3 APPPATH\Controllers\AJAX\Dashboard.php(53): App\Models\ModelLaporan->getDataInvoiceDashboard([...], [...])
 4 SYSTEMPATH\CodeIgniter.php(934): App\Controllers\AJAX\Dashboard->getChartTransaksi()
 5 SYSTEMPATH\CodeIgniter.php(499): CodeIgniter\CodeIgniter->runController(Object(App\Controllers\AJAX\Dashboard))
 6 SYSTEMPATH\CodeIgniter.php(368): CodeIgniter\CodeIgniter->handleRequest(null, Object(Config\Cache), false)
 7 FCPATH\index.php(67): CodeIgniter\CodeIgniter->run()
 8 SYSTEMPATH\Commands\Server\rewrite.php(47): require_once('FCPATH\\index.php')
