CRITICAL - 2023-03-16 01:41:52 --> Unsupported operand types: array + string
in APPPATH\Controllers\AJAX\Invoice.php on line 29.
 1 SYSTEMPATH\CodeIgniter.php(934): App\Controllers\AJAX\Invoice->insertData()
 2 SYSTEMPATH\CodeIgniter.php(499): CodeIgniter\CodeIgniter->runController(Object(App\Controllers\AJAX\Invoice))
 3 SYSTEMPATH\CodeIgniter.php(368): CodeIgniter\CodeIgniter->handleRequest(null, Object(Config\Cache), false)
 4 FCPATH\index.php(67): CodeIgniter\CodeIgniter->run()
 5 SYSTEMPATH\Commands\Server\rewrite.php(47): require_once('FCPATH\\index.php')
CRITICAL - 2023-03-16 01:42:25 --> Unsupported operand types: string + string
in APPPATH\Controllers\AJAX\Invoice.php on line 30.
 1 SYSTEMPATH\CodeIgniter.php(934): App\Controllers\AJAX\Invoice->insertData()
 2 SYSTEMPATH\CodeIgniter.php(499): CodeIgniter\CodeIgniter->runController(Object(App\Controllers\AJAX\Invoice))
 3 SYSTEMPATH\CodeIgniter.php(368): CodeIgniter\CodeIgniter->handleRequest(null, Object(Config\Cache), false)
 4 FCPATH\index.php(67): CodeIgniter\CodeIgniter->run()
 5 SYSTEMPATH\Commands\Server\rewrite.php(47): require_once('FCPATH\\index.php')
CRITICAL - 2023-03-16 02:21:12 --> Undefined array key "status_piutang"
in APPPATH\Controllers\AJAX\Invoice.php on line 34.
 1 APPPATH\Controllers\AJAX\Invoice.php(34): CodeIgniter\Debug\Exceptions->errorHandler(2, 'Undefined array key "status_piutang"', 'APPPATH\\Controllers\\AJAX\\Invoice.php', 34)
 2 SYSTEMPATH\CodeIgniter.php(934): App\Controllers\AJAX\Invoice->insertData()
 3 SYSTEMPATH\CodeIgniter.php(499): CodeIgniter\CodeIgniter->runController(Object(App\Controllers\AJAX\Invoice))
 4 SYSTEMPATH\CodeIgniter.php(368): CodeIgniter\CodeIgniter->handleRequest(null, Object(Config\Cache), false)
 5 FCPATH\index.php(67): CodeIgniter\CodeIgniter->run()
 6 SYSTEMPATH\Commands\Server\rewrite.php(47): require_once('FCPATH\\index.php')
CRITICAL - 2023-03-16 02:21:42 --> Undefined array key "status_piutang"
in APPPATH\Controllers\AJAX\Invoice.php on line 34.
 1 APPPATH\Controllers\AJAX\Invoice.php(34): CodeIgniter\Debug\Exceptions->errorHandler(2, 'Undefined array key "status_piutang"', 'APPPATH\\Controllers\\AJAX\\Invoice.php', 34)
 2 SYSTEMPATH\CodeIgniter.php(934): App\Controllers\AJAX\Invoice->insertData()
 3 SYSTEMPATH\CodeIgniter.php(499): CodeIgniter\CodeIgniter->runController(Object(App\Controllers\AJAX\Invoice))
 4 SYSTEMPATH\CodeIgniter.php(368): CodeIgniter\CodeIgniter->handleRequest(null, Object(Config\Cache), false)
 5 FCPATH\index.php(67): CodeIgniter\CodeIgniter->run()
 6 SYSTEMPATH\Commands\Server\rewrite.php(47): require_once('FCPATH\\index.php')
CRITICAL - 2023-03-16 05:53:30 --> Undefined array key "status_piutang"
in APPPATH\Controllers\AJAX\Invoice.php on line 34.
 1 APPPATH\Controllers\AJAX\Invoice.php(34): CodeIgniter\Debug\Exceptions->errorHandler(2, 'Undefined array key "status_piutang"', 'APPPATH\\Controllers\\AJAX\\Invoice.php', 34)
 2 SYSTEMPATH\CodeIgniter.php(934): App\Controllers\AJAX\Invoice->insertData()
 3 SYSTEMPATH\CodeIgniter.php(499): CodeIgniter\CodeIgniter->runController(Object(App\Controllers\AJAX\Invoice))
 4 SYSTEMPATH\CodeIgniter.php(368): CodeIgniter\CodeIgniter->handleRequest(null, Object(Config\Cache), false)
 5 FCPATH\index.php(67): CodeIgniter\CodeIgniter->run()
 6 SYSTEMPATH\Commands\Server\rewrite.php(47): require_once('FCPATH\\index.php')
ERROR - 2023-03-16 06:28:52 --> mysqli_sql_exception: Cannot delete or update a parent row: a foreign key constraint fails (`db_piutang`.`tb_invoice`, CONSTRAINT `invoice_customer` FOREIGN KEY (`id_customer`) REFERENCES `tb_customer` (`id`) ON DELETE RESTRICT ON UPDATE CASCADE) in C:\laragon\www\SIPIUTANG\system\Database\MySQLi\Connection.php:295
Stack trace:
#0 C:\laragon\www\SIPIUTANG\system\Database\MySQLi\Connection.php(295): mysqli->query('DELETE FROM `tb...', 0)
#1 C:\laragon\www\SIPIUTANG\system\Database\BaseConnection.php(691): CodeIgniter\Database\MySQLi\Connection->execute('DELETE FROM `tb...')
#2 C:\laragon\www\SIPIUTANG\system\Database\BaseConnection.php(605): CodeIgniter\Database\BaseConnection->simpleQuery('DELETE FROM `tb...')
#3 C:\laragon\www\SIPIUTANG\system\Database\BaseBuilder.php(2791): CodeIgniter\Database\BaseConnection->query('DELETE FROM `tb...', Array, false)
#4 C:\laragon\www\SIPIUTANG\app\Models\ModelCustomer.php(40): CodeIgniter\Database\BaseBuilder->delete(Array)
#5 C:\laragon\www\SIPIUTANG\app\Controllers\AJAX\Customer.php(46): App\Models\ModelCustomer->deleteData(Array)
#6 C:\laragon\www\SIPIUTANG\system\CodeIgniter.php(934): App\Controllers\AJAX\Customer->deleteData()
#7 C:\laragon\www\SIPIUTANG\system\CodeIgniter.php(499): CodeIgniter\CodeIgniter->runController(Object(App\Controllers\AJAX\Customer))
#8 C:\laragon\www\SIPIUTANG\system\CodeIgniter.php(368): CodeIgniter\CodeIgniter->handleRequest(NULL, Object(Config\Cache), false)
#9 C:\laragon\www\SIPIUTANG\public\index.php(67): CodeIgniter\CodeIgniter->run()
#10 C:\laragon\www\SIPIUTANG\system\Commands\Server\rewrite.php(47): require_once('C:\\laragon\\www\\...')
#11 {main}
CRITICAL - 2023-03-16 06:28:52 --> Cannot delete or update a parent row: a foreign key constraint fails (`db_piutang`.`tb_invoice`, CONSTRAINT `invoice_customer` FOREIGN KEY (`id_customer`) REFERENCES `tb_customer` (`id`) ON DELETE RESTRICT ON UPDATE CASCADE)
in SYSTEMPATH\Database\BaseConnection.php on line 645.
 1 SYSTEMPATH\Database\BaseBuilder.php(2791): CodeIgniter\Database\BaseConnection->query('DELETE FROM `tb_customer`
WHERE `id` = :id:', [...], false)
 2 APPPATH\Models\ModelCustomer.php(40): CodeIgniter\Database\BaseBuilder->delete([...])
 3 APPPATH\Controllers\AJAX\Customer.php(46): App\Models\ModelCustomer->deleteData([...])
 4 SYSTEMPATH\CodeIgniter.php(934): App\Controllers\AJAX\Customer->deleteData()
 5 SYSTEMPATH\CodeIgniter.php(499): CodeIgniter\CodeIgniter->runController(Object(App\Controllers\AJAX\Customer))
 6 SYSTEMPATH\CodeIgniter.php(368): CodeIgniter\CodeIgniter->handleRequest(null, Object(Config\Cache), false)
 7 FCPATH\index.php(67): CodeIgniter\CodeIgniter->run()
 8 SYSTEMPATH\Commands\Server\rewrite.php(47): require_once('FCPATH\\index.php')
ERROR - 2023-03-16 06:40:10 --> mysqli_sql_exception: Unknown column 'satus_piutang' in 'field list' in C:\laragon\www\SIPIUTANG\system\Database\MySQLi\Connection.php:295
Stack trace:
#0 C:\laragon\www\SIPIUTANG\system\Database\MySQLi\Connection.php(295): mysqli->query('SELECT `tb_invo...', 0)
#1 C:\laragon\www\SIPIUTANG\system\Database\BaseConnection.php(691): CodeIgniter\Database\MySQLi\Connection->execute('SELECT `tb_invo...')
#2 C:\laragon\www\SIPIUTANG\system\Database\BaseConnection.php(605): CodeIgniter\Database\BaseConnection->simpleQuery('SELECT `tb_invo...')
#3 C:\laragon\www\SIPIUTANG\system\Database\BaseBuilder.php(1616): CodeIgniter\Database\BaseConnection->query('SELECT `tb_invo...', Array, false)
#4 C:\laragon\www\SIPIUTANG\app\Models\ModelInvoice.php(17): CodeIgniter\Database\BaseBuilder->get()
#5 C:\laragon\www\SIPIUTANG\app\Controllers\AJAX\Invoice.php(13): App\Models\ModelInvoice->getInvoice(NULL)
#6 C:\laragon\www\SIPIUTANG\system\CodeIgniter.php(934): App\Controllers\AJAX\Invoice->index()
#7 C:\laragon\www\SIPIUTANG\system\CodeIgniter.php(499): CodeIgniter\CodeIgniter->runController(Object(App\Controllers\AJAX\Invoice))
#8 C:\laragon\www\SIPIUTANG\system\CodeIgniter.php(368): CodeIgniter\CodeIgniter->handleRequest(NULL, Object(Config\Cache), false)
#9 C:\laragon\www\SIPIUTANG\public\index.php(67): CodeIgniter\CodeIgniter->run()
#10 C:\laragon\www\SIPIUTANG\system\Commands\Server\rewrite.php(47): require_once('C:\\laragon\\www\\...')
#11 {main}
CRITICAL - 2023-03-16 06:40:10 --> Unknown column 'satus_piutang' in 'field list'
in SYSTEMPATH\Database\BaseConnection.php on line 645.
 1 SYSTEMPATH\Database\BaseBuilder.php(1616): CodeIgniter\Database\BaseConnection->query('SELECT `tb_invoice`.`id`, `no_invoice`, `tgl_invoice`, `termin`, `jth_tmpo`, `nilai_invoice`, `satus_piutang`, `sisa_hutang`, `id_customer`, `id_user`
FROM `tb_invoice`
JOIN `tb_customer` ON `tb_customer`.`id` = `tb_invoice`.`id_customer`', [], false)
 2 APPPATH\Models\ModelInvoice.php(17): CodeIgniter\Database\BaseBuilder->get()
 3 APPPATH\Controllers\AJAX\Invoice.php(13): App\Models\ModelInvoice->getInvoice(null)
 4 SYSTEMPATH\CodeIgniter.php(934): App\Controllers\AJAX\Invoice->index()
 5 SYSTEMPATH\CodeIgniter.php(499): CodeIgniter\CodeIgniter->runController(Object(App\Controllers\AJAX\Invoice))
 6 SYSTEMPATH\CodeIgniter.php(368): CodeIgniter\CodeIgniter->handleRequest(null, Object(Config\Cache), false)
 7 FCPATH\index.php(67): CodeIgniter\CodeIgniter->run()
 8 SYSTEMPATH\Commands\Server\rewrite.php(47): require_once('FCPATH\\index.php')
CRITICAL - 2023-03-16 07:16:35 --> You must set the database table to be used with your query.
in SYSTEMPATH\Database\BaseConnection.php on line 882.
 1 SYSTEMPATH\Model.php(642): CodeIgniter\Database\BaseConnection->table(null)
 2 SYSTEMPATH\Model.php(832): CodeIgniter\Model->builder()
 3 APPPATH\Controllers\AJAX\Invoice.php(84): CodeIgniter\Model->__call('getUser', [...])
 4 SYSTEMPATH\CodeIgniter.php(934): App\Controllers\AJAX\Invoice->getDetail([...])
 5 SYSTEMPATH\CodeIgniter.php(499): CodeIgniter\CodeIgniter->runController(Object(App\Controllers\AJAX\Invoice))
 6 SYSTEMPATH\CodeIgniter.php(368): CodeIgniter\CodeIgniter->handleRequest(null, Object(Config\Cache), false)
 7 FCPATH\index.php(67): CodeIgniter\CodeIgniter->run()
 8 SYSTEMPATH\Commands\Server\rewrite.php(47): require_once('FCPATH\\index.php')
CRITICAL - 2023-03-16 07:17:00 --> You must set the database table to be used with your query.
in SYSTEMPATH\Database\BaseConnection.php on line 882.
 1 SYSTEMPATH\Model.php(642): CodeIgniter\Database\BaseConnection->table(null)
 2 SYSTEMPATH\Model.php(832): CodeIgniter\Model->builder()
 3 APPPATH\Controllers\AJAX\Invoice.php(84): CodeIgniter\Model->__call('getUser', [...])
 4 SYSTEMPATH\CodeIgniter.php(934): App\Controllers\AJAX\Invoice->getDetail([...])
 5 SYSTEMPATH\CodeIgniter.php(499): CodeIgniter\CodeIgniter->runController(Object(App\Controllers\AJAX\Invoice))
 6 SYSTEMPATH\CodeIgniter.php(368): CodeIgniter\CodeIgniter->handleRequest(null, Object(Config\Cache), false)
 7 FCPATH\index.php(67): CodeIgniter\CodeIgniter->run()
 8 SYSTEMPATH\Commands\Server\rewrite.php(47): require_once('FCPATH\\index.php')
CRITICAL - 2023-03-16 07:18:06 --> You must set the database table to be used with your query.
in SYSTEMPATH\Database\BaseConnection.php on line 882.
 1 SYSTEMPATH\Model.php(642): CodeIgniter\Database\BaseConnection->table(null)
 2 SYSTEMPATH\Model.php(832): CodeIgniter\Model->builder()
 3 APPPATH\Controllers\AJAX\Invoice.php(84): CodeIgniter\Model->__call('getUser', [...])
 4 SYSTEMPATH\CodeIgniter.php(934): App\Controllers\AJAX\Invoice->getDetail([...])
 5 SYSTEMPATH\CodeIgniter.php(499): CodeIgniter\CodeIgniter->runController(Object(App\Controllers\AJAX\Invoice))
 6 SYSTEMPATH\CodeIgniter.php(368): CodeIgniter\CodeIgniter->handleRequest(null, Object(Config\Cache), false)
 7 FCPATH\index.php(67): CodeIgniter\CodeIgniter->run()
 8 SYSTEMPATH\Commands\Server\rewrite.php(47): require_once('FCPATH\\index.php')
CRITICAL - 2023-03-16 07:18:36 --> You must set the database table to be used with your query.
in SYSTEMPATH\Database\BaseConnection.php on line 882.
 1 SYSTEMPATH\Model.php(642): CodeIgniter\Database\BaseConnection->table(null)
 2 SYSTEMPATH\Model.php(832): CodeIgniter\Model->builder()
 3 APPPATH\Controllers\AJAX\Invoice.php(84): CodeIgniter\Model->__call('getUser', [...])
 4 SYSTEMPATH\CodeIgniter.php(934): App\Controllers\AJAX\Invoice->getDetail([...])
 5 SYSTEMPATH\CodeIgniter.php(499): CodeIgniter\CodeIgniter->runController(Object(App\Controllers\AJAX\Invoice))
 6 SYSTEMPATH\CodeIgniter.php(368): CodeIgniter\CodeIgniter->handleRequest(null, Object(Config\Cache), false)
 7 FCPATH\index.php(67): CodeIgniter\CodeIgniter->run()
 8 SYSTEMPATH\Commands\Server\rewrite.php(47): require_once('FCPATH\\index.php')
CRITICAL - 2023-03-16 07:18:39 --> You must set the database table to be used with your query.
in SYSTEMPATH\Database\BaseConnection.php on line 882.
 1 SYSTEMPATH\Model.php(642): CodeIgniter\Database\BaseConnection->table(null)
 2 SYSTEMPATH\Model.php(832): CodeIgniter\Model->builder()
 3 APPPATH\Controllers\AJAX\Invoice.php(84): CodeIgniter\Model->__call('getUser', [...])
 4 SYSTEMPATH\CodeIgniter.php(934): App\Controllers\AJAX\Invoice->getDetail([...])
 5 SYSTEMPATH\CodeIgniter.php(499): CodeIgniter\CodeIgniter->runController(Object(App\Controllers\AJAX\Invoice))
 6 SYSTEMPATH\CodeIgniter.php(368): CodeIgniter\CodeIgniter->handleRequest(null, Object(Config\Cache), false)
 7 FCPATH\index.php(67): CodeIgniter\CodeIgniter->run()
 8 SYSTEMPATH\Commands\Server\rewrite.php(47): require_once('FCPATH\\index.php')
ERROR - 2023-03-16 07:23:07 --> mysqli_sql_exception: Unknown column 'nama_cstmr' in 'field list' in C:\laragon\www\SIPIUTANG\system\Database\MySQLi\Connection.php:295
Stack trace:
#0 C:\laragon\www\SIPIUTANG\system\Database\MySQLi\Connection.php(295): mysqli->query('SELECT `tb_invo...', 0)
#1 C:\laragon\www\SIPIUTANG\system\Database\BaseConnection.php(691): CodeIgniter\Database\MySQLi\Connection->execute('SELECT `tb_invo...')
#2 C:\laragon\www\SIPIUTANG\system\Database\BaseConnection.php(605): CodeIgniter\Database\BaseConnection->simpleQuery('SELECT `tb_invo...')
#3 C:\laragon\www\SIPIUTANG\system\Database\BaseBuilder.php(1749): CodeIgniter\Database\BaseConnection->query('SELECT `tb_invo...', Array, false)
#4 C:\laragon\www\SIPIUTANG\app\Models\ModelInvoice.php(27): CodeIgniter\Database\BaseBuilder->getWhere(Array)
#5 C:\laragon\www\SIPIUTANG\app\Controllers\AJAX\Invoice.php(84): App\Models\ModelInvoice->getInvoice(Array)
#6 C:\laragon\www\SIPIUTANG\system\CodeIgniter.php(934): App\Controllers\AJAX\Invoice->getDetail(Array)
#7 C:\laragon\www\SIPIUTANG\system\CodeIgniter.php(499): CodeIgniter\CodeIgniter->runController(Object(App\Controllers\AJAX\Invoice))
#8 C:\laragon\www\SIPIUTANG\system\CodeIgniter.php(368): CodeIgniter\CodeIgniter->handleRequest(NULL, Object(Config\Cache), false)
#9 C:\laragon\www\SIPIUTANG\public\index.php(67): CodeIgniter\CodeIgniter->run()
#10 C:\laragon\www\SIPIUTANG\system\Commands\Server\rewrite.php(47): require_once('C:\\laragon\\www\\...')
#11 {main}
CRITICAL - 2023-03-16 07:23:07 --> Unknown column 'nama_cstmr' in 'field list'
in SYSTEMPATH\Database\BaseConnection.php on line 645.
 1 SYSTEMPATH\Database\BaseBuilder.php(1749): CodeIgniter\Database\BaseConnection->query('SELECT `tb_invoice`.`id`, `no_invoice`, `tgl_invoice`, `termin`, `jth_tmpo`, `nilai_invoice`, `status_piutang`, `sisa_hutang`, `id_customer`, `id_user`, `nama_cstmr`, `id_bank`, `rekening`, `atas_nama`, `nama_usaha`
FROM `tb_invoice`
WHERE `id` = :id:', [...], false)
 2 APPPATH\Models\ModelInvoice.php(27): CodeIgniter\Database\BaseBuilder->getWhere([...])
 3 APPPATH\Controllers\AJAX\Invoice.php(84): App\Models\ModelInvoice->getInvoice([...])
 4 SYSTEMPATH\CodeIgniter.php(934): App\Controllers\AJAX\Invoice->getDetail([...])
 5 SYSTEMPATH\CodeIgniter.php(499): CodeIgniter\CodeIgniter->runController(Object(App\Controllers\AJAX\Invoice))
 6 SYSTEMPATH\CodeIgniter.php(368): CodeIgniter\CodeIgniter->handleRequest(null, Object(Config\Cache), false)
 7 FCPATH\index.php(67): CodeIgniter\CodeIgniter->run()
 8 SYSTEMPATH\Commands\Server\rewrite.php(47): require_once('FCPATH\\index.php')
ERROR - 2023-03-16 07:24:19 --> mysqli_sql_exception: Unknown column 'nama_cstmr' in 'field list' in C:\laragon\www\SIPIUTANG\system\Database\MySQLi\Connection.php:295
Stack trace:
#0 C:\laragon\www\SIPIUTANG\system\Database\MySQLi\Connection.php(295): mysqli->query('SELECT `tb_invo...', 0)
#1 C:\laragon\www\SIPIUTANG\system\Database\BaseConnection.php(691): CodeIgniter\Database\MySQLi\Connection->execute('SELECT `tb_invo...')
#2 C:\laragon\www\SIPIUTANG\system\Database\BaseConnection.php(605): CodeIgniter\Database\BaseConnection->simpleQuery('SELECT `tb_invo...')
#3 C:\laragon\www\SIPIUTANG\system\Database\BaseBuilder.php(1749): CodeIgniter\Database\BaseConnection->query('SELECT `tb_invo...', Array, false)
#4 C:\laragon\www\SIPIUTANG\app\Models\ModelInvoice.php(27): CodeIgniter\Database\BaseBuilder->getWhere(Array)
#5 C:\laragon\www\SIPIUTANG\app\Controllers\AJAX\Invoice.php(84): App\Models\ModelInvoice->getInvoice(Array)
#6 C:\laragon\www\SIPIUTANG\system\CodeIgniter.php(934): App\Controllers\AJAX\Invoice->getDetail(Array)
#7 C:\laragon\www\SIPIUTANG\system\CodeIgniter.php(499): CodeIgniter\CodeIgniter->runController(Object(App\Controllers\AJAX\Invoice))
#8 C:\laragon\www\SIPIUTANG\system\CodeIgniter.php(368): CodeIgniter\CodeIgniter->handleRequest(NULL, Object(Config\Cache), false)
#9 C:\laragon\www\SIPIUTANG\public\index.php(67): CodeIgniter\CodeIgniter->run()
#10 C:\laragon\www\SIPIUTANG\system\Commands\Server\rewrite.php(47): require_once('C:\\laragon\\www\\...')
#11 {main}
CRITICAL - 2023-03-16 07:24:19 --> Unknown column 'nama_cstmr' in 'field list'
in SYSTEMPATH\Database\BaseConnection.php on line 645.
 1 SYSTEMPATH\Database\BaseBuilder.php(1749): CodeIgniter\Database\BaseConnection->query('SELECT `tb_invoice`.`id`, `no_invoice`, `tgl_invoice`, `termin`, `jth_tmpo`, `nilai_invoice`, `status_piutang`, `sisa_hutang`, `id_customer`, `id_user`, `nama_cstmr`, `id_bank`, `rekening`, `atas_nama`, `nama_usaha`, `id_customer`
FROM `tb_invoice`
WHERE `id` = :id:', [...], false)
 2 APPPATH\Models\ModelInvoice.php(27): CodeIgniter\Database\BaseBuilder->getWhere([...])
 3 APPPATH\Controllers\AJAX\Invoice.php(84): App\Models\ModelInvoice->getInvoice([...])
 4 SYSTEMPATH\CodeIgniter.php(934): App\Controllers\AJAX\Invoice->getDetail([...])
 5 SYSTEMPATH\CodeIgniter.php(499): CodeIgniter\CodeIgniter->runController(Object(App\Controllers\AJAX\Invoice))
 6 SYSTEMPATH\CodeIgniter.php(368): CodeIgniter\CodeIgniter->handleRequest(null, Object(Config\Cache), false)
 7 FCPATH\index.php(67): CodeIgniter\CodeIgniter->run()
 8 SYSTEMPATH\Commands\Server\rewrite.php(47): require_once('FCPATH\\index.php')
ERROR - 2023-03-16 07:25:28 --> mysqli_sql_exception: Column 'id' in where clause is ambiguous in C:\laragon\www\SIPIUTANG\system\Database\MySQLi\Connection.php:295
Stack trace:
#0 C:\laragon\www\SIPIUTANG\system\Database\MySQLi\Connection.php(295): mysqli->query('SELECT `tb_invo...', 0)
#1 C:\laragon\www\SIPIUTANG\system\Database\BaseConnection.php(691): CodeIgniter\Database\MySQLi\Connection->execute('SELECT `tb_invo...')
#2 C:\laragon\www\SIPIUTANG\system\Database\BaseConnection.php(605): CodeIgniter\Database\BaseConnection->simpleQuery('SELECT `tb_invo...')
#3 C:\laragon\www\SIPIUTANG\system\Database\BaseBuilder.php(1749): CodeIgniter\Database\BaseConnection->query('SELECT `tb_invo...', Array, false)
#4 C:\laragon\www\SIPIUTANG\app\Models\ModelInvoice.php(28): CodeIgniter\Database\BaseBuilder->getWhere(Array)
#5 C:\laragon\www\SIPIUTANG\app\Controllers\AJAX\Invoice.php(84): App\Models\ModelInvoice->getInvoice(Array)
#6 C:\laragon\www\SIPIUTANG\system\CodeIgniter.php(934): App\Controllers\AJAX\Invoice->getDetail(Array)
#7 C:\laragon\www\SIPIUTANG\system\CodeIgniter.php(499): CodeIgniter\CodeIgniter->runController(Object(App\Controllers\AJAX\Invoice))
#8 C:\laragon\www\SIPIUTANG\system\CodeIgniter.php(368): CodeIgniter\CodeIgniter->handleRequest(NULL, Object(Config\Cache), false)
#9 C:\laragon\www\SIPIUTANG\public\index.php(67): CodeIgniter\CodeIgniter->run()
#10 C:\laragon\www\SIPIUTANG\system\Commands\Server\rewrite.php(47): require_once('C:\\laragon\\www\\...')
#11 {main}
CRITICAL - 2023-03-16 07:25:28 --> Column 'id' in where clause is ambiguous
in SYSTEMPATH\Database\BaseConnection.php on line 645.
 1 SYSTEMPATH\Database\BaseBuilder.php(1749): CodeIgniter\Database\BaseConnection->query('SELECT `tb_invoice`.`id`, `no_invoice`, `tgl_invoice`, `termin`, `jth_tmpo`, `nilai_invoice`, `status_piutang`, `sisa_hutang`, `id_customer`, `id_user`, `nama_cstmr`, `id_bank`, `rekening`, `atas_nama`, `nama_usaha`, `id_customer`
FROM `tb_invoice`
JOIN `tb_customer` ON `tb_customer`.`id` = `tb_invoice`.`id_customer`
WHERE `id` = :id:', [...], false)
 2 APPPATH\Models\ModelInvoice.php(28): CodeIgniter\Database\BaseBuilder->getWhere([...])
 3 APPPATH\Controllers\AJAX\Invoice.php(84): App\Models\ModelInvoice->getInvoice([...])
 4 SYSTEMPATH\CodeIgniter.php(934): App\Controllers\AJAX\Invoice->getDetail([...])
 5 SYSTEMPATH\CodeIgniter.php(499): CodeIgniter\CodeIgniter->runController(Object(App\Controllers\AJAX\Invoice))
 6 SYSTEMPATH\CodeIgniter.php(368): CodeIgniter\CodeIgniter->handleRequest(null, Object(Config\Cache), false)
 7 FCPATH\index.php(67): CodeIgniter\CodeIgniter->run()
 8 SYSTEMPATH\Commands\Server\rewrite.php(47): require_once('FCPATH\\index.php')
CRITICAL - 2023-03-16 09:10:37 --> Invalid file: "invoiceekspedisi/invoiceekspedisi.php"
in SYSTEMPATH\Exceptions\FrameworkException.php on line 33.
 1 SYSTEMPATH\View\View.php(201): CodeIgniter\Exceptions\FrameworkException::forInvalidFile('invoiceekspedisi/invoiceekspedisi.php')
 2 SYSTEMPATH\Common.php(1184): CodeIgniter\View\View->render('invoiceekspedisi/invoiceekspedisi', [], true)
 3 APPPATH\Controllers\BaseController.php(63): view('invoiceekspedisi/invoiceekspedisi', [])
 4 APPPATH\Controllers\Main\InvoiceEkspedisi.php(11): App\Controllers\BaseController->masterView('invoiceekspedisi/invoiceekspedisi', [])
 5 SYSTEMPATH\CodeIgniter.php(934): App\Controllers\Main\InvoiceEkspedisi->index()
 6 SYSTEMPATH\CodeIgniter.php(499): CodeIgniter\CodeIgniter->runController(Object(App\Controllers\Main\InvoiceEkspedisi))
 7 SYSTEMPATH\CodeIgniter.php(368): CodeIgniter\CodeIgniter->handleRequest(null, Object(Config\Cache), false)
 8 FCPATH\index.php(67): CodeIgniter\CodeIgniter->run()
 9 SYSTEMPATH\Commands\Server\rewrite.php(47): require_once('FCPATH\\index.php')
CRITICAL - 2023-03-16 09:11:05 --> Invalid file: "invoiceekspedisi/invoice_ekspedisi.php"
in SYSTEMPATH\Exceptions\FrameworkException.php on line 33.
 1 SYSTEMPATH\View\View.php(201): CodeIgniter\Exceptions\FrameworkException::forInvalidFile('invoiceekspedisi/invoice_ekspedisi.php')
 2 SYSTEMPATH\Common.php(1184): CodeIgniter\View\View->render('invoiceekspedisi/invoice_ekspedisi', [], true)
 3 APPPATH\Controllers\BaseController.php(63): view('invoiceekspedisi/invoice_ekspedisi', [])
 4 APPPATH\Controllers\Main\InvoiceEkspedisi.php(11): App\Controllers\BaseController->masterView('invoiceekspedisi/invoice_ekspedisi', [])
 5 SYSTEMPATH\CodeIgniter.php(934): App\Controllers\Main\InvoiceEkspedisi->index()
 6 SYSTEMPATH\CodeIgniter.php(499): CodeIgniter\CodeIgniter->runController(Object(App\Controllers\Main\InvoiceEkspedisi))
 7 SYSTEMPATH\CodeIgniter.php(368): CodeIgniter\CodeIgniter->handleRequest(null, Object(Config\Cache), false)
 8 FCPATH\index.php(67): CodeIgniter\CodeIgniter->run()
 9 SYSTEMPATH\Commands\Server\rewrite.php(47): require_once('FCPATH\\index.php')
