ERROR - 2023-03-28 00:22:02 --> mysqli_sql_exception: Unknown column 'id_invoice' in 'where clause' in C:\laragon\www\SIPIUTANG\system\Database\MySQLi\Connection.php:295
Stack trace:
#0 C:\laragon\www\SIPIUTANG\system\Database\MySQLi\Connection.php(295): mysqli->query('SELECT `tb_invo...', 0)
#1 C:\laragon\www\SIPIUTANG\system\Database\BaseConnection.php(691): CodeIgniter\Database\MySQLi\Connection->execute('SELECT `tb_invo...')
#2 C:\laragon\www\SIPIUTANG\system\Database\BaseConnection.php(605): CodeIgniter\Database\BaseConnection->simpleQuery('SELECT `tb_invo...')
#3 C:\laragon\www\SIPIUTANG\system\Database\BaseBuilder.php(1749): CodeIgniter\Database\BaseConnection->query('SELECT `tb_invo...', Array, false)
#4 C:\laragon\www\SIPIUTANG\app\Models\ModelInvoice.php(34): CodeIgniter\Database\BaseBuilder->getWhere(Array)
#5 C:\laragon\www\SIPIUTANG\app\Controllers\AJAX\Payment.php(23): App\Models\ModelInvoice->getInvoice(Array)
#6 C:\laragon\www\SIPIUTANG\system\CodeIgniter.php(934): App\Controllers\AJAX\Payment->payment(Array)
#7 C:\laragon\www\SIPIUTANG\system\CodeIgniter.php(499): CodeIgniter\CodeIgniter->runController(Object(App\Controllers\AJAX\Payment))
#8 C:\laragon\www\SIPIUTANG\system\CodeIgniter.php(368): CodeIgniter\CodeIgniter->handleRequest(NULL, Object(Config\Cache), false)
#9 C:\laragon\www\SIPIUTANG\public\index.php(67): CodeIgniter\CodeIgniter->run()
#10 C:\laragon\www\SIPIUTANG\system\Commands\Server\rewrite.php(47): require_once('C:\\laragon\\www\\...')
#11 {main}
CRITICAL - 2023-03-28 00:22:02 --> Unknown column 'id_invoice' in 'where clause'
in SYSTEMPATH\Database\BaseConnection.php on line 645.
 1 SYSTEMPATH\Database\BaseBuilder.php(1749): CodeIgniter\Database\BaseConnection->query('SELECT `tb_invoice`.`id`, `no_invoice`, `tgl_invoice`, `termin`, `jth_tmpo`, `nilai_invoice`, `status_piutang`, `sisa_hutang`, `id_customer`, `id_user`, `nama_cstmr`, `id_bank`, `rekening`, `atas_nama`, `nama_usaha`, `id_customer`, `id_invoice_ekspedisi`, `no_invoice_ekspedisi`, `tgl_pengiriman`, `nilai_invoice_ekspedisi`, `sisa_hutang_ekspedisi`, `nama_ekspedisi`, `no_telepon_ekspedisi`
FROM `tb_invoice`
JOIN `tb_customer` ON `tb_customer`.`id` = `tb_invoice`.`id_customer`
LEFT JOIN `tb_invoice_ekspedisi` ON `tb_invoice_ekspedisi`.`id` = `tb_invoice`.`id_invoice_ekspedisi`
LEFT JOIN `tb_ekspedisi` ON `tb_ekspedisi`.`id` = `tb_invoice_ekspedisi`.`id_ekspedisi`
WHERE `id_invoice` = :id_invoice:', [...], false)
 2 APPPATH\Models\ModelInvoice.php(34): CodeIgniter\Database\BaseBuilder->getWhere([...])
 3 APPPATH\Controllers\AJAX\Payment.php(23): App\Models\ModelInvoice->getInvoice([...])
 4 SYSTEMPATH\CodeIgniter.php(934): App\Controllers\AJAX\Payment->payment([...])
 5 SYSTEMPATH\CodeIgniter.php(499): CodeIgniter\CodeIgniter->runController(Object(App\Controllers\AJAX\Payment))
 6 SYSTEMPATH\CodeIgniter.php(368): CodeIgniter\CodeIgniter->handleRequest(null, Object(Config\Cache), false)
 7 FCPATH\index.php(67): CodeIgniter\CodeIgniter->run()
 8 SYSTEMPATH\Commands\Server\rewrite.php(47): require_once('FCPATH\\index.php')
ERROR - 2023-03-28 00:22:31 --> mysqli_sql_exception: Column 'id' in where clause is ambiguous in C:\laragon\www\SIPIUTANG\system\Database\MySQLi\Connection.php:295
Stack trace:
#0 C:\laragon\www\SIPIUTANG\system\Database\MySQLi\Connection.php(295): mysqli->query('SELECT `tb_invo...', 0)
#1 C:\laragon\www\SIPIUTANG\system\Database\BaseConnection.php(691): CodeIgniter\Database\MySQLi\Connection->execute('SELECT `tb_invo...')
#2 C:\laragon\www\SIPIUTANG\system\Database\BaseConnection.php(605): CodeIgniter\Database\BaseConnection->simpleQuery('SELECT `tb_invo...')
#3 C:\laragon\www\SIPIUTANG\system\Database\BaseBuilder.php(1749): CodeIgniter\Database\BaseConnection->query('SELECT `tb_invo...', Array, false)
#4 C:\laragon\www\SIPIUTANG\app\Models\ModelInvoice.php(34): CodeIgniter\Database\BaseBuilder->getWhere(Array)
#5 C:\laragon\www\SIPIUTANG\app\Controllers\AJAX\Payment.php(23): App\Models\ModelInvoice->getInvoice(Array)
#6 C:\laragon\www\SIPIUTANG\system\CodeIgniter.php(934): App\Controllers\AJAX\Payment->payment(Array)
#7 C:\laragon\www\SIPIUTANG\system\CodeIgniter.php(499): CodeIgniter\CodeIgniter->runController(Object(App\Controllers\AJAX\Payment))
#8 C:\laragon\www\SIPIUTANG\system\CodeIgniter.php(368): CodeIgniter\CodeIgniter->handleRequest(NULL, Object(Config\Cache), false)
#9 C:\laragon\www\SIPIUTANG\public\index.php(67): CodeIgniter\CodeIgniter->run()
#10 C:\laragon\www\SIPIUTANG\system\Commands\Server\rewrite.php(47): require_once('C:\\laragon\\www\\...')
#11 {main}
CRITICAL - 2023-03-28 00:22:31 --> Column 'id' in where clause is ambiguous
in SYSTEMPATH\Database\BaseConnection.php on line 645.
 1 SYSTEMPATH\Database\BaseBuilder.php(1749): CodeIgniter\Database\BaseConnection->query('SELECT `tb_invoice`.`id`, `no_invoice`, `tgl_invoice`, `termin`, `jth_tmpo`, `nilai_invoice`, `status_piutang`, `sisa_hutang`, `id_customer`, `id_user`, `nama_cstmr`, `id_bank`, `rekening`, `atas_nama`, `nama_usaha`, `id_customer`, `id_invoice_ekspedisi`, `no_invoice_ekspedisi`, `tgl_pengiriman`, `nilai_invoice_ekspedisi`, `sisa_hutang_ekspedisi`, `nama_ekspedisi`, `no_telepon_ekspedisi`
FROM `tb_invoice`
JOIN `tb_customer` ON `tb_customer`.`id` = `tb_invoice`.`id_customer`
LEFT JOIN `tb_invoice_ekspedisi` ON `tb_invoice_ekspedisi`.`id` = `tb_invoice`.`id_invoice_ekspedisi`
LEFT JOIN `tb_ekspedisi` ON `tb_ekspedisi`.`id` = `tb_invoice_ekspedisi`.`id_ekspedisi`
WHERE `id` = :id:', [...], false)
 2 APPPATH\Models\ModelInvoice.php(34): CodeIgniter\Database\BaseBuilder->getWhere([...])
 3 APPPATH\Controllers\AJAX\Payment.php(23): App\Models\ModelInvoice->getInvoice([...])
 4 SYSTEMPATH\CodeIgniter.php(934): App\Controllers\AJAX\Payment->payment([...])
 5 SYSTEMPATH\CodeIgniter.php(499): CodeIgniter\CodeIgniter->runController(Object(App\Controllers\AJAX\Payment))
 6 SYSTEMPATH\CodeIgniter.php(368): CodeIgniter\CodeIgniter->handleRequest(null, Object(Config\Cache), false)
 7 FCPATH\index.php(67): CodeIgniter\CodeIgniter->run()
 8 SYSTEMPATH\Commands\Server\rewrite.php(47): require_once('FCPATH\\index.php')
CRITICAL - 2023-03-28 00:28:04 --> Undefined array key "id_bank_pembayar"
in APPPATH\Controllers\AJAX\Payment.php on line 33.
 1 APPPATH\Controllers\AJAX\Payment.php(33): CodeIgniter\Debug\Exceptions->errorHandler(2, 'Undefined array key "id_bank_pembayar"', 'APPPATH\\Controllers\\AJAX\\Payment.php', 33)
 2 SYSTEMPATH\CodeIgniter.php(934): App\Controllers\AJAX\Payment->payment([...])
 3 SYSTEMPATH\CodeIgniter.php(499): CodeIgniter\CodeIgniter->runController(Object(App\Controllers\AJAX\Payment))
 4 SYSTEMPATH\CodeIgniter.php(368): CodeIgniter\CodeIgniter->handleRequest(null, Object(Config\Cache), false)
 5 FCPATH\index.php(67): CodeIgniter\CodeIgniter->run()
 6 SYSTEMPATH\Commands\Server\rewrite.php(47): require_once('FCPATH\\index.php')
ERROR - 2023-03-28 00:30:52 --> mysqli_sql_exception: You have an error in your SQL syntax; check the manual that corresponds to your MySQL server version for the right syntax to use near '0) VALUES ('500000', '2023-03-01', ('30'))' at line 1 in C:\laragon\www\SIPIUTANG\system\Database\MySQLi\Connection.php:295
Stack trace:
#0 C:\laragon\www\SIPIUTANG\system\Database\MySQLi\Connection.php(295): mysqli->query('INSERT INTO `tb...', 0)
#1 C:\laragon\www\SIPIUTANG\system\Database\BaseConnection.php(691): CodeIgniter\Database\MySQLi\Connection->execute('INSERT INTO `tb...')
#2 C:\laragon\www\SIPIUTANG\system\Database\BaseConnection.php(605): CodeIgniter\Database\BaseConnection->simpleQuery('INSERT INTO `tb...')
#3 C:\laragon\www\SIPIUTANG\system\Database\BaseBuilder.php(2309): CodeIgniter\Database\BaseConnection->query('INSERT INTO `tb...', Array, false)
#4 C:\laragon\www\SIPIUTANG\app\Models\ModelPayment.php(26): CodeIgniter\Database\BaseBuilder->insert(Array)
#5 C:\laragon\www\SIPIUTANG\app\Controllers\AJAX\Payment.php(46): App\Models\ModelPayment->payment(Array, Array, Array)
#6 C:\laragon\www\SIPIUTANG\system\CodeIgniter.php(934): App\Controllers\AJAX\Payment->payment(Array)
#7 C:\laragon\www\SIPIUTANG\system\CodeIgniter.php(499): CodeIgniter\CodeIgniter->runController(Object(App\Controllers\AJAX\Payment))
#8 C:\laragon\www\SIPIUTANG\system\CodeIgniter.php(368): CodeIgniter\CodeIgniter->handleRequest(NULL, Object(Config\Cache), false)
#9 C:\laragon\www\SIPIUTANG\public\index.php(67): CodeIgniter\CodeIgniter->run()
#10 C:\laragon\www\SIPIUTANG\system\Commands\Server\rewrite.php(47): require_once('C:\\laragon\\www\\...')
#11 {main}
CRITICAL - 2023-03-28 00:34:37 --> Undefined array key 0
in APPPATH\Controllers\AJAX\Payment.php on line 39.
 1 APPPATH\Controllers\AJAX\Payment.php(39): CodeIgniter\Debug\Exceptions->errorHandler(2, 'Undefined array key 0', 'APPPATH\\Controllers\\AJAX\\Payment.php', 39)
 2 SYSTEMPATH\CodeIgniter.php(934): App\Controllers\AJAX\Payment->payment([...])
 3 SYSTEMPATH\CodeIgniter.php(499): CodeIgniter\CodeIgniter->runController(Object(App\Controllers\AJAX\Payment))
 4 SYSTEMPATH\CodeIgniter.php(368): CodeIgniter\CodeIgniter->handleRequest(null, Object(Config\Cache), false)
 5 FCPATH\index.php(67): CodeIgniter\CodeIgniter->run()
 6 SYSTEMPATH\Commands\Server\rewrite.php(47): require_once('FCPATH\\index.php')
CRITICAL - 2023-03-28 00:35:24 --> Undefined array key 0
in APPPATH\Controllers\AJAX\Payment.php on line 39.
 1 APPPATH\Controllers\AJAX\Payment.php(39): CodeIgniter\Debug\Exceptions->errorHandler(2, 'Undefined array key 0', 'APPPATH\\Controllers\\AJAX\\Payment.php', 39)
 2 SYSTEMPATH\CodeIgniter.php(934): App\Controllers\AJAX\Payment->payment([...])
 3 SYSTEMPATH\CodeIgniter.php(499): CodeIgniter\CodeIgniter->runController(Object(App\Controllers\AJAX\Payment))
 4 SYSTEMPATH\CodeIgniter.php(368): CodeIgniter\CodeIgniter->handleRequest(null, Object(Config\Cache), false)
 5 FCPATH\index.php(67): CodeIgniter\CodeIgniter->run()
 6 SYSTEMPATH\Commands\Server\rewrite.php(47): require_once('FCPATH\\index.php')
CRITICAL - 2023-03-28 00:35:32 --> Undefined array key 0
in APPPATH\Controllers\AJAX\Payment.php on line 39.
 1 APPPATH\Controllers\AJAX\Payment.php(39): CodeIgniter\Debug\Exceptions->errorHandler(2, 'Undefined array key 0', 'APPPATH\\Controllers\\AJAX\\Payment.php', 39)
 2 SYSTEMPATH\CodeIgniter.php(934): App\Controllers\AJAX\Payment->payment([...])
 3 SYSTEMPATH\CodeIgniter.php(499): CodeIgniter\CodeIgniter->runController(Object(App\Controllers\AJAX\Payment))
 4 SYSTEMPATH\CodeIgniter.php(368): CodeIgniter\CodeIgniter->handleRequest(null, Object(Config\Cache), false)
 5 FCPATH\index.php(67): CodeIgniter\CodeIgniter->run()
 6 SYSTEMPATH\Commands\Server\rewrite.php(47): require_once('FCPATH\\index.php')
CRITICAL - 2023-03-28 00:35:53 --> Undefined array key 0
in APPPATH\Controllers\AJAX\Payment.php on line 39.
 1 APPPATH\Controllers\AJAX\Payment.php(39): CodeIgniter\Debug\Exceptions->errorHandler(2, 'Undefined array key 0', 'APPPATH\\Controllers\\AJAX\\Payment.php', 39)
 2 SYSTEMPATH\CodeIgniter.php(934): App\Controllers\AJAX\Payment->payment([...])
 3 SYSTEMPATH\CodeIgniter.php(499): CodeIgniter\CodeIgniter->runController(Object(App\Controllers\AJAX\Payment))
 4 SYSTEMPATH\CodeIgniter.php(368): CodeIgniter\CodeIgniter->handleRequest(null, Object(Config\Cache), false)
 5 FCPATH\index.php(67): CodeIgniter\CodeIgniter->run()
 6 SYSTEMPATH\Commands\Server\rewrite.php(47): require_once('FCPATH\\index.php')
CRITICAL - 2023-03-28 00:36:09 --> Undefined array key 1
in APPPATH\Controllers\AJAX\Payment.php on line 39.
 1 APPPATH\Controllers\AJAX\Payment.php(39): CodeIgniter\Debug\Exceptions->errorHandler(2, 'Undefined array key 1', 'APPPATH\\Controllers\\AJAX\\Payment.php', 39)
 2 SYSTEMPATH\CodeIgniter.php(934): App\Controllers\AJAX\Payment->payment([...])
 3 SYSTEMPATH\CodeIgniter.php(499): CodeIgniter\CodeIgniter->runController(Object(App\Controllers\AJAX\Payment))
 4 SYSTEMPATH\CodeIgniter.php(368): CodeIgniter\CodeIgniter->handleRequest(null, Object(Config\Cache), false)
 5 FCPATH\index.php(67): CodeIgniter\CodeIgniter->run()
 6 SYSTEMPATH\Commands\Server\rewrite.php(47): require_once('FCPATH\\index.php')
CRITICAL - 2023-03-28 00:40:06 --> Array to string conversion
in APPPATH\Controllers\AJAX\Payment.php on line 39.
 1 APPPATH\Controllers\AJAX\Payment.php(39): CodeIgniter\Debug\Exceptions->errorHandler(2, 'Array to string conversion', 'APPPATH\\Controllers\\AJAX\\Payment.php', 39)
 2 SYSTEMPATH\CodeIgniter.php(934): App\Controllers\AJAX\Payment->payment([...])
 3 SYSTEMPATH\CodeIgniter.php(499): CodeIgniter\CodeIgniter->runController(Object(App\Controllers\AJAX\Payment))
 4 SYSTEMPATH\CodeIgniter.php(368): CodeIgniter\CodeIgniter->handleRequest(null, Object(Config\Cache), false)
 5 FCPATH\index.php(67): CodeIgniter\CodeIgniter->run()
 6 SYSTEMPATH\Commands\Server\rewrite.php(47): require_once('FCPATH\\index.php')
CRITICAL - 2023-03-28 01:09:26 --> Undefined property: stdClass::$tlg_invoice
in APPPATH\Controllers\AJAX\Piutang.php on line 135.
 1 APPPATH\Controllers\AJAX\Piutang.php(135): CodeIgniter\Debug\Exceptions->errorHandler(2, 'Undefined property: stdClass::$tlg_invoice', 'APPPATH\\Controllers\\AJAX\\Piutang.php', 135)
 2 SYSTEMPATH\CodeIgniter.php(934): App\Controllers\AJAX\Piutang->getDetailHutang('5')
 3 SYSTEMPATH\CodeIgniter.php(499): CodeIgniter\CodeIgniter->runController(Object(App\Controllers\AJAX\Piutang))
 4 SYSTEMPATH\CodeIgniter.php(368): CodeIgniter\CodeIgniter->handleRequest(null, Object(Config\Cache), false)
 5 FCPATH\index.php(67): CodeIgniter\CodeIgniter->run()
 6 SYSTEMPATH\Commands\Server\rewrite.php(47): require_once('FCPATH\\index.php')
CRITICAL - 2023-03-28 01:21:28 --> implode(): Argument #2 ($array) must be of type ?array, string given
in APPPATH\Controllers\AJAX\Payment.php on line 51.
 1 APPPATH\Controllers\AJAX\Payment.php(51): implode('ROOTPATH\\public', 'Jumlah Pembayaran Melebihi Nominal')
 2 SYSTEMPATH\CodeIgniter.php(934): App\Controllers\AJAX\Payment->payment([...])
 3 SYSTEMPATH\CodeIgniter.php(499): CodeIgniter\CodeIgniter->runController(Object(App\Controllers\AJAX\Payment))
 4 SYSTEMPATH\CodeIgniter.php(368): CodeIgniter\CodeIgniter->handleRequest(null, Object(Config\Cache), false)
 5 FCPATH\index.php(67): CodeIgniter\CodeIgniter->run()
 6 SYSTEMPATH\Commands\Server\rewrite.php(47): require_once('FCPATH\\index.php')
CRITICAL - 2023-03-28 03:58:34 --> Object of class stdClass could not be converted to string
in APPPATH\Controllers\AJAX\Payment.php on line 43.
 1 SYSTEMPATH\CodeIgniter.php(934): App\Controllers\AJAX\Payment->payment([...])
 2 SYSTEMPATH\CodeIgniter.php(499): CodeIgniter\CodeIgniter->runController(Object(App\Controllers\AJAX\Payment))
 3 SYSTEMPATH\CodeIgniter.php(368): CodeIgniter\CodeIgniter->handleRequest(null, Object(Config\Cache), false)
 4 FCPATH\index.php(67): CodeIgniter\CodeIgniter->run()
 5 SYSTEMPATH\Commands\Server\rewrite.php(47): require_once('FCPATH\\index.php')
CRITICAL - 2023-03-28 06:09:00 --> Undefined property: stdClass::$nominal_invoice
in APPPATH\Controllers\AJAX\Payment.php on line 105.
 1 APPPATH\Controllers\AJAX\Payment.php(105): CodeIgniter\Debug\Exceptions->errorHandler(2, 'Undefined property: stdClass::$nominal_invoice', 'APPPATH\\Controllers\\AJAX\\Payment.php', 105)
 2 APPPATH\Controllers\AJAX\Payment.php(73): App\Controllers\AJAX\Payment->multiplePayment('6')
 3 SYSTEMPATH\CodeIgniter.php(934): App\Controllers\AJAX\Payment->payment('6', 'multiple')
 4 SYSTEMPATH\CodeIgniter.php(499): CodeIgniter\CodeIgniter->runController(Object(App\Controllers\AJAX\Payment))
 5 SYSTEMPATH\CodeIgniter.php(368): CodeIgniter\CodeIgniter->handleRequest(null, Object(Config\Cache), false)
 6 FCPATH\index.php(67): CodeIgniter\CodeIgniter->run()
 7 SYSTEMPATH\Commands\Server\rewrite.php(47): require_once('FCPATH\\index.php')
CRITICAL - 2023-03-28 06:09:48 --> Undefined property: stdClass::$nominal_invoice
in APPPATH\Controllers\AJAX\Payment.php on line 118.
 1 APPPATH\Controllers\AJAX\Payment.php(118): CodeIgniter\Debug\Exceptions->errorHandler(2, 'Undefined property: stdClass::$nominal_invoice', 'APPPATH\\Controllers\\AJAX\\Payment.php', 118)
 2 APPPATH\Controllers\AJAX\Payment.php(73): App\Controllers\AJAX\Payment->multiplePayment('6')
 3 SYSTEMPATH\CodeIgniter.php(934): App\Controllers\AJAX\Payment->payment('6', 'multiple')
 4 SYSTEMPATH\CodeIgniter.php(499): CodeIgniter\CodeIgniter->runController(Object(App\Controllers\AJAX\Payment))
 5 SYSTEMPATH\CodeIgniter.php(368): CodeIgniter\CodeIgniter->handleRequest(null, Object(Config\Cache), false)
 6 FCPATH\index.php(67): CodeIgniter\CodeIgniter->run()
 7 SYSTEMPATH\Commands\Server\rewrite.php(47): require_once('FCPATH\\index.php')
ERROR - 2023-03-28 08:27:54 --> mysqli_sql_exception: You have an error in your SQL syntax; check the manual that corresponds to your MySQL server version for the right syntax to use near '0, 1, 2, 3, 4) VALUES (:0:, :1:, :2:, :3:, :4:)' at line 1 in C:\laragon\www\SIPIUTANG\system\Database\MySQLi\Connection.php:295
Stack trace:
#0 C:\laragon\www\SIPIUTANG\system\Database\MySQLi\Connection.php(295): mysqli->query('INSERT INTO `in...', 0)
#1 C:\laragon\www\SIPIUTANG\system\Database\BaseConnection.php(691): CodeIgniter\Database\MySQLi\Connection->execute('INSERT INTO `in...')
#2 C:\laragon\www\SIPIUTANG\system\Database\BaseConnection.php(605): CodeIgniter\Database\BaseConnection->simpleQuery('INSERT INTO `in...')
#3 C:\laragon\www\SIPIUTANG\system\Database\BaseBuilder.php(2309): CodeIgniter\Database\BaseConnection->query('INSERT INTO `in...', Array, false)
#4 C:\laragon\www\SIPIUTANG\app\Models\ModelPayment.php(35): CodeIgniter\Database\BaseBuilder->insert(Array)
#5 C:\laragon\www\SIPIUTANG\app\Controllers\AJAX\Payment.php(158): App\Models\ModelPayment->payment('5', Array, Array)
#6 C:\laragon\www\SIPIUTANG\app\Controllers\AJAX\Payment.php(73): App\Controllers\AJAX\Payment->multiplePayment('5')
#7 C:\laragon\www\SIPIUTANG\system\CodeIgniter.php(934): App\Controllers\AJAX\Payment->payment('5', 'multiple')
#8 C:\laragon\www\SIPIUTANG\system\CodeIgniter.php(499): CodeIgniter\CodeIgniter->runController(Object(App\Controllers\AJAX\Payment))
#9 C:\laragon\www\SIPIUTANG\system\CodeIgniter.php(368): CodeIgniter\CodeIgniter->handleRequest(NULL, Object(Config\Cache), false)
#10 C:\laragon\www\SIPIUTANG\public\index.php(67): CodeIgniter\CodeIgniter->run()
#11 C:\laragon\www\SIPIUTANG\system\Commands\Server\rewrite.php(47): require_once('C:\\laragon\\www\\...')
#12 {main}
ERROR - 2023-03-28 08:27:55 --> mysqli_sql_exception: You have an error in your SQL syntax; check the manual that corresponds to your MySQL server version for the right syntax to use near '0 = :0:, 1 = :1:, 2 = :2:, 3 = :3:, 4 = :4:
WHERE 5 IS NULL' at line 1 in C:\laragon\www\SIPIUTANG\system\Database\MySQLi\Connection.php:295
Stack trace:
#0 C:\laragon\www\SIPIUTANG\system\Database\MySQLi\Connection.php(295): mysqli->query('UPDATE `tb_invo...', 0)
#1 C:\laragon\www\SIPIUTANG\system\Database\BaseConnection.php(691): CodeIgniter\Database\MySQLi\Connection->execute('UPDATE `tb_invo...')
#2 C:\laragon\www\SIPIUTANG\system\Database\BaseConnection.php(605): CodeIgniter\Database\BaseConnection->simpleQuery('UPDATE `tb_invo...')
#3 C:\laragon\www\SIPIUTANG\system\Database\BaseBuilder.php(2476): CodeIgniter\Database\BaseConnection->query('UPDATE `tb_invo...', Array, false)
#4 C:\laragon\www\SIPIUTANG\app\Models\ModelPayment.php(39): CodeIgniter\Database\BaseBuilder->update(Array)
#5 C:\laragon\www\SIPIUTANG\app\Controllers\AJAX\Payment.php(158): App\Models\ModelPayment->payment('5', Array, Array)
#6 C:\laragon\www\SIPIUTANG\app\Controllers\AJAX\Payment.php(73): App\Controllers\AJAX\Payment->multiplePayment('5')
#7 C:\laragon\www\SIPIUTANG\system\CodeIgniter.php(934): App\Controllers\AJAX\Payment->payment('5', 'multiple')
#8 C:\laragon\www\SIPIUTANG\system\CodeIgniter.php(499): CodeIgniter\CodeIgniter->runController(Object(App\Controllers\AJAX\Payment))
#9 C:\laragon\www\SIPIUTANG\system\CodeIgniter.php(368): CodeIgniter\CodeIgniter->handleRequest(NULL, Object(Config\Cache), false)
#10 C:\laragon\www\SIPIUTANG\public\index.php(67): CodeIgniter\CodeIgniter->run()
#11 C:\laragon\www\SIPIUTANG\system\Commands\Server\rewrite.php(47): require_once('C:\\laragon\\www\\...')
#12 {main}
ERROR - 2023-03-28 08:35:38 --> mysqli_sql_exception: You have an error in your SQL syntax; check the manual that corresponds to your MySQL server version for the right syntax to use near '0, 1, 2, 3, 4) VALUES (:0:, :1:, :2:, :3:, :4:)' at line 1 in C:\laragon\www\SIPIUTANG\system\Database\MySQLi\Connection.php:295
Stack trace:
#0 C:\laragon\www\SIPIUTANG\system\Database\MySQLi\Connection.php(295): mysqli->query('INSERT INTO `in...', 0)
#1 C:\laragon\www\SIPIUTANG\system\Database\BaseConnection.php(691): CodeIgniter\Database\MySQLi\Connection->execute('INSERT INTO `in...')
#2 C:\laragon\www\SIPIUTANG\system\Database\BaseConnection.php(605): CodeIgniter\Database\BaseConnection->simpleQuery('INSERT INTO `in...')
#3 C:\laragon\www\SIPIUTANG\system\Database\BaseBuilder.php(2309): CodeIgniter\Database\BaseConnection->query('INSERT INTO `in...', Array, false)
#4 C:\laragon\www\SIPIUTANG\app\Models\ModelPayment.php(35): CodeIgniter\Database\BaseBuilder->insert(Array)
#5 C:\laragon\www\SIPIUTANG\app\Controllers\AJAX\Payment.php(158): App\Models\ModelPayment->payment(Array, Array, Array)
#6 C:\laragon\www\SIPIUTANG\app\Controllers\AJAX\Payment.php(73): App\Controllers\AJAX\Payment->multiplePayment('5')
#7 C:\laragon\www\SIPIUTANG\system\CodeIgniter.php(934): App\Controllers\AJAX\Payment->payment('5', 'multiple')
#8 C:\laragon\www\SIPIUTANG\system\CodeIgniter.php(499): CodeIgniter\CodeIgniter->runController(Object(App\Controllers\AJAX\Payment))
#9 C:\laragon\www\SIPIUTANG\system\CodeIgniter.php(368): CodeIgniter\CodeIgniter->handleRequest(NULL, Object(Config\Cache), false)
#10 C:\laragon\www\SIPIUTANG\public\index.php(67): CodeIgniter\CodeIgniter->run()
#11 C:\laragon\www\SIPIUTANG\system\Commands\Server\rewrite.php(47): require_once('C:\\laragon\\www\\...')
#12 {main}
ERROR - 2023-03-28 08:35:38 --> mysqli_sql_exception: You have an error in your SQL syntax; check the manual that corresponds to your MySQL server version for the right syntax to use near '0 = (0), 1 = (0), 2 = (0), 3 = (0), 4 = (0)
WHERE `tb_invoice`.`id_customer` = '' at line 1 in C:\laragon\www\SIPIUTANG\system\Database\MySQLi\Connection.php:295
Stack trace:
#0 C:\laragon\www\SIPIUTANG\system\Database\MySQLi\Connection.php(295): mysqli->query('UPDATE `tb_invo...', 0)
#1 C:\laragon\www\SIPIUTANG\system\Database\BaseConnection.php(691): CodeIgniter\Database\MySQLi\Connection->execute('UPDATE `tb_invo...')
#2 C:\laragon\www\SIPIUTANG\system\Database\BaseConnection.php(605): CodeIgniter\Database\BaseConnection->simpleQuery('UPDATE `tb_invo...')
#3 C:\laragon\www\SIPIUTANG\system\Database\BaseBuilder.php(2476): CodeIgniter\Database\BaseConnection->query('UPDATE `tb_invo...', Array, false)
#4 C:\laragon\www\SIPIUTANG\app\Models\ModelPayment.php(39): CodeIgniter\Database\BaseBuilder->update(Array)
#5 C:\laragon\www\SIPIUTANG\app\Controllers\AJAX\Payment.php(158): App\Models\ModelPayment->payment(Array, Array, Array)
#6 C:\laragon\www\SIPIUTANG\app\Controllers\AJAX\Payment.php(73): App\Controllers\AJAX\Payment->multiplePayment('5')
#7 C:\laragon\www\SIPIUTANG\system\CodeIgniter.php(934): App\Controllers\AJAX\Payment->payment('5', 'multiple')
#8 C:\laragon\www\SIPIUTANG\system\CodeIgniter.php(499): CodeIgniter\CodeIgniter->runController(Object(App\Controllers\AJAX\Payment))
#9 C:\laragon\www\SIPIUTANG\system\CodeIgniter.php(368): CodeIgniter\CodeIgniter->handleRequest(NULL, Object(Config\Cache), false)
#10 C:\laragon\www\SIPIUTANG\public\index.php(67): CodeIgniter\CodeIgniter->run()
#11 C:\laragon\www\SIPIUTANG\system\Commands\Server\rewrite.php(47): require_once('C:\\laragon\\www\\...')
#12 {main}
ERROR - 2023-03-28 08:38:41 --> mysqli_sql_exception: You have an error in your SQL syntax; check the manual that corresponds to your MySQL server version for the right syntax to use near '0, 1, 2, 3, 4) VALUES (:0:, :1:, :2:, :3:, :4:)' at line 1 in C:\laragon\www\SIPIUTANG\system\Database\MySQLi\Connection.php:295
Stack trace:
#0 C:\laragon\www\SIPIUTANG\system\Database\MySQLi\Connection.php(295): mysqli->query('INSERT INTO `in...', 0)
#1 C:\laragon\www\SIPIUTANG\system\Database\BaseConnection.php(691): CodeIgniter\Database\MySQLi\Connection->execute('INSERT INTO `in...')
#2 C:\laragon\www\SIPIUTANG\system\Database\BaseConnection.php(605): CodeIgniter\Database\BaseConnection->simpleQuery('INSERT INTO `in...')
#3 C:\laragon\www\SIPIUTANG\system\Database\BaseBuilder.php(2309): CodeIgniter\Database\BaseConnection->query('INSERT INTO `in...', Array, false)
#4 C:\laragon\www\SIPIUTANG\app\Models\ModelPayment.php(35): CodeIgniter\Database\BaseBuilder->insert(Array)
#5 C:\laragon\www\SIPIUTANG\app\Controllers\AJAX\Payment.php(156): App\Models\ModelPayment->payment(Array, Array, Array)
#6 C:\laragon\www\SIPIUTANG\app\Controllers\AJAX\Payment.php(73): App\Controllers\AJAX\Payment->multiplePayment('5')
#7 C:\laragon\www\SIPIUTANG\system\CodeIgniter.php(934): App\Controllers\AJAX\Payment->payment('5', 'multiple')
#8 C:\laragon\www\SIPIUTANG\system\CodeIgniter.php(499): CodeIgniter\CodeIgniter->runController(Object(App\Controllers\AJAX\Payment))
#9 C:\laragon\www\SIPIUTANG\system\CodeIgniter.php(368): CodeIgniter\CodeIgniter->handleRequest(NULL, Object(Config\Cache), false)
#10 C:\laragon\www\SIPIUTANG\public\index.php(67): CodeIgniter\CodeIgniter->run()
#11 C:\laragon\www\SIPIUTANG\system\Commands\Server\rewrite.php(47): require_once('C:\\laragon\\www\\...')
#12 {main}
ERROR - 2023-03-28 08:38:41 --> mysqli_sql_exception: You have an error in your SQL syntax; check the manual that corresponds to your MySQL server version for the right syntax to use near '0 = (0), 1 = (0), 2 = (0), 3 = (0), 4 = (0)
WHERE `tb_invoice`.`id_customer` = '' at line 1 in C:\laragon\www\SIPIUTANG\system\Database\MySQLi\Connection.php:295
Stack trace:
#0 C:\laragon\www\SIPIUTANG\system\Database\MySQLi\Connection.php(295): mysqli->query('UPDATE `tb_invo...', 0)
#1 C:\laragon\www\SIPIUTANG\system\Database\BaseConnection.php(691): CodeIgniter\Database\MySQLi\Connection->execute('UPDATE `tb_invo...')
#2 C:\laragon\www\SIPIUTANG\system\Database\BaseConnection.php(605): CodeIgniter\Database\BaseConnection->simpleQuery('UPDATE `tb_invo...')
#3 C:\laragon\www\SIPIUTANG\system\Database\BaseBuilder.php(2476): CodeIgniter\Database\BaseConnection->query('UPDATE `tb_invo...', Array, false)
#4 C:\laragon\www\SIPIUTANG\app\Models\ModelPayment.php(39): CodeIgniter\Database\BaseBuilder->update(Array)
#5 C:\laragon\www\SIPIUTANG\app\Controllers\AJAX\Payment.php(156): App\Models\ModelPayment->payment(Array, Array, Array)
#6 C:\laragon\www\SIPIUTANG\app\Controllers\AJAX\Payment.php(73): App\Controllers\AJAX\Payment->multiplePayment('5')
#7 C:\laragon\www\SIPIUTANG\system\CodeIgniter.php(934): App\Controllers\AJAX\Payment->payment('5', 'multiple')
#8 C:\laragon\www\SIPIUTANG\system\CodeIgniter.php(499): CodeIgniter\CodeIgniter->runController(Object(App\Controllers\AJAX\Payment))
#9 C:\laragon\www\SIPIUTANG\system\CodeIgniter.php(368): CodeIgniter\CodeIgniter->handleRequest(NULL, Object(Config\Cache), false)
#10 C:\laragon\www\SIPIUTANG\public\index.php(67): CodeIgniter\CodeIgniter->run()
#11 C:\laragon\www\SIPIUTANG\system\Commands\Server\rewrite.php(47): require_once('C:\\laragon\\www\\...')
#12 {main}
ERROR - 2023-03-28 08:39:06 --> mysqli_sql_exception: You have an error in your SQL syntax; check the manual that corresponds to your MySQL server version for the right syntax to use near '0, 1, 2, 3, 4) VALUES (:0:, :1:, :2:, :3:, :4:)' at line 1 in C:\laragon\www\SIPIUTANG\system\Database\MySQLi\Connection.php:295
Stack trace:
#0 C:\laragon\www\SIPIUTANG\system\Database\MySQLi\Connection.php(295): mysqli->query('INSERT INTO `in...', 0)
#1 C:\laragon\www\SIPIUTANG\system\Database\BaseConnection.php(691): CodeIgniter\Database\MySQLi\Connection->execute('INSERT INTO `in...')
#2 C:\laragon\www\SIPIUTANG\system\Database\BaseConnection.php(605): CodeIgniter\Database\BaseConnection->simpleQuery('INSERT INTO `in...')
#3 C:\laragon\www\SIPIUTANG\system\Database\BaseBuilder.php(2309): CodeIgniter\Database\BaseConnection->query('INSERT INTO `in...', Array, false)
#4 C:\laragon\www\SIPIUTANG\app\Models\ModelPayment.php(35): CodeIgniter\Database\BaseBuilder->insert(Array)
#5 C:\laragon\www\SIPIUTANG\app\Controllers\AJAX\Payment.php(156): App\Models\ModelPayment->payment(Array, Array, Array)
#6 C:\laragon\www\SIPIUTANG\app\Controllers\AJAX\Payment.php(73): App\Controllers\AJAX\Payment->multiplePayment('5')
#7 C:\laragon\www\SIPIUTANG\system\CodeIgniter.php(934): App\Controllers\AJAX\Payment->payment('5', 'multiple')
#8 C:\laragon\www\SIPIUTANG\system\CodeIgniter.php(499): CodeIgniter\CodeIgniter->runController(Object(App\Controllers\AJAX\Payment))
#9 C:\laragon\www\SIPIUTANG\system\CodeIgniter.php(368): CodeIgniter\CodeIgniter->handleRequest(NULL, Object(Config\Cache), false)
#10 C:\laragon\www\SIPIUTANG\public\index.php(67): CodeIgniter\CodeIgniter->run()
#11 C:\laragon\www\SIPIUTANG\system\Commands\Server\rewrite.php(47): require_once('C:\\laragon\\www\\...')
#12 {main}
ERROR - 2023-03-28 08:39:06 --> mysqli_sql_exception: You have an error in your SQL syntax; check the manual that corresponds to your MySQL server version for the right syntax to use near '0 = (0), 1 = (0), 2 = (0), 3 = (0), 4 = (0)
WHERE `tb_invoice`.`id_customer` = '' at line 1 in C:\laragon\www\SIPIUTANG\system\Database\MySQLi\Connection.php:295
Stack trace:
#0 C:\laragon\www\SIPIUTANG\system\Database\MySQLi\Connection.php(295): mysqli->query('UPDATE `tb_invo...', 0)
#1 C:\laragon\www\SIPIUTANG\system\Database\BaseConnection.php(691): CodeIgniter\Database\MySQLi\Connection->execute('UPDATE `tb_invo...')
#2 C:\laragon\www\SIPIUTANG\system\Database\BaseConnection.php(605): CodeIgniter\Database\BaseConnection->simpleQuery('UPDATE `tb_invo...')
#3 C:\laragon\www\SIPIUTANG\system\Database\BaseBuilder.php(2476): CodeIgniter\Database\BaseConnection->query('UPDATE `tb_invo...', Array, false)
#4 C:\laragon\www\SIPIUTANG\app\Models\ModelPayment.php(39): CodeIgniter\Database\BaseBuilder->update(Array)
#5 C:\laragon\www\SIPIUTANG\app\Controllers\AJAX\Payment.php(156): App\Models\ModelPayment->payment(Array, Array, Array)
#6 C:\laragon\www\SIPIUTANG\app\Controllers\AJAX\Payment.php(73): App\Controllers\AJAX\Payment->multiplePayment('5')
#7 C:\laragon\www\SIPIUTANG\system\CodeIgniter.php(934): App\Controllers\AJAX\Payment->payment('5', 'multiple')
#8 C:\laragon\www\SIPIUTANG\system\CodeIgniter.php(499): CodeIgniter\CodeIgniter->runController(Object(App\Controllers\AJAX\Payment))
#9 C:\laragon\www\SIPIUTANG\system\CodeIgniter.php(368): CodeIgniter\CodeIgniter->handleRequest(NULL, Object(Config\Cache), false)
#10 C:\laragon\www\SIPIUTANG\public\index.php(67): CodeIgniter\CodeIgniter->run()
#11 C:\laragon\www\SIPIUTANG\system\Commands\Server\rewrite.php(47): require_once('C:\\laragon\\www\\...')
#12 {main}
ERROR - 2023-03-28 08:39:44 --> mysqli_sql_exception: You have an error in your SQL syntax; check the manual that corresponds to your MySQL server version for the right syntax to use near '0, 1, 2, 3, 4) VALUES (:0:, :1:, :2:, :3:, :4:)' at line 1 in C:\laragon\www\SIPIUTANG\system\Database\MySQLi\Connection.php:295
Stack trace:
#0 C:\laragon\www\SIPIUTANG\system\Database\MySQLi\Connection.php(295): mysqli->query('INSERT INTO `in...', 0)
#1 C:\laragon\www\SIPIUTANG\system\Database\BaseConnection.php(691): CodeIgniter\Database\MySQLi\Connection->execute('INSERT INTO `in...')
#2 C:\laragon\www\SIPIUTANG\system\Database\BaseConnection.php(605): CodeIgniter\Database\BaseConnection->simpleQuery('INSERT INTO `in...')
#3 C:\laragon\www\SIPIUTANG\system\Database\BaseBuilder.php(2309): CodeIgniter\Database\BaseConnection->query('INSERT INTO `in...', Array, false)
#4 C:\laragon\www\SIPIUTANG\app\Models\ModelPayment.php(35): CodeIgniter\Database\BaseBuilder->insert(Array)
#5 C:\laragon\www\SIPIUTANG\app\Controllers\AJAX\Payment.php(156): App\Models\ModelPayment->payment(Array, Array, Array)
#6 C:\laragon\www\SIPIUTANG\app\Controllers\AJAX\Payment.php(73): App\Controllers\AJAX\Payment->multiplePayment('5')
#7 C:\laragon\www\SIPIUTANG\system\CodeIgniter.php(934): App\Controllers\AJAX\Payment->payment('5', 'multiple')
#8 C:\laragon\www\SIPIUTANG\system\CodeIgniter.php(499): CodeIgniter\CodeIgniter->runController(Object(App\Controllers\AJAX\Payment))
#9 C:\laragon\www\SIPIUTANG\system\CodeIgniter.php(368): CodeIgniter\CodeIgniter->handleRequest(NULL, Object(Config\Cache), false)
#10 C:\laragon\www\SIPIUTANG\public\index.php(67): CodeIgniter\CodeIgniter->run()
#11 C:\laragon\www\SIPIUTANG\system\Commands\Server\rewrite.php(47): require_once('C:\\laragon\\www\\...')
#12 {main}
ERROR - 2023-03-28 08:39:44 --> mysqli_sql_exception: You have an error in your SQL syntax; check the manual that corresponds to your MySQL server version for the right syntax to use near '0 = (0), 1 = (0), 2 = (0), 3 = (0), 4 = (0)
WHERE `tb_invoice`.`id_customer` = '' at line 1 in C:\laragon\www\SIPIUTANG\system\Database\MySQLi\Connection.php:295
Stack trace:
#0 C:\laragon\www\SIPIUTANG\system\Database\MySQLi\Connection.php(295): mysqli->query('UPDATE `tb_invo...', 0)
#1 C:\laragon\www\SIPIUTANG\system\Database\BaseConnection.php(691): CodeIgniter\Database\MySQLi\Connection->execute('UPDATE `tb_invo...')
#2 C:\laragon\www\SIPIUTANG\system\Database\BaseConnection.php(605): CodeIgniter\Database\BaseConnection->simpleQuery('UPDATE `tb_invo...')
#3 C:\laragon\www\SIPIUTANG\system\Database\BaseBuilder.php(2476): CodeIgniter\Database\BaseConnection->query('UPDATE `tb_invo...', Array, false)
#4 C:\laragon\www\SIPIUTANG\app\Models\ModelPayment.php(39): CodeIgniter\Database\BaseBuilder->update(Array)
#5 C:\laragon\www\SIPIUTANG\app\Controllers\AJAX\Payment.php(156): App\Models\ModelPayment->payment(Array, Array, Array)
#6 C:\laragon\www\SIPIUTANG\app\Controllers\AJAX\Payment.php(73): App\Controllers\AJAX\Payment->multiplePayment('5')
#7 C:\laragon\www\SIPIUTANG\system\CodeIgniter.php(934): App\Controllers\AJAX\Payment->payment('5', 'multiple')
#8 C:\laragon\www\SIPIUTANG\system\CodeIgniter.php(499): CodeIgniter\CodeIgniter->runController(Object(App\Controllers\AJAX\Payment))
#9 C:\laragon\www\SIPIUTANG\system\CodeIgniter.php(368): CodeIgniter\CodeIgniter->handleRequest(NULL, Object(Config\Cache), false)
#10 C:\laragon\www\SIPIUTANG\public\index.php(67): CodeIgniter\CodeIgniter->run()
#11 C:\laragon\www\SIPIUTANG\system\Commands\Server\rewrite.php(47): require_once('C:\\laragon\\www\\...')
#12 {main}
CRITICAL - 2023-03-28 08:41:46 --> Attempt to read property "id_invoice" on array
in APPPATH\Controllers\AJAX\Payment.php on line 151.
 1 APPPATH\Controllers\AJAX\Payment.php(151): CodeIgniter\Debug\Exceptions->errorHandler(2, 'Attempt to read property "id_invoice" on array', 'APPPATH\\Controllers\\AJAX\\Payment.php', 151)
 2 APPPATH\Controllers\AJAX\Payment.php(73): App\Controllers\AJAX\Payment->multiplePayment('5')
 3 SYSTEMPATH\CodeIgniter.php(934): App\Controllers\AJAX\Payment->payment('5', 'multiple')
 4 SYSTEMPATH\CodeIgniter.php(499): CodeIgniter\CodeIgniter->runController(Object(App\Controllers\AJAX\Payment))
 5 SYSTEMPATH\CodeIgniter.php(368): CodeIgniter\CodeIgniter->handleRequest(null, Object(Config\Cache), false)
 6 FCPATH\index.php(67): CodeIgniter\CodeIgniter->run()
 7 SYSTEMPATH\Commands\Server\rewrite.php(47): require_once('FCPATH\\index.php')
CRITICAL - 2023-03-28 08:50:16 --> You must specify a constraint to match on for batch updates.
in SYSTEMPATH\Database\MySQLi\Builder.php on line 72.
 1 SYSTEMPATH\Database\BaseBuilder.php(1792): CodeIgniter\Database\MySQLi\Builder->_updateBatch('`tb_invoice`', [...], [...])
 2 SYSTEMPATH\Database\BaseBuilder.php(2562): CodeIgniter\Database\BaseBuilder->batchExecute('_updateBatch', 100)
 3 APPPATH\Models\ModelPayment.php(57): CodeIgniter\Database\BaseBuilder->updateBatch([...])
 4 APPPATH\Controllers\AJAX\Payment.php(149): App\Models\ModelPayment->paymentAll([...], [...], [...])
 5 APPPATH\Controllers\AJAX\Payment.php(73): App\Controllers\AJAX\Payment->multiplePayment('5')
 6 SYSTEMPATH\CodeIgniter.php(934): App\Controllers\AJAX\Payment->payment('5', 'multiple')
 7 SYSTEMPATH\CodeIgniter.php(499): CodeIgniter\CodeIgniter->runController(Object(App\Controllers\AJAX\Payment))
 8 SYSTEMPATH\CodeIgniter.php(368): CodeIgniter\CodeIgniter->handleRequest(null, Object(Config\Cache), false)
 9 FCPATH\index.php(67): CodeIgniter\CodeIgniter->run()
10 SYSTEMPATH\Commands\Server\rewrite.php(47): require_once('FCPATH\\index.php')
CRITICAL - 2023-03-28 09:04:20 --> You must specify a constraint to match on for batch updates.
in SYSTEMPATH\Database\MySQLi\Builder.php on line 72.
 1 SYSTEMPATH\Database\BaseBuilder.php(1792): CodeIgniter\Database\MySQLi\Builder->_updateBatch('`tb_invoice`', [...], [...])
 2 SYSTEMPATH\Database\BaseBuilder.php(2562): CodeIgniter\Database\BaseBuilder->batchExecute('_updateBatch', 100)
 3 APPPATH\Models\ModelPayment.php(57): CodeIgniter\Database\BaseBuilder->updateBatch([...])
 4 APPPATH\Controllers\AJAX\Payment.php(161): App\Models\ModelPayment->paymentAll([...], [...], [...])
 5 APPPATH\Controllers\AJAX\Payment.php(73): App\Controllers\AJAX\Payment->multiplePayment('5')
 6 SYSTEMPATH\CodeIgniter.php(934): App\Controllers\AJAX\Payment->payment('5', 'multiple')
 7 SYSTEMPATH\CodeIgniter.php(499): CodeIgniter\CodeIgniter->runController(Object(App\Controllers\AJAX\Payment))
 8 SYSTEMPATH\CodeIgniter.php(368): CodeIgniter\CodeIgniter->handleRequest(null, Object(Config\Cache), false)
 9 FCPATH\index.php(67): CodeIgniter\CodeIgniter->run()
10 SYSTEMPATH\Commands\Server\rewrite.php(47): require_once('FCPATH\\index.php')
ERROR - 2023-03-28 09:05:20 --> mysqli_sql_exception: You have an error in your SQL syntax; check the manual that corresponds to your MySQL server version for the right syntax to use near '0, 1, 2, 3, 4) VALUES (:0:, :1:, :2:, :3:, :4:)' at line 1 in C:\laragon\www\SIPIUTANG\system\Database\MySQLi\Connection.php:295
Stack trace:
#0 C:\laragon\www\SIPIUTANG\system\Database\MySQLi\Connection.php(295): mysqli->query('INSERT INTO `in...', 0)
#1 C:\laragon\www\SIPIUTANG\system\Database\BaseConnection.php(691): CodeIgniter\Database\MySQLi\Connection->execute('INSERT INTO `in...')
#2 C:\laragon\www\SIPIUTANG\system\Database\BaseConnection.php(605): CodeIgniter\Database\BaseConnection->simpleQuery('INSERT INTO `in...')
#3 C:\laragon\www\SIPIUTANG\system\Database\BaseBuilder.php(2309): CodeIgniter\Database\BaseConnection->query('INSERT INTO `in...', Array, false)
#4 C:\laragon\www\SIPIUTANG\app\Models\ModelPayment.php(35): CodeIgniter\Database\BaseBuilder->insert(Array)
#5 C:\laragon\www\SIPIUTANG\app\Controllers\AJAX\Payment.php(168): App\Models\ModelPayment->payment(Array, Array, Array)
#6 C:\laragon\www\SIPIUTANG\app\Controllers\AJAX\Payment.php(73): App\Controllers\AJAX\Payment->multiplePayment('5')
#7 C:\laragon\www\SIPIUTANG\system\CodeIgniter.php(934): App\Controllers\AJAX\Payment->payment('5', 'multiple')
#8 C:\laragon\www\SIPIUTANG\system\CodeIgniter.php(499): CodeIgniter\CodeIgniter->runController(Object(App\Controllers\AJAX\Payment))
#9 C:\laragon\www\SIPIUTANG\system\CodeIgniter.php(368): CodeIgniter\CodeIgniter->handleRequest(NULL, Object(Config\Cache), false)
#10 C:\laragon\www\SIPIUTANG\public\index.php(67): CodeIgniter\CodeIgniter->run()
#11 C:\laragon\www\SIPIUTANG\system\Commands\Server\rewrite.php(47): require_once('C:\\laragon\\www\\...')
#12 {main}
ERROR - 2023-03-28 09:05:20 --> mysqli_sql_exception: You have an error in your SQL syntax; check the manual that corresponds to your MySQL server version for the right syntax to use near '0 = (0), 1 = (0), 2 = (0), 3 = (0), 4 = (0)
WHERE `id_customer` = '5'' at line 1 in C:\laragon\www\SIPIUTANG\system\Database\MySQLi\Connection.php:295
Stack trace:
#0 C:\laragon\www\SIPIUTANG\system\Database\MySQLi\Connection.php(295): mysqli->query('UPDATE `tb_invo...', 0)
#1 C:\laragon\www\SIPIUTANG\system\Database\BaseConnection.php(691): CodeIgniter\Database\MySQLi\Connection->execute('UPDATE `tb_invo...')
#2 C:\laragon\www\SIPIUTANG\system\Database\BaseConnection.php(605): CodeIgniter\Database\BaseConnection->simpleQuery('UPDATE `tb_invo...')
#3 C:\laragon\www\SIPIUTANG\system\Database\BaseBuilder.php(2476): CodeIgniter\Database\BaseConnection->query('UPDATE `tb_invo...', Array, false)
#4 C:\laragon\www\SIPIUTANG\app\Models\ModelPayment.php(39): CodeIgniter\Database\BaseBuilder->update(Array)
#5 C:\laragon\www\SIPIUTANG\app\Controllers\AJAX\Payment.php(168): App\Models\ModelPayment->payment(Array, Array, Array)
#6 C:\laragon\www\SIPIUTANG\app\Controllers\AJAX\Payment.php(73): App\Controllers\AJAX\Payment->multiplePayment('5')
#7 C:\laragon\www\SIPIUTANG\system\CodeIgniter.php(934): App\Controllers\AJAX\Payment->payment('5', 'multiple')
#8 C:\laragon\www\SIPIUTANG\system\CodeIgniter.php(499): CodeIgniter\CodeIgniter->runController(Object(App\Controllers\AJAX\Payment))
#9 C:\laragon\www\SIPIUTANG\system\CodeIgniter.php(368): CodeIgniter\CodeIgniter->handleRequest(NULL, Object(Config\Cache), false)
#10 C:\laragon\www\SIPIUTANG\public\index.php(67): CodeIgniter\CodeIgniter->run()
#11 C:\laragon\www\SIPIUTANG\system\Commands\Server\rewrite.php(47): require_once('C:\\laragon\\www\\...')
#12 {main}
ERROR - 2023-03-28 09:07:51 --> mysqli_sql_exception: You have an error in your SQL syntax; check the manual that corresponds to your MySQL server version for the right syntax to use near '0, 1, 2, 3, 4) VALUES (:0:, :1:, :2:, :3:, :4:)' at line 1 in C:\laragon\www\SIPIUTANG\system\Database\MySQLi\Connection.php:295
Stack trace:
#0 C:\laragon\www\SIPIUTANG\system\Database\MySQLi\Connection.php(295): mysqli->query('INSERT INTO `in...', 0)
#1 C:\laragon\www\SIPIUTANG\system\Database\BaseConnection.php(691): CodeIgniter\Database\MySQLi\Connection->execute('INSERT INTO `in...')
#2 C:\laragon\www\SIPIUTANG\system\Database\BaseConnection.php(605): CodeIgniter\Database\BaseConnection->simpleQuery('INSERT INTO `in...')
#3 C:\laragon\www\SIPIUTANG\system\Database\BaseBuilder.php(2309): CodeIgniter\Database\BaseConnection->query('INSERT INTO `in...', Array, false)
#4 C:\laragon\www\SIPIUTANG\app\Models\ModelPayment.php(35): CodeIgniter\Database\BaseBuilder->insert(Array)
#5 C:\laragon\www\SIPIUTANG\app\Controllers\AJAX\Payment.php(164): App\Models\ModelPayment->payment(Array, Array, Array)
#6 C:\laragon\www\SIPIUTANG\app\Controllers\AJAX\Payment.php(73): App\Controllers\AJAX\Payment->multiplePayment('5')
#7 C:\laragon\www\SIPIUTANG\system\CodeIgniter.php(934): App\Controllers\AJAX\Payment->payment('5', 'multiple')
#8 C:\laragon\www\SIPIUTANG\system\CodeIgniter.php(499): CodeIgniter\CodeIgniter->runController(Object(App\Controllers\AJAX\Payment))
#9 C:\laragon\www\SIPIUTANG\system\CodeIgniter.php(368): CodeIgniter\CodeIgniter->handleRequest(NULL, Object(Config\Cache), false)
#10 C:\laragon\www\SIPIUTANG\public\index.php(67): CodeIgniter\CodeIgniter->run()
#11 C:\laragon\www\SIPIUTANG\system\Commands\Server\rewrite.php(47): require_once('C:\\laragon\\www\\...')
#12 {main}
ERROR - 2023-03-28 09:07:51 --> mysqli_sql_exception: You have an error in your SQL syntax; check the manual that corresponds to your MySQL server version for the right syntax to use near '0 = (0), 1 = (0), 2 = (0), 3 = (0), 4 = (0)
WHERE `id_customer` = '5'' at line 1 in C:\laragon\www\SIPIUTANG\system\Database\MySQLi\Connection.php:295
Stack trace:
#0 C:\laragon\www\SIPIUTANG\system\Database\MySQLi\Connection.php(295): mysqli->query('UPDATE `tb_invo...', 0)
#1 C:\laragon\www\SIPIUTANG\system\Database\BaseConnection.php(691): CodeIgniter\Database\MySQLi\Connection->execute('UPDATE `tb_invo...')
#2 C:\laragon\www\SIPIUTANG\system\Database\BaseConnection.php(605): CodeIgniter\Database\BaseConnection->simpleQuery('UPDATE `tb_invo...')
#3 C:\laragon\www\SIPIUTANG\system\Database\BaseBuilder.php(2476): CodeIgniter\Database\BaseConnection->query('UPDATE `tb_invo...', Array, false)
#4 C:\laragon\www\SIPIUTANG\app\Models\ModelPayment.php(39): CodeIgniter\Database\BaseBuilder->update(Array)
#5 C:\laragon\www\SIPIUTANG\app\Controllers\AJAX\Payment.php(164): App\Models\ModelPayment->payment(Array, Array, Array)
#6 C:\laragon\www\SIPIUTANG\app\Controllers\AJAX\Payment.php(73): App\Controllers\AJAX\Payment->multiplePayment('5')
#7 C:\laragon\www\SIPIUTANG\system\CodeIgniter.php(934): App\Controllers\AJAX\Payment->payment('5', 'multiple')
#8 C:\laragon\www\SIPIUTANG\system\CodeIgniter.php(499): CodeIgniter\CodeIgniter->runController(Object(App\Controllers\AJAX\Payment))
#9 C:\laragon\www\SIPIUTANG\system\CodeIgniter.php(368): CodeIgniter\CodeIgniter->handleRequest(NULL, Object(Config\Cache), false)
#10 C:\laragon\www\SIPIUTANG\public\index.php(67): CodeIgniter\CodeIgniter->run()
#11 C:\laragon\www\SIPIUTANG\system\Commands\Server\rewrite.php(47): require_once('C:\\laragon\\www\\...')
#12 {main}
ERROR - 2023-03-28 09:08:28 --> mysqli_sql_exception: You have an error in your SQL syntax; check the manual that corresponds to your MySQL server version for the right syntax to use near '0, 1, 2, 3, 4) VALUES (:0:, :1:, :2:, :3:, :4:)' at line 1 in C:\laragon\www\SIPIUTANG\system\Database\MySQLi\Connection.php:295
Stack trace:
#0 C:\laragon\www\SIPIUTANG\system\Database\MySQLi\Connection.php(295): mysqli->query('INSERT INTO `in...', 0)
#1 C:\laragon\www\SIPIUTANG\system\Database\BaseConnection.php(691): CodeIgniter\Database\MySQLi\Connection->execute('INSERT INTO `in...')
#2 C:\laragon\www\SIPIUTANG\system\Database\BaseConnection.php(605): CodeIgniter\Database\BaseConnection->simpleQuery('INSERT INTO `in...')
#3 C:\laragon\www\SIPIUTANG\system\Database\BaseBuilder.php(2309): CodeIgniter\Database\BaseConnection->query('INSERT INTO `in...', Array, false)
#4 C:\laragon\www\SIPIUTANG\app\Models\ModelPayment.php(35): CodeIgniter\Database\BaseBuilder->insert(Array)
#5 C:\laragon\www\SIPIUTANG\app\Controllers\AJAX\Payment.php(164): App\Models\ModelPayment->payment(Array, Array, Array)
#6 C:\laragon\www\SIPIUTANG\app\Controllers\AJAX\Payment.php(73): App\Controllers\AJAX\Payment->multiplePayment('5')
#7 C:\laragon\www\SIPIUTANG\system\CodeIgniter.php(934): App\Controllers\AJAX\Payment->payment('5', 'multiple')
#8 C:\laragon\www\SIPIUTANG\system\CodeIgniter.php(499): CodeIgniter\CodeIgniter->runController(Object(App\Controllers\AJAX\Payment))
#9 C:\laragon\www\SIPIUTANG\system\CodeIgniter.php(368): CodeIgniter\CodeIgniter->handleRequest(NULL, Object(Config\Cache), false)
#10 C:\laragon\www\SIPIUTANG\public\index.php(67): CodeIgniter\CodeIgniter->run()
#11 C:\laragon\www\SIPIUTANG\system\Commands\Server\rewrite.php(47): require_once('C:\\laragon\\www\\...')
#12 {main}
ERROR - 2023-03-28 09:08:28 --> mysqli_sql_exception: You have an error in your SQL syntax; check the manual that corresponds to your MySQL server version for the right syntax to use near '0 = (0), 1 = (0), 2 = (0), 3 = (0), 4 = (0)
WHERE `id_customer` = '5'' at line 1 in C:\laragon\www\SIPIUTANG\system\Database\MySQLi\Connection.php:295
Stack trace:
#0 C:\laragon\www\SIPIUTANG\system\Database\MySQLi\Connection.php(295): mysqli->query('UPDATE `tb_invo...', 0)
#1 C:\laragon\www\SIPIUTANG\system\Database\BaseConnection.php(691): CodeIgniter\Database\MySQLi\Connection->execute('UPDATE `tb_invo...')
#2 C:\laragon\www\SIPIUTANG\system\Database\BaseConnection.php(605): CodeIgniter\Database\BaseConnection->simpleQuery('UPDATE `tb_invo...')
#3 C:\laragon\www\SIPIUTANG\system\Database\BaseBuilder.php(2476): CodeIgniter\Database\BaseConnection->query('UPDATE `tb_invo...', Array, false)
#4 C:\laragon\www\SIPIUTANG\app\Models\ModelPayment.php(39): CodeIgniter\Database\BaseBuilder->update(Array)
#5 C:\laragon\www\SIPIUTANG\app\Controllers\AJAX\Payment.php(164): App\Models\ModelPayment->payment(Array, Array, Array)
#6 C:\laragon\www\SIPIUTANG\app\Controllers\AJAX\Payment.php(73): App\Controllers\AJAX\Payment->multiplePayment('5')
#7 C:\laragon\www\SIPIUTANG\system\CodeIgniter.php(934): App\Controllers\AJAX\Payment->payment('5', 'multiple')
#8 C:\laragon\www\SIPIUTANG\system\CodeIgniter.php(499): CodeIgniter\CodeIgniter->runController(Object(App\Controllers\AJAX\Payment))
#9 C:\laragon\www\SIPIUTANG\system\CodeIgniter.php(368): CodeIgniter\CodeIgniter->handleRequest(NULL, Object(Config\Cache), false)
#10 C:\laragon\www\SIPIUTANG\public\index.php(67): CodeIgniter\CodeIgniter->run()
#11 C:\laragon\www\SIPIUTANG\system\Commands\Server\rewrite.php(47): require_once('C:\\laragon\\www\\...')
#12 {main}
CRITICAL - 2023-03-28 09:09:20 --> You must specify a constraint to match on for batch updates.
in SYSTEMPATH\Database\MySQLi\Builder.php on line 72.
 1 SYSTEMPATH\Database\BaseBuilder.php(1792): CodeIgniter\Database\MySQLi\Builder->_updateBatch('`tb_invoice`', [...], [...])
 2 SYSTEMPATH\Database\BaseBuilder.php(2562): CodeIgniter\Database\BaseBuilder->batchExecute('_updateBatch', 100)
 3 APPPATH\Models\ModelPayment.php(57): CodeIgniter\Database\BaseBuilder->updateBatch([...])
 4 APPPATH\Controllers\AJAX\Payment.php(157): App\Models\ModelPayment->paymentAll([], [...], [...])
 5 APPPATH\Controllers\AJAX\Payment.php(73): App\Controllers\AJAX\Payment->multiplePayment('5')
 6 SYSTEMPATH\CodeIgniter.php(934): App\Controllers\AJAX\Payment->payment('5', 'multiple')
 7 SYSTEMPATH\CodeIgniter.php(499): CodeIgniter\CodeIgniter->runController(Object(App\Controllers\AJAX\Payment))
 8 SYSTEMPATH\CodeIgniter.php(368): CodeIgniter\CodeIgniter->handleRequest(null, Object(Config\Cache), false)
 9 FCPATH\index.php(67): CodeIgniter\CodeIgniter->run()
10 SYSTEMPATH\Commands\Server\rewrite.php(47): require_once('FCPATH\\index.php')
CRITICAL - 2023-03-28 09:12:07 --> You must specify a constraint to match on for batch updates.
in SYSTEMPATH\Database\MySQLi\Builder.php on line 72.
 1 SYSTEMPATH\Database\BaseBuilder.php(1792): CodeIgniter\Database\MySQLi\Builder->_updateBatch('`tb_invoice`', [...], [...])
 2 SYSTEMPATH\Database\BaseBuilder.php(2562): CodeIgniter\Database\BaseBuilder->batchExecute('_updateBatch', 100)
 3 APPPATH\Models\ModelPayment.php(57): CodeIgniter\Database\BaseBuilder->updateBatch([...], [])
 4 APPPATH\Controllers\AJAX\Payment.php(157): App\Models\ModelPayment->paymentAll([], [...], [...])
 5 APPPATH\Controllers\AJAX\Payment.php(73): App\Controllers\AJAX\Payment->multiplePayment('5')
 6 SYSTEMPATH\CodeIgniter.php(934): App\Controllers\AJAX\Payment->payment('5', 'multiple')
 7 SYSTEMPATH\CodeIgniter.php(499): CodeIgniter\CodeIgniter->runController(Object(App\Controllers\AJAX\Payment))
 8 SYSTEMPATH\CodeIgniter.php(368): CodeIgniter\CodeIgniter->handleRequest(null, Object(Config\Cache), false)
 9 FCPATH\index.php(67): CodeIgniter\CodeIgniter->run()
10 SYSTEMPATH\Commands\Server\rewrite.php(47): require_once('FCPATH\\index.php')
ERROR - 2023-03-28 09:14:07 --> mysqli_sql_exception: You have an error in your SQL syntax; check the manual that corresponds to your MySQL server version for the right syntax to use near '.5 = `_u`.5
SET
`tb_invoice`.`sisa_hutang` = `_u`.`sisa_hutang`' at line 9 in C:\laragon\www\SIPIUTANG\system\Database\MySQLi\Connection.php:295
Stack trace:
#0 C:\laragon\www\SIPIUTANG\system\Database\MySQLi\Connection.php(295): mysqli->query('UPDATE `tb_invo...', 0)
#1 C:\laragon\www\SIPIUTANG\system\Database\BaseConnection.php(691): CodeIgniter\Database\MySQLi\Connection->execute('UPDATE `tb_invo...')
#2 C:\laragon\www\SIPIUTANG\system\Database\BaseConnection.php(605): CodeIgniter\Database\BaseConnection->simpleQuery('UPDATE `tb_invo...')
#3 C:\laragon\www\SIPIUTANG\system\Database\BaseBuilder.php(1801): CodeIgniter\Database\BaseConnection->query('UPDATE `tb_invo...', NULL, false)
#4 C:\laragon\www\SIPIUTANG\system\Database\BaseBuilder.php(2562): CodeIgniter\Database\BaseBuilder->batchExecute('_updateBatch', 100)
#5 C:\laragon\www\SIPIUTANG\app\Models\ModelPayment.php(57): CodeIgniter\Database\BaseBuilder->updateBatch(Array, '5')
#6 C:\laragon\www\SIPIUTANG\app\Controllers\AJAX\Payment.php(157): App\Models\ModelPayment->paymentAll('5', Array, Array)
#7 C:\laragon\www\SIPIUTANG\app\Controllers\AJAX\Payment.php(73): App\Controllers\AJAX\Payment->multiplePayment('5')
#8 C:\laragon\www\SIPIUTANG\system\CodeIgniter.php(934): App\Controllers\AJAX\Payment->payment('5', 'multiple')
#9 C:\laragon\www\SIPIUTANG\system\CodeIgniter.php(499): CodeIgniter\CodeIgniter->runController(Object(App\Controllers\AJAX\Payment))
#10 C:\laragon\www\SIPIUTANG\system\CodeIgniter.php(368): CodeIgniter\CodeIgniter->handleRequest(NULL, Object(Config\Cache), false)
#11 C:\laragon\www\SIPIUTANG\public\index.php(67): CodeIgniter\CodeIgniter->run()
#12 C:\laragon\www\SIPIUTANG\system\Commands\Server\rewrite.php(47): require_once('C:\\laragon\\www\\...')
#13 {main}
CRITICAL - 2023-03-28 09:14:07 --> You have an error in your SQL syntax; check the manual that corresponds to your MySQL server version for the right syntax to use near '.5 = `_u`.5
SET
`tb_invoice`.`sisa_hutang` = `_u`.`sisa_hutang`' at line 9
in SYSTEMPATH\Database\BaseConnection.php on line 645.
 1 SYSTEMPATH\Database\BaseBuilder.php(1801): CodeIgniter\Database\BaseConnection->query('UPDATE `tb_invoice`
INNER JOIN (
SELECT 0 `sisa_hutang` UNION ALL
SELECT 0 `sisa_hutang` UNION ALL
SELECT 0 `sisa_hutang` UNION ALL
SELECT 0 `sisa_hutang` UNION ALL
SELECT 0 `sisa_hutang`
) `_u`
ON `tb_invoice`.5 = `_u`.5
SET
`tb_invoice`.`sisa_hutang` = `_u`.`sisa_hutang`', null, false)
 2 SYSTEMPATH\Database\BaseBuilder.php(2562): CodeIgniter\Database\BaseBuilder->batchExecute('_updateBatch', 100)
 3 APPPATH\Models\ModelPayment.php(57): CodeIgniter\Database\BaseBuilder->updateBatch([...], '5')
 4 APPPATH\Controllers\AJAX\Payment.php(157): App\Models\ModelPayment->paymentAll('5', [...], [...])
 5 APPPATH\Controllers\AJAX\Payment.php(73): App\Controllers\AJAX\Payment->multiplePayment('5')
 6 SYSTEMPATH\CodeIgniter.php(934): App\Controllers\AJAX\Payment->payment('5', 'multiple')
 7 SYSTEMPATH\CodeIgniter.php(499): CodeIgniter\CodeIgniter->runController(Object(App\Controllers\AJAX\Payment))
 8 SYSTEMPATH\CodeIgniter.php(368): CodeIgniter\CodeIgniter->handleRequest(null, Object(Config\Cache), false)
 9 FCPATH\index.php(67): CodeIgniter\CodeIgniter->run()
10 SYSTEMPATH\Commands\Server\rewrite.php(47): require_once('FCPATH\\index.php')
ERROR - 2023-03-28 09:15:43 --> mysqli_sql_exception: You have an error in your SQL syntax; check the manual that corresponds to your MySQL server version for the right syntax to use near '.`id_customer` UNION ALL
SELECT 0 `sisa_hutang`, '5' `tb_invoice`.`id_customer` ' at line 3 in C:\laragon\www\SIPIUTANG\system\Database\MySQLi\Connection.php:295
Stack trace:
#0 C:\laragon\www\SIPIUTANG\system\Database\MySQLi\Connection.php(295): mysqli->query('UPDATE `tb_invo...', 0)
#1 C:\laragon\www\SIPIUTANG\system\Database\BaseConnection.php(691): CodeIgniter\Database\MySQLi\Connection->execute('UPDATE `tb_invo...')
#2 C:\laragon\www\SIPIUTANG\system\Database\BaseConnection.php(605): CodeIgniter\Database\BaseConnection->simpleQuery('UPDATE `tb_invo...')
#3 C:\laragon\www\SIPIUTANG\system\Database\BaseBuilder.php(1801): CodeIgniter\Database\BaseConnection->query('UPDATE `tb_invo...', NULL, false)
#4 C:\laragon\www\SIPIUTANG\system\Database\BaseBuilder.php(2562): CodeIgniter\Database\BaseBuilder->batchExecute('_updateBatch', 100)
#5 C:\laragon\www\SIPIUTANG\app\Models\ModelPayment.php(57): CodeIgniter\Database\BaseBuilder->updateBatch(Array, 'tb_invoice.id_c...')
#6 C:\laragon\www\SIPIUTANG\app\Controllers\AJAX\Payment.php(160): App\Models\ModelPayment->paymentAll('5', Array, Array)
#7 C:\laragon\www\SIPIUTANG\app\Controllers\AJAX\Payment.php(73): App\Controllers\AJAX\Payment->multiplePayment('5')
#8 C:\laragon\www\SIPIUTANG\system\CodeIgniter.php(934): App\Controllers\AJAX\Payment->payment('5', 'multiple')
#9 C:\laragon\www\SIPIUTANG\system\CodeIgniter.php(499): CodeIgniter\CodeIgniter->runController(Object(App\Controllers\AJAX\Payment))
#10 C:\laragon\www\SIPIUTANG\system\CodeIgniter.php(368): CodeIgniter\CodeIgniter->handleRequest(NULL, Object(Config\Cache), false)
#11 C:\laragon\www\SIPIUTANG\public\index.php(67): CodeIgniter\CodeIgniter->run()
#12 C:\laragon\www\SIPIUTANG\system\Commands\Server\rewrite.php(47): require_once('C:\\laragon\\www\\...')
#13 {main}
CRITICAL - 2023-03-28 09:15:43 --> You have an error in your SQL syntax; check the manual that corresponds to your MySQL server version for the right syntax to use near '.`id_customer` UNION ALL
SELECT 0 `sisa_hutang`, '5' `tb_invoice`.`id_customer` ' at line 3
in SYSTEMPATH\Database\BaseConnection.php on line 645.
 1 SYSTEMPATH\Database\BaseBuilder.php(1801): CodeIgniter\Database\BaseConnection->query('UPDATE `tb_invoice`
INNER JOIN (
SELECT 0 `sisa_hutang`, \'5\' `tb_invoice`.`id_customer` UNION ALL
SELECT 0 `sisa_hutang`, \'5\' `tb_invoice`.`id_customer` UNION ALL
SELECT 0 `sisa_hutang`, \'5\' `tb_invoice`.`id_customer` UNION ALL
SELECT 0 `sisa_hutang`, \'5\' `tb_invoice`.`id_customer` UNION ALL
SELECT 0 `sisa_hutang`, \'5\' `tb_invoice`.`id_customer`
) `_u`
ON `tb_invoice`.`tb_invoice`.`id_customer` = `_u`.`tb_invoice`.`id_customer`
SET
`tb_invoice`.`sisa_hutang` = `_u`.`sisa_hutang`', null, false)
 2 SYSTEMPATH\Database\BaseBuilder.php(2562): CodeIgniter\Database\BaseBuilder->batchExecute('_updateBatch', 100)
 3 APPPATH\Models\ModelPayment.php(57): CodeIgniter\Database\BaseBuilder->updateBatch([...], 'tb_invoice.id_customer')
 4 APPPATH\Controllers\AJAX\Payment.php(160): App\Models\ModelPayment->paymentAll('5', [...], [...])
 5 APPPATH\Controllers\AJAX\Payment.php(73): App\Controllers\AJAX\Payment->multiplePayment('5')
 6 SYSTEMPATH\CodeIgniter.php(934): App\Controllers\AJAX\Payment->payment('5', 'multiple')
 7 SYSTEMPATH\CodeIgniter.php(499): CodeIgniter\CodeIgniter->runController(Object(App\Controllers\AJAX\Payment))
 8 SYSTEMPATH\CodeIgniter.php(368): CodeIgniter\CodeIgniter->handleRequest(null, Object(Config\Cache), false)
 9 FCPATH\index.php(67): CodeIgniter\CodeIgniter->run()
10 SYSTEMPATH\Commands\Server\rewrite.php(47): require_once('FCPATH\\index.php')
ERROR - 2023-03-28 09:18:49 --> mysqli_sql_exception: You have an error in your SQL syntax; check the manual that corresponds to your MySQL server version for the right syntax to use near '0, 1, 2, 3, 4) VALUES (:0:, :1:, :2:, :3:, :4:)' at line 1 in C:\laragon\www\SIPIUTANG\system\Database\MySQLi\Connection.php:295
Stack trace:
#0 C:\laragon\www\SIPIUTANG\system\Database\MySQLi\Connection.php(295): mysqli->query('INSERT INTO `in...', 0)
#1 C:\laragon\www\SIPIUTANG\system\Database\BaseConnection.php(691): CodeIgniter\Database\MySQLi\Connection->execute('INSERT INTO `in...')
#2 C:\laragon\www\SIPIUTANG\system\Database\BaseConnection.php(605): CodeIgniter\Database\BaseConnection->simpleQuery('INSERT INTO `in...')
#3 C:\laragon\www\SIPIUTANG\system\Database\BaseBuilder.php(2309): CodeIgniter\Database\BaseConnection->query('INSERT INTO `in...', Array, false)
#4 C:\laragon\www\SIPIUTANG\app\Models\ModelPayment.php(35): CodeIgniter\Database\BaseBuilder->insert(Array)
#5 C:\laragon\www\SIPIUTANG\app\Controllers\AJAX\Payment.php(167): App\Models\ModelPayment->payment(Array, Array, Array)
#6 C:\laragon\www\SIPIUTANG\app\Controllers\AJAX\Payment.php(73): App\Controllers\AJAX\Payment->multiplePayment('5')
#7 C:\laragon\www\SIPIUTANG\system\CodeIgniter.php(934): App\Controllers\AJAX\Payment->payment('5', 'multiple')
#8 C:\laragon\www\SIPIUTANG\system\CodeIgniter.php(499): CodeIgniter\CodeIgniter->runController(Object(App\Controllers\AJAX\Payment))
#9 C:\laragon\www\SIPIUTANG\system\CodeIgniter.php(368): CodeIgniter\CodeIgniter->handleRequest(NULL, Object(Config\Cache), false)
#10 C:\laragon\www\SIPIUTANG\public\index.php(67): CodeIgniter\CodeIgniter->run()
#11 C:\laragon\www\SIPIUTANG\system\Commands\Server\rewrite.php(47): require_once('C:\\laragon\\www\\...')
#12 {main}
ERROR - 2023-03-28 09:18:49 --> mysqli_sql_exception: You have an error in your SQL syntax; check the manual that corresponds to your MySQL server version for the right syntax to use near '0 = ('5',0), 1 = ('5',0), 2 = ('5',0), 3 = ('5',0), 4 = ('5',0)
WHERE `tb_invoic' at line 1 in C:\laragon\www\SIPIUTANG\system\Database\MySQLi\Connection.php:295
Stack trace:
#0 C:\laragon\www\SIPIUTANG\system\Database\MySQLi\Connection.php(295): mysqli->query('UPDATE `tb_invo...', 0)
#1 C:\laragon\www\SIPIUTANG\system\Database\BaseConnection.php(691): CodeIgniter\Database\MySQLi\Connection->execute('UPDATE `tb_invo...')
#2 C:\laragon\www\SIPIUTANG\system\Database\BaseConnection.php(605): CodeIgniter\Database\BaseConnection->simpleQuery('UPDATE `tb_invo...')
#3 C:\laragon\www\SIPIUTANG\system\Database\BaseBuilder.php(2476): CodeIgniter\Database\BaseConnection->query('UPDATE `tb_invo...', Array, false)
#4 C:\laragon\www\SIPIUTANG\app\Models\ModelPayment.php(39): CodeIgniter\Database\BaseBuilder->update(Array)
#5 C:\laragon\www\SIPIUTANG\app\Controllers\AJAX\Payment.php(167): App\Models\ModelPayment->payment(Array, Array, Array)
#6 C:\laragon\www\SIPIUTANG\app\Controllers\AJAX\Payment.php(73): App\Controllers\AJAX\Payment->multiplePayment('5')
#7 C:\laragon\www\SIPIUTANG\system\CodeIgniter.php(934): App\Controllers\AJAX\Payment->payment('5', 'multiple')
#8 C:\laragon\www\SIPIUTANG\system\CodeIgniter.php(499): CodeIgniter\CodeIgniter->runController(Object(App\Controllers\AJAX\Payment))
#9 C:\laragon\www\SIPIUTANG\system\CodeIgniter.php(368): CodeIgniter\CodeIgniter->handleRequest(NULL, Object(Config\Cache), false)
#10 C:\laragon\www\SIPIUTANG\public\index.php(67): CodeIgniter\CodeIgniter->run()
#11 C:\laragon\www\SIPIUTANG\system\Commands\Server\rewrite.php(47): require_once('C:\\laragon\\www\\...')
#12 {main}
ERROR - 2023-03-28 09:19:31 --> mysqli_sql_exception: Unknown column '_u.id' in 'on clause' in C:\laragon\www\SIPIUTANG\system\Database\MySQLi\Connection.php:295
Stack trace:
#0 C:\laragon\www\SIPIUTANG\system\Database\MySQLi\Connection.php(295): mysqli->query('UPDATE `tb_invo...', 0)
#1 C:\laragon\www\SIPIUTANG\system\Database\BaseConnection.php(691): CodeIgniter\Database\MySQLi\Connection->execute('UPDATE `tb_invo...')
#2 C:\laragon\www\SIPIUTANG\system\Database\BaseConnection.php(605): CodeIgniter\Database\BaseConnection->simpleQuery('UPDATE `tb_invo...')
#3 C:\laragon\www\SIPIUTANG\system\Database\BaseBuilder.php(1801): CodeIgniter\Database\BaseConnection->query('UPDATE `tb_invo...', NULL, false)
#4 C:\laragon\www\SIPIUTANG\system\Database\BaseBuilder.php(2562): CodeIgniter\Database\BaseBuilder->batchExecute('_updateBatch', 100)
#5 C:\laragon\www\SIPIUTANG\app\Models\ModelPayment.php(69): CodeIgniter\Database\BaseBuilder->updateBatch(Array, 'id')
#6 C:\laragon\www\SIPIUTANG\app\Controllers\AJAX\Payment.php(160): App\Models\ModelPayment->paymentAll('5', Array, Array)
#7 C:\laragon\www\SIPIUTANG\app\Controllers\AJAX\Payment.php(73): App\Controllers\AJAX\Payment->multiplePayment('5')
#8 C:\laragon\www\SIPIUTANG\system\CodeIgniter.php(934): App\Controllers\AJAX\Payment->payment('5', 'multiple')
#9 C:\laragon\www\SIPIUTANG\system\CodeIgniter.php(499): CodeIgniter\CodeIgniter->runController(Object(App\Controllers\AJAX\Payment))
#10 C:\laragon\www\SIPIUTANG\system\CodeIgniter.php(368): CodeIgniter\CodeIgniter->handleRequest(NULL, Object(Config\Cache), false)
#11 C:\laragon\www\SIPIUTANG\public\index.php(67): CodeIgniter\CodeIgniter->run()
#12 C:\laragon\www\SIPIUTANG\system\Commands\Server\rewrite.php(47): require_once('C:\\laragon\\www\\...')
#13 {main}
CRITICAL - 2023-03-28 09:19:31 --> Unknown column '_u.id' in 'on clause'
in SYSTEMPATH\Database\BaseConnection.php on line 645.
 1 SYSTEMPATH\Database\BaseBuilder.php(1801): CodeIgniter\Database\BaseConnection->query('UPDATE `tb_invoice`
INNER JOIN (
SELECT 5 `id_customer`, 0 `sisa_hutang` UNION ALL
SELECT 5 `id_customer`, 0 `sisa_hutang`
) `_u`
ON `tb_invoice`.`id` = `_u`.`id`
SET
`tb_invoice`.`id_customer` = `_u`.`id_customer`,
`tb_invoice`.`sisa_hutang` = `_u`.`sisa_hutang`', null, false)
 2 SYSTEMPATH\Database\BaseBuilder.php(2562): CodeIgniter\Database\BaseBuilder->batchExecute('_updateBatch', 100)
 3 APPPATH\Models\ModelPayment.php(69): CodeIgniter\Database\BaseBuilder->updateBatch([...], 'id')
 4 APPPATH\Controllers\AJAX\Payment.php(160): App\Models\ModelPayment->paymentAll('5', [...], [...])
 5 APPPATH\Controllers\AJAX\Payment.php(73): App\Controllers\AJAX\Payment->multiplePayment('5')
 6 SYSTEMPATH\CodeIgniter.php(934): App\Controllers\AJAX\Payment->payment('5', 'multiple')
 7 SYSTEMPATH\CodeIgniter.php(499): CodeIgniter\CodeIgniter->runController(Object(App\Controllers\AJAX\Payment))
 8 SYSTEMPATH\CodeIgniter.php(368): CodeIgniter\CodeIgniter->handleRequest(null, Object(Config\Cache), false)
 9 FCPATH\index.php(67): CodeIgniter\CodeIgniter->run()
10 SYSTEMPATH\Commands\Server\rewrite.php(47): require_once('FCPATH\\index.php')
ERROR - 2023-03-28 09:19:46 --> mysqli_sql_exception: You have an error in your SQL syntax; check the manual that corresponds to your MySQL server version for the right syntax to use near '0, 1, 2, 3, 4) VALUES (:0:, :1:, :2:, :3:, :4:)' at line 1 in C:\laragon\www\SIPIUTANG\system\Database\MySQLi\Connection.php:295
Stack trace:
#0 C:\laragon\www\SIPIUTANG\system\Database\MySQLi\Connection.php(295): mysqli->query('INSERT INTO `in...', 0)
#1 C:\laragon\www\SIPIUTANG\system\Database\BaseConnection.php(691): CodeIgniter\Database\MySQLi\Connection->execute('INSERT INTO `in...')
#2 C:\laragon\www\SIPIUTANG\system\Database\BaseConnection.php(605): CodeIgniter\Database\BaseConnection->simpleQuery('INSERT INTO `in...')
#3 C:\laragon\www\SIPIUTANG\system\Database\BaseBuilder.php(2309): CodeIgniter\Database\BaseConnection->query('INSERT INTO `in...', Array, false)
#4 C:\laragon\www\SIPIUTANG\app\Models\ModelPayment.php(35): CodeIgniter\Database\BaseBuilder->insert(Array)
#5 C:\laragon\www\SIPIUTANG\app\Controllers\AJAX\Payment.php(167): App\Models\ModelPayment->payment(Array, Array, Array)
#6 C:\laragon\www\SIPIUTANG\app\Controllers\AJAX\Payment.php(73): App\Controllers\AJAX\Payment->multiplePayment('5')
#7 C:\laragon\www\SIPIUTANG\system\CodeIgniter.php(934): App\Controllers\AJAX\Payment->payment('5', 'multiple')
#8 C:\laragon\www\SIPIUTANG\system\CodeIgniter.php(499): CodeIgniter\CodeIgniter->runController(Object(App\Controllers\AJAX\Payment))
#9 C:\laragon\www\SIPIUTANG\system\CodeIgniter.php(368): CodeIgniter\CodeIgniter->handleRequest(NULL, Object(Config\Cache), false)
#10 C:\laragon\www\SIPIUTANG\public\index.php(67): CodeIgniter\CodeIgniter->run()
#11 C:\laragon\www\SIPIUTANG\system\Commands\Server\rewrite.php(47): require_once('C:\\laragon\\www\\...')
#12 {main}
ERROR - 2023-03-28 09:19:46 --> mysqli_sql_exception: You have an error in your SQL syntax; check the manual that corresponds to your MySQL server version for the right syntax to use near '0 = ('5',0), 1 = ('5',0), 2 = ('5',0), 3 = ('5',0), 4 = ('5',0)
WHERE `tb_invoic' at line 1 in C:\laragon\www\SIPIUTANG\system\Database\MySQLi\Connection.php:295
Stack trace:
#0 C:\laragon\www\SIPIUTANG\system\Database\MySQLi\Connection.php(295): mysqli->query('UPDATE `tb_invo...', 0)
#1 C:\laragon\www\SIPIUTANG\system\Database\BaseConnection.php(691): CodeIgniter\Database\MySQLi\Connection->execute('UPDATE `tb_invo...')
#2 C:\laragon\www\SIPIUTANG\system\Database\BaseConnection.php(605): CodeIgniter\Database\BaseConnection->simpleQuery('UPDATE `tb_invo...')
#3 C:\laragon\www\SIPIUTANG\system\Database\BaseBuilder.php(2476): CodeIgniter\Database\BaseConnection->query('UPDATE `tb_invo...', Array, false)
#4 C:\laragon\www\SIPIUTANG\app\Models\ModelPayment.php(39): CodeIgniter\Database\BaseBuilder->update(Array)
#5 C:\laragon\www\SIPIUTANG\app\Controllers\AJAX\Payment.php(167): App\Models\ModelPayment->payment(Array, Array, Array)
#6 C:\laragon\www\SIPIUTANG\app\Controllers\AJAX\Payment.php(73): App\Controllers\AJAX\Payment->multiplePayment('5')
#7 C:\laragon\www\SIPIUTANG\system\CodeIgniter.php(934): App\Controllers\AJAX\Payment->payment('5', 'multiple')
#8 C:\laragon\www\SIPIUTANG\system\CodeIgniter.php(499): CodeIgniter\CodeIgniter->runController(Object(App\Controllers\AJAX\Payment))
#9 C:\laragon\www\SIPIUTANG\system\CodeIgniter.php(368): CodeIgniter\CodeIgniter->handleRequest(NULL, Object(Config\Cache), false)
#10 C:\laragon\www\SIPIUTANG\public\index.php(67): CodeIgniter\CodeIgniter->run()
#11 C:\laragon\www\SIPIUTANG\system\Commands\Server\rewrite.php(47): require_once('C:\\laragon\\www\\...')
#12 {main}
ERROR - 2023-03-28 09:21:10 --> mysqli_sql_exception: You have an error in your SQL syntax; check the manual that corresponds to your MySQL server version for the right syntax to use near '.`id_customer` UNION ALL
SELECT 0 `sisa_hutang`, '5' `tb_invoice`.`id_customer` ' at line 3 in C:\laragon\www\SIPIUTANG\system\Database\MySQLi\Connection.php:295
Stack trace:
#0 C:\laragon\www\SIPIUTANG\system\Database\MySQLi\Connection.php(295): mysqli->query('UPDATE `tb_invo...', 0)
#1 C:\laragon\www\SIPIUTANG\system\Database\BaseConnection.php(691): CodeIgniter\Database\MySQLi\Connection->execute('UPDATE `tb_invo...')
#2 C:\laragon\www\SIPIUTANG\system\Database\BaseConnection.php(605): CodeIgniter\Database\BaseConnection->simpleQuery('UPDATE `tb_invo...')
#3 C:\laragon\www\SIPIUTANG\system\Database\BaseBuilder.php(1801): CodeIgniter\Database\BaseConnection->query('UPDATE `tb_invo...', NULL, false)
#4 C:\laragon\www\SIPIUTANG\system\Database\BaseBuilder.php(2562): CodeIgniter\Database\BaseBuilder->batchExecute('_updateBatch', 100)
#5 C:\laragon\www\SIPIUTANG\app\Models\ModelPayment.php(56): CodeIgniter\Database\BaseBuilder->updateBatch(Array, 'tb_invoice.id_c...')
#6 C:\laragon\www\SIPIUTANG\app\Controllers\AJAX\Payment.php(160): App\Models\ModelPayment->paymentAll('5', Array, Array)
#7 C:\laragon\www\SIPIUTANG\app\Controllers\AJAX\Payment.php(73): App\Controllers\AJAX\Payment->multiplePayment('5')
#8 C:\laragon\www\SIPIUTANG\system\CodeIgniter.php(934): App\Controllers\AJAX\Payment->payment('5', 'multiple')
#9 C:\laragon\www\SIPIUTANG\system\CodeIgniter.php(499): CodeIgniter\CodeIgniter->runController(Object(App\Controllers\AJAX\Payment))
#10 C:\laragon\www\SIPIUTANG\system\CodeIgniter.php(368): CodeIgniter\CodeIgniter->handleRequest(NULL, Object(Config\Cache), false)
#11 C:\laragon\www\SIPIUTANG\public\index.php(67): CodeIgniter\CodeIgniter->run()
#12 C:\laragon\www\SIPIUTANG\system\Commands\Server\rewrite.php(47): require_once('C:\\laragon\\www\\...')
#13 {main}
ERROR - 2023-03-28 09:21:10 --> mysqli_sql_exception: You have an error in your SQL syntax; check the manual that corresponds to your MySQL server version for the right syntax to use near '0, 1, 2, 3, 4) VALUES (:0:, :1:, :2:, :3:, :4:)' at line 1 in C:\laragon\www\SIPIUTANG\system\Database\MySQLi\Connection.php:295
Stack trace:
#0 C:\laragon\www\SIPIUTANG\system\Database\MySQLi\Connection.php(295): mysqli->query('INSERT INTO `in...', 0)
#1 C:\laragon\www\SIPIUTANG\system\Database\BaseConnection.php(691): CodeIgniter\Database\MySQLi\Connection->execute('INSERT INTO `in...')
#2 C:\laragon\www\SIPIUTANG\system\Database\BaseConnection.php(605): CodeIgniter\Database\BaseConnection->simpleQuery('INSERT INTO `in...')
#3 C:\laragon\www\SIPIUTANG\system\Database\BaseBuilder.php(2309): CodeIgniter\Database\BaseConnection->query('INSERT INTO `in...', Array, false)
#4 C:\laragon\www\SIPIUTANG\app\Models\ModelPayment.php(35): CodeIgniter\Database\BaseBuilder->insert(Array)
#5 C:\laragon\www\SIPIUTANG\app\Controllers\AJAX\Payment.php(167): App\Models\ModelPayment->payment(Array, Array, Array)
#6 C:\laragon\www\SIPIUTANG\app\Controllers\AJAX\Payment.php(73): App\Controllers\AJAX\Payment->multiplePayment('5')
#7 C:\laragon\www\SIPIUTANG\system\CodeIgniter.php(934): App\Controllers\AJAX\Payment->payment('5', 'multiple')
#8 C:\laragon\www\SIPIUTANG\system\CodeIgniter.php(499): CodeIgniter\CodeIgniter->runController(Object(App\Controllers\AJAX\Payment))
#9 C:\laragon\www\SIPIUTANG\system\CodeIgniter.php(368): CodeIgniter\CodeIgniter->handleRequest(NULL, Object(Config\Cache), false)
#10 C:\laragon\www\SIPIUTANG\public\index.php(67): CodeIgniter\CodeIgniter->run()
#11 C:\laragon\www\SIPIUTANG\system\Commands\Server\rewrite.php(47): require_once('C:\\laragon\\www\\...')
#12 {main}
ERROR - 2023-03-28 09:21:10 --> mysqli_sql_exception: You have an error in your SQL syntax; check the manual that corresponds to your MySQL server version for the right syntax to use near '0 = ('5',0), 1 = ('5',0), 2 = ('5',0), 3 = ('5',0), 4 = ('5',0)
WHERE `tb_invoic' at line 1 in C:\laragon\www\SIPIUTANG\system\Database\MySQLi\Connection.php:295
Stack trace:
#0 C:\laragon\www\SIPIUTANG\system\Database\MySQLi\Connection.php(295): mysqli->query('UPDATE `tb_invo...', 0)
#1 C:\laragon\www\SIPIUTANG\system\Database\BaseConnection.php(691): CodeIgniter\Database\MySQLi\Connection->execute('UPDATE `tb_invo...')
#2 C:\laragon\www\SIPIUTANG\system\Database\BaseConnection.php(605): CodeIgniter\Database\BaseConnection->simpleQuery('UPDATE `tb_invo...')
#3 C:\laragon\www\SIPIUTANG\system\Database\BaseBuilder.php(2476): CodeIgniter\Database\BaseConnection->query('UPDATE `tb_invo...', Array, false)
#4 C:\laragon\www\SIPIUTANG\app\Models\ModelPayment.php(39): CodeIgniter\Database\BaseBuilder->update(Array)
#5 C:\laragon\www\SIPIUTANG\app\Controllers\AJAX\Payment.php(167): App\Models\ModelPayment->payment(Array, Array, Array)
#6 C:\laragon\www\SIPIUTANG\app\Controllers\AJAX\Payment.php(73): App\Controllers\AJAX\Payment->multiplePayment('5')
#7 C:\laragon\www\SIPIUTANG\system\CodeIgniter.php(934): App\Controllers\AJAX\Payment->payment('5', 'multiple')
#8 C:\laragon\www\SIPIUTANG\system\CodeIgniter.php(499): CodeIgniter\CodeIgniter->runController(Object(App\Controllers\AJAX\Payment))
#9 C:\laragon\www\SIPIUTANG\system\CodeIgniter.php(368): CodeIgniter\CodeIgniter->handleRequest(NULL, Object(Config\Cache), false)
#10 C:\laragon\www\SIPIUTANG\public\index.php(67): CodeIgniter\CodeIgniter->run()
#11 C:\laragon\www\SIPIUTANG\system\Commands\Server\rewrite.php(47): require_once('C:\\laragon\\www\\...')
#12 {main}
ERROR - 2023-03-28 09:24:41 --> mysqli_sql_exception: You have an error in your SQL syntax; check the manual that corresponds to your MySQL server version for the right syntax to use near '.`id` UNION ALL
SELECT 0 `sisa_hutang`, '31' `tb_invoice`.`id` UNION ALL
SELECT ' at line 3 in C:\laragon\www\SIPIUTANG\system\Database\MySQLi\Connection.php:295
Stack trace:
#0 C:\laragon\www\SIPIUTANG\system\Database\MySQLi\Connection.php(295): mysqli->query('UPDATE `tb_invo...', 0)
#1 C:\laragon\www\SIPIUTANG\system\Database\BaseConnection.php(691): CodeIgniter\Database\MySQLi\Connection->execute('UPDATE `tb_invo...')
#2 C:\laragon\www\SIPIUTANG\system\Database\BaseConnection.php(605): CodeIgniter\Database\BaseConnection->simpleQuery('UPDATE `tb_invo...')
#3 C:\laragon\www\SIPIUTANG\system\Database\BaseBuilder.php(1801): CodeIgniter\Database\BaseConnection->query('UPDATE `tb_invo...', NULL, false)
#4 C:\laragon\www\SIPIUTANG\system\Database\BaseBuilder.php(2562): CodeIgniter\Database\BaseBuilder->batchExecute('_updateBatch', 100)
#5 C:\laragon\www\SIPIUTANG\app\Models\ModelPayment.php(56): CodeIgniter\Database\BaseBuilder->updateBatch(Array, 'tb_invoice.id_c...')
#6 C:\laragon\www\SIPIUTANG\app\Controllers\AJAX\Payment.php(152): App\Models\ModelPayment->paymentAll(Array, Array)
#7 C:\laragon\www\SIPIUTANG\app\Controllers\AJAX\Payment.php(73): App\Controllers\AJAX\Payment->multiplePayment('5')
#8 C:\laragon\www\SIPIUTANG\system\CodeIgniter.php(934): App\Controllers\AJAX\Payment->payment('5', 'multiple')
#9 C:\laragon\www\SIPIUTANG\system\CodeIgniter.php(499): CodeIgniter\CodeIgniter->runController(Object(App\Controllers\AJAX\Payment))
#10 C:\laragon\www\SIPIUTANG\system\CodeIgniter.php(368): CodeIgniter\CodeIgniter->handleRequest(NULL, Object(Config\Cache), false)
#11 C:\laragon\www\SIPIUTANG\public\index.php(67): CodeIgniter\CodeIgniter->run()
#12 C:\laragon\www\SIPIUTANG\system\Commands\Server\rewrite.php(47): require_once('C:\\laragon\\www\\...')
#13 {main}
ERROR - 2023-03-28 09:26:05 --> mysqli_sql_exception: You have an error in your SQL syntax; check the manual that corresponds to your MySQL server version for the right syntax to use near '.`id` UNION ALL
SELECT 0 `sisa_hutang`, '31' `tb_invoice`.`id` UNION ALL
SELECT ' at line 3 in C:\laragon\www\SIPIUTANG\system\Database\MySQLi\Connection.php:295
Stack trace:
#0 C:\laragon\www\SIPIUTANG\system\Database\MySQLi\Connection.php(295): mysqli->query('UPDATE `tb_invo...', 0)
#1 C:\laragon\www\SIPIUTANG\system\Database\BaseConnection.php(691): CodeIgniter\Database\MySQLi\Connection->execute('UPDATE `tb_invo...')
#2 C:\laragon\www\SIPIUTANG\system\Database\BaseConnection.php(605): CodeIgniter\Database\BaseConnection->simpleQuery('UPDATE `tb_invo...')
#3 C:\laragon\www\SIPIUTANG\system\Database\BaseBuilder.php(1801): CodeIgniter\Database\BaseConnection->query('UPDATE `tb_invo...', NULL, false)
#4 C:\laragon\www\SIPIUTANG\system\Database\BaseBuilder.php(2562): CodeIgniter\Database\BaseBuilder->batchExecute('_updateBatch', 100)
#5 C:\laragon\www\SIPIUTANG\app\Models\ModelPayment.php(56): CodeIgniter\Database\BaseBuilder->updateBatch(Array, 'tb_invoice.id_c...')
#6 C:\laragon\www\SIPIUTANG\app\Controllers\AJAX\Payment.php(152): App\Models\ModelPayment->paymentAll(Array, Array)
#7 C:\laragon\www\SIPIUTANG\app\Controllers\AJAX\Payment.php(73): App\Controllers\AJAX\Payment->multiplePayment('5')
#8 C:\laragon\www\SIPIUTANG\system\CodeIgniter.php(934): App\Controllers\AJAX\Payment->payment('5', 'multiple')
#9 C:\laragon\www\SIPIUTANG\system\CodeIgniter.php(499): CodeIgniter\CodeIgniter->runController(Object(App\Controllers\AJAX\Payment))
#10 C:\laragon\www\SIPIUTANG\system\CodeIgniter.php(368): CodeIgniter\CodeIgniter->handleRequest(NULL, Object(Config\Cache), false)
#11 C:\laragon\www\SIPIUTANG\public\index.php(67): CodeIgniter\CodeIgniter->run()
#12 C:\laragon\www\SIPIUTANG\system\Commands\Server\rewrite.php(47): require_once('C:\\laragon\\www\\...')
#13 {main}
ERROR - 2023-03-28 09:26:52 --> mysqli_sql_exception: You have an error in your SQL syntax; check the manual that corresponds to your MySQL server version for the right syntax to use near '.`id` UNION ALL
SELECT 0 `sisa_hutang`, '31' `tb_invoice`.`id` UNION ALL
SELECT ' at line 3 in C:\laragon\www\SIPIUTANG\system\Database\MySQLi\Connection.php:295
Stack trace:
#0 C:\laragon\www\SIPIUTANG\system\Database\MySQLi\Connection.php(295): mysqli->query('UPDATE `tb_invo...', 0)
#1 C:\laragon\www\SIPIUTANG\system\Database\BaseConnection.php(691): CodeIgniter\Database\MySQLi\Connection->execute('UPDATE `tb_invo...')
#2 C:\laragon\www\SIPIUTANG\system\Database\BaseConnection.php(605): CodeIgniter\Database\BaseConnection->simpleQuery('UPDATE `tb_invo...')
#3 C:\laragon\www\SIPIUTANG\system\Database\BaseBuilder.php(1801): CodeIgniter\Database\BaseConnection->query('UPDATE `tb_invo...', NULL, false)
#4 C:\laragon\www\SIPIUTANG\system\Database\BaseBuilder.php(2562): CodeIgniter\Database\BaseBuilder->batchExecute('_updateBatch', 100)
#5 C:\laragon\www\SIPIUTANG\app\Models\ModelPayment.php(56): CodeIgniter\Database\BaseBuilder->updateBatch(Array, 'tb_invoice.id')
#6 C:\laragon\www\SIPIUTANG\app\Controllers\AJAX\Payment.php(152): App\Models\ModelPayment->paymentAll(Array, Array)
#7 C:\laragon\www\SIPIUTANG\app\Controllers\AJAX\Payment.php(73): App\Controllers\AJAX\Payment->multiplePayment('5')
#8 C:\laragon\www\SIPIUTANG\system\CodeIgniter.php(934): App\Controllers\AJAX\Payment->payment('5', 'multiple')
#9 C:\laragon\www\SIPIUTANG\system\CodeIgniter.php(499): CodeIgniter\CodeIgniter->runController(Object(App\Controllers\AJAX\Payment))
#10 C:\laragon\www\SIPIUTANG\system\CodeIgniter.php(368): CodeIgniter\CodeIgniter->handleRequest(NULL, Object(Config\Cache), false)
#11 C:\laragon\www\SIPIUTANG\public\index.php(67): CodeIgniter\CodeIgniter->run()
#12 C:\laragon\www\SIPIUTANG\system\Commands\Server\rewrite.php(47): require_once('C:\\laragon\\www\\...')
#13 {main}
ERROR - 2023-03-28 09:30:36 --> mysqli_sql_exception: Unknown column '_u.id' in 'on clause' in C:\laragon\www\SIPIUTANG\system\Database\MySQLi\Connection.php:295
Stack trace:
#0 C:\laragon\www\SIPIUTANG\system\Database\MySQLi\Connection.php(295): mysqli->query('UPDATE `tb_invo...', 0)
#1 C:\laragon\www\SIPIUTANG\system\Database\BaseConnection.php(691): CodeIgniter\Database\MySQLi\Connection->execute('UPDATE `tb_invo...')
#2 C:\laragon\www\SIPIUTANG\system\Database\BaseConnection.php(605): CodeIgniter\Database\BaseConnection->simpleQuery('UPDATE `tb_invo...')
#3 C:\laragon\www\SIPIUTANG\system\Database\BaseBuilder.php(1801): CodeIgniter\Database\BaseConnection->query('UPDATE `tb_invo...', NULL, false)
#4 C:\laragon\www\SIPIUTANG\system\Database\BaseBuilder.php(2562): CodeIgniter\Database\BaseBuilder->batchExecute('_updateBatch', 100)
#5 C:\laragon\www\SIPIUTANG\app\Models\ModelPayment.php(56): CodeIgniter\Database\BaseBuilder->updateBatch(Array, 'id')
#6 C:\laragon\www\SIPIUTANG\app\Controllers\AJAX\Payment.php(154): App\Models\ModelPayment->paymentAll(Array, Array)
#7 C:\laragon\www\SIPIUTANG\app\Controllers\AJAX\Payment.php(73): App\Controllers\AJAX\Payment->multiplePayment('5')
#8 C:\laragon\www\SIPIUTANG\system\CodeIgniter.php(934): App\Controllers\AJAX\Payment->payment('5', 'multiple')
#9 C:\laragon\www\SIPIUTANG\system\CodeIgniter.php(499): CodeIgniter\CodeIgniter->runController(Object(App\Controllers\AJAX\Payment))
#10 C:\laragon\www\SIPIUTANG\system\CodeIgniter.php(368): CodeIgniter\CodeIgniter->handleRequest(NULL, Object(Config\Cache), false)
#11 C:\laragon\www\SIPIUTANG\public\index.php(67): CodeIgniter\CodeIgniter->run()
#12 C:\laragon\www\SIPIUTANG\system\Commands\Server\rewrite.php(47): require_once('C:\\laragon\\www\\...')
#13 {main}
