CRITICAL - 2023-03-15 02:31:38 --> You must set the database table to be used with your query.
in SYSTEMPATH\Database\BaseConnection.php on line 882.
 1 SYSTEMPATH\Model.php(642): CodeIgniter\Database\BaseConnection->table(null)
 2 SYSTEMPATH\Model.php(832): CodeIgniter\Model->builder()
 3 APPPATH\Controllers\AJAX\Bank.php(13): CodeIgniter\Model->__call('getUser', [...])
 4 SYSTEMPATH\CodeIgniter.php(934): App\Controllers\AJAX\bank->index()
 5 SYSTEMPATH\CodeIgniter.php(499): CodeIgniter\CodeIgniter->runController(Object(App\Controllers\AJAX\bank))
 6 SYSTEMPATH\CodeIgniter.php(368): CodeIgniter\CodeIgniter->handleRequest(null, Object(Config\Cache), false)
 7 FCPATH\index.php(67): CodeIgniter\CodeIgniter->run()
 8 SYSTEMPATH\Commands\Server\rewrite.php(47): require_once('FCPATH\\index.php')
CRITICAL - 2023-03-15 02:32:12 --> You must set the database table to be used with your query.
in SYSTEMPATH\Database\BaseConnection.php on line 882.
 1 SYSTEMPATH\Model.php(642): CodeIgniter\Database\BaseConnection->table(null)
 2 SYSTEMPATH\Model.php(832): CodeIgniter\Model->builder()
 3 APPPATH\Controllers\AJAX\Bank.php(13): CodeIgniter\Model->__call('getUser', [...])
 4 SYSTEMPATH\CodeIgniter.php(934): App\Controllers\AJAX\Bank->index()
 5 SYSTEMPATH\CodeIgniter.php(499): CodeIgniter\CodeIgniter->runController(Object(App\Controllers\AJAX\Bank))
 6 SYSTEMPATH\CodeIgniter.php(368): CodeIgniter\CodeIgniter->handleRequest(null, Object(Config\Cache), false)
 7 FCPATH\index.php(67): CodeIgniter\CodeIgniter->run()
 8 SYSTEMPATH\Commands\Server\rewrite.php(47): require_once('FCPATH\\index.php')
CRITICAL - 2023-03-15 03:38:38 --> "customertext" is not a validation rules group.
in SYSTEMPATH\Validation\Validation.php on line 619.
 1 SYSTEMPATH\Validation\Validation.php(619): CodeIgniter\Validation\Exceptions\ValidationException::forGroupNotFound('customertext')
 2 SYSTEMPATH\Validation\Validation.php(118): CodeIgniter\Validation\Validation->loadRuleGroup('customertext')
 3 APPPATH\Controllers\AJAX\Customer.php(24): CodeIgniter\Validation\Validation->run([...], 'customertext')
 4 SYSTEMPATH\CodeIgniter.php(934): App\Controllers\AJAX\Customer->insertData()
 5 SYSTEMPATH\CodeIgniter.php(499): CodeIgniter\CodeIgniter->runController(Object(App\Controllers\AJAX\Customer))
 6 SYSTEMPATH\CodeIgniter.php(368): CodeIgniter\CodeIgniter->handleRequest(null, Object(Config\Cache), false)
 7 FCPATH\index.php(67): CodeIgniter\CodeIgniter->run()
 8 SYSTEMPATH\Commands\Server\rewrite.php(47): require_once('FCPATH\\index.php')
CRITICAL - 2023-03-15 03:41:11 --> You must set the database table to be used with your query.
in SYSTEMPATH\Database\BaseConnection.php on line 882.
 1 SYSTEMPATH\Model.php(642): CodeIgniter\Database\BaseConnection->table(null)
 2 SYSTEMPATH\Model.php(432): CodeIgniter\Model->builder()
 3 SYSTEMPATH\BaseModel.php(1065): CodeIgniter\Model->doDelete([...], false)
 4 APPPATH\Controllers\AJAX\User.php(53): CodeIgniter\BaseModel->delete([...])
 5 SYSTEMPATH\CodeIgniter.php(934): App\Controllers\AJAX\User->deleteData()
 6 SYSTEMPATH\CodeIgniter.php(499): CodeIgniter\CodeIgniter->runController(Object(App\Controllers\AJAX\User))
 7 SYSTEMPATH\CodeIgniter.php(368): CodeIgniter\CodeIgniter->handleRequest(null, Object(Config\Cache), false)
 8 FCPATH\index.php(67): CodeIgniter\CodeIgniter->run()
 9 SYSTEMPATH\Commands\Server\rewrite.php(47): require_once('FCPATH\\index.php')
CRITICAL - 2023-03-15 03:41:58 --> You must set the database table to be used with your query.
in SYSTEMPATH\Database\BaseConnection.php on line 882.
 1 SYSTEMPATH\Model.php(642): CodeIgniter\Database\BaseConnection->table(null)
 2 SYSTEMPATH\Model.php(432): CodeIgniter\Model->builder()
 3 SYSTEMPATH\BaseModel.php(1065): CodeIgniter\Model->doDelete([...], false)
 4 APPPATH\Controllers\AJAX\Customer.php(46): CodeIgniter\BaseModel->delete([...])
 5 SYSTEMPATH\CodeIgniter.php(934): App\Controllers\AJAX\Customer->deleteData()
 6 SYSTEMPATH\CodeIgniter.php(499): CodeIgniter\CodeIgniter->runController(Object(App\Controllers\AJAX\Customer))
 7 SYSTEMPATH\CodeIgniter.php(368): CodeIgniter\CodeIgniter->handleRequest(null, Object(Config\Cache), false)
 8 FCPATH\index.php(67): CodeIgniter\CodeIgniter->run()
 9 SYSTEMPATH\Commands\Server\rewrite.php(47): require_once('FCPATH\\index.php')
CRITICAL - 2023-03-15 03:43:16 --> You must set the database table to be used with your query.
in SYSTEMPATH\Database\BaseConnection.php on line 882.
 1 SYSTEMPATH\Model.php(642): CodeIgniter\Database\BaseConnection->table(null)
 2 SYSTEMPATH\Model.php(432): CodeIgniter\Model->builder()
 3 SYSTEMPATH\BaseModel.php(1065): CodeIgniter\Model->doDelete([...], false)
 4 APPPATH\Controllers\AJAX\Customer.php(46): CodeIgniter\BaseModel->delete([...])
 5 SYSTEMPATH\CodeIgniter.php(934): App\Controllers\AJAX\Customer->deleteData()
 6 SYSTEMPATH\CodeIgniter.php(499): CodeIgniter\CodeIgniter->runController(Object(App\Controllers\AJAX\Customer))
 7 SYSTEMPATH\CodeIgniter.php(368): CodeIgniter\CodeIgniter->handleRequest(null, Object(Config\Cache), false)
 8 FCPATH\index.php(67): CodeIgniter\CodeIgniter->run()
 9 SYSTEMPATH\Commands\Server\rewrite.php(47): require_once('FCPATH\\index.php')
CRITICAL - 2023-03-15 04:01:51 --> Cannot redeclare Config\Validation::$customertext
in APPPATH\Config\Validation.php on line 137.
 1 [internal function]: CodeIgniter\Debug\Exceptions->shutdownHandler()
CRITICAL - 2023-03-15 05:48:03 --> You must set the database table to be used with your query.
in SYSTEMPATH\Database\BaseConnection.php on line 882.
 1 SYSTEMPATH\Model.php(642): CodeIgniter\Database\BaseConnection->table(null)
 2 SYSTEMPATH\Model.php(832): CodeIgniter\Model->builder()
 3 APPPATH\Controllers\AJAX\Invoice.php(13): CodeIgniter\Model->__call('getCustomer', [...])
 4 SYSTEMPATH\CodeIgniter.php(934): App\Controllers\AJAX\Invoice->index()
 5 SYSTEMPATH\CodeIgniter.php(499): CodeIgniter\CodeIgniter->runController(Object(App\Controllers\AJAX\Invoice))
 6 SYSTEMPATH\CodeIgniter.php(368): CodeIgniter\CodeIgniter->handleRequest(null, Object(Config\Cache), false)
 7 FCPATH\index.php(67): CodeIgniter\CodeIgniter->run()
 8 SYSTEMPATH\Commands\Server\rewrite.php(47): require_once('FCPATH\\index.php')
CRITICAL - 2023-03-15 05:48:42 --> You must set the database table to be used with your query.
in SYSTEMPATH\Database\BaseConnection.php on line 882.
 1 SYSTEMPATH\Model.php(642): CodeIgniter\Database\BaseConnection->table(null)
 2 SYSTEMPATH\Model.php(832): CodeIgniter\Model->builder()
 3 APPPATH\Controllers\AJAX\Invoice.php(13): CodeIgniter\Model->__call('getCustomer', [...])
 4 SYSTEMPATH\CodeIgniter.php(934): App\Controllers\AJAX\Invoice->index()
 5 SYSTEMPATH\CodeIgniter.php(499): CodeIgniter\CodeIgniter->runController(Object(App\Controllers\AJAX\Invoice))
 6 SYSTEMPATH\CodeIgniter.php(368): CodeIgniter\CodeIgniter->handleRequest(null, Object(Config\Cache), false)
 7 FCPATH\index.php(67): CodeIgniter\CodeIgniter->run()
 8 SYSTEMPATH\Commands\Server\rewrite.php(47): require_once('FCPATH\\index.php')
CRITICAL - 2023-03-15 05:50:50 --> You must set the database table to be used with your query.
in SYSTEMPATH\Database\BaseConnection.php on line 882.
 1 SYSTEMPATH\Model.php(642): CodeIgniter\Database\BaseConnection->table(null)
 2 SYSTEMPATH\Model.php(832): CodeIgniter\Model->builder()
 3 APPPATH\Controllers\AJAX\Invoice.php(13): CodeIgniter\Model->__call('getCustomer', [...])
 4 SYSTEMPATH\CodeIgniter.php(934): App\Controllers\AJAX\Invoice->index()
 5 SYSTEMPATH\CodeIgniter.php(499): CodeIgniter\CodeIgniter->runController(Object(App\Controllers\AJAX\Invoice))
 6 SYSTEMPATH\CodeIgniter.php(368): CodeIgniter\CodeIgniter->handleRequest(null, Object(Config\Cache), false)
 7 FCPATH\index.php(67): CodeIgniter\CodeIgniter->run()
 8 SYSTEMPATH\Commands\Server\rewrite.php(47): require_once('FCPATH\\index.php')
ERROR - 2023-03-15 05:51:16 --> mysqli_sql_exception: Table 'db_piutang.tb_invoice' doesn't exist in C:\laragon\www\SIPIUTANG\system\Database\MySQLi\Connection.php:295
Stack trace:
#0 C:\laragon\www\SIPIUTANG\system\Database\MySQLi\Connection.php(295): mysqli->query('SELECT *\nFROM `...', 0)
#1 C:\laragon\www\SIPIUTANG\system\Database\BaseConnection.php(691): CodeIgniter\Database\MySQLi\Connection->execute('SELECT *\nFROM `...')
#2 C:\laragon\www\SIPIUTANG\system\Database\BaseConnection.php(605): CodeIgniter\Database\BaseConnection->simpleQuery('SELECT *\nFROM `...')
#3 C:\laragon\www\SIPIUTANG\system\Database\BaseBuilder.php(1616): CodeIgniter\Database\BaseConnection->query('SELECT *\nFROM `...', Array, false)
#4 C:\laragon\www\SIPIUTANG\app\Models\ModelInvoice.php(17): CodeIgniter\Database\BaseBuilder->get()
#5 C:\laragon\www\SIPIUTANG\app\Controllers\AJAX\Invoice.php(13): App\Models\ModelInvoice->getInvoice(NULL)
#6 C:\laragon\www\SIPIUTANG\system\CodeIgniter.php(934): App\Controllers\AJAX\Invoice->index()
#7 C:\laragon\www\SIPIUTANG\system\CodeIgniter.php(499): CodeIgniter\CodeIgniter->runController(Object(App\Controllers\AJAX\Invoice))
#8 C:\laragon\www\SIPIUTANG\system\CodeIgniter.php(368): CodeIgniter\CodeIgniter->handleRequest(NULL, Object(Config\Cache), false)
#9 C:\laragon\www\SIPIUTANG\public\index.php(67): CodeIgniter\CodeIgniter->run()
#10 C:\laragon\www\SIPIUTANG\system\Commands\Server\rewrite.php(47): require_once('C:\\laragon\\www\\...')
#11 {main}
CRITICAL - 2023-03-15 05:51:16 --> Table 'db_piutang.tb_invoice' doesn't exist
in SYSTEMPATH\Database\BaseConnection.php on line 645.
 1 SYSTEMPATH\Database\BaseBuilder.php(1616): CodeIgniter\Database\BaseConnection->query('SELECT *
FROM `tb_invoice`
JOIN `tb_customer` ON `tb_customer`.`id` = `tb_invoice`.`id_customer`', [], false)
 2 APPPATH\Models\ModelInvoice.php(17): CodeIgniter\Database\BaseBuilder->get()
 3 APPPATH\Controllers\AJAX\Invoice.php(13): App\Models\ModelInvoice->getInvoice(null)
 4 SYSTEMPATH\CodeIgniter.php(934): App\Controllers\AJAX\Invoice->index()
 5 SYSTEMPATH\CodeIgniter.php(499): CodeIgniter\CodeIgniter->runController(Object(App\Controllers\AJAX\Invoice))
 6 SYSTEMPATH\CodeIgniter.php(368): CodeIgniter\CodeIgniter->handleRequest(null, Object(Config\Cache), false)
 7 FCPATH\index.php(67): CodeIgniter\CodeIgniter->run()
 8 SYSTEMPATH\Commands\Server\rewrite.php(47): require_once('FCPATH\\index.php')
CRITICAL - 2023-03-15 07:17:44 --> Undefined array key 2
in APPPATH\Controllers\AJAX\Invoice.php on line 26.
 1 APPPATH\Controllers\AJAX\Invoice.php(26): CodeIgniter\Debug\Exceptions->errorHandler(2, 'Undefined array key 2', 'APPPATH\\Controllers\\AJAX\\Invoice.php', 26)
 2 SYSTEMPATH\CodeIgniter.php(934): App\Controllers\AJAX\Invoice->insertData()
 3 SYSTEMPATH\CodeIgniter.php(499): CodeIgniter\CodeIgniter->runController(Object(App\Controllers\AJAX\Invoice))
 4 SYSTEMPATH\CodeIgniter.php(368): CodeIgniter\CodeIgniter->handleRequest(null, Object(Config\Cache), false)
 5 FCPATH\index.php(67): CodeIgniter\CodeIgniter->run()
 6 SYSTEMPATH\Commands\Server\rewrite.php(47): require_once('FCPATH\\index.php')
CRITICAL - 2023-03-15 07:18:11 --> Undefined array key 2
in APPPATH\Controllers\AJAX\Invoice.php on line 26.
 1 APPPATH\Controllers\AJAX\Invoice.php(26): CodeIgniter\Debug\Exceptions->errorHandler(2, 'Undefined array key 2', 'APPPATH\\Controllers\\AJAX\\Invoice.php', 26)
 2 SYSTEMPATH\CodeIgniter.php(934): App\Controllers\AJAX\Invoice->insertData()
 3 SYSTEMPATH\CodeIgniter.php(499): CodeIgniter\CodeIgniter->runController(Object(App\Controllers\AJAX\Invoice))
 4 SYSTEMPATH\CodeIgniter.php(368): CodeIgniter\CodeIgniter->handleRequest(null, Object(Config\Cache), false)
 5 FCPATH\index.php(67): CodeIgniter\CodeIgniter->run()
 6 SYSTEMPATH\Commands\Server\rewrite.php(47): require_once('FCPATH\\index.php')
CRITICAL - 2023-03-15 07:18:12 --> Undefined array key 2
in APPPATH\Controllers\AJAX\Invoice.php on line 26.
 1 APPPATH\Controllers\AJAX\Invoice.php(26): CodeIgniter\Debug\Exceptions->errorHandler(2, 'Undefined array key 2', 'APPPATH\\Controllers\\AJAX\\Invoice.php', 26)
 2 SYSTEMPATH\CodeIgniter.php(934): App\Controllers\AJAX\Invoice->insertData()
 3 SYSTEMPATH\CodeIgniter.php(499): CodeIgniter\CodeIgniter->runController(Object(App\Controllers\AJAX\Invoice))
 4 SYSTEMPATH\CodeIgniter.php(368): CodeIgniter\CodeIgniter->handleRequest(null, Object(Config\Cache), false)
 5 FCPATH\index.php(67): CodeIgniter\CodeIgniter->run()
 6 SYSTEMPATH\Commands\Server\rewrite.php(47): require_once('FCPATH\\index.php')
CRITICAL - 2023-03-15 07:45:29 --> A non-numeric value encountered
in APPPATH\Controllers\AJAX\Invoice.php on line 26.
 1 APPPATH\Controllers\AJAX\Invoice.php(26): CodeIgniter\Debug\Exceptions->errorHandler(2, 'A non-numeric value encountered', 'APPPATH\\Controllers\\AJAX\\Invoice.php', 26)
 2 SYSTEMPATH\CodeIgniter.php(934): App\Controllers\AJAX\Invoice->insertData()
 3 SYSTEMPATH\CodeIgniter.php(499): CodeIgniter\CodeIgniter->runController(Object(App\Controllers\AJAX\Invoice))
 4 SYSTEMPATH\CodeIgniter.php(368): CodeIgniter\CodeIgniter->handleRequest(null, Object(Config\Cache), false)
 5 FCPATH\index.php(67): CodeIgniter\CodeIgniter->run()
 6 SYSTEMPATH\Commands\Server\rewrite.php(47): require_once('FCPATH\\index.php')
CRITICAL - 2023-03-15 07:46:10 --> A non-numeric value encountered
in APPPATH\Controllers\AJAX\Invoice.php on line 26.
 1 APPPATH\Controllers\AJAX\Invoice.php(26): CodeIgniter\Debug\Exceptions->errorHandler(2, 'A non-numeric value encountered', 'APPPATH\\Controllers\\AJAX\\Invoice.php', 26)
 2 SYSTEMPATH\CodeIgniter.php(934): App\Controllers\AJAX\Invoice->insertData()
 3 SYSTEMPATH\CodeIgniter.php(499): CodeIgniter\CodeIgniter->runController(Object(App\Controllers\AJAX\Invoice))
 4 SYSTEMPATH\CodeIgniter.php(368): CodeIgniter\CodeIgniter->handleRequest(null, Object(Config\Cache), false)
 5 FCPATH\index.php(67): CodeIgniter\CodeIgniter->run()
 6 SYSTEMPATH\Commands\Server\rewrite.php(47): require_once('FCPATH\\index.php')
CRITICAL - 2023-03-15 07:52:42 --> var_dump() expects at least 1 argument, 0 given
in APPPATH\Controllers\AJAX\Invoice.php on line 29.
 1 APPPATH\Controllers\AJAX\Invoice.php(29): var_dump()
 2 SYSTEMPATH\CodeIgniter.php(934): App\Controllers\AJAX\Invoice->insertData()
 3 SYSTEMPATH\CodeIgniter.php(499): CodeIgniter\CodeIgniter->runController(Object(App\Controllers\AJAX\Invoice))
 4 SYSTEMPATH\CodeIgniter.php(368): CodeIgniter\CodeIgniter->handleRequest(null, Object(Config\Cache), false)
 5 FCPATH\index.php(67): CodeIgniter\CodeIgniter->run()
 6 SYSTEMPATH\Commands\Server\rewrite.php(47): require_once('FCPATH\\index.php')
