CRITICAL - 2023-03-11 01:12:08 --> Invalid file: "template/navbar.php"
in SYSTEMPATH\Exceptions\FrameworkException.php on line 33.
 1 SYSTEMPATH\View\View.php(201): CodeIgniter\Exceptions\FrameworkException::forInvalidFile('template/navbar.php')
 2 SYSTEMPATH\Common.php(1184): CodeIgniter\View\View->render('template/navbar', [], true)
 3 APPPATH\Controllers\BaseController.php(61): view('template/navbar', [])
 4 APPPATH\Controllers\Main\User.php(11): App\Controllers\BaseController->masterView('user/user', [])
 5 SYSTEMPATH\CodeIgniter.php(934): App\Controllers\Main\User->index()
 6 SYSTEMPATH\CodeIgniter.php(499): CodeIgniter\CodeIgniter->runController(Object(App\Controllers\Main\User))
 7 SYSTEMPATH\CodeIgniter.php(368): CodeIgniter\CodeIgniter->handleRequest(null, Object(Config\Cache), false)
 8 FCPATH\index.php(67): CodeIgniter\CodeIgniter->run()
 9 SYSTEMPATH\Commands\Server\rewrite.php(47): require_once('FCPATH\\index.php')
CRITICAL - 2023-03-11 01:32:46 --> Invalid file: "template/navbar.php"
in SYSTEMPATH\Exceptions\FrameworkException.php on line 33.
 1 SYSTEMPATH\View\View.php(201): CodeIgniter\Exceptions\FrameworkException::forInvalidFile('template/navbar.php')
 2 SYSTEMPATH\Common.php(1184): CodeIgniter\View\View->render('template/navbar', [], true)
 3 APPPATH\Controllers\BaseController.php(61): view('template/navbar', [])
 4 APPPATH\Controllers\Main\User.php(11): App\Controllers\BaseController->masterView('user/user', [])
 5 SYSTEMPATH\CodeIgniter.php(934): App\Controllers\Main\User->index()
 6 SYSTEMPATH\CodeIgniter.php(499): CodeIgniter\CodeIgniter->runController(Object(App\Controllers\Main\User))
 7 SYSTEMPATH\CodeIgniter.php(368): CodeIgniter\CodeIgniter->handleRequest(null, Object(Config\Cache), false)
 8 FCPATH\index.php(67): CodeIgniter\CodeIgniter->run()
 9 SYSTEMPATH\Commands\Server\rewrite.php(47): require_once('FCPATH\\index.php')
INFO - 2023-03-11 08:53:32 --> Session: Class initialized using 'CodeIgniter\Session\Handlers\FileHandler' driver.
INFO - 2023-03-11 08:55:07 --> Session: Class initialized using 'CodeIgniter\Session\Handlers\FileHandler' driver.
INFO - 2023-03-11 08:57:21 --> Session: Class initialized using 'CodeIgniter\Session\Handlers\FileHandler' driver.
