CRITICAL - 2023-03-18 01:37:16 --> Undefined property: stdClass::$jth_tempo
in APPPATH\Controllers\AJAX\Invoice.php on line 23.
 1 APPPATH\Controllers\AJAX\Invoice.php(23): CodeIgniter\Debug\Exceptions->errorHandler(2, 'Undefined property: stdClass::$jth_tempo', 'APPPATH\\Controllers\\AJAX\\Invoice.php', 23)
 2 SYSTEMPATH\CodeIgniter.php(934): App\Controllers\AJAX\Invoice->index()
 3 SYSTEMPATH\CodeIgniter.php(499): CodeIgniter\CodeIgniter->runController(Object(App\Controllers\AJAX\Invoice))
 4 SYSTEMPATH\CodeIgniter.php(368): CodeIgniter\CodeIgniter->handleRequest(null, Object(Config\Cache), false)
 5 FCPATH\index.php(67): CodeIgniter\CodeIgniter->run()
 6 SYSTEMPATH\Commands\Server\rewrite.php(47): require_once('FCPATH\\index.php')
CRITICAL - 2023-03-18 01:38:20 --> Undefined property: stdClass::$jth_tempo
in APPPATH\Controllers\AJAX\Invoice.php on line 23.
 1 APPPATH\Controllers\AJAX\Invoice.php(23): CodeIgniter\Debug\Exceptions->errorHandler(2, 'Undefined property: stdClass::$jth_tempo', 'APPPATH\\Controllers\\AJAX\\Invoice.php', 23)
 2 SYSTEMPATH\CodeIgniter.php(934): App\Controllers\AJAX\Invoice->index()
 3 SYSTEMPATH\CodeIgniter.php(499): CodeIgniter\CodeIgniter->runController(Object(App\Controllers\AJAX\Invoice))
 4 SYSTEMPATH\CodeIgniter.php(368): CodeIgniter\CodeIgniter->handleRequest(null, Object(Config\Cache), false)
 5 FCPATH\index.php(67): CodeIgniter\CodeIgniter->run()
 6 SYSTEMPATH\Commands\Server\rewrite.php(47): require_once('FCPATH\\index.php')
CRITICAL - 2023-03-18 02:11:35 --> Undefined variable $dataHutang
in APPPATH\Controllers\AJAX\Piutang.php on line 27.
 1 APPPATH\Controllers\AJAX\Piutang.php(27): CodeIgniter\Debug\Exceptions->errorHandler(2, 'Undefined variable $dataHutang', 'APPPATH\\Controllers\\AJAX\\Piutang.php', 27)
 2 SYSTEMPATH\CodeIgniter.php(934): App\Controllers\AJAX\Piutang->index()
 3 SYSTEMPATH\CodeIgniter.php(499): CodeIgniter\CodeIgniter->runController(Object(App\Controllers\AJAX\Piutang))
 4 SYSTEMPATH\CodeIgniter.php(368): CodeIgniter\CodeIgniter->handleRequest(null, Object(Config\Cache), false)
 5 FCPATH\index.php(67): CodeIgniter\CodeIgniter->run()
 6 SYSTEMPATH\Commands\Server\rewrite.php(47): require_once('FCPATH\\index.php')
CRITICAL - 2023-03-18 02:23:35 --> Undefined variable $hutang
in APPPATH\Controllers\AJAX\Piutang.php on line 26.
 1 APPPATH\Controllers\AJAX\Piutang.php(26): CodeIgniter\Debug\Exceptions->errorHandler(2, 'Undefined variable $hutang', 'APPPATH\\Controllers\\AJAX\\Piutang.php', 26)
 2 SYSTEMPATH\CodeIgniter.php(934): App\Controllers\AJAX\Piutang->index()
 3 SYSTEMPATH\CodeIgniter.php(499): CodeIgniter\CodeIgniter->runController(Object(App\Controllers\AJAX\Piutang))
 4 SYSTEMPATH\CodeIgniter.php(368): CodeIgniter\CodeIgniter->handleRequest(null, Object(Config\Cache), false)
 5 FCPATH\index.php(67): CodeIgniter\CodeIgniter->run()
 6 SYSTEMPATH\Commands\Server\rewrite.php(47): require_once('FCPATH\\index.php')
CRITICAL - 2023-03-18 02:30:07 --> Undefined property: stdClass::$telepon
in APPPATH\Controllers\AJAX\Piutang.php on line 46.
 1 APPPATH\Controllers\AJAX\Piutang.php(46): CodeIgniter\Debug\Exceptions->errorHandler(2, 'Undefined property: stdClass::$telepon', 'APPPATH\\Controllers\\AJAX\\Piutang.php', 46)
 2 SYSTEMPATH\CodeIgniter.php(934): App\Controllers\AJAX\Piutang->index()
 3 SYSTEMPATH\CodeIgniter.php(499): CodeIgniter\CodeIgniter->runController(Object(App\Controllers\AJAX\Piutang))
 4 SYSTEMPATH\CodeIgniter.php(368): CodeIgniter\CodeIgniter->handleRequest(null, Object(Config\Cache), false)
 5 FCPATH\index.php(67): CodeIgniter\CodeIgniter->run()
 6 SYSTEMPATH\Commands\Server\rewrite.php(47): require_once('FCPATH\\index.php')
CRITICAL - 2023-03-18 02:31:06 --> Undefined variable $key
in APPPATH\Controllers\AJAX\Piutang.php on line 24.
 1 APPPATH\Controllers\AJAX\Piutang.php(24): CodeIgniter\Debug\Exceptions->errorHandler(2, 'Undefined variable $key', 'APPPATH\\Controllers\\AJAX\\Piutang.php', 24)
 2 SYSTEMPATH\CodeIgniter.php(934): App\Controllers\AJAX\Piutang->index()
 3 SYSTEMPATH\CodeIgniter.php(499): CodeIgniter\CodeIgniter->runController(Object(App\Controllers\AJAX\Piutang))
 4 SYSTEMPATH\CodeIgniter.php(368): CodeIgniter\CodeIgniter->handleRequest(null, Object(Config\Cache), false)
 5 FCPATH\index.php(67): CodeIgniter\CodeIgniter->run()
 6 SYSTEMPATH\Commands\Server\rewrite.php(47): require_once('FCPATH\\index.php')
CRITICAL - 2023-03-18 02:39:50 --> Array to string conversion
in APPPATH\Controllers\AJAX\Piutang.php on line 30.
 1 APPPATH\Controllers\AJAX\Piutang.php(30): CodeIgniter\Debug\Exceptions->errorHandler(2, 'Array to string conversion', 'APPPATH\\Controllers\\AJAX\\Piutang.php', 30)
 2 SYSTEMPATH\CodeIgniter.php(934): App\Controllers\AJAX\Piutang->index()
 3 SYSTEMPATH\CodeIgniter.php(499): CodeIgniter\CodeIgniter->runController(Object(App\Controllers\AJAX\Piutang))
 4 SYSTEMPATH\CodeIgniter.php(368): CodeIgniter\CodeIgniter->handleRequest(null, Object(Config\Cache), false)
 5 FCPATH\index.php(67): CodeIgniter\CodeIgniter->run()
 6 SYSTEMPATH\Commands\Server\rewrite.php(47): require_once('FCPATH\\index.php')
CRITICAL - 2023-03-18 02:54:06 --> Undefined array key "sisa_hutang_ekspedisi"
in APPPATH\Controllers\AJAX\Piutang.php on line 31.
 1 APPPATH\Controllers\AJAX\Piutang.php(31): CodeIgniter\Debug\Exceptions->errorHandler(2, 'Undefined array key "sisa_hutang_ekspedisi"', 'APPPATH\\Controllers\\AJAX\\Piutang.php', 31)
 2 SYSTEMPATH\CodeIgniter.php(934): App\Controllers\AJAX\Piutang->index()
 3 SYSTEMPATH\CodeIgniter.php(499): CodeIgniter\CodeIgniter->runController(Object(App\Controllers\AJAX\Piutang))
 4 SYSTEMPATH\CodeIgniter.php(368): CodeIgniter\CodeIgniter->handleRequest(null, Object(Config\Cache), false)
 5 FCPATH\index.php(67): CodeIgniter\CodeIgniter->run()
 6 SYSTEMPATH\Commands\Server\rewrite.php(47): require_once('FCPATH\\index.php')
CRITICAL - 2023-03-18 02:54:37 --> Undefined property: stdClass::$sisa_hutang_ekspedisi
in APPPATH\Controllers\AJAX\Piutang.php on line 31.
 1 APPPATH\Controllers\AJAX\Piutang.php(31): CodeIgniter\Debug\Exceptions->errorHandler(2, 'Undefined property: stdClass::$sisa_hutang_ekspedisi', 'APPPATH\\Controllers\\AJAX\\Piutang.php', 31)
 2 SYSTEMPATH\CodeIgniter.php(934): App\Controllers\AJAX\Piutang->index()
 3 SYSTEMPATH\CodeIgniter.php(499): CodeIgniter\CodeIgniter->runController(Object(App\Controllers\AJAX\Piutang))
 4 SYSTEMPATH\CodeIgniter.php(368): CodeIgniter\CodeIgniter->handleRequest(null, Object(Config\Cache), false)
 5 FCPATH\index.php(67): CodeIgniter\CodeIgniter->run()
 6 SYSTEMPATH\Commands\Server\rewrite.php(47): require_once('FCPATH\\index.php')
CRITICAL - 2023-03-18 02:55:07 --> Undefined property: stdClass::$sisa_hutang_ekspedisi
in APPPATH\Controllers\AJAX\Piutang.php on line 31.
 1 APPPATH\Controllers\AJAX\Piutang.php(31): CodeIgniter\Debug\Exceptions->errorHandler(2, 'Undefined property: stdClass::$sisa_hutang_ekspedisi', 'APPPATH\\Controllers\\AJAX\\Piutang.php', 31)
 2 SYSTEMPATH\CodeIgniter.php(934): App\Controllers\AJAX\Piutang->index()
 3 SYSTEMPATH\CodeIgniter.php(499): CodeIgniter\CodeIgniter->runController(Object(App\Controllers\AJAX\Piutang))
 4 SYSTEMPATH\CodeIgniter.php(368): CodeIgniter\CodeIgniter->handleRequest(null, Object(Config\Cache), false)
 5 FCPATH\index.php(67): CodeIgniter\CodeIgniter->run()
 6 SYSTEMPATH\Commands\Server\rewrite.php(47): require_once('FCPATH\\index.php')
CRITICAL - 2023-03-18 02:56:10 --> Undefined property: stdClass::$sisa_hutang_ekspedisi
in APPPATH\Controllers\AJAX\Piutang.php on line 31.
 1 APPPATH\Controllers\AJAX\Piutang.php(31): CodeIgniter\Debug\Exceptions->errorHandler(2, 'Undefined property: stdClass::$sisa_hutang_ekspedisi', 'APPPATH\\Controllers\\AJAX\\Piutang.php', 31)
 2 SYSTEMPATH\CodeIgniter.php(934): App\Controllers\AJAX\Piutang->index()
 3 SYSTEMPATH\CodeIgniter.php(499): CodeIgniter\CodeIgniter->runController(Object(App\Controllers\AJAX\Piutang))
 4 SYSTEMPATH\CodeIgniter.php(368): CodeIgniter\CodeIgniter->handleRequest(null, Object(Config\Cache), false)
 5 FCPATH\index.php(67): CodeIgniter\CodeIgniter->run()
 6 SYSTEMPATH\Commands\Server\rewrite.php(47): require_once('FCPATH\\index.php')
CRITICAL - 2023-03-18 03:03:17 --> Undefined property: stdClass::$sisa_hutang_ekspedisi
in APPPATH\Controllers\AJAX\Piutang.php on line 32.
 1 APPPATH\Controllers\AJAX\Piutang.php(32): CodeIgniter\Debug\Exceptions->errorHandler(2, 'Undefined property: stdClass::$sisa_hutang_ekspedisi', 'APPPATH\\Controllers\\AJAX\\Piutang.php', 32)
 2 SYSTEMPATH\CodeIgniter.php(934): App\Controllers\AJAX\Piutang->index()
 3 SYSTEMPATH\CodeIgniter.php(499): CodeIgniter\CodeIgniter->runController(Object(App\Controllers\AJAX\Piutang))
 4 SYSTEMPATH\CodeIgniter.php(368): CodeIgniter\CodeIgniter->handleRequest(null, Object(Config\Cache), false)
 5 FCPATH\index.php(67): CodeIgniter\CodeIgniter->run()
 6 SYSTEMPATH\Commands\Server\rewrite.php(47): require_once('FCPATH\\index.php')
CRITICAL - 2023-03-18 03:10:24 --> Undefined property: stdClass::$id_invoice_ekspedisi
in APPPATH\Controllers\AJAX\Piutang.php on line 29.
 1 APPPATH\Controllers\AJAX\Piutang.php(29): CodeIgniter\Debug\Exceptions->errorHandler(2, 'Undefined property: stdClass::$id_invoice_ekspedisi', 'APPPATH\\Controllers\\AJAX\\Piutang.php', 29)
 2 SYSTEMPATH\CodeIgniter.php(934): App\Controllers\AJAX\Piutang->index()
 3 SYSTEMPATH\CodeIgniter.php(499): CodeIgniter\CodeIgniter->runController(Object(App\Controllers\AJAX\Piutang))
 4 SYSTEMPATH\CodeIgniter.php(368): CodeIgniter\CodeIgniter->handleRequest(null, Object(Config\Cache), false)
 5 FCPATH\index.php(67): CodeIgniter\CodeIgniter->run()
 6 SYSTEMPATH\Commands\Server\rewrite.php(47): require_once('FCPATH\\index.php')
CRITICAL - 2023-03-18 03:49:21 --> Undefined property: stdClass::$id_cstmr
in APPPATH\Controllers\AJAX\Piutang.php on line 39.
 1 APPPATH\Controllers\AJAX\Piutang.php(39): CodeIgniter\Debug\Exceptions->errorHandler(2, 'Undefined property: stdClass::$id_cstmr', 'APPPATH\\Controllers\\AJAX\\Piutang.php', 39)
 2 SYSTEMPATH\CodeIgniter.php(934): App\Controllers\AJAX\Piutang->index()
 3 SYSTEMPATH\CodeIgniter.php(499): CodeIgniter\CodeIgniter->runController(Object(App\Controllers\AJAX\Piutang))
 4 SYSTEMPATH\CodeIgniter.php(368): CodeIgniter\CodeIgniter->handleRequest(null, Object(Config\Cache), false)
 5 FCPATH\index.php(67): CodeIgniter\CodeIgniter->run()
 6 SYSTEMPATH\Commands\Server\rewrite.php(47): require_once('FCPATH\\index.php')
CRITICAL - 2023-03-18 03:54:26 --> Division by zero
in APPPATH\Controllers\AJAX\Piutang.php on line 47.
 1 SYSTEMPATH\CodeIgniter.php(934): App\Controllers\AJAX\Piutang->index()
 2 SYSTEMPATH\CodeIgniter.php(499): CodeIgniter\CodeIgniter->runController(Object(App\Controllers\AJAX\Piutang))
 3 SYSTEMPATH\CodeIgniter.php(368): CodeIgniter\CodeIgniter->handleRequest(null, Object(Config\Cache), false)
 4 FCPATH\index.php(67): CodeIgniter\CodeIgniter->run()
 5 SYSTEMPATH\Commands\Server\rewrite.php(47): require_once('FCPATH\\index.php')
CRITICAL - 2023-03-18 03:55:30 --> Division by zero
in APPPATH\Controllers\AJAX\Piutang.php on line 47.
 1 SYSTEMPATH\CodeIgniter.php(934): App\Controllers\AJAX\Piutang->index()
 2 SYSTEMPATH\CodeIgniter.php(499): CodeIgniter\CodeIgniter->runController(Object(App\Controllers\AJAX\Piutang))
 3 SYSTEMPATH\CodeIgniter.php(368): CodeIgniter\CodeIgniter->handleRequest(null, Object(Config\Cache), false)
 4 FCPATH\index.php(67): CodeIgniter\CodeIgniter->run()
 5 SYSTEMPATH\Commands\Server\rewrite.php(47): require_once('FCPATH\\index.php')
CRITICAL - 2023-03-18 03:56:31 --> Division by zero
in APPPATH\Controllers\AJAX\Piutang.php on line 47.
 1 SYSTEMPATH\CodeIgniter.php(934): App\Controllers\AJAX\Piutang->index()
 2 SYSTEMPATH\CodeIgniter.php(499): CodeIgniter\CodeIgniter->runController(Object(App\Controllers\AJAX\Piutang))
 3 SYSTEMPATH\CodeIgniter.php(368): CodeIgniter\CodeIgniter->handleRequest(null, Object(Config\Cache), false)
 4 FCPATH\index.php(67): CodeIgniter\CodeIgniter->run()
 5 SYSTEMPATH\Commands\Server\rewrite.php(47): require_once('FCPATH\\index.php')
CRITICAL - 2023-03-18 03:56:40 --> Division by zero
in APPPATH\Controllers\AJAX\Piutang.php on line 47.
 1 SYSTEMPATH\CodeIgniter.php(934): App\Controllers\AJAX\Piutang->index()
 2 SYSTEMPATH\CodeIgniter.php(499): CodeIgniter\CodeIgniter->runController(Object(App\Controllers\AJAX\Piutang))
 3 SYSTEMPATH\CodeIgniter.php(368): CodeIgniter\CodeIgniter->handleRequest(null, Object(Config\Cache), false)
 4 FCPATH\index.php(67): CodeIgniter\CodeIgniter->run()
 5 SYSTEMPATH\Commands\Server\rewrite.php(47): require_once('FCPATH\\index.php')
CRITICAL - 2023-03-18 04:01:50 --> Undefined property: stdClass::$id_invoice_ekspedisi
in APPPATH\Controllers\AJAX\Piutang.php on line 31.
 1 APPPATH\Controllers\AJAX\Piutang.php(31): CodeIgniter\Debug\Exceptions->errorHandler(2, 'Undefined property: stdClass::$id_invoice_ekspedisi', 'APPPATH\\Controllers\\AJAX\\Piutang.php', 31)
 2 SYSTEMPATH\CodeIgniter.php(934): App\Controllers\AJAX\Piutang->index()
 3 SYSTEMPATH\CodeIgniter.php(499): CodeIgniter\CodeIgniter->runController(Object(App\Controllers\AJAX\Piutang))
 4 SYSTEMPATH\CodeIgniter.php(368): CodeIgniter\CodeIgniter->handleRequest(null, Object(Config\Cache), false)
 5 FCPATH\index.php(67): CodeIgniter\CodeIgniter->run()
 6 SYSTEMPATH\Commands\Server\rewrite.php(47): require_once('FCPATH\\index.php')
CRITICAL - 2023-03-18 04:03:20 --> Undefined property: stdClass::$id_invoice_ekspedisi
in APPPATH\Controllers\AJAX\Piutang.php on line 30.
 1 APPPATH\Controllers\AJAX\Piutang.php(30): CodeIgniter\Debug\Exceptions->errorHandler(2, 'Undefined property: stdClass::$id_invoice_ekspedisi', 'APPPATH\\Controllers\\AJAX\\Piutang.php', 30)
 2 SYSTEMPATH\CodeIgniter.php(934): App\Controllers\AJAX\Piutang->index()
 3 SYSTEMPATH\CodeIgniter.php(499): CodeIgniter\CodeIgniter->runController(Object(App\Controllers\AJAX\Piutang))
 4 SYSTEMPATH\CodeIgniter.php(368): CodeIgniter\CodeIgniter->handleRequest(null, Object(Config\Cache), false)
 5 FCPATH\index.php(67): CodeIgniter\CodeIgniter->run()
 6 SYSTEMPATH\Commands\Server\rewrite.php(47): require_once('FCPATH\\index.php')
CRITICAL - 2023-03-18 04:04:14 --> Undefined property: stdClass::$id_invoice_ekspedisi
in APPPATH\Controllers\AJAX\Piutang.php on line 30.
 1 APPPATH\Controllers\AJAX\Piutang.php(30): CodeIgniter\Debug\Exceptions->errorHandler(2, 'Undefined property: stdClass::$id_invoice_ekspedisi', 'APPPATH\\Controllers\\AJAX\\Piutang.php', 30)
 2 SYSTEMPATH\CodeIgniter.php(934): App\Controllers\AJAX\Piutang->index()
 3 SYSTEMPATH\CodeIgniter.php(499): CodeIgniter\CodeIgniter->runController(Object(App\Controllers\AJAX\Piutang))
 4 SYSTEMPATH\CodeIgniter.php(368): CodeIgniter\CodeIgniter->handleRequest(null, Object(Config\Cache), false)
 5 FCPATH\index.php(67): CodeIgniter\CodeIgniter->run()
 6 SYSTEMPATH\Commands\Server\rewrite.php(47): require_once('FCPATH\\index.php')
CRITICAL - 2023-03-18 05:11:25 --> Undefined property: stdClass::$id_invoice_ekspedisi
in APPPATH\Controllers\AJAX\Piutang.php on line 31.
 1 APPPATH\Controllers\AJAX\Piutang.php(31): CodeIgniter\Debug\Exceptions->errorHandler(2, 'Undefined property: stdClass::$id_invoice_ekspedisi', 'APPPATH\\Controllers\\AJAX\\Piutang.php', 31)
 2 SYSTEMPATH\CodeIgniter.php(934): App\Controllers\AJAX\Piutang->index()
 3 SYSTEMPATH\CodeIgniter.php(499): CodeIgniter\CodeIgniter->runController(Object(App\Controllers\AJAX\Piutang))
 4 SYSTEMPATH\CodeIgniter.php(368): CodeIgniter\CodeIgniter->handleRequest(null, Object(Config\Cache), false)
 5 FCPATH\index.php(67): CodeIgniter\CodeIgniter->run()
 6 SYSTEMPATH\Commands\Server\rewrite.php(47): require_once('FCPATH\\index.php')
CRITICAL - 2023-03-18 05:37:44 --> syntax error, unexpected single-quoted string "id", expecting identifier or variable or "{" or "$"
in APPPATH\Controllers\AJAX\Piutang.php on line 25.
 1 SYSTEMPATH\Autoloader\Autoloader.php(289): CodeIgniter\Autoloader\Autoloader->includeFile('APPPATH\\Controllers\\AJAX\\Piutang.php')
 2 SYSTEMPATH\Autoloader\Autoloader.php(267): CodeIgniter\Autoloader\Autoloader->loadInNamespace('App\\Controllers\\AJAX\\Piutang')
 3 [internal function]: CodeIgniter\Autoloader\Autoloader->loadClass('App\\Controllers\\AJAX\\Piutang')
 4 SYSTEMPATH\CodeIgniter.php(892): class_exists('\\App\\Controllers\\AJAX\\Piutang', true)
 5 SYSTEMPATH\CodeIgniter.php(486): CodeIgniter\CodeIgniter->startController()
 6 SYSTEMPATH\CodeIgniter.php(368): CodeIgniter\CodeIgniter->handleRequest(null, Object(Config\Cache), false)
 7 FCPATH\index.php(67): CodeIgniter\CodeIgniter->run()
 8 SYSTEMPATH\Commands\Server\rewrite.php(47): require_once('FCPATH\\index.php')
CRITICAL - 2023-03-18 06:22:11 --> Undefined property: stdClass::$ekspedisi
in APPPATH\Controllers\AJAX\Piutang.php on line 32.
 1 APPPATH\Controllers\AJAX\Piutang.php(32): CodeIgniter\Debug\Exceptions->errorHandler(2, 'Undefined property: stdClass::$ekspedisi', 'APPPATH\\Controllers\\AJAX\\Piutang.php', 32)
 2 SYSTEMPATH\CodeIgniter.php(934): App\Controllers\AJAX\Piutang->index()
 3 SYSTEMPATH\CodeIgniter.php(499): CodeIgniter\CodeIgniter->runController(Object(App\Controllers\AJAX\Piutang))
 4 SYSTEMPATH\CodeIgniter.php(368): CodeIgniter\CodeIgniter->handleRequest(null, Object(Config\Cache), false)
 5 FCPATH\index.php(67): CodeIgniter\CodeIgniter->run()
 6 SYSTEMPATH\Commands\Server\rewrite.php(47): require_once('FCPATH\\index.php')
ERROR - 2023-03-18 14:59:48 --> Error connecting to the database: mysqli_sql_exception: No connection could be made because the target machine actively refused it.
 in F:\WEBPROJECT\laragon\www\SIPIUTANG\system\Database\MySQLi\Connection.php:174
Stack trace:
#0 F:\WEBPROJECT\laragon\www\SIPIUTANG\system\Database\MySQLi\Connection.php(174): mysqli->real_connect('localhost', 'root', '', 'db_piutang', 3306, '', 0)
#1 F:\WEBPROJECT\laragon\www\SIPIUTANG\system\Database\BaseConnection.php(391): CodeIgniter\Database\MySQLi\Connection->connect(false)
#2 F:\WEBPROJECT\laragon\www\SIPIUTANG\system\Database\BaseConnection.php(573): CodeIgniter\Database\BaseConnection->initialize()
#3 F:\WEBPROJECT\laragon\www\SIPIUTANG\system\Database\BaseBuilder.php(1616): CodeIgniter\Database\BaseConnection->query('SELECT *\nFROM `...', Array, false)
#4 F:\WEBPROJECT\laragon\www\SIPIUTANG\app\Models\ModelCustomer.php(16): CodeIgniter\Database\BaseBuilder->get()
#5 F:\WEBPROJECT\laragon\www\SIPIUTANG\app\Controllers\AJAX\Piutang.php(21): App\Models\ModelCustomer->getCustomer(NULL)
#6 F:\WEBPROJECT\laragon\www\SIPIUTANG\system\CodeIgniter.php(934): App\Controllers\AJAX\Piutang->index()
#7 F:\WEBPROJECT\laragon\www\SIPIUTANG\system\CodeIgniter.php(499): CodeIgniter\CodeIgniter->runController(Object(App\Controllers\AJAX\Piutang))
#8 F:\WEBPROJECT\laragon\www\SIPIUTANG\system\CodeIgniter.php(368): CodeIgniter\CodeIgniter->handleRequest(NULL, Object(Config\Cache), false)
#9 F:\WEBPROJECT\laragon\www\SIPIUTANG\public\index.php(67): CodeIgniter\CodeIgniter->run()
#10 F:\WEBPROJECT\laragon\www\SIPIUTANG\system\Commands\Server\rewrite.php(47): require_once('F:\\WEBPROJECT\\l...')
#11 {main}

Next CodeIgniter\Database\Exceptions\DatabaseException: No connection could be made because the target machine actively refused it.
 in F:\WEBPROJECT\laragon\www\SIPIUTANG\system\Database\MySQLi\Connection.php:218
Stack trace:
#0 F:\WEBPROJECT\laragon\www\SIPIUTANG\system\Database\BaseConnection.php(391): CodeIgniter\Database\MySQLi\Connection->connect(false)
#1 F:\WEBPROJECT\laragon\www\SIPIUTANG\system\Database\BaseConnection.php(573): CodeIgniter\Database\BaseConnection->initialize()
#2 F:\WEBPROJECT\laragon\www\SIPIUTANG\system\Database\BaseBuilder.php(1616): CodeIgniter\Database\BaseConnection->query('SELECT *\nFROM `...', Array, false)
#3 F:\WEBPROJECT\laragon\www\SIPIUTANG\app\Models\ModelCustomer.php(16): CodeIgniter\Database\BaseBuilder->get()
#4 F:\WEBPROJECT\laragon\www\SIPIUTANG\app\Controllers\AJAX\Piutang.php(21): App\Models\ModelCustomer->getCustomer(NULL)
#5 F:\WEBPROJECT\laragon\www\SIPIUTANG\system\CodeIgniter.php(934): App\Controllers\AJAX\Piutang->index()
#6 F:\WEBPROJECT\laragon\www\SIPIUTANG\system\CodeIgniter.php(499): CodeIgniter\CodeIgniter->runController(Object(App\Controllers\AJAX\Piutang))
#7 F:\WEBPROJECT\laragon\www\SIPIUTANG\system\CodeIgniter.php(368): CodeIgniter\CodeIgniter->handleRequest(NULL, Object(Config\Cache), false)
#8 F:\WEBPROJECT\laragon\www\SIPIUTANG\public\index.php(67): CodeIgniter\CodeIgniter->run()
#9 F:\WEBPROJECT\laragon\www\SIPIUTANG\system\Commands\Server\rewrite.php(47): require_once('F:\\WEBPROJECT\\l...')
#10 {main}
CRITICAL - 2023-03-18 14:59:48 --> Unable to connect to the database.
Main connection [MySQLi]: No connection could be made because the target machine actively refused it.

in SYSTEMPATH\Database\BaseConnection.php on line 427.
 1 SYSTEMPATH\Database\BaseConnection.php(573): CodeIgniter\Database\BaseConnection->initialize()
 2 SYSTEMPATH\Database\BaseBuilder.php(1616): CodeIgniter\Database\BaseConnection->query('SELECT *
FROM `tb_customer`', [], false)
 3 APPPATH\Models\ModelCustomer.php(16): CodeIgniter\Database\BaseBuilder->get()
 4 APPPATH\Controllers\AJAX\Piutang.php(21): App\Models\ModelCustomer->getCustomer(null)
 5 SYSTEMPATH\CodeIgniter.php(934): App\Controllers\AJAX\Piutang->index()
 6 SYSTEMPATH\CodeIgniter.php(499): CodeIgniter\CodeIgniter->runController(Object(App\Controllers\AJAX\Piutang))
 7 SYSTEMPATH\CodeIgniter.php(368): CodeIgniter\CodeIgniter->handleRequest(null, Object(Config\Cache), false)
 8 FCPATH\index.php(67): CodeIgniter\CodeIgniter->run()
 9 SYSTEMPATH\Commands\Server\rewrite.php(47): require_once('FCPATH\\index.php')
ERROR - 2023-03-18 14:59:52 --> Error connecting to the database: mysqli_sql_exception: No connection could be made because the target machine actively refused it.
 in F:\WEBPROJECT\laragon\www\SIPIUTANG\system\Database\MySQLi\Connection.php:174
Stack trace:
#0 F:\WEBPROJECT\laragon\www\SIPIUTANG\system\Database\MySQLi\Connection.php(174): mysqli->real_connect('localhost', 'root', '', 'db_piutang', 3306, '', 0)
#1 F:\WEBPROJECT\laragon\www\SIPIUTANG\system\Database\BaseConnection.php(391): CodeIgniter\Database\MySQLi\Connection->connect(false)
#2 F:\WEBPROJECT\laragon\www\SIPIUTANG\system\Database\BaseConnection.php(573): CodeIgniter\Database\BaseConnection->initialize()
#3 F:\WEBPROJECT\laragon\www\SIPIUTANG\system\Database\BaseBuilder.php(1616): CodeIgniter\Database\BaseConnection->query('SELECT *\nFROM `...', Array, false)
#4 F:\WEBPROJECT\laragon\www\SIPIUTANG\app\Models\ModelCustomer.php(16): CodeIgniter\Database\BaseBuilder->get()
#5 F:\WEBPROJECT\laragon\www\SIPIUTANG\app\Controllers\AJAX\Customer.php(13): App\Models\ModelCustomer->getCustomer(NULL)
#6 F:\WEBPROJECT\laragon\www\SIPIUTANG\system\CodeIgniter.php(934): App\Controllers\AJAX\Customer->index()
#7 F:\WEBPROJECT\laragon\www\SIPIUTANG\system\CodeIgniter.php(499): CodeIgniter\CodeIgniter->runController(Object(App\Controllers\AJAX\Customer))
#8 F:\WEBPROJECT\laragon\www\SIPIUTANG\system\CodeIgniter.php(368): CodeIgniter\CodeIgniter->handleRequest(NULL, Object(Config\Cache), false)
#9 F:\WEBPROJECT\laragon\www\SIPIUTANG\public\index.php(67): CodeIgniter\CodeIgniter->run()
#10 F:\WEBPROJECT\laragon\www\SIPIUTANG\system\Commands\Server\rewrite.php(47): require_once('F:\\WEBPROJECT\\l...')
#11 {main}

Next CodeIgniter\Database\Exceptions\DatabaseException: No connection could be made because the target machine actively refused it.
 in F:\WEBPROJECT\laragon\www\SIPIUTANG\system\Database\MySQLi\Connection.php:218
Stack trace:
#0 F:\WEBPROJECT\laragon\www\SIPIUTANG\system\Database\BaseConnection.php(391): CodeIgniter\Database\MySQLi\Connection->connect(false)
#1 F:\WEBPROJECT\laragon\www\SIPIUTANG\system\Database\BaseConnection.php(573): CodeIgniter\Database\BaseConnection->initialize()
#2 F:\WEBPROJECT\laragon\www\SIPIUTANG\system\Database\BaseBuilder.php(1616): CodeIgniter\Database\BaseConnection->query('SELECT *\nFROM `...', Array, false)
#3 F:\WEBPROJECT\laragon\www\SIPIUTANG\app\Models\ModelCustomer.php(16): CodeIgniter\Database\BaseBuilder->get()
#4 F:\WEBPROJECT\laragon\www\SIPIUTANG\app\Controllers\AJAX\Customer.php(13): App\Models\ModelCustomer->getCustomer(NULL)
#5 F:\WEBPROJECT\laragon\www\SIPIUTANG\system\CodeIgniter.php(934): App\Controllers\AJAX\Customer->index()
#6 F:\WEBPROJECT\laragon\www\SIPIUTANG\system\CodeIgniter.php(499): CodeIgniter\CodeIgniter->runController(Object(App\Controllers\AJAX\Customer))
#7 F:\WEBPROJECT\laragon\www\SIPIUTANG\system\CodeIgniter.php(368): CodeIgniter\CodeIgniter->handleRequest(NULL, Object(Config\Cache), false)
#8 F:\WEBPROJECT\laragon\www\SIPIUTANG\public\index.php(67): CodeIgniter\CodeIgniter->run()
#9 F:\WEBPROJECT\laragon\www\SIPIUTANG\system\Commands\Server\rewrite.php(47): require_once('F:\\WEBPROJECT\\l...')
#10 {main}
CRITICAL - 2023-03-18 14:59:52 --> Unable to connect to the database.
Main connection [MySQLi]: No connection could be made because the target machine actively refused it.

in SYSTEMPATH\Database\BaseConnection.php on line 427.
 1 SYSTEMPATH\Database\BaseConnection.php(573): CodeIgniter\Database\BaseConnection->initialize()
 2 SYSTEMPATH\Database\BaseBuilder.php(1616): CodeIgniter\Database\BaseConnection->query('SELECT *
FROM `tb_customer`', [], false)
 3 APPPATH\Models\ModelCustomer.php(16): CodeIgniter\Database\BaseBuilder->get()
 4 APPPATH\Controllers\AJAX\Customer.php(13): App\Models\ModelCustomer->getCustomer(null)
 5 SYSTEMPATH\CodeIgniter.php(934): App\Controllers\AJAX\Customer->index()
 6 SYSTEMPATH\CodeIgniter.php(499): CodeIgniter\CodeIgniter->runController(Object(App\Controllers\AJAX\Customer))
 7 SYSTEMPATH\CodeIgniter.php(368): CodeIgniter\CodeIgniter->handleRequest(null, Object(Config\Cache), false)
 8 FCPATH\index.php(67): CodeIgniter\CodeIgniter->run()
 9 SYSTEMPATH\Commands\Server\rewrite.php(47): require_once('FCPATH\\index.php')
ERROR - 2023-03-18 14:59:56 --> Error connecting to the database: mysqli_sql_exception: No connection could be made because the target machine actively refused it.
 in F:\WEBPROJECT\laragon\www\SIPIUTANG\system\Database\MySQLi\Connection.php:174
Stack trace:
#0 F:\WEBPROJECT\laragon\www\SIPIUTANG\system\Database\MySQLi\Connection.php(174): mysqli->real_connect('localhost', 'root', '', 'db_piutang', 3306, '', 0)
#1 F:\WEBPROJECT\laragon\www\SIPIUTANG\system\Database\BaseConnection.php(391): CodeIgniter\Database\MySQLi\Connection->connect(false)
#2 F:\WEBPROJECT\laragon\www\SIPIUTANG\system\Database\BaseConnection.php(573): CodeIgniter\Database\BaseConnection->initialize()
#3 F:\WEBPROJECT\laragon\www\SIPIUTANG\system\Database\BaseBuilder.php(1616): CodeIgniter\Database\BaseConnection->query('SELECT `tb_invo...', Array, false)
#4 F:\WEBPROJECT\laragon\www\SIPIUTANG\app\Models\ModelInvoiceEkspedisi.php(17): CodeIgniter\Database\BaseBuilder->get()
#5 F:\WEBPROJECT\laragon\www\SIPIUTANG\app\Controllers\AJAX\InvoiceEkspedisi.php(13): App\Models\ModelInvoiceEkspedisi->getInvoiceEkspedisi(NULL)
#6 F:\WEBPROJECT\laragon\www\SIPIUTANG\system\CodeIgniter.php(934): App\Controllers\AJAX\InvoiceEkspedisi->index()
#7 F:\WEBPROJECT\laragon\www\SIPIUTANG\system\CodeIgniter.php(499): CodeIgniter\CodeIgniter->runController(Object(App\Controllers\AJAX\InvoiceEkspedisi))
#8 F:\WEBPROJECT\laragon\www\SIPIUTANG\system\CodeIgniter.php(368): CodeIgniter\CodeIgniter->handleRequest(NULL, Object(Config\Cache), false)
#9 F:\WEBPROJECT\laragon\www\SIPIUTANG\public\index.php(67): CodeIgniter\CodeIgniter->run()
#10 F:\WEBPROJECT\laragon\www\SIPIUTANG\system\Commands\Server\rewrite.php(47): require_once('F:\\WEBPROJECT\\l...')
#11 {main}

Next CodeIgniter\Database\Exceptions\DatabaseException: No connection could be made because the target machine actively refused it.
 in F:\WEBPROJECT\laragon\www\SIPIUTANG\system\Database\MySQLi\Connection.php:218
Stack trace:
#0 F:\WEBPROJECT\laragon\www\SIPIUTANG\system\Database\BaseConnection.php(391): CodeIgniter\Database\MySQLi\Connection->connect(false)
#1 F:\WEBPROJECT\laragon\www\SIPIUTANG\system\Database\BaseConnection.php(573): CodeIgniter\Database\BaseConnection->initialize()
#2 F:\WEBPROJECT\laragon\www\SIPIUTANG\system\Database\BaseBuilder.php(1616): CodeIgniter\Database\BaseConnection->query('SELECT `tb_invo...', Array, false)
#3 F:\WEBPROJECT\laragon\www\SIPIUTANG\app\Models\ModelInvoiceEkspedisi.php(17): CodeIgniter\Database\BaseBuilder->get()
#4 F:\WEBPROJECT\laragon\www\SIPIUTANG\app\Controllers\AJAX\InvoiceEkspedisi.php(13): App\Models\ModelInvoiceEkspedisi->getInvoiceEkspedisi(NULL)
#5 F:\WEBPROJECT\laragon\www\SIPIUTANG\system\CodeIgniter.php(934): App\Controllers\AJAX\InvoiceEkspedisi->index()
#6 F:\WEBPROJECT\laragon\www\SIPIUTANG\system\CodeIgniter.php(499): CodeIgniter\CodeIgniter->runController(Object(App\Controllers\AJAX\InvoiceEkspedisi))
#7 F:\WEBPROJECT\laragon\www\SIPIUTANG\system\CodeIgniter.php(368): CodeIgniter\CodeIgniter->handleRequest(NULL, Object(Config\Cache), false)
#8 F:\WEBPROJECT\laragon\www\SIPIUTANG\public\index.php(67): CodeIgniter\CodeIgniter->run()
#9 F:\WEBPROJECT\laragon\www\SIPIUTANG\system\Commands\Server\rewrite.php(47): require_once('F:\\WEBPROJECT\\l...')
#10 {main}
CRITICAL - 2023-03-18 14:59:56 --> Unable to connect to the database.
Main connection [MySQLi]: No connection could be made because the target machine actively refused it.

in SYSTEMPATH\Database\BaseConnection.php on line 427.
 1 SYSTEMPATH\Database\BaseConnection.php(573): CodeIgniter\Database\BaseConnection->initialize()
 2 SYSTEMPATH\Database\BaseBuilder.php(1616): CodeIgniter\Database\BaseConnection->query('SELECT `tb_invoice_ekspedisi`.`id`, `no_invoice_ekspedisi`, `banyak_barang`, `nilai_invoice_ekspedisi`, `tgl_pengiriman`, `keterangan`, `status_piutang_ekspedisi`, `sisa_hutang_ekspedisi`, `id_ekspedisi`, `nama_ekspedisi`, `no_telepon_ekspedisi`
FROM `tb_invoice_ekspedisi`
JOIN `tb_ekspedisi` ON `tb_ekspedisi`.`id` = `tb_invoice_ekspedisi`.`id_ekspedisi`', [], false)
 3 APPPATH\Models\ModelInvoiceEkspedisi.php(17): CodeIgniter\Database\BaseBuilder->get()
 4 APPPATH\Controllers\AJAX\InvoiceEkspedisi.php(13): App\Models\ModelInvoiceEkspedisi->getInvoiceEkspedisi(null)
 5 SYSTEMPATH\CodeIgniter.php(934): App\Controllers\AJAX\InvoiceEkspedisi->index()
 6 SYSTEMPATH\CodeIgniter.php(499): CodeIgniter\CodeIgniter->runController(Object(App\Controllers\AJAX\InvoiceEkspedisi))
 7 SYSTEMPATH\CodeIgniter.php(368): CodeIgniter\CodeIgniter->handleRequest(null, Object(Config\Cache), false)
 8 FCPATH\index.php(67): CodeIgniter\CodeIgniter->run()
 9 SYSTEMPATH\Commands\Server\rewrite.php(47): require_once('FCPATH\\index.php')
CRITICAL - 2023-03-18 15:03:52 --> Trying to get property 'id_cstmr' of non-object
in APPPATH\Controllers\AJAX\Piutang.php on line 35.
 1 APPPATH\Controllers\AJAX\Piutang.php(35): CodeIgniter\Debug\Exceptions->errorHandler(8, 'Trying to get property \'id_cstmr\' of non-object', 'APPPATH\\Controllers\\AJAX\\Piutang.php', 35, [...])
 2 SYSTEMPATH\CodeIgniter.php(934): App\Controllers\AJAX\Piutang->index()
 3 SYSTEMPATH\CodeIgniter.php(499): CodeIgniter\CodeIgniter->runController(Object(App\Controllers\AJAX\Piutang))
 4 SYSTEMPATH\CodeIgniter.php(368): CodeIgniter\CodeIgniter->handleRequest(null, Object(Config\Cache), false)
 5 FCPATH\index.php(67): CodeIgniter\CodeIgniter->run()
 6 SYSTEMPATH\Commands\Server\rewrite.php(47): require_once('FCPATH\\index.php')
ERROR - 2023-03-18 15:09:52 --> Error connecting to the database: mysqli_sql_exception: No connection could be made because the target machine actively refused it.
 in F:\WEBPROJECT\laragon\www\SIPIUTANG\system\Database\MySQLi\Connection.php:174
Stack trace:
#0 F:\WEBPROJECT\laragon\www\SIPIUTANG\system\Database\MySQLi\Connection.php(174): mysqli->real_connect('localhost', 'root', '', 'db_piutang', 3306, '', 0)
#1 F:\WEBPROJECT\laragon\www\SIPIUTANG\system\Database\BaseConnection.php(391): CodeIgniter\Database\MySQLi\Connection->connect(false)
#2 F:\WEBPROJECT\laragon\www\SIPIUTANG\system\Database\BaseConnection.php(573): CodeIgniter\Database\BaseConnection->initialize()
#3 F:\WEBPROJECT\laragon\www\SIPIUTANG\system\Database\BaseBuilder.php(1616): CodeIgniter\Database\BaseConnection->query('SELECT *\nFROM `...', Array, false)
#4 F:\WEBPROJECT\laragon\www\SIPIUTANG\app\Models\ModelCustomer.php(16): CodeIgniter\Database\BaseBuilder->get()
#5 F:\WEBPROJECT\laragon\www\SIPIUTANG\app\Controllers\AJAX\Piutang.php(21): App\Models\ModelCustomer->getCustomer(NULL)
#6 F:\WEBPROJECT\laragon\www\SIPIUTANG\system\CodeIgniter.php(934): App\Controllers\AJAX\Piutang->index()
#7 F:\WEBPROJECT\laragon\www\SIPIUTANG\system\CodeIgniter.php(499): CodeIgniter\CodeIgniter->runController(Object(App\Controllers\AJAX\Piutang))
#8 F:\WEBPROJECT\laragon\www\SIPIUTANG\system\CodeIgniter.php(368): CodeIgniter\CodeIgniter->handleRequest(NULL, Object(Config\Cache), false)
#9 F:\WEBPROJECT\laragon\www\SIPIUTANG\public\index.php(67): CodeIgniter\CodeIgniter->run()
#10 F:\WEBPROJECT\laragon\www\SIPIUTANG\system\Commands\Server\rewrite.php(47): require_once('F:\\WEBPROJECT\\l...')
#11 {main}

Next CodeIgniter\Database\Exceptions\DatabaseException: No connection could be made because the target machine actively refused it.
 in F:\WEBPROJECT\laragon\www\SIPIUTANG\system\Database\MySQLi\Connection.php:218
Stack trace:
#0 F:\WEBPROJECT\laragon\www\SIPIUTANG\system\Database\BaseConnection.php(391): CodeIgniter\Database\MySQLi\Connection->connect(false)
#1 F:\WEBPROJECT\laragon\www\SIPIUTANG\system\Database\BaseConnection.php(573): CodeIgniter\Database\BaseConnection->initialize()
#2 F:\WEBPROJECT\laragon\www\SIPIUTANG\system\Database\BaseBuilder.php(1616): CodeIgniter\Database\BaseConnection->query('SELECT *\nFROM `...', Array, false)
#3 F:\WEBPROJECT\laragon\www\SIPIUTANG\app\Models\ModelCustomer.php(16): CodeIgniter\Database\BaseBuilder->get()
#4 F:\WEBPROJECT\laragon\www\SIPIUTANG\app\Controllers\AJAX\Piutang.php(21): App\Models\ModelCustomer->getCustomer(NULL)
#5 F:\WEBPROJECT\laragon\www\SIPIUTANG\system\CodeIgniter.php(934): App\Controllers\AJAX\Piutang->index()
#6 F:\WEBPROJECT\laragon\www\SIPIUTANG\system\CodeIgniter.php(499): CodeIgniter\CodeIgniter->runController(Object(App\Controllers\AJAX\Piutang))
#7 F:\WEBPROJECT\laragon\www\SIPIUTANG\system\CodeIgniter.php(368): CodeIgniter\CodeIgniter->handleRequest(NULL, Object(Config\Cache), false)
#8 F:\WEBPROJECT\laragon\www\SIPIUTANG\public\index.php(67): CodeIgniter\CodeIgniter->run()
#9 F:\WEBPROJECT\laragon\www\SIPIUTANG\system\Commands\Server\rewrite.php(47): require_once('F:\\WEBPROJECT\\l...')
#10 {main}
CRITICAL - 2023-03-18 15:09:52 --> Unable to connect to the database.
Main connection [MySQLi]: No connection could be made because the target machine actively refused it.

in SYSTEMPATH\Database\BaseConnection.php on line 427.
 1 SYSTEMPATH\Database\BaseConnection.php(573): CodeIgniter\Database\BaseConnection->initialize()
 2 SYSTEMPATH\Database\BaseBuilder.php(1616): CodeIgniter\Database\BaseConnection->query('SELECT *
FROM `tb_customer`', [], false)
 3 APPPATH\Models\ModelCustomer.php(16): CodeIgniter\Database\BaseBuilder->get()
 4 APPPATH\Controllers\AJAX\Piutang.php(21): App\Models\ModelCustomer->getCustomer(null)
 5 SYSTEMPATH\CodeIgniter.php(934): App\Controllers\AJAX\Piutang->index()
 6 SYSTEMPATH\CodeIgniter.php(499): CodeIgniter\CodeIgniter->runController(Object(App\Controllers\AJAX\Piutang))
 7 SYSTEMPATH\CodeIgniter.php(368): CodeIgniter\CodeIgniter->handleRequest(null, Object(Config\Cache), false)
 8 FCPATH\index.php(67): CodeIgniter\CodeIgniter->run()
 9 SYSTEMPATH\Commands\Server\rewrite.php(47): require_once('FCPATH\\index.php')
ERROR - 2023-03-18 15:22:18 --> mysqli_sql_exception: Column 'id' in where clause is ambiguous in F:\WEBPROJECT\laragon\www\SIPIUTANG\system\Database\MySQLi\Connection.php:295
Stack trace:
#0 F:\WEBPROJECT\laragon\www\SIPIUTANG\system\Database\MySQLi\Connection.php(295): mysqli->query('SELECT `tb_invo...', 0)
#1 F:\WEBPROJECT\laragon\www\SIPIUTANG\system\Database\BaseConnection.php(691): CodeIgniter\Database\MySQLi\Connection->execute('SELECT `tb_invo...')
#2 F:\WEBPROJECT\laragon\www\SIPIUTANG\system\Database\BaseConnection.php(605): CodeIgniter\Database\BaseConnection->simpleQuery('SELECT `tb_invo...')
#3 F:\WEBPROJECT\laragon\www\SIPIUTANG\system\Database\BaseBuilder.php(1749): CodeIgniter\Database\BaseConnection->query('SELECT `tb_invo...', Array, false)
#4 F:\WEBPROJECT\laragon\www\SIPIUTANG\app\Models\ModelInvoice.php(59): CodeIgniter\Database\BaseBuilder->getWhere(Array)
#5 F:\WEBPROJECT\laragon\www\SIPIUTANG\app\Controllers\AJAX\Piutang.php(37): App\Models\ModelInvoice->getHutangEkspedisi(Array)
#6 F:\WEBPROJECT\laragon\www\SIPIUTANG\system\CodeIgniter.php(934): App\Controllers\AJAX\Piutang->index()
#7 F:\WEBPROJECT\laragon\www\SIPIUTANG\system\CodeIgniter.php(499): CodeIgniter\CodeIgniter->runController(Object(App\Controllers\AJAX\Piutang))
#8 F:\WEBPROJECT\laragon\www\SIPIUTANG\system\CodeIgniter.php(368): CodeIgniter\CodeIgniter->handleRequest(NULL, Object(Config\Cache), false)
#9 F:\WEBPROJECT\laragon\www\SIPIUTANG\public\index.php(67): CodeIgniter\CodeIgniter->run()
#10 F:\WEBPROJECT\laragon\www\SIPIUTANG\system\Commands\Server\rewrite.php(47): require_once('F:\\WEBPROJECT\\l...')
#11 {main}
CRITICAL - 2023-03-18 15:22:18 --> Column 'id' in where clause is ambiguous
in SYSTEMPATH\Database\BaseConnection.php on line 645.
 1 SYSTEMPATH\Database\BaseBuilder.php(1749): CodeIgniter\Database\BaseConnection->query('SELECT `tb_invoice_ekspedisi`.`id`, `no_invoice`, `nilai_invoice`, `sisa_hutang`, `no_invoice_ekspedisi`, `nilai_invoice_ekspedisi`, `sisa_hutang_ekspedisi`
FROM `tb_invoice`
RIGHT JOIN `tb_invoice_ekspedisi` ON `tb_invoice_ekspedisi`.`id` = `tb_invoice`.`id_invoice_ekspedisi`
WHERE `id` = :id:', [...], false)
 2 APPPATH\Models\ModelInvoice.php(59): CodeIgniter\Database\BaseBuilder->getWhere([...])
 3 APPPATH\Controllers\AJAX\Piutang.php(37): App\Models\ModelInvoice->getHutangEkspedisi([...])
 4 SYSTEMPATH\CodeIgniter.php(934): App\Controllers\AJAX\Piutang->index()
 5 SYSTEMPATH\CodeIgniter.php(499): CodeIgniter\CodeIgniter->runController(Object(App\Controllers\AJAX\Piutang))
 6 SYSTEMPATH\CodeIgniter.php(368): CodeIgniter\CodeIgniter->handleRequest(null, Object(Config\Cache), false)
 7 FCPATH\index.php(67): CodeIgniter\CodeIgniter->run()
 8 SYSTEMPATH\Commands\Server\rewrite.php(47): require_once('FCPATH\\index.php')
ERROR - 2023-03-18 15:22:28 --> mysqli_sql_exception: Column 'id' in where clause is ambiguous in F:\WEBPROJECT\laragon\www\SIPIUTANG\system\Database\MySQLi\Connection.php:295
Stack trace:
#0 F:\WEBPROJECT\laragon\www\SIPIUTANG\system\Database\MySQLi\Connection.php(295): mysqli->query('SELECT `tb_invo...', 0)
#1 F:\WEBPROJECT\laragon\www\SIPIUTANG\system\Database\BaseConnection.php(691): CodeIgniter\Database\MySQLi\Connection->execute('SELECT `tb_invo...')
#2 F:\WEBPROJECT\laragon\www\SIPIUTANG\system\Database\BaseConnection.php(605): CodeIgniter\Database\BaseConnection->simpleQuery('SELECT `tb_invo...')
#3 F:\WEBPROJECT\laragon\www\SIPIUTANG\system\Database\BaseBuilder.php(1749): CodeIgniter\Database\BaseConnection->query('SELECT `tb_invo...', Array, false)
#4 F:\WEBPROJECT\laragon\www\SIPIUTANG\app\Models\ModelInvoice.php(59): CodeIgniter\Database\BaseBuilder->getWhere(Array)
#5 F:\WEBPROJECT\laragon\www\SIPIUTANG\app\Controllers\AJAX\Piutang.php(37): App\Models\ModelInvoice->getHutangEkspedisi(Array)
#6 F:\WEBPROJECT\laragon\www\SIPIUTANG\system\CodeIgniter.php(934): App\Controllers\AJAX\Piutang->index()
#7 F:\WEBPROJECT\laragon\www\SIPIUTANG\system\CodeIgniter.php(499): CodeIgniter\CodeIgniter->runController(Object(App\Controllers\AJAX\Piutang))
#8 F:\WEBPROJECT\laragon\www\SIPIUTANG\system\CodeIgniter.php(368): CodeIgniter\CodeIgniter->handleRequest(NULL, Object(Config\Cache), false)
#9 F:\WEBPROJECT\laragon\www\SIPIUTANG\public\index.php(67): CodeIgniter\CodeIgniter->run()
#10 F:\WEBPROJECT\laragon\www\SIPIUTANG\system\Commands\Server\rewrite.php(47): require_once('F:\\WEBPROJECT\\l...')
#11 {main}
CRITICAL - 2023-03-18 15:22:28 --> Column 'id' in where clause is ambiguous
in SYSTEMPATH\Database\BaseConnection.php on line 645.
 1 SYSTEMPATH\Database\BaseBuilder.php(1749): CodeIgniter\Database\BaseConnection->query('SELECT `tb_invoice_ekspedisi`.`id`, `no_invoice`, `nilai_invoice`, `sisa_hutang`, `no_invoice_ekspedisi`, `nilai_invoice_ekspedisi`, `sisa_hutang_ekspedisi`
FROM `tb_invoice`
RIGHT JOIN `tb_invoice_ekspedisi` ON `tb_invoice_ekspedisi`.`id` = `tb_invoice`.`id_invoice_ekspedisi`
WHERE `id` = :id:', [...], false)
 2 APPPATH\Models\ModelInvoice.php(59): CodeIgniter\Database\BaseBuilder->getWhere([...])
 3 APPPATH\Controllers\AJAX\Piutang.php(37): App\Models\ModelInvoice->getHutangEkspedisi([...])
 4 SYSTEMPATH\CodeIgniter.php(934): App\Controllers\AJAX\Piutang->index()
 5 SYSTEMPATH\CodeIgniter.php(499): CodeIgniter\CodeIgniter->runController(Object(App\Controllers\AJAX\Piutang))
 6 SYSTEMPATH\CodeIgniter.php(368): CodeIgniter\CodeIgniter->handleRequest(null, Object(Config\Cache), false)
 7 FCPATH\index.php(67): CodeIgniter\CodeIgniter->run()
 8 SYSTEMPATH\Commands\Server\rewrite.php(47): require_once('FCPATH\\index.php')
CRITICAL - 2023-03-18 15:28:43 --> Undefined variable: datatest
in APPPATH\Controllers\AJAX\Piutang.php on line 42.
 1 APPPATH\Controllers\AJAX\Piutang.php(42): CodeIgniter\Debug\Exceptions->errorHandler(8, 'Undefined variable: datatest', 'APPPATH\\Controllers\\AJAX\\Piutang.php', 42, [...])
 2 SYSTEMPATH\CodeIgniter.php(934): App\Controllers\AJAX\Piutang->index()
 3 SYSTEMPATH\CodeIgniter.php(499): CodeIgniter\CodeIgniter->runController(Object(App\Controllers\AJAX\Piutang))
 4 SYSTEMPATH\CodeIgniter.php(368): CodeIgniter\CodeIgniter->handleRequest(null, Object(Config\Cache), false)
 5 FCPATH\index.php(67): CodeIgniter\CodeIgniter->run()
 6 SYSTEMPATH\Commands\Server\rewrite.php(47): require_once('FCPATH\\index.php')
CRITICAL - 2023-03-18 16:20:00 --> Trying to get property 'id_customer' of non-object
in APPPATH\Controllers\AJAX\Piutang.php on line 41.
 1 APPPATH\Controllers\AJAX\Piutang.php(41): CodeIgniter\Debug\Exceptions->errorHandler(8, 'Trying to get property \'id_customer\' of non-object', 'APPPATH\\Controllers\\AJAX\\Piutang.php', 41, [...])
 2 SYSTEMPATH\CodeIgniter.php(934): App\Controllers\AJAX\Piutang->index()
 3 SYSTEMPATH\CodeIgniter.php(499): CodeIgniter\CodeIgniter->runController(Object(App\Controllers\AJAX\Piutang))
 4 SYSTEMPATH\CodeIgniter.php(368): CodeIgniter\CodeIgniter->handleRequest(null, Object(Config\Cache), false)
 5 FCPATH\index.php(67): CodeIgniter\CodeIgniter->run()
 6 SYSTEMPATH\Commands\Server\rewrite.php(47): require_once('FCPATH\\index.php')
CRITICAL - 2023-03-18 16:21:00 --> Trying to get property 'id_customer' of non-object
in APPPATH\Controllers\AJAX\Piutang.php on line 41.
 1 APPPATH\Controllers\AJAX\Piutang.php(41): CodeIgniter\Debug\Exceptions->errorHandler(8, 'Trying to get property \'id_customer\' of non-object', 'APPPATH\\Controllers\\AJAX\\Piutang.php', 41, [...])
 2 SYSTEMPATH\CodeIgniter.php(934): App\Controllers\AJAX\Piutang->index()
 3 SYSTEMPATH\CodeIgniter.php(499): CodeIgniter\CodeIgniter->runController(Object(App\Controllers\AJAX\Piutang))
 4 SYSTEMPATH\CodeIgniter.php(368): CodeIgniter\CodeIgniter->handleRequest(null, Object(Config\Cache), false)
 5 FCPATH\index.php(67): CodeIgniter\CodeIgniter->run()
 6 SYSTEMPATH\Commands\Server\rewrite.php(47): require_once('FCPATH\\index.php')
CRITICAL - 2023-03-18 16:22:47 --> Trying to get property 'id_cstmr' of non-object
in APPPATH\Controllers\AJAX\Piutang.php on line 41.
 1 APPPATH\Controllers\AJAX\Piutang.php(41): CodeIgniter\Debug\Exceptions->errorHandler(8, 'Trying to get property \'id_cstmr\' of non-object', 'APPPATH\\Controllers\\AJAX\\Piutang.php', 41, [...])
 2 SYSTEMPATH\CodeIgniter.php(934): App\Controllers\AJAX\Piutang->index()
 3 SYSTEMPATH\CodeIgniter.php(499): CodeIgniter\CodeIgniter->runController(Object(App\Controllers\AJAX\Piutang))
 4 SYSTEMPATH\CodeIgniter.php(368): CodeIgniter\CodeIgniter->handleRequest(null, Object(Config\Cache), false)
 5 FCPATH\index.php(67): CodeIgniter\CodeIgniter->run()
 6 SYSTEMPATH\Commands\Server\rewrite.php(47): require_once('FCPATH\\index.php')
CRITICAL - 2023-03-18 16:23:19 --> Trying to get property 'id_cstmr' of non-object
in APPPATH\Controllers\AJAX\Piutang.php on line 41.
 1 APPPATH\Controllers\AJAX\Piutang.php(41): CodeIgniter\Debug\Exceptions->errorHandler(8, 'Trying to get property \'id_cstmr\' of non-object', 'APPPATH\\Controllers\\AJAX\\Piutang.php', 41, [...])
 2 SYSTEMPATH\CodeIgniter.php(934): App\Controllers\AJAX\Piutang->index()
 3 SYSTEMPATH\CodeIgniter.php(499): CodeIgniter\CodeIgniter->runController(Object(App\Controllers\AJAX\Piutang))
 4 SYSTEMPATH\CodeIgniter.php(368): CodeIgniter\CodeIgniter->handleRequest(null, Object(Config\Cache), false)
 5 FCPATH\index.php(67): CodeIgniter\CodeIgniter->run()
 6 SYSTEMPATH\Commands\Server\rewrite.php(47): require_once('FCPATH\\index.php')
CRITICAL - 2023-03-18 16:23:53 --> Trying to get property 'id_invoice_ekspedisi' of non-object
in APPPATH\Controllers\AJAX\Piutang.php on line 42.
 1 APPPATH\Controllers\AJAX\Piutang.php(42): CodeIgniter\Debug\Exceptions->errorHandler(8, 'Trying to get property \'id_invoice_ekspedisi\' of non-object', 'APPPATH\\Controllers\\AJAX\\Piutang.php', 42, [...])
 2 SYSTEMPATH\CodeIgniter.php(934): App\Controllers\AJAX\Piutang->index()
 3 SYSTEMPATH\CodeIgniter.php(499): CodeIgniter\CodeIgniter->runController(Object(App\Controllers\AJAX\Piutang))
 4 SYSTEMPATH\CodeIgniter.php(368): CodeIgniter\CodeIgniter->handleRequest(null, Object(Config\Cache), false)
 5 FCPATH\index.php(67): CodeIgniter\CodeIgniter->run()
 6 SYSTEMPATH\Commands\Server\rewrite.php(47): require_once('FCPATH\\index.php')
CRITICAL - 2023-03-18 16:42:32 --> Use of undefined constant data - assumed 'data' (this will throw an Error in a future version of PHP)
in APPPATH\Controllers\AJAX\Piutang.php on line 34.
 1 APPPATH\Controllers\AJAX\Piutang.php(34): CodeIgniter\Debug\Exceptions->errorHandler(2, 'Use of undefined constant data - assumed \'data\' (this will throw an Error in a future version of PHP)', 'APPPATH\\Controllers\\AJAX\\Piutang.php', 34, [...])
 2 SYSTEMPATH\CodeIgniter.php(934): App\Controllers\AJAX\Piutang->index()
 3 SYSTEMPATH\CodeIgniter.php(499): CodeIgniter\CodeIgniter->runController(Object(App\Controllers\AJAX\Piutang))
 4 SYSTEMPATH\CodeIgniter.php(368): CodeIgniter\CodeIgniter->handleRequest(null, Object(Config\Cache), false)
 5 FCPATH\index.php(67): CodeIgniter\CodeIgniter->run()
 6 SYSTEMPATH\Commands\Server\rewrite.php(47): require_once('FCPATH\\index.php')
