ERROR - 2023-03-29 00:14:26 --> mysqli_sql_exception: Unknown column '_u.id_customer' in 'on clause' in C:\laragon\www\SIPIUTANG\system\Database\MySQLi\Connection.php:295
Stack trace:
#0 C:\laragon\www\SIPIUTANG\system\Database\MySQLi\Connection.php(295): mysqli->query('UPDATE `tb_invo...', 0)
#1 C:\laragon\www\SIPIUTANG\system\Database\BaseConnection.php(691): CodeIgniter\Database\MySQLi\Connection->execute('UPDATE `tb_invo...')
#2 C:\laragon\www\SIPIUTANG\system\Database\BaseConnection.php(605): CodeIgniter\Database\BaseConnection->simpleQuery('UPDATE `tb_invo...')
#3 C:\laragon\www\SIPIUTANG\system\Database\BaseBuilder.php(1801): CodeIgniter\Database\BaseConnection->query('UPDATE `tb_invo...', NULL, false)
#4 C:\laragon\www\SIPIUTANG\system\Database\BaseBuilder.php(2562): CodeIgniter\Database\BaseBuilder->batchExecute('_updateBatch', 100)
#5 C:\laragon\www\SIPIUTANG\app\Models\ModelPayment.php(65): CodeIgniter\Database\BaseBuilder->updateBatch(Array, 'id_customer')
#6 C:\laragon\www\SIPIUTANG\app\Controllers\AJAX\Payment.php(152): App\Models\ModelPayment->paymentAll(Array, Array)
#7 C:\laragon\www\SIPIUTANG\app\Controllers\AJAX\Payment.php(73): App\Controllers\AJAX\Payment->multiplePayment('5')
#8 C:\laragon\www\SIPIUTANG\system\CodeIgniter.php(934): App\Controllers\AJAX\Payment->payment('5', 'multiple')
#9 C:\laragon\www\SIPIUTANG\system\CodeIgniter.php(499): CodeIgniter\CodeIgniter->runController(Object(App\Controllers\AJAX\Payment))
#10 C:\laragon\www\SIPIUTANG\system\CodeIgniter.php(368): CodeIgniter\CodeIgniter->handleRequest(NULL, Object(Config\Cache), false)
#11 C:\laragon\www\SIPIUTANG\public\index.php(67): CodeIgniter\CodeIgniter->run()
#12 C:\laragon\www\SIPIUTANG\system\Commands\Server\rewrite.php(47): require_once('C:\\laragon\\www\\...')
#13 {main}
ERROR - 2023-03-29 00:15:10 --> mysqli_sql_exception: You have an error in your SQL syntax; check the manual that corresponds to your MySQL server version for the right syntax to use near '.`id` UNION ALL
SELECT 0 `sisa_hutang`, 31 `tb_invoice`.`id`
) `_u`
ON `tb_invoi' at line 3 in C:\laragon\www\SIPIUTANG\system\Database\MySQLi\Connection.php:295
Stack trace:
#0 C:\laragon\www\SIPIUTANG\system\Database\MySQLi\Connection.php(295): mysqli->query('UPDATE `tb_invo...', 0)
#1 C:\laragon\www\SIPIUTANG\system\Database\BaseConnection.php(691): CodeIgniter\Database\MySQLi\Connection->execute('UPDATE `tb_invo...')
#2 C:\laragon\www\SIPIUTANG\system\Database\BaseConnection.php(605): CodeIgniter\Database\BaseConnection->simpleQuery('UPDATE `tb_invo...')
#3 C:\laragon\www\SIPIUTANG\system\Database\BaseBuilder.php(1801): CodeIgniter\Database\BaseConnection->query('UPDATE `tb_invo...', NULL, false)
#4 C:\laragon\www\SIPIUTANG\system\Database\BaseBuilder.php(2562): CodeIgniter\Database\BaseBuilder->batchExecute('_updateBatch', 100)
#5 C:\laragon\www\SIPIUTANG\app\Models\ModelPayment.php(65): CodeIgniter\Database\BaseBuilder->updateBatch(Array, 'id_customer')
#6 C:\laragon\www\SIPIUTANG\app\Controllers\AJAX\Payment.php(152): App\Models\ModelPayment->paymentAll(Array, Array)
#7 C:\laragon\www\SIPIUTANG\app\Controllers\AJAX\Payment.php(73): App\Controllers\AJAX\Payment->multiplePayment('5')
#8 C:\laragon\www\SIPIUTANG\system\CodeIgniter.php(934): App\Controllers\AJAX\Payment->payment('5', 'multiple')
#9 C:\laragon\www\SIPIUTANG\system\CodeIgniter.php(499): CodeIgniter\CodeIgniter->runController(Object(App\Controllers\AJAX\Payment))
#10 C:\laragon\www\SIPIUTANG\system\CodeIgniter.php(368): CodeIgniter\CodeIgniter->handleRequest(NULL, Object(Config\Cache), false)
#11 C:\laragon\www\SIPIUTANG\public\index.php(67): CodeIgniter\CodeIgniter->run()
#12 C:\laragon\www\SIPIUTANG\system\Commands\Server\rewrite.php(47): require_once('C:\\laragon\\www\\...')
#13 {main}
ERROR - 2023-03-29 00:15:34 --> mysqli_sql_exception: You have an error in your SQL syntax; check the manual that corresponds to your MySQL server version for the right syntax to use near '.`id` UNION ALL
SELECT 0 `sisa_hutang`, 31 `tb_invoice`.`id`
) `_u`
ON `tb_invoi' at line 3 in C:\laragon\www\SIPIUTANG\system\Database\MySQLi\Connection.php:295
Stack trace:
#0 C:\laragon\www\SIPIUTANG\system\Database\MySQLi\Connection.php(295): mysqli->query('UPDATE `tb_invo...', 0)
#1 C:\laragon\www\SIPIUTANG\system\Database\BaseConnection.php(691): CodeIgniter\Database\MySQLi\Connection->execute('UPDATE `tb_invo...')
#2 C:\laragon\www\SIPIUTANG\system\Database\BaseConnection.php(605): CodeIgniter\Database\BaseConnection->simpleQuery('UPDATE `tb_invo...')
#3 C:\laragon\www\SIPIUTANG\system\Database\BaseBuilder.php(1801): CodeIgniter\Database\BaseConnection->query('UPDATE `tb_invo...', NULL, false)
#4 C:\laragon\www\SIPIUTANG\system\Database\BaseBuilder.php(2562): CodeIgniter\Database\BaseBuilder->batchExecute('_updateBatch', 100)
#5 C:\laragon\www\SIPIUTANG\app\Models\ModelPayment.php(65): CodeIgniter\Database\BaseBuilder->updateBatch(Array, 'tb_invoice.id')
#6 C:\laragon\www\SIPIUTANG\app\Controllers\AJAX\Payment.php(152): App\Models\ModelPayment->paymentAll(Array, Array)
#7 C:\laragon\www\SIPIUTANG\app\Controllers\AJAX\Payment.php(73): App\Controllers\AJAX\Payment->multiplePayment('5')
#8 C:\laragon\www\SIPIUTANG\system\CodeIgniter.php(934): App\Controllers\AJAX\Payment->payment('5', 'multiple')
#9 C:\laragon\www\SIPIUTANG\system\CodeIgniter.php(499): CodeIgniter\CodeIgniter->runController(Object(App\Controllers\AJAX\Payment))
#10 C:\laragon\www\SIPIUTANG\system\CodeIgniter.php(368): CodeIgniter\CodeIgniter->handleRequest(NULL, Object(Config\Cache), false)
#11 C:\laragon\www\SIPIUTANG\public\index.php(67): CodeIgniter\CodeIgniter->run()
#12 C:\laragon\www\SIPIUTANG\system\Commands\Server\rewrite.php(47): require_once('C:\\laragon\\www\\...')
#13 {main}
CRITICAL - 2023-03-29 00:59:37 --> Undefined array key "jumlah_hutang"
in APPPATH\Controllers\AJAX\Payment.php on line 149.
 1 APPPATH\Controllers\AJAX\Payment.php(149): CodeIgniter\Debug\Exceptions->errorHandler(2, 'Undefined array key "jumlah_hutang"', 'APPPATH\\Controllers\\AJAX\\Payment.php', 149)
 2 APPPATH\Controllers\AJAX\Payment.php(73): App\Controllers\AJAX\Payment->multiplePayment('5')
 3 SYSTEMPATH\CodeIgniter.php(934): App\Controllers\AJAX\Payment->payment('5', 'multiple')
 4 SYSTEMPATH\CodeIgniter.php(499): CodeIgniter\CodeIgniter->runController(Object(App\Controllers\AJAX\Payment))
 5 SYSTEMPATH\CodeIgniter.php(368): CodeIgniter\CodeIgniter->handleRequest(null, Object(Config\Cache), false)
 6 FCPATH\index.php(67): CodeIgniter\CodeIgniter->run()
 7 SYSTEMPATH\Commands\Server\rewrite.php(47): require_once('FCPATH\\index.php')
CRITICAL - 2023-03-29 01:01:21 --> Undefined array key "sisa_hutang"
in APPPATH\Controllers\AJAX\Payment.php on line 149.
 1 APPPATH\Controllers\AJAX\Payment.php(149): CodeIgniter\Debug\Exceptions->errorHandler(2, 'Undefined array key "sisa_hutang"', 'APPPATH\\Controllers\\AJAX\\Payment.php', 149)
 2 APPPATH\Controllers\AJAX\Payment.php(73): App\Controllers\AJAX\Payment->multiplePayment('5')
 3 SYSTEMPATH\CodeIgniter.php(934): App\Controllers\AJAX\Payment->payment('5', 'multiple')
 4 SYSTEMPATH\CodeIgniter.php(499): CodeIgniter\CodeIgniter->runController(Object(App\Controllers\AJAX\Payment))
 5 SYSTEMPATH\CodeIgniter.php(368): CodeIgniter\CodeIgniter->handleRequest(null, Object(Config\Cache), false)
 6 FCPATH\index.php(67): CodeIgniter\CodeIgniter->run()
 7 SYSTEMPATH\Commands\Server\rewrite.php(47): require_once('FCPATH\\index.php')
ERROR - 2023-03-29 01:01:34 --> mysqli_sql_exception: Unknown column 'keterangan' in 'field list' in C:\laragon\www\SIPIUTANG\system\Database\MySQLi\Connection.php:295
Stack trace:
#0 C:\laragon\www\SIPIUTANG\system\Database\MySQLi\Connection.php(295): mysqli->query('INSERT INTO `in...', 0)
#1 C:\laragon\www\SIPIUTANG\system\Database\BaseConnection.php(691): CodeIgniter\Database\MySQLi\Connection->execute('INSERT INTO `in...')
#2 C:\laragon\www\SIPIUTANG\system\Database\BaseConnection.php(605): CodeIgniter\Database\BaseConnection->simpleQuery('INSERT INTO `in...')
#3 C:\laragon\www\SIPIUTANG\system\Database\BaseBuilder.php(1801): CodeIgniter\Database\BaseConnection->query('INSERT INTO `in...', NULL, false)
#4 C:\laragon\www\SIPIUTANG\system\Database\BaseBuilder.php(2192): CodeIgniter\Database\BaseBuilder->batchExecute('_insertBatch', 100)
#5 C:\laragon\www\SIPIUTANG\app\Models\ModelPayment.php(53): CodeIgniter\Database\BaseBuilder->insertBatch(Array)
#6 C:\laragon\www\SIPIUTANG\app\Controllers\AJAX\Payment.php(156): App\Models\ModelPayment->paymentAll(Array, Array)
#7 C:\laragon\www\SIPIUTANG\app\Controllers\AJAX\Payment.php(73): App\Controllers\AJAX\Payment->multiplePayment('5')
#8 C:\laragon\www\SIPIUTANG\system\CodeIgniter.php(934): App\Controllers\AJAX\Payment->payment('5', 'multiple')
#9 C:\laragon\www\SIPIUTANG\system\CodeIgniter.php(499): CodeIgniter\CodeIgniter->runController(Object(App\Controllers\AJAX\Payment))
#10 C:\laragon\www\SIPIUTANG\system\CodeIgniter.php(368): CodeIgniter\CodeIgniter->handleRequest(NULL, Object(Config\Cache), false)
#11 C:\laragon\www\SIPIUTANG\public\index.php(67): CodeIgniter\CodeIgniter->run()
#12 C:\laragon\www\SIPIUTANG\system\Commands\Server\rewrite.php(47): require_once('C:\\laragon\\www\\...')
#13 {main}
ERROR - 2023-03-29 01:08:56 --> mysqli_sql_exception: Unknown column 'keterangan' in 'field list' in C:\laragon\www\SIPIUTANG\system\Database\MySQLi\Connection.php:295
Stack trace:
#0 C:\laragon\www\SIPIUTANG\system\Database\MySQLi\Connection.php(295): mysqli->query('INSERT INTO `in...', 0)
#1 C:\laragon\www\SIPIUTANG\system\Database\BaseConnection.php(691): CodeIgniter\Database\MySQLi\Connection->execute('INSERT INTO `in...')
#2 C:\laragon\www\SIPIUTANG\system\Database\BaseConnection.php(605): CodeIgniter\Database\BaseConnection->simpleQuery('INSERT INTO `in...')
#3 C:\laragon\www\SIPIUTANG\system\Database\BaseBuilder.php(1801): CodeIgniter\Database\BaseConnection->query('INSERT INTO `in...', NULL, false)
#4 C:\laragon\www\SIPIUTANG\system\Database\BaseBuilder.php(2192): CodeIgniter\Database\BaseBuilder->batchExecute('_insertBatch', 100)
#5 C:\laragon\www\SIPIUTANG\app\Models\ModelPayment.php(53): CodeIgniter\Database\BaseBuilder->insertBatch(Array)
#6 C:\laragon\www\SIPIUTANG\app\Controllers\AJAX\Payment.php(241): App\Models\ModelPayment->paymentAll(Array, Array)
#7 C:\laragon\www\SIPIUTANG\app\Controllers\AJAX\Payment.php(73): App\Controllers\AJAX\Payment->multiplePayment('5')
#8 C:\laragon\www\SIPIUTANG\system\CodeIgniter.php(934): App\Controllers\AJAX\Payment->payment('5', 'multiple')
#9 C:\laragon\www\SIPIUTANG\system\CodeIgniter.php(499): CodeIgniter\CodeIgniter->runController(Object(App\Controllers\AJAX\Payment))
#10 C:\laragon\www\SIPIUTANG\system\CodeIgniter.php(368): CodeIgniter\CodeIgniter->handleRequest(NULL, Object(Config\Cache), false)
#11 C:\laragon\www\SIPIUTANG\public\index.php(67): CodeIgniter\CodeIgniter->run()
#12 C:\laragon\www\SIPIUTANG\system\Commands\Server\rewrite.php(47): require_once('C:\\laragon\\www\\...')
#13 {main}
ERROR - 2023-03-29 01:09:43 --> mysqli_sql_exception: Unknown column 'keterangan' in 'field list' in C:\laragon\www\SIPIUTANG\system\Database\MySQLi\Connection.php:295
Stack trace:
#0 C:\laragon\www\SIPIUTANG\system\Database\MySQLi\Connection.php(295): mysqli->query('INSERT INTO `in...', 0)
#1 C:\laragon\www\SIPIUTANG\system\Database\BaseConnection.php(691): CodeIgniter\Database\MySQLi\Connection->execute('INSERT INTO `in...')
#2 C:\laragon\www\SIPIUTANG\system\Database\BaseConnection.php(605): CodeIgniter\Database\BaseConnection->simpleQuery('INSERT INTO `in...')
#3 C:\laragon\www\SIPIUTANG\system\Database\BaseBuilder.php(1801): CodeIgniter\Database\BaseConnection->query('INSERT INTO `in...', NULL, false)
#4 C:\laragon\www\SIPIUTANG\system\Database\BaseBuilder.php(2192): CodeIgniter\Database\BaseBuilder->batchExecute('_insertBatch', 100)
#5 C:\laragon\www\SIPIUTANG\app\Models\ModelPayment.php(53): CodeIgniter\Database\BaseBuilder->insertBatch(Array)
#6 C:\laragon\www\SIPIUTANG\app\Controllers\AJAX\Payment.php(241): App\Models\ModelPayment->paymentAll(Array, Array)
#7 C:\laragon\www\SIPIUTANG\app\Controllers\AJAX\Payment.php(73): App\Controllers\AJAX\Payment->multiplePayment('5')
#8 C:\laragon\www\SIPIUTANG\system\CodeIgniter.php(934): App\Controllers\AJAX\Payment->payment('5', 'multiple')
#9 C:\laragon\www\SIPIUTANG\system\CodeIgniter.php(499): CodeIgniter\CodeIgniter->runController(Object(App\Controllers\AJAX\Payment))
#10 C:\laragon\www\SIPIUTANG\system\CodeIgniter.php(368): CodeIgniter\CodeIgniter->handleRequest(NULL, Object(Config\Cache), false)
#11 C:\laragon\www\SIPIUTANG\public\index.php(67): CodeIgniter\CodeIgniter->run()
#12 C:\laragon\www\SIPIUTANG\system\Commands\Server\rewrite.php(47): require_once('C:\\laragon\\www\\...')
#13 {main}
CRITICAL - 2023-03-29 01:10:35 --> insertBatch() has no data.
in SYSTEMPATH\Database\BaseBuilder.php on line 1772.
 1 SYSTEMPATH\Database\BaseBuilder.php(2192): CodeIgniter\Database\BaseBuilder->batchExecute('_insertBatch', 100)
 2 APPPATH\Models\ModelPayment.php(53): CodeIgniter\Database\BaseBuilder->insertBatch([])
 3 APPPATH\Controllers\AJAX\Payment.php(241): App\Models\ModelPayment->paymentAll([], [])
 4 APPPATH\Controllers\AJAX\Payment.php(73): App\Controllers\AJAX\Payment->multiplePayment('5')
 5 SYSTEMPATH\CodeIgniter.php(934): App\Controllers\AJAX\Payment->payment('5', 'multiple')
 6 SYSTEMPATH\CodeIgniter.php(499): CodeIgniter\CodeIgniter->runController(Object(App\Controllers\AJAX\Payment))
 7 SYSTEMPATH\CodeIgniter.php(368): CodeIgniter\CodeIgniter->handleRequest(null, Object(Config\Cache), false)
 8 FCPATH\index.php(67): CodeIgniter\CodeIgniter->run()
 9 SYSTEMPATH\Commands\Server\rewrite.php(47): require_once('FCPATH\\index.php')
CRITICAL - 2023-03-29 02:01:00 --> Undefined property: stdClass::$status_piutang
in APPPATH\Controllers\AJAX\Invoice.php on line 24.
 1 APPPATH\Controllers\AJAX\Invoice.php(24): CodeIgniter\Debug\Exceptions->errorHandler(2, 'Undefined property: stdClass::$status_piutang', 'APPPATH\\Controllers\\AJAX\\Invoice.php', 24)
 2 SYSTEMPATH\CodeIgniter.php(934): App\Controllers\AJAX\Invoice->index()
 3 SYSTEMPATH\CodeIgniter.php(499): CodeIgniter\CodeIgniter->runController(Object(App\Controllers\AJAX\Invoice))
 4 SYSTEMPATH\CodeIgniter.php(368): CodeIgniter\CodeIgniter->handleRequest(null, Object(Config\Cache), false)
 5 FCPATH\index.php(67): CodeIgniter\CodeIgniter->run()
 6 SYSTEMPATH\Commands\Server\rewrite.php(47): require_once('FCPATH\\index.php')
ERROR - 2023-03-29 02:01:00 --> mysqli_sql_exception: Unknown column 'status_piutang_ekspedisi' in 'field list' in C:\laragon\www\SIPIUTANG\system\Database\MySQLi\Connection.php:295
Stack trace:
#0 C:\laragon\www\SIPIUTANG\system\Database\MySQLi\Connection.php(295): mysqli->query('SELECT `tb_invo...', 0)
#1 C:\laragon\www\SIPIUTANG\system\Database\BaseConnection.php(691): CodeIgniter\Database\MySQLi\Connection->execute('SELECT `tb_invo...')
#2 C:\laragon\www\SIPIUTANG\system\Database\BaseConnection.php(605): CodeIgniter\Database\BaseConnection->simpleQuery('SELECT `tb_invo...')
#3 C:\laragon\www\SIPIUTANG\system\Database\BaseBuilder.php(1616): CodeIgniter\Database\BaseConnection->query('SELECT `tb_invo...', Array, false)
#4 C:\laragon\www\SIPIUTANG\app\Models\ModelInvoiceEkspedisi.php(17): CodeIgniter\Database\BaseBuilder->get()
#5 C:\laragon\www\SIPIUTANG\app\Controllers\AJAX\InvoiceEkspedisi.php(13): App\Models\ModelInvoiceEkspedisi->getInvoiceEkspedisi(NULL)
#6 C:\laragon\www\SIPIUTANG\system\CodeIgniter.php(934): App\Controllers\AJAX\InvoiceEkspedisi->index()
#7 C:\laragon\www\SIPIUTANG\system\CodeIgniter.php(499): CodeIgniter\CodeIgniter->runController(Object(App\Controllers\AJAX\InvoiceEkspedisi))
#8 C:\laragon\www\SIPIUTANG\system\CodeIgniter.php(368): CodeIgniter\CodeIgniter->handleRequest(NULL, Object(Config\Cache), false)
#9 C:\laragon\www\SIPIUTANG\public\index.php(67): CodeIgniter\CodeIgniter->run()
#10 C:\laragon\www\SIPIUTANG\system\Commands\Server\rewrite.php(47): require_once('C:\\laragon\\www\\...')
#11 {main}
CRITICAL - 2023-03-29 02:01:00 --> Unknown column 'status_piutang_ekspedisi' in 'field list'
in SYSTEMPATH\Database\BaseConnection.php on line 645.
 1 SYSTEMPATH\Database\BaseBuilder.php(1616): CodeIgniter\Database\BaseConnection->query('SELECT `tb_invoice_ekspedisi`.`id`, `no_invoice_ekspedisi`, `banyak_barang`, `nilai_invoice_ekspedisi`, `tgl_pengiriman`, `keterangan`, `status_piutang_ekspedisi`, `sisa_hutang_ekspedisi`, `id_ekspedisi`, `nama_ekspedisi`, `no_telepon_ekspedisi`
FROM `tb_invoice_ekspedisi`
JOIN `tb_ekspedisi` ON `tb_ekspedisi`.`id` = `tb_invoice_ekspedisi`.`id_ekspedisi`', [], false)
 2 APPPATH\Models\ModelInvoiceEkspedisi.php(17): CodeIgniter\Database\BaseBuilder->get()
 3 APPPATH\Controllers\AJAX\InvoiceEkspedisi.php(13): App\Models\ModelInvoiceEkspedisi->getInvoiceEkspedisi(null)
 4 SYSTEMPATH\CodeIgniter.php(934): App\Controllers\AJAX\InvoiceEkspedisi->index()
 5 SYSTEMPATH\CodeIgniter.php(499): CodeIgniter\CodeIgniter->runController(Object(App\Controllers\AJAX\InvoiceEkspedisi))
 6 SYSTEMPATH\CodeIgniter.php(368): CodeIgniter\CodeIgniter->handleRequest(null, Object(Config\Cache), false)
 7 FCPATH\index.php(67): CodeIgniter\CodeIgniter->run()
 8 SYSTEMPATH\Commands\Server\rewrite.php(47): require_once('FCPATH\\index.php')
CRITICAL - 2023-03-29 02:23:29 --> Undefined property: stdClass::$status_piutang
in APPPATH\Controllers\AJAX\Invoice.php on line 24.
 1 APPPATH\Controllers\AJAX\Invoice.php(24): CodeIgniter\Debug\Exceptions->errorHandler(2, 'Undefined property: stdClass::$status_piutang', 'APPPATH\\Controllers\\AJAX\\Invoice.php', 24)
 2 SYSTEMPATH\CodeIgniter.php(934): App\Controllers\AJAX\Invoice->index()
 3 SYSTEMPATH\CodeIgniter.php(499): CodeIgniter\CodeIgniter->runController(Object(App\Controllers\AJAX\Invoice))
 4 SYSTEMPATH\CodeIgniter.php(368): CodeIgniter\CodeIgniter->handleRequest(null, Object(Config\Cache), false)
 5 FCPATH\index.php(67): CodeIgniter\CodeIgniter->run()
 6 SYSTEMPATH\Commands\Server\rewrite.php(47): require_once('FCPATH\\index.php')
ERROR - 2023-03-29 02:23:29 --> mysqli_sql_exception: Unknown column 'status_piutang_ekspedisi' in 'field list' in C:\laragon\www\SIPIUTANG\system\Database\MySQLi\Connection.php:295
Stack trace:
#0 C:\laragon\www\SIPIUTANG\system\Database\MySQLi\Connection.php(295): mysqli->query('SELECT `tb_invo...', 0)
#1 C:\laragon\www\SIPIUTANG\system\Database\BaseConnection.php(691): CodeIgniter\Database\MySQLi\Connection->execute('SELECT `tb_invo...')
#2 C:\laragon\www\SIPIUTANG\system\Database\BaseConnection.php(605): CodeIgniter\Database\BaseConnection->simpleQuery('SELECT `tb_invo...')
#3 C:\laragon\www\SIPIUTANG\system\Database\BaseBuilder.php(1616): CodeIgniter\Database\BaseConnection->query('SELECT `tb_invo...', Array, false)
#4 C:\laragon\www\SIPIUTANG\app\Models\ModelInvoiceEkspedisi.php(17): CodeIgniter\Database\BaseBuilder->get()
#5 C:\laragon\www\SIPIUTANG\app\Controllers\AJAX\InvoiceEkspedisi.php(13): App\Models\ModelInvoiceEkspedisi->getInvoiceEkspedisi(NULL)
#6 C:\laragon\www\SIPIUTANG\system\CodeIgniter.php(934): App\Controllers\AJAX\InvoiceEkspedisi->index()
#7 C:\laragon\www\SIPIUTANG\system\CodeIgniter.php(499): CodeIgniter\CodeIgniter->runController(Object(App\Controllers\AJAX\InvoiceEkspedisi))
#8 C:\laragon\www\SIPIUTANG\system\CodeIgniter.php(368): CodeIgniter\CodeIgniter->handleRequest(NULL, Object(Config\Cache), false)
#9 C:\laragon\www\SIPIUTANG\public\index.php(67): CodeIgniter\CodeIgniter->run()
#10 C:\laragon\www\SIPIUTANG\system\Commands\Server\rewrite.php(47): require_once('C:\\laragon\\www\\...')
#11 {main}
CRITICAL - 2023-03-29 02:23:29 --> Unknown column 'status_piutang_ekspedisi' in 'field list'
in SYSTEMPATH\Database\BaseConnection.php on line 645.
 1 SYSTEMPATH\Database\BaseBuilder.php(1616): CodeIgniter\Database\BaseConnection->query('SELECT `tb_invoice_ekspedisi`.`id`, `no_invoice_ekspedisi`, `banyak_barang`, `nilai_invoice_ekspedisi`, `tgl_pengiriman`, `keterangan`, `status_piutang_ekspedisi`, `sisa_hutang_ekspedisi`, `id_ekspedisi`, `nama_ekspedisi`, `no_telepon_ekspedisi`
FROM `tb_invoice_ekspedisi`
JOIN `tb_ekspedisi` ON `tb_ekspedisi`.`id` = `tb_invoice_ekspedisi`.`id_ekspedisi`', [], false)
 2 APPPATH\Models\ModelInvoiceEkspedisi.php(17): CodeIgniter\Database\BaseBuilder->get()
 3 APPPATH\Controllers\AJAX\InvoiceEkspedisi.php(13): App\Models\ModelInvoiceEkspedisi->getInvoiceEkspedisi(null)
 4 SYSTEMPATH\CodeIgniter.php(934): App\Controllers\AJAX\InvoiceEkspedisi->index()
 5 SYSTEMPATH\CodeIgniter.php(499): CodeIgniter\CodeIgniter->runController(Object(App\Controllers\AJAX\InvoiceEkspedisi))
 6 SYSTEMPATH\CodeIgniter.php(368): CodeIgniter\CodeIgniter->handleRequest(null, Object(Config\Cache), false)
 7 FCPATH\index.php(67): CodeIgniter\CodeIgniter->run()
 8 SYSTEMPATH\Commands\Server\rewrite.php(47): require_once('FCPATH\\index.php')
ERROR - 2023-03-29 02:29:15 --> mysqli_sql_exception: Unknown column 'status_piutang_ekspedisi' in 'field list' in C:\laragon\www\SIPIUTANG\system\Database\MySQLi\Connection.php:295
Stack trace:
#0 C:\laragon\www\SIPIUTANG\system\Database\MySQLi\Connection.php(295): mysqli->query('SELECT `tb_invo...', 0)
#1 C:\laragon\www\SIPIUTANG\system\Database\BaseConnection.php(691): CodeIgniter\Database\MySQLi\Connection->execute('SELECT `tb_invo...')
#2 C:\laragon\www\SIPIUTANG\system\Database\BaseConnection.php(605): CodeIgniter\Database\BaseConnection->simpleQuery('SELECT `tb_invo...')
#3 C:\laragon\www\SIPIUTANG\system\Database\BaseBuilder.php(1616): CodeIgniter\Database\BaseConnection->query('SELECT `tb_invo...', Array, false)
#4 C:\laragon\www\SIPIUTANG\app\Models\ModelInvoiceEkspedisi.php(17): CodeIgniter\Database\BaseBuilder->get()
#5 C:\laragon\www\SIPIUTANG\app\Controllers\AJAX\InvoiceEkspedisi.php(13): App\Models\ModelInvoiceEkspedisi->getInvoiceEkspedisi(NULL)
#6 C:\laragon\www\SIPIUTANG\system\CodeIgniter.php(934): App\Controllers\AJAX\InvoiceEkspedisi->index()
#7 C:\laragon\www\SIPIUTANG\system\CodeIgniter.php(499): CodeIgniter\CodeIgniter->runController(Object(App\Controllers\AJAX\InvoiceEkspedisi))
#8 C:\laragon\www\SIPIUTANG\system\CodeIgniter.php(368): CodeIgniter\CodeIgniter->handleRequest(NULL, Object(Config\Cache), false)
#9 C:\laragon\www\SIPIUTANG\public\index.php(67): CodeIgniter\CodeIgniter->run()
#10 C:\laragon\www\SIPIUTANG\system\Commands\Server\rewrite.php(47): require_once('C:\\laragon\\www\\...')
#11 {main}
CRITICAL - 2023-03-29 02:29:15 --> Unknown column 'status_piutang_ekspedisi' in 'field list'
in SYSTEMPATH\Database\BaseConnection.php on line 645.
 1 SYSTEMPATH\Database\BaseBuilder.php(1616): CodeIgniter\Database\BaseConnection->query('SELECT `tb_invoice_ekspedisi`.`id`, `no_invoice_ekspedisi`, `banyak_barang`, `nilai_invoice_ekspedisi`, `tgl_pengiriman`, `keterangan`, `status_piutang_ekspedisi`, `sisa_hutang_ekspedisi`, `id_ekspedisi`, `nama_ekspedisi`, `no_telepon_ekspedisi`
FROM `tb_invoice_ekspedisi`
JOIN `tb_ekspedisi` ON `tb_ekspedisi`.`id` = `tb_invoice_ekspedisi`.`id_ekspedisi`', [], false)
 2 APPPATH\Models\ModelInvoiceEkspedisi.php(17): CodeIgniter\Database\BaseBuilder->get()
 3 APPPATH\Controllers\AJAX\InvoiceEkspedisi.php(13): App\Models\ModelInvoiceEkspedisi->getInvoiceEkspedisi(null)
 4 SYSTEMPATH\CodeIgniter.php(934): App\Controllers\AJAX\InvoiceEkspedisi->index()
 5 SYSTEMPATH\CodeIgniter.php(499): CodeIgniter\CodeIgniter->runController(Object(App\Controllers\AJAX\InvoiceEkspedisi))
 6 SYSTEMPATH\CodeIgniter.php(368): CodeIgniter\CodeIgniter->handleRequest(null, Object(Config\Cache), false)
 7 FCPATH\index.php(67): CodeIgniter\CodeIgniter->run()
 8 SYSTEMPATH\Commands\Server\rewrite.php(47): require_once('FCPATH\\index.php')
ERROR - 2023-03-29 02:31:43 --> mysqli_sql_exception: Unknown column 'status_piutang_ekspedisi' in 'field list' in C:\laragon\www\SIPIUTANG\system\Database\MySQLi\Connection.php:295
Stack trace:
#0 C:\laragon\www\SIPIUTANG\system\Database\MySQLi\Connection.php(295): mysqli->query('SELECT `tb_invo...', 0)
#1 C:\laragon\www\SIPIUTANG\system\Database\BaseConnection.php(691): CodeIgniter\Database\MySQLi\Connection->execute('SELECT `tb_invo...')
#2 C:\laragon\www\SIPIUTANG\system\Database\BaseConnection.php(605): CodeIgniter\Database\BaseConnection->simpleQuery('SELECT `tb_invo...')
#3 C:\laragon\www\SIPIUTANG\system\Database\BaseBuilder.php(1616): CodeIgniter\Database\BaseConnection->query('SELECT `tb_invo...', Array, false)
#4 C:\laragon\www\SIPIUTANG\app\Models\ModelInvoiceEkspedisi.php(17): CodeIgniter\Database\BaseBuilder->get()
#5 C:\laragon\www\SIPIUTANG\app\Controllers\AJAX\InvoiceEkspedisi.php(13): App\Models\ModelInvoiceEkspedisi->getInvoiceEkspedisi(NULL)
#6 C:\laragon\www\SIPIUTANG\system\CodeIgniter.php(934): App\Controllers\AJAX\InvoiceEkspedisi->index()
#7 C:\laragon\www\SIPIUTANG\system\CodeIgniter.php(499): CodeIgniter\CodeIgniter->runController(Object(App\Controllers\AJAX\InvoiceEkspedisi))
#8 C:\laragon\www\SIPIUTANG\system\CodeIgniter.php(368): CodeIgniter\CodeIgniter->handleRequest(NULL, Object(Config\Cache), false)
#9 C:\laragon\www\SIPIUTANG\public\index.php(67): CodeIgniter\CodeIgniter->run()
#10 C:\laragon\www\SIPIUTANG\system\Commands\Server\rewrite.php(47): require_once('C:\\laragon\\www\\...')
#11 {main}
CRITICAL - 2023-03-29 02:31:43 --> Unknown column 'status_piutang_ekspedisi' in 'field list'
in SYSTEMPATH\Database\BaseConnection.php on line 645.
 1 SYSTEMPATH\Database\BaseBuilder.php(1616): CodeIgniter\Database\BaseConnection->query('SELECT `tb_invoice_ekspedisi`.`id`, `no_invoice_ekspedisi`, `banyak_barang`, `nilai_invoice_ekspedisi`, `tgl_pengiriman`, `keterangan`, `status_piutang_ekspedisi`, `sisa_hutang_ekspedisi`, `id_ekspedisi`, `nama_ekspedisi`, `no_telepon_ekspedisi`
FROM `tb_invoice_ekspedisi`
JOIN `tb_ekspedisi` ON `tb_ekspedisi`.`id` = `tb_invoice_ekspedisi`.`id_ekspedisi`', [], false)
 2 APPPATH\Models\ModelInvoiceEkspedisi.php(17): CodeIgniter\Database\BaseBuilder->get()
 3 APPPATH\Controllers\AJAX\InvoiceEkspedisi.php(13): App\Models\ModelInvoiceEkspedisi->getInvoiceEkspedisi(null)
 4 SYSTEMPATH\CodeIgniter.php(934): App\Controllers\AJAX\InvoiceEkspedisi->index()
 5 SYSTEMPATH\CodeIgniter.php(499): CodeIgniter\CodeIgniter->runController(Object(App\Controllers\AJAX\InvoiceEkspedisi))
 6 SYSTEMPATH\CodeIgniter.php(368): CodeIgniter\CodeIgniter->handleRequest(null, Object(Config\Cache), false)
 7 FCPATH\index.php(67): CodeIgniter\CodeIgniter->run()
 8 SYSTEMPATH\Commands\Server\rewrite.php(47): require_once('FCPATH\\index.php')
CRITICAL - 2023-03-29 02:34:08 --> Undefined array key "status_piutang"
in APPPATH\Controllers\AJAX\Invoice.php on line 126.
 1 APPPATH\Controllers\AJAX\Invoice.php(126): CodeIgniter\Debug\Exceptions->errorHandler(2, 'Undefined array key "status_piutang"', 'APPPATH\\Controllers\\AJAX\\Invoice.php', 126)
 2 SYSTEMPATH\CodeIgniter.php(934): App\Controllers\AJAX\Invoice->updateData([...])
 3 SYSTEMPATH\CodeIgniter.php(499): CodeIgniter\CodeIgniter->runController(Object(App\Controllers\AJAX\Invoice))
 4 SYSTEMPATH\CodeIgniter.php(368): CodeIgniter\CodeIgniter->handleRequest(null, Object(Config\Cache), false)
 5 FCPATH\index.php(67): CodeIgniter\CodeIgniter->run()
 6 SYSTEMPATH\Commands\Server\rewrite.php(47): require_once('FCPATH\\index.php')
CRITICAL - 2023-03-29 02:51:06 --> You must set the database table to be used with your query.
in SYSTEMPATH\Database\BaseConnection.php on line 882.
 1 SYSTEMPATH\Model.php(642): CodeIgniter\Database\BaseConnection->table(null)
 2 SYSTEMPATH\Model.php(832): CodeIgniter\Model->builder()
 3 APPPATH\Controllers\AJAX\Invoice.php(134): CodeIgniter\Model->__call('updateData', [...])
 4 SYSTEMPATH\CodeIgniter.php(934): App\Controllers\AJAX\Invoice->updateData([...])
 5 SYSTEMPATH\CodeIgniter.php(499): CodeIgniter\CodeIgniter->runController(Object(App\Controllers\AJAX\Invoice))
 6 SYSTEMPATH\CodeIgniter.php(368): CodeIgniter\CodeIgniter->handleRequest(null, Object(Config\Cache), false)
 7 FCPATH\index.php(67): CodeIgniter\CodeIgniter->run()
 8 SYSTEMPATH\Commands\Server\rewrite.php(47): require_once('FCPATH\\index.php')
CRITICAL - 2023-03-29 02:52:07 --> You must set the database table to be used with your query.
in SYSTEMPATH\Database\BaseConnection.php on line 882.
 1 SYSTEMPATH\Model.php(642): CodeIgniter\Database\BaseConnection->table(null)
 2 SYSTEMPATH\Model.php(832): CodeIgniter\Model->builder()
 3 APPPATH\Controllers\AJAX\Invoice.php(134): CodeIgniter\Model->__call('updateData', [...])
 4 SYSTEMPATH\CodeIgniter.php(934): App\Controllers\AJAX\Invoice->updateData([...])
 5 SYSTEMPATH\CodeIgniter.php(499): CodeIgniter\CodeIgniter->runController(Object(App\Controllers\AJAX\Invoice))
 6 SYSTEMPATH\CodeIgniter.php(368): CodeIgniter\CodeIgniter->handleRequest(null, Object(Config\Cache), false)
 7 FCPATH\index.php(67): CodeIgniter\CodeIgniter->run()
 8 SYSTEMPATH\Commands\Server\rewrite.php(47): require_once('FCPATH\\index.php')
CRITICAL - 2023-03-29 02:52:46 --> You must set the database table to be used with your query.
in SYSTEMPATH\Database\BaseConnection.php on line 882.
 1 SYSTEMPATH\Model.php(642): CodeIgniter\Database\BaseConnection->table(null)
 2 SYSTEMPATH\Model.php(832): CodeIgniter\Model->builder()
 3 APPPATH\Controllers\AJAX\Invoice.php(134): CodeIgniter\Model->__call('updateData', [...])
 4 SYSTEMPATH\CodeIgniter.php(934): App\Controllers\AJAX\Invoice->updateData([...])
 5 SYSTEMPATH\CodeIgniter.php(499): CodeIgniter\CodeIgniter->runController(Object(App\Controllers\AJAX\Invoice))
 6 SYSTEMPATH\CodeIgniter.php(368): CodeIgniter\CodeIgniter->handleRequest(null, Object(Config\Cache), false)
 7 FCPATH\index.php(67): CodeIgniter\CodeIgniter->run()
 8 SYSTEMPATH\Commands\Server\rewrite.php(47): require_once('FCPATH\\index.php')
ERROR - 2023-03-29 03:34:14 --> mysqli_sql_exception: Cannot delete or update a parent row: a foreign key constraint fails (`db_piutang`.`invoice_payment`, CONSTRAINT `invoice` FOREIGN KEY (`id_invoice`) REFERENCES `tb_invoice` (`id`) ON DELETE RESTRICT ON UPDATE CASCADE) in C:\laragon\www\SIPIUTANG\system\Database\MySQLi\Connection.php:295
Stack trace:
#0 C:\laragon\www\SIPIUTANG\system\Database\MySQLi\Connection.php(295): mysqli->query('DELETE FROM `tb...', 0)
#1 C:\laragon\www\SIPIUTANG\system\Database\BaseConnection.php(691): CodeIgniter\Database\MySQLi\Connection->execute('DELETE FROM `tb...')
#2 C:\laragon\www\SIPIUTANG\system\Database\BaseConnection.php(605): CodeIgniter\Database\BaseConnection->simpleQuery('DELETE FROM `tb...')
#3 C:\laragon\www\SIPIUTANG\system\Database\BaseBuilder.php(2791): CodeIgniter\Database\BaseConnection->query('DELETE FROM `tb...', Array, false)
#4 C:\laragon\www\SIPIUTANG\app\Models\ModelInvoice.php(86): CodeIgniter\Database\BaseBuilder->delete(Array)
#5 C:\laragon\www\SIPIUTANG\app\Controllers\AJAX\Invoice.php(97): App\Models\ModelInvoice->deleteData(Array)
#6 C:\laragon\www\SIPIUTANG\system\CodeIgniter.php(934): App\Controllers\AJAX\Invoice->deleteData()
#7 C:\laragon\www\SIPIUTANG\system\CodeIgniter.php(499): CodeIgniter\CodeIgniter->runController(Object(App\Controllers\AJAX\Invoice))
#8 C:\laragon\www\SIPIUTANG\system\CodeIgniter.php(368): CodeIgniter\CodeIgniter->handleRequest(NULL, Object(Config\Cache), false)
#9 C:\laragon\www\SIPIUTANG\public\index.php(67): CodeIgniter\CodeIgniter->run()
#10 C:\laragon\www\SIPIUTANG\system\Commands\Server\rewrite.php(47): require_once('C:\\laragon\\www\\...')
#11 {main}
CRITICAL - 2023-03-29 03:34:14 --> Cannot delete or update a parent row: a foreign key constraint fails (`db_piutang`.`invoice_payment`, CONSTRAINT `invoice` FOREIGN KEY (`id_invoice`) REFERENCES `tb_invoice` (`id`) ON DELETE RESTRICT ON UPDATE CASCADE)
in SYSTEMPATH\Database\BaseConnection.php on line 645.
 1 SYSTEMPATH\Database\BaseBuilder.php(2791): CodeIgniter\Database\BaseConnection->query('DELETE FROM `tb_invoice`
WHERE `id` = :id:', [...], false)
 2 APPPATH\Models\ModelInvoice.php(86): CodeIgniter\Database\BaseBuilder->delete([...])
 3 APPPATH\Controllers\AJAX\Invoice.php(97): App\Models\ModelInvoice->deleteData([...])
 4 SYSTEMPATH\CodeIgniter.php(934): App\Controllers\AJAX\Invoice->deleteData()
 5 SYSTEMPATH\CodeIgniter.php(499): CodeIgniter\CodeIgniter->runController(Object(App\Controllers\AJAX\Invoice))
 6 SYSTEMPATH\CodeIgniter.php(368): CodeIgniter\CodeIgniter->handleRequest(null, Object(Config\Cache), false)
 7 FCPATH\index.php(67): CodeIgniter\CodeIgniter->run()
 8 SYSTEMPATH\Commands\Server\rewrite.php(47): require_once('FCPATH\\index.php')
ERROR - 2023-03-29 03:35:34 --> mysqli_sql_exception: Cannot delete or update a parent row: a foreign key constraint fails (`db_piutang`.`invoice_payment`, CONSTRAINT `invoice` FOREIGN KEY (`id_invoice`) REFERENCES `tb_invoice` (`id`) ON DELETE RESTRICT ON UPDATE CASCADE) in C:\laragon\www\SIPIUTANG\system\Database\MySQLi\Connection.php:295
Stack trace:
#0 C:\laragon\www\SIPIUTANG\system\Database\MySQLi\Connection.php(295): mysqli->query('DELETE FROM `tb...', 0)
#1 C:\laragon\www\SIPIUTANG\system\Database\BaseConnection.php(691): CodeIgniter\Database\MySQLi\Connection->execute('DELETE FROM `tb...')
#2 C:\laragon\www\SIPIUTANG\system\Database\BaseConnection.php(605): CodeIgniter\Database\BaseConnection->simpleQuery('DELETE FROM `tb...')
#3 C:\laragon\www\SIPIUTANG\system\Database\BaseBuilder.php(2791): CodeIgniter\Database\BaseConnection->query('DELETE FROM `tb...', Array, false)
#4 C:\laragon\www\SIPIUTANG\app\Models\ModelInvoice.php(86): CodeIgniter\Database\BaseBuilder->delete(Array)
#5 C:\laragon\www\SIPIUTANG\app\Controllers\AJAX\Invoice.php(97): App\Models\ModelInvoice->deleteData(Array)
#6 C:\laragon\www\SIPIUTANG\system\CodeIgniter.php(934): App\Controllers\AJAX\Invoice->deleteData()
#7 C:\laragon\www\SIPIUTANG\system\CodeIgniter.php(499): CodeIgniter\CodeIgniter->runController(Object(App\Controllers\AJAX\Invoice))
#8 C:\laragon\www\SIPIUTANG\system\CodeIgniter.php(368): CodeIgniter\CodeIgniter->handleRequest(NULL, Object(Config\Cache), false)
#9 C:\laragon\www\SIPIUTANG\public\index.php(67): CodeIgniter\CodeIgniter->run()
#10 C:\laragon\www\SIPIUTANG\system\Commands\Server\rewrite.php(47): require_once('C:\\laragon\\www\\...')
#11 {main}
CRITICAL - 2023-03-29 03:35:34 --> Cannot delete or update a parent row: a foreign key constraint fails (`db_piutang`.`invoice_payment`, CONSTRAINT `invoice` FOREIGN KEY (`id_invoice`) REFERENCES `tb_invoice` (`id`) ON DELETE RESTRICT ON UPDATE CASCADE)
in SYSTEMPATH\Database\BaseConnection.php on line 645.
 1 SYSTEMPATH\Database\BaseBuilder.php(2791): CodeIgniter\Database\BaseConnection->query('DELETE FROM `tb_invoice`
WHERE `id` = :id:', [...], false)
 2 APPPATH\Models\ModelInvoice.php(86): CodeIgniter\Database\BaseBuilder->delete([...])
 3 APPPATH\Controllers\AJAX\Invoice.php(97): App\Models\ModelInvoice->deleteData([...])
 4 SYSTEMPATH\CodeIgniter.php(934): App\Controllers\AJAX\Invoice->deleteData()
 5 SYSTEMPATH\CodeIgniter.php(499): CodeIgniter\CodeIgniter->runController(Object(App\Controllers\AJAX\Invoice))
 6 SYSTEMPATH\CodeIgniter.php(368): CodeIgniter\CodeIgniter->handleRequest(null, Object(Config\Cache), false)
 7 FCPATH\index.php(67): CodeIgniter\CodeIgniter->run()
 8 SYSTEMPATH\Commands\Server\rewrite.php(47): require_once('FCPATH\\index.php')
CRITICAL - 2023-03-29 03:38:30 --> Undefined array key "status_piutang"
in APPPATH\Controllers\AJAX\Invoice.php on line 50.
 1 APPPATH\Controllers\AJAX\Invoice.php(50): CodeIgniter\Debug\Exceptions->errorHandler(2, 'Undefined array key "status_piutang"', 'APPPATH\\Controllers\\AJAX\\Invoice.php', 50)
 2 SYSTEMPATH\CodeIgniter.php(934): App\Controllers\AJAX\Invoice->insertData()
 3 SYSTEMPATH\CodeIgniter.php(499): CodeIgniter\CodeIgniter->runController(Object(App\Controllers\AJAX\Invoice))
 4 SYSTEMPATH\CodeIgniter.php(368): CodeIgniter\CodeIgniter->handleRequest(null, Object(Config\Cache), false)
 5 FCPATH\index.php(67): CodeIgniter\CodeIgniter->run()
 6 SYSTEMPATH\Commands\Server\rewrite.php(47): require_once('FCPATH\\index.php')
CRITICAL - 2023-03-29 03:40:16 --> Undefined array key "status_piutang"
in APPPATH\Controllers\AJAX\Invoice.php on line 55.
 1 APPPATH\Controllers\AJAX\Invoice.php(55): CodeIgniter\Debug\Exceptions->errorHandler(2, 'Undefined array key "status_piutang"', 'APPPATH\\Controllers\\AJAX\\Invoice.php', 55)
 2 SYSTEMPATH\CodeIgniter.php(934): App\Controllers\AJAX\Invoice->insertData()
 3 SYSTEMPATH\CodeIgniter.php(499): CodeIgniter\CodeIgniter->runController(Object(App\Controllers\AJAX\Invoice))
 4 SYSTEMPATH\CodeIgniter.php(368): CodeIgniter\CodeIgniter->handleRequest(null, Object(Config\Cache), false)
 5 FCPATH\index.php(67): CodeIgniter\CodeIgniter->run()
 6 SYSTEMPATH\Commands\Server\rewrite.php(47): require_once('FCPATH\\index.php')
CRITICAL - 2023-03-29 03:40:29 --> Undefined array key "status_piutang"
in APPPATH\Controllers\AJAX\Invoice.php on line 55.
 1 APPPATH\Controllers\AJAX\Invoice.php(55): CodeIgniter\Debug\Exceptions->errorHandler(2, 'Undefined array key "status_piutang"', 'APPPATH\\Controllers\\AJAX\\Invoice.php', 55)
 2 SYSTEMPATH\CodeIgniter.php(934): App\Controllers\AJAX\Invoice->insertData()
 3 SYSTEMPATH\CodeIgniter.php(499): CodeIgniter\CodeIgniter->runController(Object(App\Controllers\AJAX\Invoice))
 4 SYSTEMPATH\CodeIgniter.php(368): CodeIgniter\CodeIgniter->handleRequest(null, Object(Config\Cache), false)
 5 FCPATH\index.php(67): CodeIgniter\CodeIgniter->run()
 6 SYSTEMPATH\Commands\Server\rewrite.php(47): require_once('FCPATH\\index.php')
CRITICAL - 2023-03-29 03:40:47 --> You must set the database table to be used with your query.
in SYSTEMPATH\Database\BaseConnection.php on line 882.
 1 SYSTEMPATH\Model.php(642): CodeIgniter\Database\BaseConnection->table(null)
 2 SYSTEMPATH\Model.php(832): CodeIgniter\Model->builder()
 3 APPPATH\Controllers\AJAX\Invoice.php(61): CodeIgniter\Model->__call('insertData', [...])
 4 SYSTEMPATH\CodeIgniter.php(934): App\Controllers\AJAX\Invoice->insertData()
 5 SYSTEMPATH\CodeIgniter.php(499): CodeIgniter\CodeIgniter->runController(Object(App\Controllers\AJAX\Invoice))
 6 SYSTEMPATH\CodeIgniter.php(368): CodeIgniter\CodeIgniter->handleRequest(null, Object(Config\Cache), false)
 7 FCPATH\index.php(67): CodeIgniter\CodeIgniter->run()
 8 SYSTEMPATH\Commands\Server\rewrite.php(47): require_once('FCPATH\\index.php')
ERROR - 2023-03-29 03:48:10 --> mysqli_sql_exception: Cannot delete or update a parent row: a foreign key constraint fails (`db_piutang`.`tb_invoice`, CONSTRAINT `invoice_invoiceekspedisi` FOREIGN KEY (`id_invoice_ekspedisi`) REFERENCES `tb_invoice_ekspedisi` (`id`) ON DELETE RESTRICT ON UPDATE CASCADE) in C:\laragon\www\SIPIUTANG\system\Database\MySQLi\Connection.php:295
Stack trace:
#0 C:\laragon\www\SIPIUTANG\system\Database\MySQLi\Connection.php(295): mysqli->query('DELETE FROM `tb...', 0)
#1 C:\laragon\www\SIPIUTANG\system\Database\BaseConnection.php(691): CodeIgniter\Database\MySQLi\Connection->execute('DELETE FROM `tb...')
#2 C:\laragon\www\SIPIUTANG\system\Database\BaseConnection.php(605): CodeIgniter\Database\BaseConnection->simpleQuery('DELETE FROM `tb...')
#3 C:\laragon\www\SIPIUTANG\system\Database\BaseBuilder.php(2791): CodeIgniter\Database\BaseConnection->query('DELETE FROM `tb...', Array, false)
#4 C:\laragon\www\SIPIUTANG\app\Models\ModelInvoiceEkspedisi.php(42): CodeIgniter\Database\BaseBuilder->delete(Array)
#5 C:\laragon\www\SIPIUTANG\app\Controllers\AJAX\InvoiceEkspedisi.php(94): App\Models\ModelInvoiceEkspedisi->deleteData(Array)
#6 C:\laragon\www\SIPIUTANG\system\CodeIgniter.php(934): App\Controllers\AJAX\InvoiceEkspedisi->deleteData()
#7 C:\laragon\www\SIPIUTANG\system\CodeIgniter.php(499): CodeIgniter\CodeIgniter->runController(Object(App\Controllers\AJAX\InvoiceEkspedisi))
#8 C:\laragon\www\SIPIUTANG\system\CodeIgniter.php(368): CodeIgniter\CodeIgniter->handleRequest(NULL, Object(Config\Cache), false)
#9 C:\laragon\www\SIPIUTANG\public\index.php(67): CodeIgniter\CodeIgniter->run()
#10 C:\laragon\www\SIPIUTANG\system\Commands\Server\rewrite.php(47): require_once('C:\\laragon\\www\\...')
#11 {main}
CRITICAL - 2023-03-29 03:48:10 --> Cannot delete or update a parent row: a foreign key constraint fails (`db_piutang`.`tb_invoice`, CONSTRAINT `invoice_invoiceekspedisi` FOREIGN KEY (`id_invoice_ekspedisi`) REFERENCES `tb_invoice_ekspedisi` (`id`) ON DELETE RESTRICT ON UPDATE CASCADE)
in SYSTEMPATH\Database\BaseConnection.php on line 645.
 1 SYSTEMPATH\Database\BaseBuilder.php(2791): CodeIgniter\Database\BaseConnection->query('DELETE FROM `tb_invoice_ekspedisi`
WHERE `id` = :id:', [...], false)
 2 APPPATH\Models\ModelInvoiceEkspedisi.php(42): CodeIgniter\Database\BaseBuilder->delete([...])
 3 APPPATH\Controllers\AJAX\InvoiceEkspedisi.php(94): App\Models\ModelInvoiceEkspedisi->deleteData([...])
 4 SYSTEMPATH\CodeIgniter.php(934): App\Controllers\AJAX\InvoiceEkspedisi->deleteData()
 5 SYSTEMPATH\CodeIgniter.php(499): CodeIgniter\CodeIgniter->runController(Object(App\Controllers\AJAX\InvoiceEkspedisi))
 6 SYSTEMPATH\CodeIgniter.php(368): CodeIgniter\CodeIgniter->handleRequest(null, Object(Config\Cache), false)
 7 FCPATH\index.php(67): CodeIgniter\CodeIgniter->run()
 8 SYSTEMPATH\Commands\Server\rewrite.php(47): require_once('FCPATH\\index.php')
