ERROR - 2023-04-06 00:49:23 --> Error connecting to the database: mysqli_sql_exception: No connection could be made because the target machine actively refused it in C:\laragon\www\SIPIUTANG\system\Database\MySQLi\Connection.php:174
Stack trace:
#0 C:\laragon\www\SIPIUTANG\system\Database\MySQLi\Connection.php(174): mysqli->real_connect('localhost', 'root', '', 'db_piutang', 3306, '', 0)
#1 C:\laragon\www\SIPIUTANG\system\Database\BaseConnection.php(391): CodeIgniter\Database\MySQLi\Connection->connect(false)
#2 C:\laragon\www\SIPIUTANG\system\Database\BaseConnection.php(573): CodeIgniter\Database\BaseConnection->initialize()
#3 C:\laragon\www\SIPIUTANG\system\Database\BaseBuilder.php(1616): CodeIgniter\Database\BaseConnection->query('SELECT `tb_reke...', Array, false)
#4 C:\laragon\www\SIPIUTANG\app\Models\ModelRekPenerima.php(26): CodeIgniter\Database\BaseBuilder->get()
#5 C:\laragon\www\SIPIUTANG\app\Controllers\AJAX\RekPenerima.php(17): App\Models\ModelRekPenerima->getRekPenerima(NULL)
#6 C:\laragon\www\SIPIUTANG\system\CodeIgniter.php(934): App\Controllers\AJAX\RekPenerima->index(NULL)
#7 C:\laragon\www\SIPIUTANG\system\CodeIgniter.php(499): CodeIgniter\CodeIgniter->runController(Object(App\Controllers\AJAX\RekPenerima))
#8 C:\laragon\www\SIPIUTANG\system\CodeIgniter.php(368): CodeIgniter\CodeIgniter->handleRequest(NULL, Object(Config\Cache), false)
#9 C:\laragon\www\SIPIUTANG\public\index.php(67): CodeIgniter\CodeIgniter->run()
#10 C:\laragon\www\SIPIUTANG\system\Commands\Server\rewrite.php(47): require_once('C:\\laragon\\www\\...')
#11 {main}

Next CodeIgniter\Database\Exceptions\DatabaseException: No connection could be made because the target machine actively refused it in C:\laragon\www\SIPIUTANG\system\Database\MySQLi\Connection.php:218
Stack trace:
#0 C:\laragon\www\SIPIUTANG\system\Database\BaseConnection.php(391): CodeIgniter\Database\MySQLi\Connection->connect(false)
#1 C:\laragon\www\SIPIUTANG\system\Database\BaseConnection.php(573): CodeIgniter\Database\BaseConnection->initialize()
#2 C:\laragon\www\SIPIUTANG\system\Database\BaseBuilder.php(1616): CodeIgniter\Database\BaseConnection->query('SELECT `tb_reke...', Array, false)
#3 C:\laragon\www\SIPIUTANG\app\Models\ModelRekPenerima.php(26): CodeIgniter\Database\BaseBuilder->get()
#4 C:\laragon\www\SIPIUTANG\app\Controllers\AJAX\RekPenerima.php(17): App\Models\ModelRekPenerima->getRekPenerima(NULL)
#5 C:\laragon\www\SIPIUTANG\system\CodeIgniter.php(934): App\Controllers\AJAX\RekPenerima->index(NULL)
#6 C:\laragon\www\SIPIUTANG\system\CodeIgniter.php(499): CodeIgniter\CodeIgniter->runController(Object(App\Controllers\AJAX\RekPenerima))
#7 C:\laragon\www\SIPIUTANG\system\CodeIgniter.php(368): CodeIgniter\CodeIgniter->handleRequest(NULL, Object(Config\Cache), false)
#8 C:\laragon\www\SIPIUTANG\public\index.php(67): CodeIgniter\CodeIgniter->run()
#9 C:\laragon\www\SIPIUTANG\system\Commands\Server\rewrite.php(47): require_once('C:\\laragon\\www\\...')
#10 {main}
CRITICAL - 2023-04-06 00:49:23 --> Unable to connect to the database.
Main connection [MySQLi]: No connection could be made because the target machine actively refused it
in SYSTEMPATH\Database\BaseConnection.php on line 427.
 1 SYSTEMPATH\Database\BaseConnection.php(573): CodeIgniter\Database\BaseConnection->initialize()
 2 SYSTEMPATH\Database\BaseBuilder.php(1616): CodeIgniter\Database\BaseConnection->query('SELECT `tb_rekening_penerima`.`id`, `nama_rekening`, `nomor_rekening`, `id_bank`, `nama_bank`, `alias`
FROM `tb_rekening_penerima`
LEFT JOIN `tb_bank` ON `tb_bank`.`id` = `tb_rekening_penerima`.`id_bank`', [], false)
 3 APPPATH\Models\ModelRekPenerima.php(26): CodeIgniter\Database\BaseBuilder->get()
 4 APPPATH\Controllers\AJAX\RekPenerima.php(17): App\Models\ModelRekPenerima->getRekPenerima(null)
 5 SYSTEMPATH\CodeIgniter.php(934): App\Controllers\AJAX\RekPenerima->index(null)
 6 SYSTEMPATH\CodeIgniter.php(499): CodeIgniter\CodeIgniter->runController(Object(App\Controllers\AJAX\RekPenerima))
 7 SYSTEMPATH\CodeIgniter.php(368): CodeIgniter\CodeIgniter->handleRequest(null, Object(Config\Cache), false)
 8 FCPATH\index.php(67): CodeIgniter\CodeIgniter->run()
 9 SYSTEMPATH\Commands\Server\rewrite.php(47): require_once('FCPATH\\index.php')
CRITICAL - 2023-04-06 00:51:05 --> You must use the "set" method to update an entry.
in SYSTEMPATH\Database\BaseBuilder.php on line 2521.
 1 SYSTEMPATH\Database\BaseBuilder.php(2455): CodeIgniter\Database\BaseBuilder->validateUpdate()
 2 APPPATH\Models\ModelPayment.php(175): CodeIgniter\Database\BaseBuilder->update([])
 3 APPPATH\Controllers\AJAX\Payment.php(245): App\Models\ModelPayment->deleteData([], [...])
 4 SYSTEMPATH\CodeIgniter.php(934): App\Controllers\AJAX\Payment->deleteData()
 5 SYSTEMPATH\CodeIgniter.php(499): CodeIgniter\CodeIgniter->runController(Object(App\Controllers\AJAX\Payment))
 6 SYSTEMPATH\CodeIgniter.php(368): CodeIgniter\CodeIgniter->handleRequest(null, Object(Config\Cache), false)
 7 FCPATH\index.php(67): CodeIgniter\CodeIgniter->run()
 8 SYSTEMPATH\Commands\Server\rewrite.php(47): require_once('FCPATH\\index.php')
ERROR - 2023-04-06 00:58:53 --> mysqli_sql_exception: Cannot delete or update a parent row: a foreign key constraint fails (`db_piutang`.`tb_invoice`, CONSTRAINT `invoice_retur` FOREIGN KEY (`id_retur`) REFERENCES `tb_retur` (`id`) ON DELETE RESTRICT ON UPDATE RESTRICT) in C:\laragon\www\SIPIUTANG\system\Database\MySQLi\Connection.php:295
Stack trace:
#0 C:\laragon\www\SIPIUTANG\system\Database\MySQLi\Connection.php(295): mysqli->query('DELETE FROM `tb...', 0)
#1 C:\laragon\www\SIPIUTANG\system\Database\BaseConnection.php(691): CodeIgniter\Database\MySQLi\Connection->execute('DELETE FROM `tb...')
#2 C:\laragon\www\SIPIUTANG\system\Database\BaseConnection.php(605): CodeIgniter\Database\BaseConnection->simpleQuery('DELETE FROM `tb...')
#3 C:\laragon\www\SIPIUTANG\system\Database\BaseBuilder.php(2791): CodeIgniter\Database\BaseConnection->query('DELETE FROM `tb...', Array, false)
#4 C:\laragon\www\SIPIUTANG\app\Models\ModelRetur.php(36): CodeIgniter\Database\BaseBuilder->delete(Array)
#5 C:\laragon\www\SIPIUTANG\app\Controllers\AJAX\Retur.php(68): App\Models\ModelRetur->deleteData(Array)
#6 C:\laragon\www\SIPIUTANG\system\CodeIgniter.php(934): App\Controllers\AJAX\Retur->deleteData()
#7 C:\laragon\www\SIPIUTANG\system\CodeIgniter.php(499): CodeIgniter\CodeIgniter->runController(Object(App\Controllers\AJAX\Retur))
#8 C:\laragon\www\SIPIUTANG\system\CodeIgniter.php(368): CodeIgniter\CodeIgniter->handleRequest(NULL, Object(Config\Cache), false)
#9 C:\laragon\www\SIPIUTANG\public\index.php(67): CodeIgniter\CodeIgniter->run()
#10 C:\laragon\www\SIPIUTANG\system\Commands\Server\rewrite.php(47): require_once('C:\\laragon\\www\\...')
#11 {main}
CRITICAL - 2023-04-06 00:58:53 --> Cannot delete or update a parent row: a foreign key constraint fails (`db_piutang`.`tb_invoice`, CONSTRAINT `invoice_retur` FOREIGN KEY (`id_retur`) REFERENCES `tb_retur` (`id`) ON DELETE RESTRICT ON UPDATE RESTRICT)
in SYSTEMPATH\Database\BaseConnection.php on line 645.
 1 SYSTEMPATH\Database\BaseBuilder.php(2791): CodeIgniter\Database\BaseConnection->query('DELETE FROM `tb_retur`
WHERE `id` = :id:', [...], false)
 2 APPPATH\Models\ModelRetur.php(36): CodeIgniter\Database\BaseBuilder->delete([...])
 3 APPPATH\Controllers\AJAX\Retur.php(68): App\Models\ModelRetur->deleteData([...])
 4 SYSTEMPATH\CodeIgniter.php(934): App\Controllers\AJAX\Retur->deleteData()
 5 SYSTEMPATH\CodeIgniter.php(499): CodeIgniter\CodeIgniter->runController(Object(App\Controllers\AJAX\Retur))
 6 SYSTEMPATH\CodeIgniter.php(368): CodeIgniter\CodeIgniter->handleRequest(null, Object(Config\Cache), false)
 7 FCPATH\index.php(67): CodeIgniter\CodeIgniter->run()
 8 SYSTEMPATH\Commands\Server\rewrite.php(47): require_once('FCPATH\\index.php')
ERROR - 2023-04-06 01:00:12 --> mysqli_sql_exception: Duplicate entry '8' for key 'tb_retur.PRIMARY' in C:\laragon\www\SIPIUTANG\system\Database\MySQLi\Connection.php:295
Stack trace:
#0 C:\laragon\www\SIPIUTANG\system\Database\MySQLi\Connection.php(295): mysqli->query('UPDATE `tb_retu...', 0)
#1 C:\laragon\www\SIPIUTANG\system\Database\BaseConnection.php(691): CodeIgniter\Database\MySQLi\Connection->execute('UPDATE `tb_retu...')
#2 C:\laragon\www\SIPIUTANG\system\Database\BaseConnection.php(605): CodeIgniter\Database\BaseConnection->simpleQuery('UPDATE `tb_retu...')
#3 C:\laragon\www\SIPIUTANG\system\Database\BaseBuilder.php(2476): CodeIgniter\Database\BaseConnection->query('UPDATE `tb_retu...', Array, false)
#4 C:\laragon\www\SIPIUTANG\app\Models\ModelInvoice.php(117): CodeIgniter\Database\BaseBuilder->update(Array)
#5 C:\laragon\www\SIPIUTANG\app\Controllers\AJAX\Invoice.php(164): App\Models\ModelInvoice->deleteDataUpdateRetur(Array, Array, Array)
#6 C:\laragon\www\SIPIUTANG\system\CodeIgniter.php(934): App\Controllers\AJAX\Invoice->deleteData()
#7 C:\laragon\www\SIPIUTANG\system\CodeIgniter.php(499): CodeIgniter\CodeIgniter->runController(Object(App\Controllers\AJAX\Invoice))
#8 C:\laragon\www\SIPIUTANG\system\CodeIgniter.php(368): CodeIgniter\CodeIgniter->handleRequest(NULL, Object(Config\Cache), false)
#9 C:\laragon\www\SIPIUTANG\public\index.php(67): CodeIgniter\CodeIgniter->run()
#10 C:\laragon\www\SIPIUTANG\system\Commands\Server\rewrite.php(47): require_once('C:\\laragon\\www\\...')
#11 {main}
CRITICAL - 2023-04-06 01:00:12 --> Duplicate entry '8' for key 'tb_retur.PRIMARY'
in SYSTEMPATH\Database\BaseConnection.php on line 645.
 1 SYSTEMPATH\Database\BaseBuilder.php(2476): CodeIgniter\Database\BaseConnection->query('UPDATE `tb_retur` SET `id` = :id:, `nilai_sisa_retur` = :nilai_sisa_retur:', [...], false)
 2 APPPATH\Models\ModelInvoice.php(117): CodeIgniter\Database\BaseBuilder->update([...])
 3 APPPATH\Controllers\AJAX\Invoice.php(164): App\Models\ModelInvoice->deleteDataUpdateRetur([...], [...], [...])
 4 SYSTEMPATH\CodeIgniter.php(934): App\Controllers\AJAX\Invoice->deleteData()
 5 SYSTEMPATH\CodeIgniter.php(499): CodeIgniter\CodeIgniter->runController(Object(App\Controllers\AJAX\Invoice))
 6 SYSTEMPATH\CodeIgniter.php(368): CodeIgniter\CodeIgniter->handleRequest(null, Object(Config\Cache), false)
 7 FCPATH\index.php(67): CodeIgniter\CodeIgniter->run()
 8 SYSTEMPATH\Commands\Server\rewrite.php(47): require_once('FCPATH\\index.php')
CRITICAL - 2023-04-06 01:52:51 --> You must use the "set" method to update an entry.
in SYSTEMPATH\Database\BaseBuilder.php on line 2521.
 1 SYSTEMPATH\Database\BaseBuilder.php(2455): CodeIgniter\Database\BaseBuilder->validateUpdate()
 2 APPPATH\Models\ModelPayment.php(175): CodeIgniter\Database\BaseBuilder->update([])
 3 APPPATH\Controllers\AJAX\Payment.php(245): App\Models\ModelPayment->deleteData([], [...])
 4 SYSTEMPATH\CodeIgniter.php(934): App\Controllers\AJAX\Payment->deleteData()
 5 SYSTEMPATH\CodeIgniter.php(499): CodeIgniter\CodeIgniter->runController(Object(App\Controllers\AJAX\Payment))
 6 SYSTEMPATH\CodeIgniter.php(368): CodeIgniter\CodeIgniter->handleRequest(null, Object(Config\Cache), false)
 7 FCPATH\index.php(67): CodeIgniter\CodeIgniter->run()
 8 SYSTEMPATH\Commands\Server\rewrite.php(47): require_once('FCPATH\\index.php')
ERROR - 2023-04-06 01:53:58 --> mysqli_sql_exception: Cannot delete or update a parent row: a foreign key constraint fails (`db_piutang`.`invoice_payment`, CONSTRAINT `invoice` FOREIGN KEY (`id_invoice`) REFERENCES `tb_invoice` (`id`) ON DELETE RESTRICT ON UPDATE CASCADE) in C:\laragon\www\SIPIUTANG\system\Database\MySQLi\Connection.php:295
Stack trace:
#0 C:\laragon\www\SIPIUTANG\system\Database\MySQLi\Connection.php(295): mysqli->query('DELETE FROM `tb...', 0)
#1 C:\laragon\www\SIPIUTANG\system\Database\BaseConnection.php(691): CodeIgniter\Database\MySQLi\Connection->execute('DELETE FROM `tb...')
#2 C:\laragon\www\SIPIUTANG\system\Database\BaseConnection.php(605): CodeIgniter\Database\BaseConnection->simpleQuery('DELETE FROM `tb...')
#3 C:\laragon\www\SIPIUTANG\system\Database\BaseBuilder.php(2791): CodeIgniter\Database\BaseConnection->query('DELETE FROM `tb...', Array, false)
#4 C:\laragon\www\SIPIUTANG\app\Models\ModelInvoice.php(113): CodeIgniter\Database\BaseBuilder->delete(Array)
#5 C:\laragon\www\SIPIUTANG\app\Controllers\AJAX\Invoice.php(164): App\Models\ModelInvoice->deleteDataUpdateRetur(Array, Array, Array)
#6 C:\laragon\www\SIPIUTANG\system\CodeIgniter.php(934): App\Controllers\AJAX\Invoice->deleteData()
#7 C:\laragon\www\SIPIUTANG\system\CodeIgniter.php(499): CodeIgniter\CodeIgniter->runController(Object(App\Controllers\AJAX\Invoice))
#8 C:\laragon\www\SIPIUTANG\system\CodeIgniter.php(368): CodeIgniter\CodeIgniter->handleRequest(NULL, Object(Config\Cache), false)
#9 C:\laragon\www\SIPIUTANG\public\index.php(67): CodeIgniter\CodeIgniter->run()
#10 C:\laragon\www\SIPIUTANG\system\Commands\Server\rewrite.php(47): require_once('C:\\laragon\\www\\...')
#11 {main}
CRITICAL - 2023-04-06 01:53:58 --> Cannot delete or update a parent row: a foreign key constraint fails (`db_piutang`.`invoice_payment`, CONSTRAINT `invoice` FOREIGN KEY (`id_invoice`) REFERENCES `tb_invoice` (`id`) ON DELETE RESTRICT ON UPDATE CASCADE)
in SYSTEMPATH\Database\BaseConnection.php on line 645.
 1 SYSTEMPATH\Database\BaseBuilder.php(2791): CodeIgniter\Database\BaseConnection->query('DELETE FROM `tb_invoice`
WHERE `id` = :id:', [...], false)
 2 APPPATH\Models\ModelInvoice.php(113): CodeIgniter\Database\BaseBuilder->delete([...])
 3 APPPATH\Controllers\AJAX\Invoice.php(164): App\Models\ModelInvoice->deleteDataUpdateRetur([...], [...], [...])
 4 SYSTEMPATH\CodeIgniter.php(934): App\Controllers\AJAX\Invoice->deleteData()
 5 SYSTEMPATH\CodeIgniter.php(499): CodeIgniter\CodeIgniter->runController(Object(App\Controllers\AJAX\Invoice))
 6 SYSTEMPATH\CodeIgniter.php(368): CodeIgniter\CodeIgniter->handleRequest(null, Object(Config\Cache), false)
 7 FCPATH\index.php(67): CodeIgniter\CodeIgniter->run()
 8 SYSTEMPATH\Commands\Server\rewrite.php(47): require_once('FCPATH\\index.php')
ERROR - 2023-04-06 01:54:19 --> mysqli_sql_exception: Cannot delete or update a parent row: a foreign key constraint fails (`db_piutang`.`invoice_payment`, CONSTRAINT `invoice` FOREIGN KEY (`id_invoice`) REFERENCES `tb_invoice` (`id`) ON DELETE RESTRICT ON UPDATE CASCADE) in C:\laragon\www\SIPIUTANG\system\Database\MySQLi\Connection.php:295
Stack trace:
#0 C:\laragon\www\SIPIUTANG\system\Database\MySQLi\Connection.php(295): mysqli->query('DELETE FROM `tb...', 0)
#1 C:\laragon\www\SIPIUTANG\system\Database\BaseConnection.php(691): CodeIgniter\Database\MySQLi\Connection->execute('DELETE FROM `tb...')
#2 C:\laragon\www\SIPIUTANG\system\Database\BaseConnection.php(605): CodeIgniter\Database\BaseConnection->simpleQuery('DELETE FROM `tb...')
#3 C:\laragon\www\SIPIUTANG\system\Database\BaseBuilder.php(2791): CodeIgniter\Database\BaseConnection->query('DELETE FROM `tb...', Array, false)
#4 C:\laragon\www\SIPIUTANG\app\Models\ModelInvoice.php(113): CodeIgniter\Database\BaseBuilder->delete(Array)
#5 C:\laragon\www\SIPIUTANG\app\Controllers\AJAX\Invoice.php(164): App\Models\ModelInvoice->deleteDataUpdateRetur(Array, Array, Array)
#6 C:\laragon\www\SIPIUTANG\system\CodeIgniter.php(934): App\Controllers\AJAX\Invoice->deleteData()
#7 C:\laragon\www\SIPIUTANG\system\CodeIgniter.php(499): CodeIgniter\CodeIgniter->runController(Object(App\Controllers\AJAX\Invoice))
#8 C:\laragon\www\SIPIUTANG\system\CodeIgniter.php(368): CodeIgniter\CodeIgniter->handleRequest(NULL, Object(Config\Cache), false)
#9 C:\laragon\www\SIPIUTANG\public\index.php(67): CodeIgniter\CodeIgniter->run()
#10 C:\laragon\www\SIPIUTANG\system\Commands\Server\rewrite.php(47): require_once('C:\\laragon\\www\\...')
#11 {main}
CRITICAL - 2023-04-06 01:54:19 --> Cannot delete or update a parent row: a foreign key constraint fails (`db_piutang`.`invoice_payment`, CONSTRAINT `invoice` FOREIGN KEY (`id_invoice`) REFERENCES `tb_invoice` (`id`) ON DELETE RESTRICT ON UPDATE CASCADE)
in SYSTEMPATH\Database\BaseConnection.php on line 645.
 1 SYSTEMPATH\Database\BaseBuilder.php(2791): CodeIgniter\Database\BaseConnection->query('DELETE FROM `tb_invoice`
WHERE `id` = :id:', [...], false)
 2 APPPATH\Models\ModelInvoice.php(113): CodeIgniter\Database\BaseBuilder->delete([...])
 3 APPPATH\Controllers\AJAX\Invoice.php(164): App\Models\ModelInvoice->deleteDataUpdateRetur([...], [...], [...])
 4 SYSTEMPATH\CodeIgniter.php(934): App\Controllers\AJAX\Invoice->deleteData()
 5 SYSTEMPATH\CodeIgniter.php(499): CodeIgniter\CodeIgniter->runController(Object(App\Controllers\AJAX\Invoice))
 6 SYSTEMPATH\CodeIgniter.php(368): CodeIgniter\CodeIgniter->handleRequest(null, Object(Config\Cache), false)
 7 FCPATH\index.php(67): CodeIgniter\CodeIgniter->run()
 8 SYSTEMPATH\Commands\Server\rewrite.php(47): require_once('FCPATH\\index.php')
ERROR - 2023-04-06 01:55:40 --> mysqli_sql_exception: Cannot delete or update a parent row: a foreign key constraint fails (`db_piutang`.`tb_invoice`, CONSTRAINT `invoice_retur` FOREIGN KEY (`id_retur`) REFERENCES `tb_retur` (`id`) ON DELETE RESTRICT ON UPDATE RESTRICT) in C:\laragon\www\SIPIUTANG\system\Database\MySQLi\Connection.php:295
Stack trace:
#0 C:\laragon\www\SIPIUTANG\system\Database\MySQLi\Connection.php(295): mysqli->query('UPDATE `tb_retu...', 0)
#1 C:\laragon\www\SIPIUTANG\system\Database\BaseConnection.php(691): CodeIgniter\Database\MySQLi\Connection->execute('UPDATE `tb_retu...')
#2 C:\laragon\www\SIPIUTANG\system\Database\BaseConnection.php(605): CodeIgniter\Database\BaseConnection->simpleQuery('UPDATE `tb_retu...')
#3 C:\laragon\www\SIPIUTANG\system\Database\BaseBuilder.php(2476): CodeIgniter\Database\BaseConnection->query('UPDATE `tb_retu...', Array, false)
#4 C:\laragon\www\SIPIUTANG\app\Models\ModelInvoice.php(26): CodeIgniter\Database\BaseBuilder->update(Array)
#5 C:\laragon\www\SIPIUTANG\app\Controllers\AJAX\Invoice.php(127): App\Models\ModelInvoice->insertWithRetur(Array, Array, Array)
#6 C:\laragon\www\SIPIUTANG\system\CodeIgniter.php(934): App\Controllers\AJAX\Invoice->insertData()
#7 C:\laragon\www\SIPIUTANG\system\CodeIgniter.php(499): CodeIgniter\CodeIgniter->runController(Object(App\Controllers\AJAX\Invoice))
#8 C:\laragon\www\SIPIUTANG\system\CodeIgniter.php(368): CodeIgniter\CodeIgniter->handleRequest(NULL, Object(Config\Cache), false)
#9 C:\laragon\www\SIPIUTANG\public\index.php(67): CodeIgniter\CodeIgniter->run()
#10 C:\laragon\www\SIPIUTANG\system\Commands\Server\rewrite.php(47): require_once('C:\\laragon\\www\\...')
#11 {main}
ERROR - 2023-04-06 01:57:03 --> mysqli_sql_exception: Cannot delete or update a parent row: a foreign key constraint fails (`db_piutang`.`tb_invoice`, CONSTRAINT `invoice_retur` FOREIGN KEY (`id_retur`) REFERENCES `tb_retur` (`id`) ON DELETE RESTRICT ON UPDATE RESTRICT) in C:\laragon\www\SIPIUTANG\system\Database\MySQLi\Connection.php:295
Stack trace:
#0 C:\laragon\www\SIPIUTANG\system\Database\MySQLi\Connection.php(295): mysqli->query('UPDATE `tb_retu...', 0)
#1 C:\laragon\www\SIPIUTANG\system\Database\BaseConnection.php(691): CodeIgniter\Database\MySQLi\Connection->execute('UPDATE `tb_retu...')
#2 C:\laragon\www\SIPIUTANG\system\Database\BaseConnection.php(605): CodeIgniter\Database\BaseConnection->simpleQuery('UPDATE `tb_retu...')
#3 C:\laragon\www\SIPIUTANG\system\Database\BaseBuilder.php(2476): CodeIgniter\Database\BaseConnection->query('UPDATE `tb_retu...', Array, false)
#4 C:\laragon\www\SIPIUTANG\app\Models\ModelInvoice.php(26): CodeIgniter\Database\BaseBuilder->update(Array)
#5 C:\laragon\www\SIPIUTANG\app\Controllers\AJAX\Invoice.php(127): App\Models\ModelInvoice->insertWithRetur(Array, Array, Array)
#6 C:\laragon\www\SIPIUTANG\system\CodeIgniter.php(934): App\Controllers\AJAX\Invoice->insertData()
#7 C:\laragon\www\SIPIUTANG\system\CodeIgniter.php(499): CodeIgniter\CodeIgniter->runController(Object(App\Controllers\AJAX\Invoice))
#8 C:\laragon\www\SIPIUTANG\system\CodeIgniter.php(368): CodeIgniter\CodeIgniter->handleRequest(NULL, Object(Config\Cache), false)
#9 C:\laragon\www\SIPIUTANG\public\index.php(67): CodeIgniter\CodeIgniter->run()
#10 C:\laragon\www\SIPIUTANG\system\Commands\Server\rewrite.php(47): require_once('C:\\laragon\\www\\...')
#11 {main}
ERROR - 2023-04-06 01:58:08 --> mysqli_sql_exception: Cannot delete or update a parent row: a foreign key constraint fails (`db_piutang`.`tb_invoice`, CONSTRAINT `invoice_retur` FOREIGN KEY (`id_retur`) REFERENCES `tb_retur` (`id`) ON DELETE RESTRICT ON UPDATE RESTRICT) in C:\laragon\www\SIPIUTANG\system\Database\MySQLi\Connection.php:295
Stack trace:
#0 C:\laragon\www\SIPIUTANG\system\Database\MySQLi\Connection.php(295): mysqli->query('UPDATE `tb_retu...', 0)
#1 C:\laragon\www\SIPIUTANG\system\Database\BaseConnection.php(691): CodeIgniter\Database\MySQLi\Connection->execute('UPDATE `tb_retu...')
#2 C:\laragon\www\SIPIUTANG\system\Database\BaseConnection.php(605): CodeIgniter\Database\BaseConnection->simpleQuery('UPDATE `tb_retu...')
#3 C:\laragon\www\SIPIUTANG\system\Database\BaseBuilder.php(2476): CodeIgniter\Database\BaseConnection->query('UPDATE `tb_retu...', Array, false)
#4 C:\laragon\www\SIPIUTANG\app\Models\ModelInvoice.php(26): CodeIgniter\Database\BaseBuilder->update(Array)
#5 C:\laragon\www\SIPIUTANG\app\Controllers\AJAX\Invoice.php(127): App\Models\ModelInvoice->insertWithRetur(Array, Array, Array)
#6 C:\laragon\www\SIPIUTANG\system\CodeIgniter.php(934): App\Controllers\AJAX\Invoice->insertData()
#7 C:\laragon\www\SIPIUTANG\system\CodeIgniter.php(499): CodeIgniter\CodeIgniter->runController(Object(App\Controllers\AJAX\Invoice))
#8 C:\laragon\www\SIPIUTANG\system\CodeIgniter.php(368): CodeIgniter\CodeIgniter->handleRequest(NULL, Object(Config\Cache), false)
#9 C:\laragon\www\SIPIUTANG\public\index.php(67): CodeIgniter\CodeIgniter->run()
#10 C:\laragon\www\SIPIUTANG\system\Commands\Server\rewrite.php(47): require_once('C:\\laragon\\www\\...')
#11 {main}
CRITICAL - 2023-04-06 02:08:11 --> You must use the "set" method to update an entry.
in SYSTEMPATH\Database\BaseBuilder.php on line 2521.
 1 SYSTEMPATH\Database\BaseBuilder.php(2455): CodeIgniter\Database\BaseBuilder->validateUpdate()
 2 APPPATH\Models\ModelPayment.php(175): CodeIgniter\Database\BaseBuilder->update([])
 3 APPPATH\Controllers\AJAX\Payment.php(245): App\Models\ModelPayment->deleteData([], [...])
 4 SYSTEMPATH\CodeIgniter.php(934): App\Controllers\AJAX\Payment->deleteData()
 5 SYSTEMPATH\CodeIgniter.php(499): CodeIgniter\CodeIgniter->runController(Object(App\Controllers\AJAX\Payment))
 6 SYSTEMPATH\CodeIgniter.php(368): CodeIgniter\CodeIgniter->handleRequest(null, Object(Config\Cache), false)
 7 FCPATH\index.php(67): CodeIgniter\CodeIgniter->run()
 8 SYSTEMPATH\Commands\Server\rewrite.php(47): require_once('FCPATH\\index.php')
ERROR - 2023-04-06 02:14:41 --> mysqli_sql_exception: You have an error in your SQL syntax; check the manual that corresponds to your MySQL server version for the right syntax to use near '0 = (2000000), 1 = (1000000), 2 = (1000000)
WHERE `id` = '115'' at line 1 in C:\laragon\www\SIPIUTANG\system\Database\MySQLi\Connection.php:295
Stack trace:
#0 C:\laragon\www\SIPIUTANG\system\Database\MySQLi\Connection.php(295): mysqli->query('UPDATE `tb_invo...', 0)
#1 C:\laragon\www\SIPIUTANG\system\Database\BaseConnection.php(691): CodeIgniter\Database\MySQLi\Connection->execute('UPDATE `tb_invo...')
#2 C:\laragon\www\SIPIUTANG\system\Database\BaseConnection.php(605): CodeIgniter\Database\BaseConnection->simpleQuery('UPDATE `tb_invo...')
#3 C:\laragon\www\SIPIUTANG\system\Database\BaseBuilder.php(2476): CodeIgniter\Database\BaseConnection->query('UPDATE `tb_invo...', Array, false)
#4 C:\laragon\www\SIPIUTANG\app\Models\ModelPayment.php(176): CodeIgniter\Database\BaseBuilder->update(Array)
#5 C:\laragon\www\SIPIUTANG\app\Controllers\AJAX\Payment.php(249): App\Models\ModelPayment->deleteData(Array, Array)
#6 C:\laragon\www\SIPIUTANG\system\CodeIgniter.php(934): App\Controllers\AJAX\Payment->deleteData()
#7 C:\laragon\www\SIPIUTANG\system\CodeIgniter.php(499): CodeIgniter\CodeIgniter->runController(Object(App\Controllers\AJAX\Payment))
#8 C:\laragon\www\SIPIUTANG\system\CodeIgniter.php(368): CodeIgniter\CodeIgniter->handleRequest(NULL, Object(Config\Cache), false)
#9 C:\laragon\www\SIPIUTANG\public\index.php(67): CodeIgniter\CodeIgniter->run()
#10 C:\laragon\www\SIPIUTANG\system\Commands\Server\rewrite.php(47): require_once('C:\\laragon\\www\\...')
#11 {main}
CRITICAL - 2023-04-06 02:14:41 --> You have an error in your SQL syntax; check the manual that corresponds to your MySQL server version for the right syntax to use near '0 = (2000000), 1 = (1000000), 2 = (1000000)
WHERE `id` = '115'' at line 1
in SYSTEMPATH\Database\BaseConnection.php on line 645.
 1 SYSTEMPATH\Database\BaseBuilder.php(2476): CodeIgniter\Database\BaseConnection->query('UPDATE `tb_invoice` SET 0 = :0:, 1 = :1:, 2 = :2:
WHERE `id` = :id:', [...], false)
 2 APPPATH\Models\ModelPayment.php(176): CodeIgniter\Database\BaseBuilder->update([...])
 3 APPPATH\Controllers\AJAX\Payment.php(249): App\Models\ModelPayment->deleteData([...], [...])
 4 SYSTEMPATH\CodeIgniter.php(934): App\Controllers\AJAX\Payment->deleteData()
 5 SYSTEMPATH\CodeIgniter.php(499): CodeIgniter\CodeIgniter->runController(Object(App\Controllers\AJAX\Payment))
 6 SYSTEMPATH\CodeIgniter.php(368): CodeIgniter\CodeIgniter->handleRequest(null, Object(Config\Cache), false)
 7 FCPATH\index.php(67): CodeIgniter\CodeIgniter->run()
 8 SYSTEMPATH\Commands\Server\rewrite.php(47): require_once('FCPATH\\index.php')
ERROR - 2023-04-06 02:15:20 --> mysqli_sql_exception: You have an error in your SQL syntax; check the manual that corresponds to your MySQL server version for the right syntax to use near '0 = (2000000), 1 = (1000000), 2 = (1000000)
WHERE `id` = '115'' at line 1 in C:\laragon\www\SIPIUTANG\system\Database\MySQLi\Connection.php:295
Stack trace:
#0 C:\laragon\www\SIPIUTANG\system\Database\MySQLi\Connection.php(295): mysqli->query('UPDATE `tb_invo...', 0)
#1 C:\laragon\www\SIPIUTANG\system\Database\BaseConnection.php(691): CodeIgniter\Database\MySQLi\Connection->execute('UPDATE `tb_invo...')
#2 C:\laragon\www\SIPIUTANG\system\Database\BaseConnection.php(605): CodeIgniter\Database\BaseConnection->simpleQuery('UPDATE `tb_invo...')
#3 C:\laragon\www\SIPIUTANG\system\Database\BaseBuilder.php(2476): CodeIgniter\Database\BaseConnection->query('UPDATE `tb_invo...', Array, false)
#4 C:\laragon\www\SIPIUTANG\app\Models\ModelPayment.php(171): CodeIgniter\Database\BaseBuilder->update(Array)
#5 C:\laragon\www\SIPIUTANG\app\Controllers\AJAX\Payment.php(249): App\Models\ModelPayment->deleteData(Array, Array)
#6 C:\laragon\www\SIPIUTANG\system\CodeIgniter.php(934): App\Controllers\AJAX\Payment->deleteData()
#7 C:\laragon\www\SIPIUTANG\system\CodeIgniter.php(499): CodeIgniter\CodeIgniter->runController(Object(App\Controllers\AJAX\Payment))
#8 C:\laragon\www\SIPIUTANG\system\CodeIgniter.php(368): CodeIgniter\CodeIgniter->handleRequest(NULL, Object(Config\Cache), false)
#9 C:\laragon\www\SIPIUTANG\public\index.php(67): CodeIgniter\CodeIgniter->run()
#10 C:\laragon\www\SIPIUTANG\system\Commands\Server\rewrite.php(47): require_once('C:\\laragon\\www\\...')
#11 {main}
CRITICAL - 2023-04-06 02:15:20 --> You have an error in your SQL syntax; check the manual that corresponds to your MySQL server version for the right syntax to use near '0 = (2000000), 1 = (1000000), 2 = (1000000)
WHERE `id` = '115'' at line 1
in SYSTEMPATH\Database\BaseConnection.php on line 645.
 1 SYSTEMPATH\Database\BaseBuilder.php(2476): CodeIgniter\Database\BaseConnection->query('UPDATE `tb_invoice` SET 0 = :0:, 1 = :1:, 2 = :2:
WHERE `id` = :id:', [...], false)
 2 APPPATH\Models\ModelPayment.php(171): CodeIgniter\Database\BaseBuilder->update([...])
 3 APPPATH\Controllers\AJAX\Payment.php(249): App\Models\ModelPayment->deleteData([...], [...])
 4 SYSTEMPATH\CodeIgniter.php(934): App\Controllers\AJAX\Payment->deleteData()
 5 SYSTEMPATH\CodeIgniter.php(499): CodeIgniter\CodeIgniter->runController(Object(App\Controllers\AJAX\Payment))
 6 SYSTEMPATH\CodeIgniter.php(368): CodeIgniter\CodeIgniter->handleRequest(null, Object(Config\Cache), false)
 7 FCPATH\index.php(67): CodeIgniter\CodeIgniter->run()
 8 SYSTEMPATH\Commands\Server\rewrite.php(47): require_once('FCPATH\\index.php')
ERROR - 2023-04-06 02:15:33 --> mysqli_sql_exception: You have an error in your SQL syntax; check the manual that corresponds to your MySQL server version for the right syntax to use near '0 = ('115',2000000), 1 = ('114',1000000), 2 = ('113',1000000)
WHERE `id` = '115'' at line 1 in C:\laragon\www\SIPIUTANG\system\Database\MySQLi\Connection.php:295
Stack trace:
#0 C:\laragon\www\SIPIUTANG\system\Database\MySQLi\Connection.php(295): mysqli->query('UPDATE `tb_invo...', 0)
#1 C:\laragon\www\SIPIUTANG\system\Database\BaseConnection.php(691): CodeIgniter\Database\MySQLi\Connection->execute('UPDATE `tb_invo...')
#2 C:\laragon\www\SIPIUTANG\system\Database\BaseConnection.php(605): CodeIgniter\Database\BaseConnection->simpleQuery('UPDATE `tb_invo...')
#3 C:\laragon\www\SIPIUTANG\system\Database\BaseBuilder.php(2476): CodeIgniter\Database\BaseConnection->query('UPDATE `tb_invo...', Array, false)
#4 C:\laragon\www\SIPIUTANG\app\Models\ModelPayment.php(171): CodeIgniter\Database\BaseBuilder->update(Array)
#5 C:\laragon\www\SIPIUTANG\app\Controllers\AJAX\Payment.php(250): App\Models\ModelPayment->deleteData(Array, Array)
#6 C:\laragon\www\SIPIUTANG\system\CodeIgniter.php(934): App\Controllers\AJAX\Payment->deleteData()
#7 C:\laragon\www\SIPIUTANG\system\CodeIgniter.php(499): CodeIgniter\CodeIgniter->runController(Object(App\Controllers\AJAX\Payment))
#8 C:\laragon\www\SIPIUTANG\system\CodeIgniter.php(368): CodeIgniter\CodeIgniter->handleRequest(NULL, Object(Config\Cache), false)
#9 C:\laragon\www\SIPIUTANG\public\index.php(67): CodeIgniter\CodeIgniter->run()
#10 C:\laragon\www\SIPIUTANG\system\Commands\Server\rewrite.php(47): require_once('C:\\laragon\\www\\...')
#11 {main}
CRITICAL - 2023-04-06 02:15:33 --> You have an error in your SQL syntax; check the manual that corresponds to your MySQL server version for the right syntax to use near '0 = ('115',2000000), 1 = ('114',1000000), 2 = ('113',1000000)
WHERE `id` = '115'' at line 1
in SYSTEMPATH\Database\BaseConnection.php on line 645.
 1 SYSTEMPATH\Database\BaseBuilder.php(2476): CodeIgniter\Database\BaseConnection->query('UPDATE `tb_invoice` SET 0 = :0:, 1 = :1:, 2 = :2:
WHERE `id` = :id:', [...], false)
 2 APPPATH\Models\ModelPayment.php(171): CodeIgniter\Database\BaseBuilder->update([...])
 3 APPPATH\Controllers\AJAX\Payment.php(250): App\Models\ModelPayment->deleteData([...], [...])
 4 SYSTEMPATH\CodeIgniter.php(934): App\Controllers\AJAX\Payment->deleteData()
 5 SYSTEMPATH\CodeIgniter.php(499): CodeIgniter\CodeIgniter->runController(Object(App\Controllers\AJAX\Payment))
 6 SYSTEMPATH\CodeIgniter.php(368): CodeIgniter\CodeIgniter->handleRequest(null, Object(Config\Cache), false)
 7 FCPATH\index.php(67): CodeIgniter\CodeIgniter->run()
 8 SYSTEMPATH\Commands\Server\rewrite.php(47): require_once('FCPATH\\index.php')
CRITICAL - 2023-04-06 02:16:17 --> You must specify a constraint to match on for batch updates.
in SYSTEMPATH\Database\MySQLi\Builder.php on line 72.
 1 SYSTEMPATH\Database\BaseBuilder.php(1792): CodeIgniter\Database\MySQLi\Builder->_updateBatch('`tb_invoice`', [...], [...])
 2 SYSTEMPATH\Database\BaseBuilder.php(2562): CodeIgniter\Database\BaseBuilder->batchExecute('_updateBatch', 100)
 3 APPPATH\Models\ModelPayment.php(171): CodeIgniter\Database\BaseBuilder->updateBatch([...])
 4 APPPATH\Controllers\AJAX\Payment.php(250): App\Models\ModelPayment->deleteData([...], [...])
 5 SYSTEMPATH\CodeIgniter.php(934): App\Controllers\AJAX\Payment->deleteData()
 6 SYSTEMPATH\CodeIgniter.php(499): CodeIgniter\CodeIgniter->runController(Object(App\Controllers\AJAX\Payment))
 7 SYSTEMPATH\CodeIgniter.php(368): CodeIgniter\CodeIgniter->handleRequest(null, Object(Config\Cache), false)
 8 FCPATH\index.php(67): CodeIgniter\CodeIgniter->run()
 9 SYSTEMPATH\Commands\Server\rewrite.php(47): require_once('FCPATH\\index.php')
CRITICAL - 2023-04-06 02:16:28 --> You must specify a constraint to match on for batch updates.
in SYSTEMPATH\Database\MySQLi\Builder.php on line 72.
 1 SYSTEMPATH\Database\BaseBuilder.php(1792): CodeIgniter\Database\MySQLi\Builder->_updateBatch('`tb_invoice`', [...], [...])
 2 SYSTEMPATH\Database\BaseBuilder.php(2562): CodeIgniter\Database\BaseBuilder->batchExecute('_updateBatch', 100)
 3 APPPATH\Models\ModelPayment.php(171): CodeIgniter\Database\BaseBuilder->updateBatch([...])
 4 APPPATH\Controllers\AJAX\Payment.php(250): App\Models\ModelPayment->deleteData([...], [...])
 5 SYSTEMPATH\CodeIgniter.php(934): App\Controllers\AJAX\Payment->deleteData()
 6 SYSTEMPATH\CodeIgniter.php(499): CodeIgniter\CodeIgniter->runController(Object(App\Controllers\AJAX\Payment))
 7 SYSTEMPATH\CodeIgniter.php(368): CodeIgniter\CodeIgniter->handleRequest(null, Object(Config\Cache), false)
 8 FCPATH\index.php(67): CodeIgniter\CodeIgniter->run()
 9 SYSTEMPATH\Commands\Server\rewrite.php(47): require_once('FCPATH\\index.php')
CRITICAL - 2023-04-06 02:17:45 --> You must specify a constraint to match on for batch updates.
in SYSTEMPATH\Database\MySQLi\Builder.php on line 72.
 1 SYSTEMPATH\Database\BaseBuilder.php(1792): CodeIgniter\Database\MySQLi\Builder->_updateBatch('`tb_invoice`', [...], [...])
 2 SYSTEMPATH\Database\BaseBuilder.php(2562): CodeIgniter\Database\BaseBuilder->batchExecute('_updateBatch', 100)
 3 APPPATH\Models\ModelPayment.php(171): CodeIgniter\Database\BaseBuilder->updateBatch([...])
 4 APPPATH\Controllers\AJAX\Payment.php(251): App\Models\ModelPayment->deleteData([...], [...])
 5 SYSTEMPATH\CodeIgniter.php(934): App\Controllers\AJAX\Payment->deleteData()
 6 SYSTEMPATH\CodeIgniter.php(499): CodeIgniter\CodeIgniter->runController(Object(App\Controllers\AJAX\Payment))
 7 SYSTEMPATH\CodeIgniter.php(368): CodeIgniter\CodeIgniter->handleRequest(null, Object(Config\Cache), false)
 8 FCPATH\index.php(67): CodeIgniter\CodeIgniter->run()
 9 SYSTEMPATH\Commands\Server\rewrite.php(47): require_once('FCPATH\\index.php')
CRITICAL - 2023-04-06 02:47:35 --> current(): Argument #1 ($array) must be of type array, string given
in SYSTEMPATH\Database\BaseBuilder.php on line 1834.
 1 SYSTEMPATH\Database\BaseBuilder.php(1834): current('id')
 2 SYSTEMPATH\Database\BaseBuilder.php(2559): CodeIgniter\Database\BaseBuilder->setData('id', true)
 3 APPPATH\Models\ModelPayment.php(179): CodeIgniter\Database\BaseBuilder->updateBatch('id', [...])
 4 APPPATH\Controllers\AJAX\Payment.php(253): App\Models\ModelPayment->deleteData([...], [...])
 5 SYSTEMPATH\CodeIgniter.php(934): App\Controllers\AJAX\Payment->deleteData()
 6 SYSTEMPATH\CodeIgniter.php(499): CodeIgniter\CodeIgniter->runController(Object(App\Controllers\AJAX\Payment))
 7 SYSTEMPATH\CodeIgniter.php(368): CodeIgniter\CodeIgniter->handleRequest(null, Object(Config\Cache), false)
 8 FCPATH\index.php(67): CodeIgniter\CodeIgniter->run()
 9 SYSTEMPATH\Commands\Server\rewrite.php(47): require_once('FCPATH\\index.php')
CRITICAL - 2023-04-06 02:48:09 --> current(): Argument #1 ($array) must be of type array, string given
in SYSTEMPATH\Database\BaseBuilder.php on line 1834.
 1 SYSTEMPATH\Database\BaseBuilder.php(1834): current('id')
 2 SYSTEMPATH\Database\BaseBuilder.php(2559): CodeIgniter\Database\BaseBuilder->setData('id', true)
 3 APPPATH\Models\ModelPayment.php(179): CodeIgniter\Database\BaseBuilder->updateBatch('id', [...])
 4 APPPATH\Controllers\AJAX\Payment.php(253): App\Models\ModelPayment->deleteData([...], [...])
 5 SYSTEMPATH\CodeIgniter.php(934): App\Controllers\AJAX\Payment->deleteData()
 6 SYSTEMPATH\CodeIgniter.php(499): CodeIgniter\CodeIgniter->runController(Object(App\Controllers\AJAX\Payment))
 7 SYSTEMPATH\CodeIgniter.php(368): CodeIgniter\CodeIgniter->handleRequest(null, Object(Config\Cache), false)
 8 FCPATH\index.php(67): CodeIgniter\CodeIgniter->run()
 9 SYSTEMPATH\Commands\Server\rewrite.php(47): require_once('FCPATH\\index.php')
CRITICAL - 2023-04-06 02:49:38 --> current(): Argument #1 ($array) must be of type array, string given
in SYSTEMPATH\Database\BaseBuilder.php on line 1834.
 1 SYSTEMPATH\Database\BaseBuilder.php(1834): current('tb_invoice.id')
 2 SYSTEMPATH\Database\BaseBuilder.php(2559): CodeIgniter\Database\BaseBuilder->setData('tb_invoice.id', true)
 3 APPPATH\Models\ModelPayment.php(178): CodeIgniter\Database\BaseBuilder->updateBatch('tb_invoice.id', [...])
 4 APPPATH\Controllers\AJAX\Payment.php(253): App\Models\ModelPayment->deleteData([...], [])
 5 SYSTEMPATH\CodeIgniter.php(934): App\Controllers\AJAX\Payment->deleteData()
 6 SYSTEMPATH\CodeIgniter.php(499): CodeIgniter\CodeIgniter->runController(Object(App\Controllers\AJAX\Payment))
 7 SYSTEMPATH\CodeIgniter.php(368): CodeIgniter\CodeIgniter->handleRequest(null, Object(Config\Cache), false)
 8 FCPATH\index.php(67): CodeIgniter\CodeIgniter->run()
 9 SYSTEMPATH\Commands\Server\rewrite.php(47): require_once('FCPATH\\index.php')
CRITICAL - 2023-04-06 02:51:11 --> Array to string conversion
in SYSTEMPATH\Database\MySQLi\Builder.php on line 103.
 1 SYSTEMPATH\Database\MySQLi\Builder.php(103): CodeIgniter\Debug\Exceptions->errorHandler(2, 'Array to string conversion', 'SYSTEMPATH\\Database\\MySQLi\\Builder.php', 103)
 2 [internal function]: CodeIgniter\Database\MySQLi\Builder::CodeIgniter\Database\MySQLi\{closure}(0, [...])
 3 SYSTEMPATH\Database\MySQLi\Builder.php(93): array_map(Object(Closure), [...], [...])
 4 SYSTEMPATH\Database\BaseBuilder.php(1792): CodeIgniter\Database\MySQLi\Builder->_updateBatch('`tb_invoice`', [...], [...])
 5 SYSTEMPATH\Database\BaseBuilder.php(2562): CodeIgniter\Database\BaseBuilder->batchExecute('_updateBatch', 100)
 6 APPPATH\Models\ModelPayment.php(173): CodeIgniter\Database\BaseBuilder->updateBatch([...], [...])
 7 APPPATH\Controllers\AJAX\Payment.php(253): App\Models\ModelPayment->deleteData([...], [...])
 8 SYSTEMPATH\CodeIgniter.php(934): App\Controllers\AJAX\Payment->deleteData()
 9 SYSTEMPATH\CodeIgniter.php(499): CodeIgniter\CodeIgniter->runController(Object(App\Controllers\AJAX\Payment))
10 SYSTEMPATH\CodeIgniter.php(368): CodeIgniter\CodeIgniter->handleRequest(null, Object(Config\Cache), false)
11 FCPATH\index.php(67): CodeIgniter\CodeIgniter->run()
12 SYSTEMPATH\Commands\Server\rewrite.php(47): require_once('FCPATH\\index.php')
CRITICAL - 2023-04-06 02:52:07 --> Array to string conversion
in SYSTEMPATH\Database\MySQLi\Builder.php on line 103.
 1 SYSTEMPATH\Database\MySQLi\Builder.php(103): CodeIgniter\Debug\Exceptions->errorHandler(2, 'Array to string conversion', 'SYSTEMPATH\\Database\\MySQLi\\Builder.php', 103)
 2 [internal function]: CodeIgniter\Database\MySQLi\Builder::CodeIgniter\Database\MySQLi\{closure}(0, [...])
 3 SYSTEMPATH\Database\MySQLi\Builder.php(93): array_map(Object(Closure), [...], [...])
 4 SYSTEMPATH\Database\BaseBuilder.php(1792): CodeIgniter\Database\MySQLi\Builder->_updateBatch('`tb_invoice`', [...], [...])
 5 SYSTEMPATH\Database\BaseBuilder.php(2562): CodeIgniter\Database\BaseBuilder->batchExecute('_updateBatch', 100)
 6 APPPATH\Models\ModelPayment.php(173): CodeIgniter\Database\BaseBuilder->updateBatch([...], [...])
 7 APPPATH\Controllers\AJAX\Payment.php(253): App\Models\ModelPayment->deleteData([...], [...])
 8 SYSTEMPATH\CodeIgniter.php(934): App\Controllers\AJAX\Payment->deleteData()
 9 SYSTEMPATH\CodeIgniter.php(499): CodeIgniter\CodeIgniter->runController(Object(App\Controllers\AJAX\Payment))
10 SYSTEMPATH\CodeIgniter.php(368): CodeIgniter\CodeIgniter->handleRequest(null, Object(Config\Cache), false)
11 FCPATH\index.php(67): CodeIgniter\CodeIgniter->run()
12 SYSTEMPATH\Commands\Server\rewrite.php(47): require_once('FCPATH\\index.php')
CRITICAL - 2023-04-06 02:52:24 --> Undefined array key "id"
in APPPATH\Models\ModelPayment.php on line 173.
 1 APPPATH\Models\ModelPayment.php(173): CodeIgniter\Debug\Exceptions->errorHandler(2, 'Undefined array key "id"', 'APPPATH\\Models\\ModelPayment.php', 173)
 2 APPPATH\Controllers\AJAX\Payment.php(253): App\Models\ModelPayment->deleteData([...], [...])
 3 SYSTEMPATH\CodeIgniter.php(934): App\Controllers\AJAX\Payment->deleteData()
 4 SYSTEMPATH\CodeIgniter.php(499): CodeIgniter\CodeIgniter->runController(Object(App\Controllers\AJAX\Payment))
 5 SYSTEMPATH\CodeIgniter.php(368): CodeIgniter\CodeIgniter->handleRequest(null, Object(Config\Cache), false)
 6 FCPATH\index.php(67): CodeIgniter\CodeIgniter->run()
 7 SYSTEMPATH\Commands\Server\rewrite.php(47): require_once('FCPATH\\index.php')
CRITICAL - 2023-04-06 02:53:01 --> current(): Argument #1 ($array) must be of type array, string given
in SYSTEMPATH\Database\BaseBuilder.php on line 1834.
 1 SYSTEMPATH\Database\BaseBuilder.php(1834): current('id')
 2 SYSTEMPATH\Database\BaseBuilder.php(2559): CodeIgniter\Database\BaseBuilder->setData('id', true)
 3 APPPATH\Models\ModelPayment.php(173): CodeIgniter\Database\BaseBuilder->updateBatch('id', [...])
 4 APPPATH\Controllers\AJAX\Payment.php(253): App\Models\ModelPayment->deleteData([...], [...])
 5 SYSTEMPATH\CodeIgniter.php(934): App\Controllers\AJAX\Payment->deleteData()
 6 SYSTEMPATH\CodeIgniter.php(499): CodeIgniter\CodeIgniter->runController(Object(App\Controllers\AJAX\Payment))
 7 SYSTEMPATH\CodeIgniter.php(368): CodeIgniter\CodeIgniter->handleRequest(null, Object(Config\Cache), false)
 8 FCPATH\index.php(67): CodeIgniter\CodeIgniter->run()
 9 SYSTEMPATH\Commands\Server\rewrite.php(47): require_once('FCPATH\\index.php')
CRITICAL - 2023-04-06 03:20:42 --> deleteBatch() has no data.
in SYSTEMPATH\Database\BaseBuilder.php on line 1772.
 1 SYSTEMPATH\Database\BaseBuilder.php(2826): CodeIgniter\Database\BaseBuilder->batchExecute('_deleteBatch', 100)
 2 APPPATH\Models\ModelPayment.php(177): CodeIgniter\Database\BaseBuilder->deleteBatch()
 3 APPPATH\Controllers\AJAX\Payment.php(253): App\Models\ModelPayment->deleteData([...], [...])
 4 SYSTEMPATH\CodeIgniter.php(934): App\Controllers\AJAX\Payment->deleteData()
 5 SYSTEMPATH\CodeIgniter.php(499): CodeIgniter\CodeIgniter->runController(Object(App\Controllers\AJAX\Payment))
 6 SYSTEMPATH\CodeIgniter.php(368): CodeIgniter\CodeIgniter->handleRequest(null, Object(Config\Cache), false)
 7 FCPATH\index.php(67): CodeIgniter\CodeIgniter->run()
 8 SYSTEMPATH\Commands\Server\rewrite.php(47): require_once('FCPATH\\index.php')
CRITICAL - 2023-04-06 03:36:13 --> deleteBatch() has no data.
in SYSTEMPATH\Database\BaseBuilder.php on line 1772.
 1 SYSTEMPATH\Database\BaseBuilder.php(2826): CodeIgniter\Database\BaseBuilder->batchExecute('_deleteBatch', 100)
 2 APPPATH\Models\ModelPayment.php(177): CodeIgniter\Database\BaseBuilder->deleteBatch()
 3 APPPATH\Controllers\AJAX\Payment.php(253): App\Models\ModelPayment->deleteData([], [...])
 4 SYSTEMPATH\CodeIgniter.php(934): App\Controllers\AJAX\Payment->deleteData()
 5 SYSTEMPATH\CodeIgniter.php(499): CodeIgniter\CodeIgniter->runController(Object(App\Controllers\AJAX\Payment))
 6 SYSTEMPATH\CodeIgniter.php(368): CodeIgniter\CodeIgniter->handleRequest(null, Object(Config\Cache), false)
 7 FCPATH\index.php(67): CodeIgniter\CodeIgniter->run()
 8 SYSTEMPATH\Commands\Server\rewrite.php(47): require_once('FCPATH\\index.php')
CRITICAL - 2023-04-06 03:36:42 --> You must specify a constraint to match on for batch deletes.
in SYSTEMPATH\Database\BaseBuilder.php on line 2850.
 1 SYSTEMPATH\Database\BaseBuilder.php(1792): CodeIgniter\Database\BaseBuilder->_deleteBatch('`invoice_payment`', [...], [...])
 2 SYSTEMPATH\Database\BaseBuilder.php(2826): CodeIgniter\Database\BaseBuilder->batchExecute('_deleteBatch', 100)
 3 APPPATH\Models\ModelPayment.php(177): CodeIgniter\Database\BaseBuilder->deleteBatch([...])
 4 APPPATH\Controllers\AJAX\Payment.php(253): App\Models\ModelPayment->deleteData([], [...])
 5 SYSTEMPATH\CodeIgniter.php(934): App\Controllers\AJAX\Payment->deleteData()
 6 SYSTEMPATH\CodeIgniter.php(499): CodeIgniter\CodeIgniter->runController(Object(App\Controllers\AJAX\Payment))
 7 SYSTEMPATH\CodeIgniter.php(368): CodeIgniter\CodeIgniter->handleRequest(null, Object(Config\Cache), false)
 8 FCPATH\index.php(67): CodeIgniter\CodeIgniter->run()
 9 SYSTEMPATH\Commands\Server\rewrite.php(47): require_once('FCPATH\\index.php')
CRITICAL - 2023-04-06 03:39:37 --> You must specify a constraint to match on for batch deletes.
in SYSTEMPATH\Database\BaseBuilder.php on line 2850.
 1 SYSTEMPATH\Database\BaseBuilder.php(1792): CodeIgniter\Database\BaseBuilder->_deleteBatch('`invoice_payment`', [...], [...])
 2 SYSTEMPATH\Database\BaseBuilder.php(2826): CodeIgniter\Database\BaseBuilder->batchExecute('_deleteBatch', 100)
 3 APPPATH\Models\ModelPayment.php(176): CodeIgniter\Database\BaseBuilder->deleteBatch([...])
 4 APPPATH\Controllers\AJAX\Payment.php(253): App\Models\ModelPayment->deleteData([], [...])
 5 SYSTEMPATH\CodeIgniter.php(934): App\Controllers\AJAX\Payment->deleteData()
 6 SYSTEMPATH\CodeIgniter.php(499): CodeIgniter\CodeIgniter->runController(Object(App\Controllers\AJAX\Payment))
 7 SYSTEMPATH\CodeIgniter.php(368): CodeIgniter\CodeIgniter->handleRequest(null, Object(Config\Cache), false)
 8 FCPATH\index.php(67): CodeIgniter\CodeIgniter->run()
 9 SYSTEMPATH\Commands\Server\rewrite.php(47): require_once('FCPATH\\index.php')
CRITICAL - 2023-04-06 03:40:02 --> You must specify a constraint to match on for batch deletes.
in SYSTEMPATH\Database\BaseBuilder.php on line 2850.
 1 SYSTEMPATH\Database\BaseBuilder.php(1792): CodeIgniter\Database\BaseBuilder->_deleteBatch('`invoice_payment`', [...], [...])
 2 SYSTEMPATH\Database\BaseBuilder.php(2826): CodeIgniter\Database\BaseBuilder->batchExecute('_deleteBatch', 100)
 3 APPPATH\Models\ModelPayment.php(176): CodeIgniter\Database\BaseBuilder->deleteBatch([...])
 4 APPPATH\Controllers\AJAX\Payment.php(253): App\Models\ModelPayment->deleteData([], [...])
 5 SYSTEMPATH\CodeIgniter.php(934): App\Controllers\AJAX\Payment->deleteData()
 6 SYSTEMPATH\CodeIgniter.php(499): CodeIgniter\CodeIgniter->runController(Object(App\Controllers\AJAX\Payment))
 7 SYSTEMPATH\CodeIgniter.php(368): CodeIgniter\CodeIgniter->handleRequest(null, Object(Config\Cache), false)
 8 FCPATH\index.php(67): CodeIgniter\CodeIgniter->run()
 9 SYSTEMPATH\Commands\Server\rewrite.php(47): require_once('FCPATH\\index.php')
CRITICAL - 2023-04-06 03:41:05 --> You must specify a constraint to match on for batch deletes.
in SYSTEMPATH\Database\BaseBuilder.php on line 2850.
 1 SYSTEMPATH\Database\BaseBuilder.php(1792): CodeIgniter\Database\BaseBuilder->_deleteBatch('`invoice_payment`', [...], [...])
 2 SYSTEMPATH\Database\BaseBuilder.php(2826): CodeIgniter\Database\BaseBuilder->batchExecute('_deleteBatch', 100)
 3 APPPATH\Models\ModelPayment.php(176): CodeIgniter\Database\BaseBuilder->deleteBatch([...])
 4 APPPATH\Controllers\AJAX\Payment.php(253): App\Models\ModelPayment->deleteData([], [...])
 5 SYSTEMPATH\CodeIgniter.php(934): App\Controllers\AJAX\Payment->deleteData()
 6 SYSTEMPATH\CodeIgniter.php(499): CodeIgniter\CodeIgniter->runController(Object(App\Controllers\AJAX\Payment))
 7 SYSTEMPATH\CodeIgniter.php(368): CodeIgniter\CodeIgniter->handleRequest(null, Object(Config\Cache), false)
 8 FCPATH\index.php(67): CodeIgniter\CodeIgniter->run()
 9 SYSTEMPATH\Commands\Server\rewrite.php(47): require_once('FCPATH\\index.php')
CRITICAL - 2023-04-06 03:45:19 --> You must specify a constraint to match on for batch deletes.
in SYSTEMPATH\Database\BaseBuilder.php on line 2850.
 1 SYSTEMPATH\Database\BaseBuilder.php(1792): CodeIgniter\Database\BaseBuilder->_deleteBatch('`invoice_payment`', [...], [...])
 2 SYSTEMPATH\Database\BaseBuilder.php(2826): CodeIgniter\Database\BaseBuilder->batchExecute('_deleteBatch', 100)
 3 APPPATH\Models\ModelPayment.php(178): CodeIgniter\Database\BaseBuilder->deleteBatch()
 4 APPPATH\Controllers\AJAX\Payment.php(253): App\Models\ModelPayment->deleteData([], [...])
 5 SYSTEMPATH\CodeIgniter.php(934): App\Controllers\AJAX\Payment->deleteData()
 6 SYSTEMPATH\CodeIgniter.php(499): CodeIgniter\CodeIgniter->runController(Object(App\Controllers\AJAX\Payment))
 7 SYSTEMPATH\CodeIgniter.php(368): CodeIgniter\CodeIgniter->handleRequest(null, Object(Config\Cache), false)
 8 FCPATH\index.php(67): CodeIgniter\CodeIgniter->run()
 9 SYSTEMPATH\Commands\Server\rewrite.php(47): require_once('FCPATH\\index.php')
CRITICAL - 2023-04-06 03:46:00 --> You must specify a constraint to match on for batch deletes.
in SYSTEMPATH\Database\BaseBuilder.php on line 2850.
 1 SYSTEMPATH\Database\BaseBuilder.php(1792): CodeIgniter\Database\BaseBuilder->_deleteBatch('`invoice_payment`', [...], [...])
 2 SYSTEMPATH\Database\BaseBuilder.php(2826): CodeIgniter\Database\BaseBuilder->batchExecute('_deleteBatch', 100)
 3 APPPATH\Models\ModelPayment.php(178): CodeIgniter\Database\BaseBuilder->deleteBatch()
 4 APPPATH\Controllers\AJAX\Payment.php(253): App\Models\ModelPayment->deleteData([], [...])
 5 SYSTEMPATH\CodeIgniter.php(934): App\Controllers\AJAX\Payment->deleteData()
 6 SYSTEMPATH\CodeIgniter.php(499): CodeIgniter\CodeIgniter->runController(Object(App\Controllers\AJAX\Payment))
 7 SYSTEMPATH\CodeIgniter.php(368): CodeIgniter\CodeIgniter->handleRequest(null, Object(Config\Cache), false)
 8 FCPATH\index.php(67): CodeIgniter\CodeIgniter->run()
 9 SYSTEMPATH\Commands\Server\rewrite.php(47): require_once('FCPATH\\index.php')
CRITICAL - 2023-04-06 03:46:21 --> You must specify a constraint to match on for batch deletes.
in SYSTEMPATH\Database\BaseBuilder.php on line 2850.
 1 SYSTEMPATH\Database\BaseBuilder.php(1792): CodeIgniter\Database\BaseBuilder->_deleteBatch('`invoice_payment`', [...], [...])
 2 SYSTEMPATH\Database\BaseBuilder.php(2826): CodeIgniter\Database\BaseBuilder->batchExecute('_deleteBatch', 100)
 3 APPPATH\Models\ModelPayment.php(178): CodeIgniter\Database\BaseBuilder->deleteBatch()
 4 APPPATH\Controllers\AJAX\Payment.php(253): App\Models\ModelPayment->deleteData([], [...])
 5 SYSTEMPATH\CodeIgniter.php(934): App\Controllers\AJAX\Payment->deleteData()
 6 SYSTEMPATH\CodeIgniter.php(499): CodeIgniter\CodeIgniter->runController(Object(App\Controllers\AJAX\Payment))
 7 SYSTEMPATH\CodeIgniter.php(368): CodeIgniter\CodeIgniter->handleRequest(null, Object(Config\Cache), false)
 8 FCPATH\index.php(67): CodeIgniter\CodeIgniter->run()
 9 SYSTEMPATH\Commands\Server\rewrite.php(47): require_once('FCPATH\\index.php')
CRITICAL - 2023-04-06 03:46:47 --> You must specify a constraint to match on for batch deletes.
in SYSTEMPATH\Database\BaseBuilder.php on line 2850.
 1 SYSTEMPATH\Database\BaseBuilder.php(1792): CodeIgniter\Database\BaseBuilder->_deleteBatch('`invoice_payment`', [...], [...])
 2 SYSTEMPATH\Database\BaseBuilder.php(2826): CodeIgniter\Database\BaseBuilder->batchExecute('_deleteBatch', 100)
 3 APPPATH\Models\ModelPayment.php(178): CodeIgniter\Database\BaseBuilder->deleteBatch()
 4 APPPATH\Controllers\AJAX\Payment.php(253): App\Models\ModelPayment->deleteData([], [...])
 5 SYSTEMPATH\CodeIgniter.php(934): App\Controllers\AJAX\Payment->deleteData()
 6 SYSTEMPATH\CodeIgniter.php(499): CodeIgniter\CodeIgniter->runController(Object(App\Controllers\AJAX\Payment))
 7 SYSTEMPATH\CodeIgniter.php(368): CodeIgniter\CodeIgniter->handleRequest(null, Object(Config\Cache), false)
 8 FCPATH\index.php(67): CodeIgniter\CodeIgniter->run()
 9 SYSTEMPATH\Commands\Server\rewrite.php(47): require_once('FCPATH\\index.php')
CRITICAL - 2023-04-06 03:47:55 --> You must specify a constraint to match on for batch deletes.
in SYSTEMPATH\Database\BaseBuilder.php on line 2850.
 1 SYSTEMPATH\Database\BaseBuilder.php(1792): CodeIgniter\Database\BaseBuilder->_deleteBatch('`invoice_payment`', [...], [...])
 2 SYSTEMPATH\Database\BaseBuilder.php(2826): CodeIgniter\Database\BaseBuilder->batchExecute('_deleteBatch', 100)
 3 APPPATH\Models\ModelPayment.php(178): CodeIgniter\Database\BaseBuilder->deleteBatch()
 4 APPPATH\Controllers\AJAX\Payment.php(253): App\Models\ModelPayment->deleteData([], [...])
 5 SYSTEMPATH\CodeIgniter.php(934): App\Controllers\AJAX\Payment->deleteData()
 6 SYSTEMPATH\CodeIgniter.php(499): CodeIgniter\CodeIgniter->runController(Object(App\Controllers\AJAX\Payment))
 7 SYSTEMPATH\CodeIgniter.php(368): CodeIgniter\CodeIgniter->handleRequest(null, Object(Config\Cache), false)
 8 FCPATH\index.php(67): CodeIgniter\CodeIgniter->run()
 9 SYSTEMPATH\Commands\Server\rewrite.php(47): require_once('FCPATH\\index.php')
CRITICAL - 2023-04-06 03:48:00 --> You must specify a constraint to match on for batch deletes.
in SYSTEMPATH\Database\BaseBuilder.php on line 2850.
 1 SYSTEMPATH\Database\BaseBuilder.php(1792): CodeIgniter\Database\BaseBuilder->_deleteBatch('`invoice_payment`', [...], [...])
 2 SYSTEMPATH\Database\BaseBuilder.php(2826): CodeIgniter\Database\BaseBuilder->batchExecute('_deleteBatch', 100)
 3 APPPATH\Models\ModelPayment.php(178): CodeIgniter\Database\BaseBuilder->deleteBatch()
 4 APPPATH\Controllers\AJAX\Payment.php(253): App\Models\ModelPayment->deleteData([], [...])
 5 SYSTEMPATH\CodeIgniter.php(934): App\Controllers\AJAX\Payment->deleteData()
 6 SYSTEMPATH\CodeIgniter.php(499): CodeIgniter\CodeIgniter->runController(Object(App\Controllers\AJAX\Payment))
 7 SYSTEMPATH\CodeIgniter.php(368): CodeIgniter\CodeIgniter->handleRequest(null, Object(Config\Cache), false)
 8 FCPATH\index.php(67): CodeIgniter\CodeIgniter->run()
 9 SYSTEMPATH\Commands\Server\rewrite.php(47): require_once('FCPATH\\index.php')
CRITICAL - 2023-04-06 04:16:23 --> updateBatch() has no data.
in SYSTEMPATH\Database\BaseBuilder.php on line 1772.
 1 SYSTEMPATH\Database\BaseBuilder.php(2562): CodeIgniter\Database\BaseBuilder->batchExecute('_updateBatch', 100)
 2 APPPATH\Models\ModelPayment.php(172): CodeIgniter\Database\BaseBuilder->updateBatch([], 'id')
 3 APPPATH\Controllers\AJAX\Payment.php(255): App\Models\ModelPayment->deleteData([], [...], [...])
 4 SYSTEMPATH\CodeIgniter.php(934): App\Controllers\AJAX\Payment->deleteData()
 5 SYSTEMPATH\CodeIgniter.php(499): CodeIgniter\CodeIgniter->runController(Object(App\Controllers\AJAX\Payment))
 6 SYSTEMPATH\CodeIgniter.php(368): CodeIgniter\CodeIgniter->handleRequest(null, Object(Config\Cache), false)
 7 FCPATH\index.php(67): CodeIgniter\CodeIgniter->run()
 8 SYSTEMPATH\Commands\Server\rewrite.php(47): require_once('FCPATH\\index.php')
CRITICAL - 2023-04-06 04:16:46 --> updateBatch() has no data.
in SYSTEMPATH\Database\BaseBuilder.php on line 1772.
 1 SYSTEMPATH\Database\BaseBuilder.php(2562): CodeIgniter\Database\BaseBuilder->batchExecute('_updateBatch', 100)
 2 APPPATH\Models\ModelPayment.php(172): CodeIgniter\Database\BaseBuilder->updateBatch([], 'id')
 3 APPPATH\Controllers\AJAX\Payment.php(255): App\Models\ModelPayment->deleteData([], [...], [...])
 4 SYSTEMPATH\CodeIgniter.php(934): App\Controllers\AJAX\Payment->deleteData()
 5 SYSTEMPATH\CodeIgniter.php(499): CodeIgniter\CodeIgniter->runController(Object(App\Controllers\AJAX\Payment))
 6 SYSTEMPATH\CodeIgniter.php(368): CodeIgniter\CodeIgniter->handleRequest(null, Object(Config\Cache), false)
 7 FCPATH\index.php(67): CodeIgniter\CodeIgniter->run()
 8 SYSTEMPATH\Commands\Server\rewrite.php(47): require_once('FCPATH\\index.php')
ERROR - 2023-04-06 04:17:22 --> mysqli_sql_exception: You have an error in your SQL syntax; check the manual that corresponds to your MySQL server version for the right syntax to use near '= 270' at line 2 in C:\laragon\www\SIPIUTANG\system\Database\MySQLi\Connection.php:295
Stack trace:
#0 C:\laragon\www\SIPIUTANG\system\Database\MySQLi\Connection.php(295): mysqli->query('DELETE FROM `tb...', 0)
#1 C:\laragon\www\SIPIUTANG\system\Database\BaseConnection.php(691): CodeIgniter\Database\MySQLi\Connection->execute('DELETE FROM `tb...')
#2 C:\laragon\www\SIPIUTANG\system\Database\BaseConnection.php(605): CodeIgniter\Database\BaseConnection->simpleQuery('DELETE FROM `tb...')
#3 C:\laragon\www\SIPIUTANG\system\Database\BaseBuilder.php(2791): CodeIgniter\Database\BaseConnection->query('DELETE FROM `tb...', Array, false)
#4 C:\laragon\www\SIPIUTANG\app\Models\ModelPayment.php(180): CodeIgniter\Database\BaseBuilder->delete(Array)
#5 C:\laragon\www\SIPIUTANG\app\Controllers\AJAX\Payment.php(255): App\Models\ModelPayment->deleteData(Array, Array, Array)
#6 C:\laragon\www\SIPIUTANG\system\CodeIgniter.php(934): App\Controllers\AJAX\Payment->deleteData()
#7 C:\laragon\www\SIPIUTANG\system\CodeIgniter.php(499): CodeIgniter\CodeIgniter->runController(Object(App\Controllers\AJAX\Payment))
#8 C:\laragon\www\SIPIUTANG\system\CodeIgniter.php(368): CodeIgniter\CodeIgniter->handleRequest(NULL, Object(Config\Cache), false)
#9 C:\laragon\www\SIPIUTANG\public\index.php(67): CodeIgniter\CodeIgniter->run()
#10 C:\laragon\www\SIPIUTANG\system\Commands\Server\rewrite.php(47): require_once('C:\\laragon\\www\\...')
#11 {main}
CRITICAL - 2023-04-06 04:17:22 --> You have an error in your SQL syntax; check the manual that corresponds to your MySQL server version for the right syntax to use near '= 270' at line 2
in SYSTEMPATH\Database\BaseConnection.php on line 645.
 1 SYSTEMPATH\Database\BaseBuilder.php(2791): CodeIgniter\Database\BaseConnection->query('DELETE FROM `tb_payment`
WHERE  = ::', [...], false)
 2 APPPATH\Models\ModelPayment.php(180): CodeIgniter\Database\BaseBuilder->delete([...])
 3 APPPATH\Controllers\AJAX\Payment.php(255): App\Models\ModelPayment->deleteData([...], [...], [...])
 4 SYSTEMPATH\CodeIgniter.php(934): App\Controllers\AJAX\Payment->deleteData()
 5 SYSTEMPATH\CodeIgniter.php(499): CodeIgniter\CodeIgniter->runController(Object(App\Controllers\AJAX\Payment))
 6 SYSTEMPATH\CodeIgniter.php(368): CodeIgniter\CodeIgniter->handleRequest(null, Object(Config\Cache), false)
 7 FCPATH\index.php(67): CodeIgniter\CodeIgniter->run()
 8 SYSTEMPATH\Commands\Server\rewrite.php(47): require_once('FCPATH\\index.php')
CRITICAL - 2023-04-06 05:41:52 --> updateBatch() has no data.
in SYSTEMPATH\Database\BaseBuilder.php on line 1772.
 1 SYSTEMPATH\Database\BaseBuilder.php(2562): CodeIgniter\Database\BaseBuilder->batchExecute('_updateBatch', 100)
 2 APPPATH\Models\ModelPayment.php(172): CodeIgniter\Database\BaseBuilder->updateBatch([], 'id')
 3 APPPATH\Controllers\AJAX\Payment.php(255): App\Models\ModelPayment->deleteData([], [...], [...])
 4 SYSTEMPATH\CodeIgniter.php(934): App\Controllers\AJAX\Payment->deleteData()
 5 SYSTEMPATH\CodeIgniter.php(499): CodeIgniter\CodeIgniter->runController(Object(App\Controllers\AJAX\Payment))
 6 SYSTEMPATH\CodeIgniter.php(368): CodeIgniter\CodeIgniter->handleRequest(null, Object(Config\Cache), false)
 7 FCPATH\index.php(67): CodeIgniter\CodeIgniter->run()
 8 SYSTEMPATH\Commands\Server\rewrite.php(47): require_once('FCPATH\\index.php')
CRITICAL - 2023-04-06 05:42:13 --> updateBatch() has no data.
in SYSTEMPATH\Database\BaseBuilder.php on line 1772.
 1 SYSTEMPATH\Database\BaseBuilder.php(2562): CodeIgniter\Database\BaseBuilder->batchExecute('_updateBatch', 100)
 2 APPPATH\Models\ModelPayment.php(172): CodeIgniter\Database\BaseBuilder->updateBatch([], 'id')
 3 APPPATH\Controllers\AJAX\Payment.php(255): App\Models\ModelPayment->deleteData([], [...], [...])
 4 SYSTEMPATH\CodeIgniter.php(934): App\Controllers\AJAX\Payment->deleteData()
 5 SYSTEMPATH\CodeIgniter.php(499): CodeIgniter\CodeIgniter->runController(Object(App\Controllers\AJAX\Payment))
 6 SYSTEMPATH\CodeIgniter.php(368): CodeIgniter\CodeIgniter->handleRequest(null, Object(Config\Cache), false)
 7 FCPATH\index.php(67): CodeIgniter\CodeIgniter->run()
 8 SYSTEMPATH\Commands\Server\rewrite.php(47): require_once('FCPATH\\index.php')
CRITICAL - 2023-04-06 05:43:00 --> updateBatch() has no data.
in SYSTEMPATH\Database\BaseBuilder.php on line 1772.
 1 SYSTEMPATH\Database\BaseBuilder.php(2562): CodeIgniter\Database\BaseBuilder->batchExecute('_updateBatch', 100)
 2 APPPATH\Models\ModelPayment.php(172): CodeIgniter\Database\BaseBuilder->updateBatch([], 'id')
 3 APPPATH\Controllers\AJAX\Payment.php(255): App\Models\ModelPayment->deleteData([], [...], [...])
 4 SYSTEMPATH\CodeIgniter.php(934): App\Controllers\AJAX\Payment->deleteData()
 5 SYSTEMPATH\CodeIgniter.php(499): CodeIgniter\CodeIgniter->runController(Object(App\Controllers\AJAX\Payment))
 6 SYSTEMPATH\CodeIgniter.php(368): CodeIgniter\CodeIgniter->handleRequest(null, Object(Config\Cache), false)
 7 FCPATH\index.php(67): CodeIgniter\CodeIgniter->run()
 8 SYSTEMPATH\Commands\Server\rewrite.php(47): require_once('FCPATH\\index.php')
CRITICAL - 2023-04-06 05:43:23 --> updateBatch() has no data.
in SYSTEMPATH\Database\BaseBuilder.php on line 1772.
 1 SYSTEMPATH\Database\BaseBuilder.php(2562): CodeIgniter\Database\BaseBuilder->batchExecute('_updateBatch', 100)
 2 APPPATH\Models\ModelPayment.php(172): CodeIgniter\Database\BaseBuilder->updateBatch([], 'id')
 3 APPPATH\Controllers\AJAX\Payment.php(255): App\Models\ModelPayment->deleteData([], [...], [...])
 4 SYSTEMPATH\CodeIgniter.php(934): App\Controllers\AJAX\Payment->deleteData()
 5 SYSTEMPATH\CodeIgniter.php(499): CodeIgniter\CodeIgniter->runController(Object(App\Controllers\AJAX\Payment))
 6 SYSTEMPATH\CodeIgniter.php(368): CodeIgniter\CodeIgniter->handleRequest(null, Object(Config\Cache), false)
 7 FCPATH\index.php(67): CodeIgniter\CodeIgniter->run()
 8 SYSTEMPATH\Commands\Server\rewrite.php(47): require_once('FCPATH\\index.php')
