ERROR - 2023-03-26 02:29:40 --> mysqli_sql_exception: Unknown column 'id_invoice_ekspedisi' in 'field list' in C:\laragon\www\SIPIUTANG\system\Database\MySQLi\Connection.php:295
Stack trace:
#0 C:\laragon\www\SIPIUTANG\system\Database\MySQLi\Connection.php(295): mysqli->query('SELECT SUM(sisa...', 0)
#1 C:\laragon\www\SIPIUTANG\system\Database\BaseConnection.php(691): CodeIgniter\Database\MySQLi\Connection->execute('SELECT SUM(sisa...')
#2 C:\laragon\www\SIPIUTANG\system\Database\BaseConnection.php(605): CodeIgniter\Database\BaseConnection->simpleQuery('SELECT SUM(sisa...')
#3 C:\laragon\www\SIPIUTANG\system\Database\BaseBuilder.php(1616): CodeIgniter\Database\BaseConnection->query('SELECT SUM(sisa...', Array, false)
#4 C:\laragon\www\SIPIUTANG\app\Models\ModelInvoice.php(81): CodeIgniter\Database\BaseBuilder->get()
#5 C:\laragon\www\SIPIUTANG\app\Controllers\AJAX\Piutang.php(23): App\Models\ModelInvoice->getHutang(NULL)
#6 C:\laragon\www\SIPIUTANG\system\CodeIgniter.php(934): App\Controllers\AJAX\Piutang->index(NULL)
#7 C:\laragon\www\SIPIUTANG\system\CodeIgniter.php(499): CodeIgniter\CodeIgniter->runController(Object(App\Controllers\AJAX\Piutang))
#8 C:\laragon\www\SIPIUTANG\system\CodeIgniter.php(368): CodeIgniter\CodeIgniter->handleRequest(NULL, Object(Config\Cache), false)
#9 C:\laragon\www\SIPIUTANG\public\index.php(67): CodeIgniter\CodeIgniter->run()
#10 C:\laragon\www\SIPIUTANG\system\Commands\Server\rewrite.php(47): require_once('C:\\laragon\\www\\...')
#11 {main}
CRITICAL - 2023-03-26 02:29:40 --> Unknown column 'id_invoice_ekspedisi' in 'field list'
in SYSTEMPATH\Database\BaseConnection.php on line 645.
 1 SYSTEMPATH\Database\BaseBuilder.php(1616): CodeIgniter\Database\BaseConnection->query('SELECT SUM(sisa_hutang) as hutang_invoice, `id_customer`, SUM(sisa_hutang_ekspedisi) AS sisa_hutang_ekspedisi, `nama_usaha`, `nama_cstmr`, `telepon`, `atas_nama`, COUNT(sisa_hutang_ekspedisi) AS jmlh_data, `id_invoice_ekspedisi`
FROM `tb_invoice`
JOIN `tb_customer` ON `tb_customer`.`id` = `tb_invoice`.`id_customer`
LEFT JOIN `tb_invoice_ekspedisi` ON `tb_invoice_ekspedisi`.`id` = `tb_invoice`.`id_invoice_ekspedisi`
GROUP BY `id_customer`, `id_invoice_ekspedisi`', [], false)
 2 APPPATH\Models\ModelInvoice.php(81): CodeIgniter\Database\BaseBuilder->get()
 3 APPPATH\Controllers\AJAX\Piutang.php(23): App\Models\ModelInvoice->getHutang(null)
 4 SYSTEMPATH\CodeIgniter.php(934): App\Controllers\AJAX\Piutang->index(null)
 5 SYSTEMPATH\CodeIgniter.php(499): CodeIgniter\CodeIgniter->runController(Object(App\Controllers\AJAX\Piutang))
 6 SYSTEMPATH\CodeIgniter.php(368): CodeIgniter\CodeIgniter->handleRequest(null, Object(Config\Cache), false)
 7 FCPATH\index.php(67): CodeIgniter\CodeIgniter->run()
 8 SYSTEMPATH\Commands\Server\rewrite.php(47): require_once('FCPATH\\index.php')
ERROR - 2023-03-26 03:02:34 --> mysqli_sql_exception: Unknown column 'id_invoice' in 'field list' in C:\laragon\www\SIPIUTANG\system\Database\MySQLi\Connection.php:295
Stack trace:
#0 C:\laragon\www\SIPIUTANG\system\Database\MySQLi\Connection.php(295): mysqli->query('SELECT `id_cust...', 0)
#1 C:\laragon\www\SIPIUTANG\system\Database\BaseConnection.php(691): CodeIgniter\Database\MySQLi\Connection->execute('SELECT `id_cust...')
#2 C:\laragon\www\SIPIUTANG\system\Database\BaseConnection.php(605): CodeIgniter\Database\BaseConnection->simpleQuery('SELECT `id_cust...')
#3 C:\laragon\www\SIPIUTANG\system\Database\BaseBuilder.php(1749): CodeIgniter\Database\BaseConnection->query('SELECT `id_cust...', Array, false)
#4 C:\laragon\www\SIPIUTANG\app\Models\ModelInvoice.php(60): CodeIgniter\Database\BaseBuilder->getWhere(Array)
#5 C:\laragon\www\SIPIUTANG\app\Controllers\AJAX\Piutang.php(134): App\Models\ModelInvoice->getDetailHutang(Array)
#6 C:\laragon\www\SIPIUTANG\system\CodeIgniter.php(934): App\Controllers\AJAX\Piutang->getDetailHutang('5', '5')
#7 C:\laragon\www\SIPIUTANG\system\CodeIgniter.php(499): CodeIgniter\CodeIgniter->runController(Object(App\Controllers\AJAX\Piutang))
#8 C:\laragon\www\SIPIUTANG\system\CodeIgniter.php(368): CodeIgniter\CodeIgniter->handleRequest(NULL, Object(Config\Cache), false)
#9 C:\laragon\www\SIPIUTANG\public\index.php(67): CodeIgniter\CodeIgniter->run()
#10 C:\laragon\www\SIPIUTANG\system\Commands\Server\rewrite.php(47): require_once('C:\\laragon\\www\\...')
#11 {main}
CRITICAL - 2023-03-26 03:02:34 --> Unknown column 'id_invoice' in 'field list'
in SYSTEMPATH\Database\BaseConnection.php on line 645.
 1 SYSTEMPATH\Database\BaseBuilder.php(1749): CodeIgniter\Database\BaseConnection->query('SELECT `id_customer`, `id_invoice_ekspedisi`, `id_invoice`
FROM `tb_invoice`
LEFT JOIN `tb_customer` ON `tb_customer`.`id` = `tb_invoice`.`id_customer`
LEFT JOIN `tb_invoice_ekspedisi` ON `tb_invoice_ekspedisi`.`id` = `tb_invoice`.`id_invoice_ekspedisi`
WHERE `tb_invoice`.`id_customer` = :tb_invoice.id_customer:
AND `tb_invoice`.`id_invoice_ekspedisi` = :tb_invoice.id_invoice_ekspedisi:', [...], false)
 2 APPPATH\Models\ModelInvoice.php(60): CodeIgniter\Database\BaseBuilder->getWhere([...])
 3 APPPATH\Controllers\AJAX\Piutang.php(134): App\Models\ModelInvoice->getDetailHutang([...])
 4 SYSTEMPATH\CodeIgniter.php(934): App\Controllers\AJAX\Piutang->getDetailHutang('5', '5')
 5 SYSTEMPATH\CodeIgniter.php(499): CodeIgniter\CodeIgniter->runController(Object(App\Controllers\AJAX\Piutang))
 6 SYSTEMPATH\CodeIgniter.php(368): CodeIgniter\CodeIgniter->handleRequest(null, Object(Config\Cache), false)
 7 FCPATH\index.php(67): CodeIgniter\CodeIgniter->run()
 8 SYSTEMPATH\Commands\Server\rewrite.php(47): require_once('FCPATH\\index.php')
ERROR - 2023-03-26 03:02:53 --> mysqli_sql_exception: Column 'id' in field list is ambiguous in C:\laragon\www\SIPIUTANG\system\Database\MySQLi\Connection.php:295
Stack trace:
#0 C:\laragon\www\SIPIUTANG\system\Database\MySQLi\Connection.php(295): mysqli->query('SELECT `id_cust...', 0)
#1 C:\laragon\www\SIPIUTANG\system\Database\BaseConnection.php(691): CodeIgniter\Database\MySQLi\Connection->execute('SELECT `id_cust...')
#2 C:\laragon\www\SIPIUTANG\system\Database\BaseConnection.php(605): CodeIgniter\Database\BaseConnection->simpleQuery('SELECT `id_cust...')
#3 C:\laragon\www\SIPIUTANG\system\Database\BaseBuilder.php(1749): CodeIgniter\Database\BaseConnection->query('SELECT `id_cust...', Array, false)
#4 C:\laragon\www\SIPIUTANG\app\Models\ModelInvoice.php(60): CodeIgniter\Database\BaseBuilder->getWhere(Array)
#5 C:\laragon\www\SIPIUTANG\app\Controllers\AJAX\Piutang.php(134): App\Models\ModelInvoice->getDetailHutang(Array)
#6 C:\laragon\www\SIPIUTANG\system\CodeIgniter.php(934): App\Controllers\AJAX\Piutang->getDetailHutang('5', '5')
#7 C:\laragon\www\SIPIUTANG\system\CodeIgniter.php(499): CodeIgniter\CodeIgniter->runController(Object(App\Controllers\AJAX\Piutang))
#8 C:\laragon\www\SIPIUTANG\system\CodeIgniter.php(368): CodeIgniter\CodeIgniter->handleRequest(NULL, Object(Config\Cache), false)
#9 C:\laragon\www\SIPIUTANG\public\index.php(67): CodeIgniter\CodeIgniter->run()
#10 C:\laragon\www\SIPIUTANG\system\Commands\Server\rewrite.php(47): require_once('C:\\laragon\\www\\...')
#11 {main}
CRITICAL - 2023-03-26 03:02:53 --> Column 'id' in field list is ambiguous
in SYSTEMPATH\Database\BaseConnection.php on line 645.
 1 SYSTEMPATH\Database\BaseBuilder.php(1749): CodeIgniter\Database\BaseConnection->query('SELECT `id_customer`, `id_invoice_ekspedisi`, `id` AS `id_invoice`
FROM `tb_invoice`
LEFT JOIN `tb_customer` ON `tb_customer`.`id` = `tb_invoice`.`id_customer`
LEFT JOIN `tb_invoice_ekspedisi` ON `tb_invoice_ekspedisi`.`id` = `tb_invoice`.`id_invoice_ekspedisi`
WHERE `tb_invoice`.`id_customer` = :tb_invoice.id_customer:
AND `tb_invoice`.`id_invoice_ekspedisi` = :tb_invoice.id_invoice_ekspedisi:', [...], false)
 2 APPPATH\Models\ModelInvoice.php(60): CodeIgniter\Database\BaseBuilder->getWhere([...])
 3 APPPATH\Controllers\AJAX\Piutang.php(134): App\Models\ModelInvoice->getDetailHutang([...])
 4 SYSTEMPATH\CodeIgniter.php(934): App\Controllers\AJAX\Piutang->getDetailHutang('5', '5')
 5 SYSTEMPATH\CodeIgniter.php(499): CodeIgniter\CodeIgniter->runController(Object(App\Controllers\AJAX\Piutang))
 6 SYSTEMPATH\CodeIgniter.php(368): CodeIgniter\CodeIgniter->handleRequest(null, Object(Config\Cache), false)
 7 FCPATH\index.php(67): CodeIgniter\CodeIgniter->run()
 8 SYSTEMPATH\Commands\Server\rewrite.php(47): require_once('FCPATH\\index.php')
CRITICAL - 2023-03-26 03:29:15 --> Undefined property: stdClass::$nama_ekspedisi
in APPPATH\Controllers\AJAX\Piutang.php on line 55.
 1 APPPATH\Controllers\AJAX\Piutang.php(55): CodeIgniter\Debug\Exceptions->errorHandler(2, 'Undefined property: stdClass::$nama_ekspedisi', 'APPPATH\\Controllers\\AJAX\\Piutang.php', 55)
 2 SYSTEMPATH\CodeIgniter.php(934): App\Controllers\AJAX\Piutang->index(null)
 3 SYSTEMPATH\CodeIgniter.php(499): CodeIgniter\CodeIgniter->runController(Object(App\Controllers\AJAX\Piutang))
 4 SYSTEMPATH\CodeIgniter.php(368): CodeIgniter\CodeIgniter->handleRequest(null, Object(Config\Cache), false)
 5 FCPATH\index.php(67): CodeIgniter\CodeIgniter->run()
 6 SYSTEMPATH\Commands\Server\rewrite.php(47): require_once('FCPATH\\index.php')
CRITICAL - 2023-03-26 03:30:17 --> Undefined property: stdClass::$nama_ekspedisi
in APPPATH\Controllers\AJAX\Piutang.php on line 55.
 1 APPPATH\Controllers\AJAX\Piutang.php(55): CodeIgniter\Debug\Exceptions->errorHandler(2, 'Undefined property: stdClass::$nama_ekspedisi', 'APPPATH\\Controllers\\AJAX\\Piutang.php', 55)
 2 SYSTEMPATH\CodeIgniter.php(934): App\Controllers\AJAX\Piutang->index(null)
 3 SYSTEMPATH\CodeIgniter.php(499): CodeIgniter\CodeIgniter->runController(Object(App\Controllers\AJAX\Piutang))
 4 SYSTEMPATH\CodeIgniter.php(368): CodeIgniter\CodeIgniter->handleRequest(null, Object(Config\Cache), false)
 5 FCPATH\index.php(67): CodeIgniter\CodeIgniter->run()
 6 SYSTEMPATH\Commands\Server\rewrite.php(47): require_once('FCPATH\\index.php')
ERROR - 2023-03-26 03:31:50 --> mysqli_sql_exception: Unknown column 'nama_ekspedisi' in 'field list' in C:\laragon\www\SIPIUTANG\system\Database\MySQLi\Connection.php:295
Stack trace:
#0 C:\laragon\www\SIPIUTANG\system\Database\MySQLi\Connection.php(295): mysqli->query('SELECT SUM(sisa...', 0)
#1 C:\laragon\www\SIPIUTANG\system\Database\BaseConnection.php(691): CodeIgniter\Database\MySQLi\Connection->execute('SELECT SUM(sisa...')
#2 C:\laragon\www\SIPIUTANG\system\Database\BaseConnection.php(605): CodeIgniter\Database\BaseConnection->simpleQuery('SELECT SUM(sisa...')
#3 C:\laragon\www\SIPIUTANG\system\Database\BaseBuilder.php(1616): CodeIgniter\Database\BaseConnection->query('SELECT SUM(sisa...', Array, false)
#4 C:\laragon\www\SIPIUTANG\app\Models\ModelInvoice.php(76): CodeIgniter\Database\BaseBuilder->get()
#5 C:\laragon\www\SIPIUTANG\app\Controllers\AJAX\Piutang.php(23): App\Models\ModelInvoice->getHutang(NULL)
#6 C:\laragon\www\SIPIUTANG\system\CodeIgniter.php(934): App\Controllers\AJAX\Piutang->index(NULL)
#7 C:\laragon\www\SIPIUTANG\system\CodeIgniter.php(499): CodeIgniter\CodeIgniter->runController(Object(App\Controllers\AJAX\Piutang))
#8 C:\laragon\www\SIPIUTANG\system\CodeIgniter.php(368): CodeIgniter\CodeIgniter->handleRequest(NULL, Object(Config\Cache), false)
#9 C:\laragon\www\SIPIUTANG\public\index.php(67): CodeIgniter\CodeIgniter->run()
#10 C:\laragon\www\SIPIUTANG\system\Commands\Server\rewrite.php(47): require_once('C:\\laragon\\www\\...')
#11 {main}
CRITICAL - 2023-03-26 03:31:50 --> Unknown column 'nama_ekspedisi' in 'field list'
in SYSTEMPATH\Database\BaseConnection.php on line 645.
 1 SYSTEMPATH\Database\BaseBuilder.php(1616): CodeIgniter\Database\BaseConnection->query('SELECT SUM(sisa_hutang) as hutang_invoice, `id_customer`, SUM(sisa_hutang_ekspedisi) AS sisa_hutang_ekspedisi, `nama_usaha`, `nama_cstmr`, `telepon`, `atas_nama`, COUNT(sisa_hutang_ekspedisi) AS jmlh_data, `id_invoice_ekspedisi`, `nama_ekspedisi`, `no_telepon_ekspedisi`
FROM `tb_invoice`
JOIN `tb_customer` ON `tb_customer`.`id` = `tb_invoice`.`id_customer`
LEFT JOIN `tb_invoice_ekspedisi` ON `tb_invoice_ekspedisi`.`id` = `tb_invoice`.`id_invoice_ekspedisi`
GROUP BY `id_customer`, `id_invoice_ekspedisi`', [], false)
 2 APPPATH\Models\ModelInvoice.php(76): CodeIgniter\Database\BaseBuilder->get()
 3 APPPATH\Controllers\AJAX\Piutang.php(23): App\Models\ModelInvoice->getHutang(null)
 4 SYSTEMPATH\CodeIgniter.php(934): App\Controllers\AJAX\Piutang->index(null)
 5 SYSTEMPATH\CodeIgniter.php(499): CodeIgniter\CodeIgniter->runController(Object(App\Controllers\AJAX\Piutang))
 6 SYSTEMPATH\CodeIgniter.php(368): CodeIgniter\CodeIgniter->handleRequest(null, Object(Config\Cache), false)
 7 FCPATH\index.php(67): CodeIgniter\CodeIgniter->run()
 8 SYSTEMPATH\Commands\Server\rewrite.php(47): require_once('FCPATH\\index.php')
CRITICAL - 2023-03-26 05:17:34 --> Undefined property: stdClass::$tgl_invoice
in APPPATH\Controllers\AJAX\Piutang.php on line 52.
 1 APPPATH\Controllers\AJAX\Piutang.php(52): CodeIgniter\Debug\Exceptions->errorHandler(2, 'Undefined property: stdClass::$tgl_invoice', 'APPPATH\\Controllers\\AJAX\\Piutang.php', 52)
 2 SYSTEMPATH\CodeIgniter.php(934): App\Controllers\AJAX\Piutang->index(null)
 3 SYSTEMPATH\CodeIgniter.php(499): CodeIgniter\CodeIgniter->runController(Object(App\Controllers\AJAX\Piutang))
 4 SYSTEMPATH\CodeIgniter.php(368): CodeIgniter\CodeIgniter->handleRequest(null, Object(Config\Cache), false)
 5 FCPATH\index.php(67): CodeIgniter\CodeIgniter->run()
 6 SYSTEMPATH\Commands\Server\rewrite.php(47): require_once('FCPATH\\index.php')
ERROR - 2023-03-26 05:18:48 --> mysqli_sql_exception: Expression #4 of SELECT list is not in GROUP BY clause and contains nonaggregated column 'db_piutang.tb_invoice.tgl_invoice' which is not functionally dependent on columns in GROUP BY clause; this is incompatible with sql_mode=only_full_group_by in C:\laragon\www\SIPIUTANG\system\Database\MySQLi\Connection.php:295
Stack trace:
#0 C:\laragon\www\SIPIUTANG\system\Database\MySQLi\Connection.php(295): mysqli->query('SELECT SUM(sisa...', 0)
#1 C:\laragon\www\SIPIUTANG\system\Database\BaseConnection.php(691): CodeIgniter\Database\MySQLi\Connection->execute('SELECT SUM(sisa...')
#2 C:\laragon\www\SIPIUTANG\system\Database\BaseConnection.php(605): CodeIgniter\Database\BaseConnection->simpleQuery('SELECT SUM(sisa...')
#3 C:\laragon\www\SIPIUTANG\system\Database\BaseBuilder.php(1616): CodeIgniter\Database\BaseConnection->query('SELECT SUM(sisa...', Array, false)
#4 C:\laragon\www\SIPIUTANG\app\Models\ModelInvoice.php(78): CodeIgniter\Database\BaseBuilder->get()
#5 C:\laragon\www\SIPIUTANG\app\Controllers\AJAX\Piutang.php(23): App\Models\ModelInvoice->getHutang(NULL)
#6 C:\laragon\www\SIPIUTANG\system\CodeIgniter.php(934): App\Controllers\AJAX\Piutang->index(NULL)
#7 C:\laragon\www\SIPIUTANG\system\CodeIgniter.php(499): CodeIgniter\CodeIgniter->runController(Object(App\Controllers\AJAX\Piutang))
#8 C:\laragon\www\SIPIUTANG\system\CodeIgniter.php(368): CodeIgniter\CodeIgniter->handleRequest(NULL, Object(Config\Cache), false)
#9 C:\laragon\www\SIPIUTANG\public\index.php(67): CodeIgniter\CodeIgniter->run()
#10 C:\laragon\www\SIPIUTANG\system\Commands\Server\rewrite.php(47): require_once('C:\\laragon\\www\\...')
#11 {main}
CRITICAL - 2023-03-26 05:18:48 --> Expression #4 of SELECT list is not in GROUP BY clause and contains nonaggregated column 'db_piutang.tb_invoice.tgl_invoice' which is not functionally dependent on columns in GROUP BY clause; this is incompatible with sql_mode=only_full_group_by
in SYSTEMPATH\Database\BaseConnection.php on line 645.
 1 SYSTEMPATH\Database\BaseBuilder.php(1616): CodeIgniter\Database\BaseConnection->query('SELECT SUM(sisa_hutang) as hutang_invoice, `id_customer`, SUM(sisa_hutang_ekspedisi) AS sisa_hutang_ekspedisi, `tgl_invoice`, `jth_tmpo`, `nama_usaha`, `nama_cstmr`, `telepon`, `atas_nama`, COUNT(sisa_hutang_ekspedisi) AS jmlh_data, `id_invoice_ekspedisi`, `nama_ekspedisi`, `no_telepon_ekspedisi`
FROM `tb_invoice`
JOIN `tb_customer` ON `tb_customer`.`id` = `tb_invoice`.`id_customer`
LEFT JOIN `tb_invoice_ekspedisi` ON `tb_invoice_ekspedisi`.`id` = `tb_invoice`.`id_invoice_ekspedisi`
LEFT JOIN `tb_ekspedisi` ON `tb_ekspedisi`.`id` = `tb_invoice_ekspedisi`.`id_ekspedisi`
GROUP BY `id_customer`, `id_invoice_ekspedisi`', [], false)
 2 APPPATH\Models\ModelInvoice.php(78): CodeIgniter\Database\BaseBuilder->get()
 3 APPPATH\Controllers\AJAX\Piutang.php(23): App\Models\ModelInvoice->getHutang(null)
 4 SYSTEMPATH\CodeIgniter.php(934): App\Controllers\AJAX\Piutang->index(null)
 5 SYSTEMPATH\CodeIgniter.php(499): CodeIgniter\CodeIgniter->runController(Object(App\Controllers\AJAX\Piutang))
 6 SYSTEMPATH\CodeIgniter.php(368): CodeIgniter\CodeIgniter->handleRequest(null, Object(Config\Cache), false)
 7 FCPATH\index.php(67): CodeIgniter\CodeIgniter->run()
 8 SYSTEMPATH\Commands\Server\rewrite.php(47): require_once('FCPATH\\index.php')
ERROR - 2023-03-26 05:19:08 --> mysqli_sql_exception: Expression #4 of SELECT list is not in GROUP BY clause and contains nonaggregated column 'db_piutang.tb_invoice.tgl_invoice' which is not functionally dependent on columns in GROUP BY clause; this is incompatible with sql_mode=only_full_group_by in C:\laragon\www\SIPIUTANG\system\Database\MySQLi\Connection.php:295
Stack trace:
#0 C:\laragon\www\SIPIUTANG\system\Database\MySQLi\Connection.php(295): mysqli->query('SELECT SUM(sisa...', 0)
#1 C:\laragon\www\SIPIUTANG\system\Database\BaseConnection.php(691): CodeIgniter\Database\MySQLi\Connection->execute('SELECT SUM(sisa...')
#2 C:\laragon\www\SIPIUTANG\system\Database\BaseConnection.php(605): CodeIgniter\Database\BaseConnection->simpleQuery('SELECT SUM(sisa...')
#3 C:\laragon\www\SIPIUTANG\system\Database\BaseBuilder.php(1616): CodeIgniter\Database\BaseConnection->query('SELECT SUM(sisa...', Array, false)
#4 C:\laragon\www\SIPIUTANG\app\Models\ModelInvoice.php(78): CodeIgniter\Database\BaseBuilder->get()
#5 C:\laragon\www\SIPIUTANG\app\Controllers\AJAX\Piutang.php(23): App\Models\ModelInvoice->getHutang(NULL)
#6 C:\laragon\www\SIPIUTANG\system\CodeIgniter.php(934): App\Controllers\AJAX\Piutang->index(NULL)
#7 C:\laragon\www\SIPIUTANG\system\CodeIgniter.php(499): CodeIgniter\CodeIgniter->runController(Object(App\Controllers\AJAX\Piutang))
#8 C:\laragon\www\SIPIUTANG\system\CodeIgniter.php(368): CodeIgniter\CodeIgniter->handleRequest(NULL, Object(Config\Cache), false)
#9 C:\laragon\www\SIPIUTANG\public\index.php(67): CodeIgniter\CodeIgniter->run()
#10 C:\laragon\www\SIPIUTANG\system\Commands\Server\rewrite.php(47): require_once('C:\\laragon\\www\\...')
#11 {main}
CRITICAL - 2023-03-26 05:19:08 --> Expression #4 of SELECT list is not in GROUP BY clause and contains nonaggregated column 'db_piutang.tb_invoice.tgl_invoice' which is not functionally dependent on columns in GROUP BY clause; this is incompatible with sql_mode=only_full_group_by
in SYSTEMPATH\Database\BaseConnection.php on line 645.
 1 SYSTEMPATH\Database\BaseBuilder.php(1616): CodeIgniter\Database\BaseConnection->query('SELECT SUM(sisa_hutang) as hutang_invoice, `id_customer`, SUM(sisa_hutang_ekspedisi) AS sisa_hutang_ekspedisi, `tgl_invoice`, `jth_tmpo`, `nama_usaha`, `nama_cstmr`, `telepon`, `atas_nama`, COUNT(sisa_hutang_ekspedisi) AS jmlh_data, `id_invoice_ekspedisi`, `nama_ekspedisi`, `no_telepon_ekspedisi`
FROM `tb_invoice`
JOIN `tb_customer` ON `tb_customer`.`id` = `tb_invoice`.`id_customer`
LEFT JOIN `tb_invoice_ekspedisi` ON `tb_invoice_ekspedisi`.`id` = `tb_invoice`.`id_invoice_ekspedisi`
LEFT JOIN `tb_ekspedisi` ON `tb_ekspedisi`.`id` = `tb_invoice_ekspedisi`.`id_ekspedisi`
GROUP BY `id_customer`, `id_invoice_ekspedisi`', [], false)
 2 APPPATH\Models\ModelInvoice.php(78): CodeIgniter\Database\BaseBuilder->get()
 3 APPPATH\Controllers\AJAX\Piutang.php(23): App\Models\ModelInvoice->getHutang(null)
 4 SYSTEMPATH\CodeIgniter.php(934): App\Controllers\AJAX\Piutang->index(null)
 5 SYSTEMPATH\CodeIgniter.php(499): CodeIgniter\CodeIgniter->runController(Object(App\Controllers\AJAX\Piutang))
 6 SYSTEMPATH\CodeIgniter.php(368): CodeIgniter\CodeIgniter->handleRequest(null, Object(Config\Cache), false)
 7 FCPATH\index.php(67): CodeIgniter\CodeIgniter->run()
 8 SYSTEMPATH\Commands\Server\rewrite.php(47): require_once('FCPATH\\index.php')
ERROR - 2023-03-26 05:20:04 --> mysqli_sql_exception: Expression #4 of SELECT list is not in GROUP BY clause and contains nonaggregated column 'db_piutang.tb_invoice.tgl_invoice' which is not functionally dependent on columns in GROUP BY clause; this is incompatible with sql_mode=only_full_group_by in C:\laragon\www\SIPIUTANG\system\Database\MySQLi\Connection.php:295
Stack trace:
#0 C:\laragon\www\SIPIUTANG\system\Database\MySQLi\Connection.php(295): mysqli->query('SELECT SUM(sisa...', 0)
#1 C:\laragon\www\SIPIUTANG\system\Database\BaseConnection.php(691): CodeIgniter\Database\MySQLi\Connection->execute('SELECT SUM(sisa...')
#2 C:\laragon\www\SIPIUTANG\system\Database\BaseConnection.php(605): CodeIgniter\Database\BaseConnection->simpleQuery('SELECT SUM(sisa...')
#3 C:\laragon\www\SIPIUTANG\system\Database\BaseBuilder.php(1616): CodeIgniter\Database\BaseConnection->query('SELECT SUM(sisa...', Array, false)
#4 C:\laragon\www\SIPIUTANG\app\Models\ModelInvoice.php(78): CodeIgniter\Database\BaseBuilder->get()
#5 C:\laragon\www\SIPIUTANG\app\Controllers\AJAX\Piutang.php(23): App\Models\ModelInvoice->getHutang(NULL)
#6 C:\laragon\www\SIPIUTANG\system\CodeIgniter.php(934): App\Controllers\AJAX\Piutang->index(NULL)
#7 C:\laragon\www\SIPIUTANG\system\CodeIgniter.php(499): CodeIgniter\CodeIgniter->runController(Object(App\Controllers\AJAX\Piutang))
#8 C:\laragon\www\SIPIUTANG\system\CodeIgniter.php(368): CodeIgniter\CodeIgniter->handleRequest(NULL, Object(Config\Cache), false)
#9 C:\laragon\www\SIPIUTANG\public\index.php(67): CodeIgniter\CodeIgniter->run()
#10 C:\laragon\www\SIPIUTANG\system\Commands\Server\rewrite.php(47): require_once('C:\\laragon\\www\\...')
#11 {main}
CRITICAL - 2023-03-26 05:20:04 --> Expression #4 of SELECT list is not in GROUP BY clause and contains nonaggregated column 'db_piutang.tb_invoice.tgl_invoice' which is not functionally dependent on columns in GROUP BY clause; this is incompatible with sql_mode=only_full_group_by
in SYSTEMPATH\Database\BaseConnection.php on line 645.
 1 SYSTEMPATH\Database\BaseBuilder.php(1616): CodeIgniter\Database\BaseConnection->query('SELECT SUM(sisa_hutang) as hutang_invoice, `id_customer`, SUM(sisa_hutang_ekspedisi) AS sisa_hutang_ekspedisi, `tgl_invoice`, `jth_tmpo`, `nama_usaha`, `nama_cstmr`, `telepon`, `atas_nama`, COUNT(sisa_hutang_ekspedisi) AS jmlh_data, `id_invoice_ekspedisi`, `nama_ekspedisi`, `no_telepon_ekspedisi`
FROM `tb_invoice`
JOIN `tb_customer` ON `tb_customer`.`id` = `tb_invoice`.`id_customer`
LEFT JOIN `tb_invoice_ekspedisi` ON `tb_invoice_ekspedisi`.`id` = `tb_invoice`.`id_invoice_ekspedisi`
LEFT JOIN `tb_ekspedisi` ON `tb_ekspedisi`.`id` = `tb_invoice_ekspedisi`.`id_ekspedisi`
GROUP BY `id_customer`, `id_invoice_ekspedisi`', [], false)
 2 APPPATH\Models\ModelInvoice.php(78): CodeIgniter\Database\BaseBuilder->get()
 3 APPPATH\Controllers\AJAX\Piutang.php(23): App\Models\ModelInvoice->getHutang(null)
 4 SYSTEMPATH\CodeIgniter.php(934): App\Controllers\AJAX\Piutang->index(null)
 5 SYSTEMPATH\CodeIgniter.php(499): CodeIgniter\CodeIgniter->runController(Object(App\Controllers\AJAX\Piutang))
 6 SYSTEMPATH\CodeIgniter.php(368): CodeIgniter\CodeIgniter->handleRequest(null, Object(Config\Cache), false)
 7 FCPATH\index.php(67): CodeIgniter\CodeIgniter->run()
 8 SYSTEMPATH\Commands\Server\rewrite.php(47): require_once('FCPATH\\index.php')
ERROR - 2023-03-26 05:27:11 --> mysqli_sql_exception: Expression #4 of SELECT list is not in GROUP BY clause and contains nonaggregated column 'db_piutang.tb_invoice.tgl_invoice' which is not functionally dependent on columns in GROUP BY clause; this is incompatible with sql_mode=only_full_group_by in C:\laragon\www\SIPIUTANG\system\Database\MySQLi\Connection.php:295
Stack trace:
#0 C:\laragon\www\SIPIUTANG\system\Database\MySQLi\Connection.php(295): mysqli->query('SELECT SUM(sisa...', 0)
#1 C:\laragon\www\SIPIUTANG\system\Database\BaseConnection.php(691): CodeIgniter\Database\MySQLi\Connection->execute('SELECT SUM(sisa...')
#2 C:\laragon\www\SIPIUTANG\system\Database\BaseConnection.php(605): CodeIgniter\Database\BaseConnection->simpleQuery('SELECT SUM(sisa...')
#3 C:\laragon\www\SIPIUTANG\system\Database\BaseBuilder.php(1616): CodeIgniter\Database\BaseConnection->query('SELECT SUM(sisa...', Array, false)
#4 C:\laragon\www\SIPIUTANG\app\Models\ModelInvoice.php(78): CodeIgniter\Database\BaseBuilder->get()
#5 C:\laragon\www\SIPIUTANG\app\Controllers\AJAX\Piutang.php(23): App\Models\ModelInvoice->getHutang(NULL)
#6 C:\laragon\www\SIPIUTANG\system\CodeIgniter.php(934): App\Controllers\AJAX\Piutang->index(NULL)
#7 C:\laragon\www\SIPIUTANG\system\CodeIgniter.php(499): CodeIgniter\CodeIgniter->runController(Object(App\Controllers\AJAX\Piutang))
#8 C:\laragon\www\SIPIUTANG\system\CodeIgniter.php(368): CodeIgniter\CodeIgniter->handleRequest(NULL, Object(Config\Cache), false)
#9 C:\laragon\www\SIPIUTANG\public\index.php(67): CodeIgniter\CodeIgniter->run()
#10 C:\laragon\www\SIPIUTANG\system\Commands\Server\rewrite.php(47): require_once('C:\\laragon\\www\\...')
#11 {main}
CRITICAL - 2023-03-26 05:27:11 --> Expression #4 of SELECT list is not in GROUP BY clause and contains nonaggregated column 'db_piutang.tb_invoice.tgl_invoice' which is not functionally dependent on columns in GROUP BY clause; this is incompatible with sql_mode=only_full_group_by
in SYSTEMPATH\Database\BaseConnection.php on line 645.
 1 SYSTEMPATH\Database\BaseBuilder.php(1616): CodeIgniter\Database\BaseConnection->query('SELECT SUM(sisa_hutang) as hutang_invoice, `id_customer`, SUM(sisa_hutang_ekspedisi) AS sisa_hutang_ekspedisi, `tgl_invoice`, `jth_tmpo`, `nama_usaha`, `nama_cstmr`, `telepon`, `atas_nama`, COUNT(sisa_hutang_ekspedisi) AS jmlh_data, `id_invoice_ekspedisi`, `nama_ekspedisi`, `no_telepon_ekspedisi`
FROM `tb_invoice`
JOIN `tb_customer` ON `tb_customer`.`id` = `tb_invoice`.`id_customer`
LEFT JOIN `tb_invoice_ekspedisi` ON `tb_invoice_ekspedisi`.`id` = `tb_invoice`.`id_invoice_ekspedisi`
LEFT JOIN `tb_ekspedisi` ON `tb_ekspedisi`.`id` = `tb_invoice_ekspedisi`.`id_ekspedisi`
GROUP BY `tb_invoice`.`id_customer`, `tb_invoice`.`id_invoice_ekspedisi`', [], false)
 2 APPPATH\Models\ModelInvoice.php(78): CodeIgniter\Database\BaseBuilder->get()
 3 APPPATH\Controllers\AJAX\Piutang.php(23): App\Models\ModelInvoice->getHutang(null)
 4 SYSTEMPATH\CodeIgniter.php(934): App\Controllers\AJAX\Piutang->index(null)
 5 SYSTEMPATH\CodeIgniter.php(499): CodeIgniter\CodeIgniter->runController(Object(App\Controllers\AJAX\Piutang))
 6 SYSTEMPATH\CodeIgniter.php(368): CodeIgniter\CodeIgniter->handleRequest(null, Object(Config\Cache), false)
 7 FCPATH\index.php(67): CodeIgniter\CodeIgniter->run()
 8 SYSTEMPATH\Commands\Server\rewrite.php(47): require_once('FCPATH\\index.php')
ERROR - 2023-03-26 05:27:37 --> mysqli_sql_exception: Expression #4 of SELECT list is not in GROUP BY clause and contains nonaggregated column 'db_piutang.tb_invoice.status_piutang' which is not functionally dependent on columns in GROUP BY clause; this is incompatible with sql_mode=only_full_group_by in C:\laragon\www\SIPIUTANG\system\Database\MySQLi\Connection.php:295
Stack trace:
#0 C:\laragon\www\SIPIUTANG\system\Database\MySQLi\Connection.php(295): mysqli->query('SELECT SUM(sisa...', 0)
#1 C:\laragon\www\SIPIUTANG\system\Database\BaseConnection.php(691): CodeIgniter\Database\MySQLi\Connection->execute('SELECT SUM(sisa...')
#2 C:\laragon\www\SIPIUTANG\system\Database\BaseConnection.php(605): CodeIgniter\Database\BaseConnection->simpleQuery('SELECT SUM(sisa...')
#3 C:\laragon\www\SIPIUTANG\system\Database\BaseBuilder.php(1616): CodeIgniter\Database\BaseConnection->query('SELECT SUM(sisa...', Array, false)
#4 C:\laragon\www\SIPIUTANG\app\Models\ModelInvoice.php(78): CodeIgniter\Database\BaseBuilder->get()
#5 C:\laragon\www\SIPIUTANG\app\Controllers\AJAX\Piutang.php(23): App\Models\ModelInvoice->getHutang(NULL)
#6 C:\laragon\www\SIPIUTANG\system\CodeIgniter.php(934): App\Controllers\AJAX\Piutang->index(NULL)
#7 C:\laragon\www\SIPIUTANG\system\CodeIgniter.php(499): CodeIgniter\CodeIgniter->runController(Object(App\Controllers\AJAX\Piutang))
#8 C:\laragon\www\SIPIUTANG\system\CodeIgniter.php(368): CodeIgniter\CodeIgniter->handleRequest(NULL, Object(Config\Cache), false)
#9 C:\laragon\www\SIPIUTANG\public\index.php(67): CodeIgniter\CodeIgniter->run()
#10 C:\laragon\www\SIPIUTANG\system\Commands\Server\rewrite.php(47): require_once('C:\\laragon\\www\\...')
#11 {main}
CRITICAL - 2023-03-26 05:27:37 --> Expression #4 of SELECT list is not in GROUP BY clause and contains nonaggregated column 'db_piutang.tb_invoice.status_piutang' which is not functionally dependent on columns in GROUP BY clause; this is incompatible with sql_mode=only_full_group_by
in SYSTEMPATH\Database\BaseConnection.php on line 645.
 1 SYSTEMPATH\Database\BaseBuilder.php(1616): CodeIgniter\Database\BaseConnection->query('SELECT SUM(sisa_hutang) as hutang_invoice, `id_customer`, SUM(sisa_hutang_ekspedisi) AS sisa_hutang_ekspedisi, `status_piutang`, `nama_usaha`, `nama_cstmr`, `telepon`, `atas_nama`, COUNT(sisa_hutang_ekspedisi) AS jmlh_data, `id_invoice_ekspedisi`, `nama_ekspedisi`, `no_telepon_ekspedisi`
FROM `tb_invoice`
JOIN `tb_customer` ON `tb_customer`.`id` = `tb_invoice`.`id_customer`
LEFT JOIN `tb_invoice_ekspedisi` ON `tb_invoice_ekspedisi`.`id` = `tb_invoice`.`id_invoice_ekspedisi`
LEFT JOIN `tb_ekspedisi` ON `tb_ekspedisi`.`id` = `tb_invoice_ekspedisi`.`id_ekspedisi`
GROUP BY `tb_invoice`.`id_customer`, `tb_invoice`.`id_invoice_ekspedisi`', [], false)
 2 APPPATH\Models\ModelInvoice.php(78): CodeIgniter\Database\BaseBuilder->get()
 3 APPPATH\Controllers\AJAX\Piutang.php(23): App\Models\ModelInvoice->getHutang(null)
 4 SYSTEMPATH\CodeIgniter.php(934): App\Controllers\AJAX\Piutang->index(null)
 5 SYSTEMPATH\CodeIgniter.php(499): CodeIgniter\CodeIgniter->runController(Object(App\Controllers\AJAX\Piutang))
 6 SYSTEMPATH\CodeIgniter.php(368): CodeIgniter\CodeIgniter->handleRequest(null, Object(Config\Cache), false)
 7 FCPATH\index.php(67): CodeIgniter\CodeIgniter->run()
 8 SYSTEMPATH\Commands\Server\rewrite.php(47): require_once('FCPATH\\index.php')
ERROR - 2023-03-26 05:28:10 --> mysqli_sql_exception: Expression #4 of SELECT list is not in GROUP BY clause and contains nonaggregated column 'db_piutang.tb_invoice.no_invoice' which is not functionally dependent on columns in GROUP BY clause; this is incompatible with sql_mode=only_full_group_by in C:\laragon\www\SIPIUTANG\system\Database\MySQLi\Connection.php:295
Stack trace:
#0 C:\laragon\www\SIPIUTANG\system\Database\MySQLi\Connection.php(295): mysqli->query('SELECT SUM(sisa...', 0)
#1 C:\laragon\www\SIPIUTANG\system\Database\BaseConnection.php(691): CodeIgniter\Database\MySQLi\Connection->execute('SELECT SUM(sisa...')
#2 C:\laragon\www\SIPIUTANG\system\Database\BaseConnection.php(605): CodeIgniter\Database\BaseConnection->simpleQuery('SELECT SUM(sisa...')
#3 C:\laragon\www\SIPIUTANG\system\Database\BaseBuilder.php(1616): CodeIgniter\Database\BaseConnection->query('SELECT SUM(sisa...', Array, false)
#4 C:\laragon\www\SIPIUTANG\app\Models\ModelInvoice.php(78): CodeIgniter\Database\BaseBuilder->get()
#5 C:\laragon\www\SIPIUTANG\app\Controllers\AJAX\Piutang.php(23): App\Models\ModelInvoice->getHutang(NULL)
#6 C:\laragon\www\SIPIUTANG\system\CodeIgniter.php(934): App\Controllers\AJAX\Piutang->index(NULL)
#7 C:\laragon\www\SIPIUTANG\system\CodeIgniter.php(499): CodeIgniter\CodeIgniter->runController(Object(App\Controllers\AJAX\Piutang))
#8 C:\laragon\www\SIPIUTANG\system\CodeIgniter.php(368): CodeIgniter\CodeIgniter->handleRequest(NULL, Object(Config\Cache), false)
#9 C:\laragon\www\SIPIUTANG\public\index.php(67): CodeIgniter\CodeIgniter->run()
#10 C:\laragon\www\SIPIUTANG\system\Commands\Server\rewrite.php(47): require_once('C:\\laragon\\www\\...')
#11 {main}
CRITICAL - 2023-03-26 05:28:10 --> Expression #4 of SELECT list is not in GROUP BY clause and contains nonaggregated column 'db_piutang.tb_invoice.no_invoice' which is not functionally dependent on columns in GROUP BY clause; this is incompatible with sql_mode=only_full_group_by
in SYSTEMPATH\Database\BaseConnection.php on line 645.
 1 SYSTEMPATH\Database\BaseBuilder.php(1616): CodeIgniter\Database\BaseConnection->query('SELECT SUM(sisa_hutang) as hutang_invoice, `id_customer`, SUM(sisa_hutang_ekspedisi) AS sisa_hutang_ekspedisi, `no_invoice`, `nama_usaha`, `nama_cstmr`, `telepon`, `atas_nama`, COUNT(sisa_hutang_ekspedisi) AS jmlh_data, `id_invoice_ekspedisi`, `nama_ekspedisi`, `no_telepon_ekspedisi`
FROM `tb_invoice`
JOIN `tb_customer` ON `tb_customer`.`id` = `tb_invoice`.`id_customer`
LEFT JOIN `tb_invoice_ekspedisi` ON `tb_invoice_ekspedisi`.`id` = `tb_invoice`.`id_invoice_ekspedisi`
LEFT JOIN `tb_ekspedisi` ON `tb_ekspedisi`.`id` = `tb_invoice_ekspedisi`.`id_ekspedisi`
GROUP BY `tb_invoice`.`id_customer`, `tb_invoice`.`id_invoice_ekspedisi`', [], false)
 2 APPPATH\Models\ModelInvoice.php(78): CodeIgniter\Database\BaseBuilder->get()
 3 APPPATH\Controllers\AJAX\Piutang.php(23): App\Models\ModelInvoice->getHutang(null)
 4 SYSTEMPATH\CodeIgniter.php(934): App\Controllers\AJAX\Piutang->index(null)
 5 SYSTEMPATH\CodeIgniter.php(499): CodeIgniter\CodeIgniter->runController(Object(App\Controllers\AJAX\Piutang))
 6 SYSTEMPATH\CodeIgniter.php(368): CodeIgniter\CodeIgniter->handleRequest(null, Object(Config\Cache), false)
 7 FCPATH\index.php(67): CodeIgniter\CodeIgniter->run()
 8 SYSTEMPATH\Commands\Server\rewrite.php(47): require_once('FCPATH\\index.php')
CRITICAL - 2023-03-26 05:28:33 --> Undefined property: stdClass::$tgl_invoice
in APPPATH\Controllers\AJAX\Piutang.php on line 52.
 1 APPPATH\Controllers\AJAX\Piutang.php(52): CodeIgniter\Debug\Exceptions->errorHandler(2, 'Undefined property: stdClass::$tgl_invoice', 'APPPATH\\Controllers\\AJAX\\Piutang.php', 52)
 2 SYSTEMPATH\CodeIgniter.php(934): App\Controllers\AJAX\Piutang->index(null)
 3 SYSTEMPATH\CodeIgniter.php(499): CodeIgniter\CodeIgniter->runController(Object(App\Controllers\AJAX\Piutang))
 4 SYSTEMPATH\CodeIgniter.php(368): CodeIgniter\CodeIgniter->handleRequest(null, Object(Config\Cache), false)
 5 FCPATH\index.php(67): CodeIgniter\CodeIgniter->run()
 6 SYSTEMPATH\Commands\Server\rewrite.php(47): require_once('FCPATH\\index.php')
CRITICAL - 2023-03-26 05:29:20 --> Undefined property: stdClass::$tgl_invoice
in APPPATH\Controllers\AJAX\Piutang.php on line 52.
 1 APPPATH\Controllers\AJAX\Piutang.php(52): CodeIgniter\Debug\Exceptions->errorHandler(2, 'Undefined property: stdClass::$tgl_invoice', 'APPPATH\\Controllers\\AJAX\\Piutang.php', 52)
 2 SYSTEMPATH\CodeIgniter.php(934): App\Controllers\AJAX\Piutang->index(null)
 3 SYSTEMPATH\CodeIgniter.php(499): CodeIgniter\CodeIgniter->runController(Object(App\Controllers\AJAX\Piutang))
 4 SYSTEMPATH\CodeIgniter.php(368): CodeIgniter\CodeIgniter->handleRequest(null, Object(Config\Cache), false)
 5 FCPATH\index.php(67): CodeIgniter\CodeIgniter->run()
 6 SYSTEMPATH\Commands\Server\rewrite.php(47): require_once('FCPATH\\index.php')
ERROR - 2023-03-26 05:31:18 --> mysqli_sql_exception: You have an error in your SQL syntax; check the manual that corresponds to your MySQL server version for the right syntax to use near 'union(tgl_invoice), `nama_usaha`, `nama_cstmr`, `telepon`, `atas_nama`, COUNT(si' at line 1 in C:\laragon\www\SIPIUTANG\system\Database\MySQLi\Connection.php:295
Stack trace:
#0 C:\laragon\www\SIPIUTANG\system\Database\MySQLi\Connection.php(295): mysqli->query('SELECT SUM(sisa...', 0)
#1 C:\laragon\www\SIPIUTANG\system\Database\BaseConnection.php(691): CodeIgniter\Database\MySQLi\Connection->execute('SELECT SUM(sisa...')
#2 C:\laragon\www\SIPIUTANG\system\Database\BaseConnection.php(605): CodeIgniter\Database\BaseConnection->simpleQuery('SELECT SUM(sisa...')
#3 C:\laragon\www\SIPIUTANG\system\Database\BaseBuilder.php(1616): CodeIgniter\Database\BaseConnection->query('SELECT SUM(sisa...', Array, false)
#4 C:\laragon\www\SIPIUTANG\app\Models\ModelInvoice.php(78): CodeIgniter\Database\BaseBuilder->get()
#5 C:\laragon\www\SIPIUTANG\app\Controllers\AJAX\Piutang.php(23): App\Models\ModelInvoice->getHutang(NULL)
#6 C:\laragon\www\SIPIUTANG\system\CodeIgniter.php(934): App\Controllers\AJAX\Piutang->index(NULL)
#7 C:\laragon\www\SIPIUTANG\system\CodeIgniter.php(499): CodeIgniter\CodeIgniter->runController(Object(App\Controllers\AJAX\Piutang))
#8 C:\laragon\www\SIPIUTANG\system\CodeIgniter.php(368): CodeIgniter\CodeIgniter->handleRequest(NULL, Object(Config\Cache), false)
#9 C:\laragon\www\SIPIUTANG\public\index.php(67): CodeIgniter\CodeIgniter->run()
#10 C:\laragon\www\SIPIUTANG\system\Commands\Server\rewrite.php(47): require_once('C:\\laragon\\www\\...')
#11 {main}
CRITICAL - 2023-03-26 05:31:18 --> You have an error in your SQL syntax; check the manual that corresponds to your MySQL server version for the right syntax to use near 'union(tgl_invoice), `nama_usaha`, `nama_cstmr`, `telepon`, `atas_nama`, COUNT(si' at line 1
in SYSTEMPATH\Database\BaseConnection.php on line 645.
 1 SYSTEMPATH\Database\BaseBuilder.php(1616): CodeIgniter\Database\BaseConnection->query('SELECT SUM(sisa_hutang) as hutang_invoice, `id_customer`, SUM(sisa_hutang_ekspedisi) AS sisa_hutang_ekspedisi, union(tgl_invoice), `nama_usaha`, `nama_cstmr`, `telepon`, `atas_nama`, COUNT(sisa_hutang_ekspedisi) AS jmlh_data, `id_invoice_ekspedisi`, `nama_ekspedisi`, `no_telepon_ekspedisi`
FROM `tb_invoice`
JOIN `tb_customer` ON `tb_customer`.`id` = `tb_invoice`.`id_customer`
LEFT JOIN `tb_invoice_ekspedisi` ON `tb_invoice_ekspedisi`.`id` = `tb_invoice`.`id_invoice_ekspedisi`
LEFT JOIN `tb_ekspedisi` ON `tb_ekspedisi`.`id` = `tb_invoice_ekspedisi`.`id_ekspedisi`
GROUP BY `tb_invoice`.`id_customer`, `tb_invoice`.`id_invoice_ekspedisi`', [], false)
 2 APPPATH\Models\ModelInvoice.php(78): CodeIgniter\Database\BaseBuilder->get()
 3 APPPATH\Controllers\AJAX\Piutang.php(23): App\Models\ModelInvoice->getHutang(null)
 4 SYSTEMPATH\CodeIgniter.php(934): App\Controllers\AJAX\Piutang->index(null)
 5 SYSTEMPATH\CodeIgniter.php(499): CodeIgniter\CodeIgniter->runController(Object(App\Controllers\AJAX\Piutang))
 6 SYSTEMPATH\CodeIgniter.php(368): CodeIgniter\CodeIgniter->handleRequest(null, Object(Config\Cache), false)
 7 FCPATH\index.php(67): CodeIgniter\CodeIgniter->run()
 8 SYSTEMPATH\Commands\Server\rewrite.php(47): require_once('FCPATH\\index.php')
CRITICAL - 2023-03-26 05:34:21 --> Undefined property: stdClass::$tgl_invoice
in APPPATH\Controllers\AJAX\Piutang.php on line 52.
 1 APPPATH\Controllers\AJAX\Piutang.php(52): CodeIgniter\Debug\Exceptions->errorHandler(2, 'Undefined property: stdClass::$tgl_invoice', 'APPPATH\\Controllers\\AJAX\\Piutang.php', 52)
 2 SYSTEMPATH\CodeIgniter.php(934): App\Controllers\AJAX\Piutang->index(null)
 3 SYSTEMPATH\CodeIgniter.php(499): CodeIgniter\CodeIgniter->runController(Object(App\Controllers\AJAX\Piutang))
 4 SYSTEMPATH\CodeIgniter.php(368): CodeIgniter\CodeIgniter->handleRequest(null, Object(Config\Cache), false)
 5 FCPATH\index.php(67): CodeIgniter\CodeIgniter->run()
 6 SYSTEMPATH\Commands\Server\rewrite.php(47): require_once('FCPATH\\index.php')
CRITICAL - 2023-03-26 05:50:18 --> Trying to access array offset on value of type null
in APPPATH\Controllers\AJAX\Piutang.php on line 47.
 1 APPPATH\Controllers\AJAX\Piutang.php(47): CodeIgniter\Debug\Exceptions->errorHandler(2, 'Trying to access array offset on value of type null', 'APPPATH\\Controllers\\AJAX\\Piutang.php', 47)
 2 SYSTEMPATH\CodeIgniter.php(934): App\Controllers\AJAX\Piutang->index(null)
 3 SYSTEMPATH\CodeIgniter.php(499): CodeIgniter\CodeIgniter->runController(Object(App\Controllers\AJAX\Piutang))
 4 SYSTEMPATH\CodeIgniter.php(368): CodeIgniter\CodeIgniter->handleRequest(null, Object(Config\Cache), false)
 5 FCPATH\index.php(67): CodeIgniter\CodeIgniter->run()
 6 SYSTEMPATH\Commands\Server\rewrite.php(47): require_once('FCPATH\\index.php')
ERROR - 2023-03-26 07:29:06 --> mysqli_sql_exception: Expression #9 of SELECT list is not in GROUP BY clause and contains nonaggregated column 'db_piutang.tb_invoice.id_invoice_ekspedisi' which is not functionally dependent on columns in GROUP BY clause; this is incompatible with sql_mode=only_full_group_by in C:\laragon\www\SIPIUTANG\system\Database\MySQLi\Connection.php:295
Stack trace:
#0 C:\laragon\www\SIPIUTANG\system\Database\MySQLi\Connection.php(295): mysqli->query('SELECT SUM(sisa...', 0)
#1 C:\laragon\www\SIPIUTANG\system\Database\BaseConnection.php(691): CodeIgniter\Database\MySQLi\Connection->execute('SELECT SUM(sisa...')
#2 C:\laragon\www\SIPIUTANG\system\Database\BaseConnection.php(605): CodeIgniter\Database\BaseConnection->simpleQuery('SELECT SUM(sisa...')
#3 C:\laragon\www\SIPIUTANG\system\Database\BaseBuilder.php(1616): CodeIgniter\Database\BaseConnection->query('SELECT SUM(sisa...', Array, false)
#4 C:\laragon\www\SIPIUTANG\app\Models\ModelInvoice.php(77): CodeIgniter\Database\BaseBuilder->get()
#5 C:\laragon\www\SIPIUTANG\app\Controllers\AJAX\Piutang.php(23): App\Models\ModelInvoice->getHutang(NULL)
#6 C:\laragon\www\SIPIUTANG\system\CodeIgniter.php(934): App\Controllers\AJAX\Piutang->index(NULL)
#7 C:\laragon\www\SIPIUTANG\system\CodeIgniter.php(499): CodeIgniter\CodeIgniter->runController(Object(App\Controllers\AJAX\Piutang))
#8 C:\laragon\www\SIPIUTANG\system\CodeIgniter.php(368): CodeIgniter\CodeIgniter->handleRequest(NULL, Object(Config\Cache), false)
#9 C:\laragon\www\SIPIUTANG\public\index.php(67): CodeIgniter\CodeIgniter->run()
#10 C:\laragon\www\SIPIUTANG\system\Commands\Server\rewrite.php(47): require_once('C:\\laragon\\www\\...')
#11 {main}
CRITICAL - 2023-03-26 07:29:06 --> Expression #9 of SELECT list is not in GROUP BY clause and contains nonaggregated column 'db_piutang.tb_invoice.id_invoice_ekspedisi' which is not functionally dependent on columns in GROUP BY clause; this is incompatible with sql_mode=only_full_group_by
in SYSTEMPATH\Database\BaseConnection.php on line 645.
 1 SYSTEMPATH\Database\BaseBuilder.php(1616): CodeIgniter\Database\BaseConnection->query('SELECT SUM(sisa_hutang) as hutang_invoice, `id_customer`, SUM(sisa_hutang_ekspedisi) AS sisa_hutang_ekspedisi, `nama_usaha`, `nama_cstmr`, `telepon`, `atas_nama`, COUNT(sisa_hutang_ekspedisi) AS jmlh_data, `id_invoice_ekspedisi`, `nama_ekspedisi`, `no_telepon_ekspedisi`
FROM `tb_invoice`
JOIN `tb_customer` ON `tb_customer`.`id` = `tb_invoice`.`id_customer`
LEFT JOIN `tb_invoice_ekspedisi` ON `tb_invoice_ekspedisi`.`id` = `tb_invoice`.`id_invoice_ekspedisi`
LEFT JOIN `tb_ekspedisi` ON `tb_ekspedisi`.`id` = `tb_invoice_ekspedisi`.`id_ekspedisi`
GROUP BY `tb_invoice`.`id_customer`', [], false)
 2 APPPATH\Models\ModelInvoice.php(77): CodeIgniter\Database\BaseBuilder->get()
 3 APPPATH\Controllers\AJAX\Piutang.php(23): App\Models\ModelInvoice->getHutang(null)
 4 SYSTEMPATH\CodeIgniter.php(934): App\Controllers\AJAX\Piutang->index(null)
 5 SYSTEMPATH\CodeIgniter.php(499): CodeIgniter\CodeIgniter->runController(Object(App\Controllers\AJAX\Piutang))
 6 SYSTEMPATH\CodeIgniter.php(368): CodeIgniter\CodeIgniter->handleRequest(null, Object(Config\Cache), false)
 7 FCPATH\index.php(67): CodeIgniter\CodeIgniter->run()
 8 SYSTEMPATH\Commands\Server\rewrite.php(47): require_once('FCPATH\\index.php')
ERROR - 2023-03-26 07:30:14 --> mysqli_sql_exception: Expression #9 of SELECT list is not in GROUP BY clause and contains nonaggregated column 'db_piutang.tb_ekspedisi.nama_ekspedisi' which is not functionally dependent on columns in GROUP BY clause; this is incompatible with sql_mode=only_full_group_by in C:\laragon\www\SIPIUTANG\system\Database\MySQLi\Connection.php:295
Stack trace:
#0 C:\laragon\www\SIPIUTANG\system\Database\MySQLi\Connection.php(295): mysqli->query('SELECT SUM(sisa...', 0)
#1 C:\laragon\www\SIPIUTANG\system\Database\BaseConnection.php(691): CodeIgniter\Database\MySQLi\Connection->execute('SELECT SUM(sisa...')
#2 C:\laragon\www\SIPIUTANG\system\Database\BaseConnection.php(605): CodeIgniter\Database\BaseConnection->simpleQuery('SELECT SUM(sisa...')
#3 C:\laragon\www\SIPIUTANG\system\Database\BaseBuilder.php(1616): CodeIgniter\Database\BaseConnection->query('SELECT SUM(sisa...', Array, false)
#4 C:\laragon\www\SIPIUTANG\app\Models\ModelInvoice.php(77): CodeIgniter\Database\BaseBuilder->get()
#5 C:\laragon\www\SIPIUTANG\app\Controllers\AJAX\Piutang.php(23): App\Models\ModelInvoice->getHutang(NULL)
#6 C:\laragon\www\SIPIUTANG\system\CodeIgniter.php(934): App\Controllers\AJAX\Piutang->index(NULL)
#7 C:\laragon\www\SIPIUTANG\system\CodeIgniter.php(499): CodeIgniter\CodeIgniter->runController(Object(App\Controllers\AJAX\Piutang))
#8 C:\laragon\www\SIPIUTANG\system\CodeIgniter.php(368): CodeIgniter\CodeIgniter->handleRequest(NULL, Object(Config\Cache), false)
#9 C:\laragon\www\SIPIUTANG\public\index.php(67): CodeIgniter\CodeIgniter->run()
#10 C:\laragon\www\SIPIUTANG\system\Commands\Server\rewrite.php(47): require_once('C:\\laragon\\www\\...')
#11 {main}
CRITICAL - 2023-03-26 07:30:14 --> Expression #9 of SELECT list is not in GROUP BY clause and contains nonaggregated column 'db_piutang.tb_ekspedisi.nama_ekspedisi' which is not functionally dependent on columns in GROUP BY clause; this is incompatible with sql_mode=only_full_group_by
in SYSTEMPATH\Database\BaseConnection.php on line 645.
 1 SYSTEMPATH\Database\BaseBuilder.php(1616): CodeIgniter\Database\BaseConnection->query('SELECT SUM(sisa_hutang) as hutang_invoice, `id_customer`, SUM(sisa_hutang_ekspedisi) AS sisa_hutang_ekspedisi, `nama_usaha`, `nama_cstmr`, `telepon`, `atas_nama`, COUNT(sisa_hutang_ekspedisi) AS jmlh_data, `nama_ekspedisi`, `no_telepon_ekspedisi`
FROM `tb_invoice`
JOIN `tb_customer` ON `tb_customer`.`id` = `tb_invoice`.`id_customer`
LEFT JOIN `tb_invoice_ekspedisi` ON `tb_invoice_ekspedisi`.`id` = `tb_invoice`.`id_invoice_ekspedisi`
LEFT JOIN `tb_ekspedisi` ON `tb_ekspedisi`.`id` = `tb_invoice_ekspedisi`.`id_ekspedisi`
GROUP BY `tb_invoice`.`id_customer`', [], false)
 2 APPPATH\Models\ModelInvoice.php(77): CodeIgniter\Database\BaseBuilder->get()
 3 APPPATH\Controllers\AJAX\Piutang.php(23): App\Models\ModelInvoice->getHutang(null)
 4 SYSTEMPATH\CodeIgniter.php(934): App\Controllers\AJAX\Piutang->index(null)
 5 SYSTEMPATH\CodeIgniter.php(499): CodeIgniter\CodeIgniter->runController(Object(App\Controllers\AJAX\Piutang))
 6 SYSTEMPATH\CodeIgniter.php(368): CodeIgniter\CodeIgniter->handleRequest(null, Object(Config\Cache), false)
 7 FCPATH\index.php(67): CodeIgniter\CodeIgniter->run()
 8 SYSTEMPATH\Commands\Server\rewrite.php(47): require_once('FCPATH\\index.php')
ERROR - 2023-03-26 07:30:52 --> mysqli_sql_exception: Expression #9 of SELECT list is not in GROUP BY clause and contains nonaggregated column 'db_piutang.tb_ekspedisi.no_telepon_ekspedisi' which is not functionally dependent on columns in GROUP BY clause; this is incompatible with sql_mode=only_full_group_by in C:\laragon\www\SIPIUTANG\system\Database\MySQLi\Connection.php:295
Stack trace:
#0 C:\laragon\www\SIPIUTANG\system\Database\MySQLi\Connection.php(295): mysqli->query('SELECT SUM(sisa...', 0)
#1 C:\laragon\www\SIPIUTANG\system\Database\BaseConnection.php(691): CodeIgniter\Database\MySQLi\Connection->execute('SELECT SUM(sisa...')
#2 C:\laragon\www\SIPIUTANG\system\Database\BaseConnection.php(605): CodeIgniter\Database\BaseConnection->simpleQuery('SELECT SUM(sisa...')
#3 C:\laragon\www\SIPIUTANG\system\Database\BaseBuilder.php(1616): CodeIgniter\Database\BaseConnection->query('SELECT SUM(sisa...', Array, false)
#4 C:\laragon\www\SIPIUTANG\app\Models\ModelInvoice.php(77): CodeIgniter\Database\BaseBuilder->get()
#5 C:\laragon\www\SIPIUTANG\app\Controllers\AJAX\Piutang.php(23): App\Models\ModelInvoice->getHutang(NULL)
#6 C:\laragon\www\SIPIUTANG\system\CodeIgniter.php(934): App\Controllers\AJAX\Piutang->index(NULL)
#7 C:\laragon\www\SIPIUTANG\system\CodeIgniter.php(499): CodeIgniter\CodeIgniter->runController(Object(App\Controllers\AJAX\Piutang))
#8 C:\laragon\www\SIPIUTANG\system\CodeIgniter.php(368): CodeIgniter\CodeIgniter->handleRequest(NULL, Object(Config\Cache), false)
#9 C:\laragon\www\SIPIUTANG\public\index.php(67): CodeIgniter\CodeIgniter->run()
#10 C:\laragon\www\SIPIUTANG\system\Commands\Server\rewrite.php(47): require_once('C:\\laragon\\www\\...')
#11 {main}
CRITICAL - 2023-03-26 07:30:52 --> Expression #9 of SELECT list is not in GROUP BY clause and contains nonaggregated column 'db_piutang.tb_ekspedisi.no_telepon_ekspedisi' which is not functionally dependent on columns in GROUP BY clause; this is incompatible with sql_mode=only_full_group_by
in SYSTEMPATH\Database\BaseConnection.php on line 645.
 1 SYSTEMPATH\Database\BaseBuilder.php(1616): CodeIgniter\Database\BaseConnection->query('SELECT SUM(sisa_hutang) as hutang_invoice, `id_customer`, SUM(sisa_hutang_ekspedisi) AS sisa_hutang_ekspedisi, `nama_usaha`, `nama_cstmr`, `telepon`, `atas_nama`, COUNT(sisa_hutang_ekspedisi) AS jmlh_data, `no_telepon_ekspedisi`
FROM `tb_invoice`
JOIN `tb_customer` ON `tb_customer`.`id` = `tb_invoice`.`id_customer`
LEFT JOIN `tb_invoice_ekspedisi` ON `tb_invoice_ekspedisi`.`id` = `tb_invoice`.`id_invoice_ekspedisi`
LEFT JOIN `tb_ekspedisi` ON `tb_ekspedisi`.`id` = `tb_invoice_ekspedisi`.`id_ekspedisi`
GROUP BY `tb_invoice`.`id_customer`', [], false)
 2 APPPATH\Models\ModelInvoice.php(77): CodeIgniter\Database\BaseBuilder->get()
 3 APPPATH\Controllers\AJAX\Piutang.php(23): App\Models\ModelInvoice->getHutang(null)
 4 SYSTEMPATH\CodeIgniter.php(934): App\Controllers\AJAX\Piutang->index(null)
 5 SYSTEMPATH\CodeIgniter.php(499): CodeIgniter\CodeIgniter->runController(Object(App\Controllers\AJAX\Piutang))
 6 SYSTEMPATH\CodeIgniter.php(368): CodeIgniter\CodeIgniter->handleRequest(null, Object(Config\Cache), false)
 7 FCPATH\index.php(67): CodeIgniter\CodeIgniter->run()
 8 SYSTEMPATH\Commands\Server\rewrite.php(47): require_once('FCPATH\\index.php')
CRITICAL - 2023-03-26 07:31:13 --> Undefined property: stdClass::$jmlh_data
in APPPATH\Controllers\AJAX\Piutang.php on line 27.
 1 APPPATH\Controllers\AJAX\Piutang.php(27): CodeIgniter\Debug\Exceptions->errorHandler(2, 'Undefined property: stdClass::$jmlh_data', 'APPPATH\\Controllers\\AJAX\\Piutang.php', 27)
 2 SYSTEMPATH\CodeIgniter.php(934): App\Controllers\AJAX\Piutang->index(null)
 3 SYSTEMPATH\CodeIgniter.php(499): CodeIgniter\CodeIgniter->runController(Object(App\Controllers\AJAX\Piutang))
 4 SYSTEMPATH\CodeIgniter.php(368): CodeIgniter\CodeIgniter->handleRequest(null, Object(Config\Cache), false)
 5 FCPATH\index.php(67): CodeIgniter\CodeIgniter->run()
 6 SYSTEMPATH\Commands\Server\rewrite.php(47): require_once('FCPATH\\index.php')
CRITICAL - 2023-03-26 07:31:32 --> Undefined property: stdClass::$nama_ekspedisi
in APPPATH\Controllers\AJAX\Piutang.php on line 56.
 1 APPPATH\Controllers\AJAX\Piutang.php(56): CodeIgniter\Debug\Exceptions->errorHandler(2, 'Undefined property: stdClass::$nama_ekspedisi', 'APPPATH\\Controllers\\AJAX\\Piutang.php', 56)
 2 SYSTEMPATH\CodeIgniter.php(934): App\Controllers\AJAX\Piutang->index(null)
 3 SYSTEMPATH\CodeIgniter.php(499): CodeIgniter\CodeIgniter->runController(Object(App\Controllers\AJAX\Piutang))
 4 SYSTEMPATH\CodeIgniter.php(368): CodeIgniter\CodeIgniter->handleRequest(null, Object(Config\Cache), false)
 5 FCPATH\index.php(67): CodeIgniter\CodeIgniter->run()
 6 SYSTEMPATH\Commands\Server\rewrite.php(47): require_once('FCPATH\\index.php')
ERROR - 2023-03-26 07:50:55 --> mysqli_sql_exception: Expression #3 of SELECT list is not in GROUP BY clause and contains nonaggregated column 'db_piutang.tb_invoice.id_invoice_ekspedisi' which is not functionally dependent on columns in GROUP BY clause; this is incompatible with sql_mode=only_full_group_by in C:\laragon\www\SIPIUTANG\system\Database\MySQLi\Connection.php:295
Stack trace:
#0 C:\laragon\www\SIPIUTANG\system\Database\MySQLi\Connection.php(295): mysqli->query('SELECT SUM(sisa...', 0)
#1 C:\laragon\www\SIPIUTANG\system\Database\BaseConnection.php(691): CodeIgniter\Database\MySQLi\Connection->execute('SELECT SUM(sisa...')
#2 C:\laragon\www\SIPIUTANG\system\Database\BaseConnection.php(605): CodeIgniter\Database\BaseConnection->simpleQuery('SELECT SUM(sisa...')
#3 C:\laragon\www\SIPIUTANG\system\Database\BaseBuilder.php(1616): CodeIgniter\Database\BaseConnection->query('SELECT SUM(sisa...', Array, false)
#4 C:\laragon\www\SIPIUTANG\app\Models\ModelInvoice.php(77): CodeIgniter\Database\BaseBuilder->get()
#5 C:\laragon\www\SIPIUTANG\app\Controllers\AJAX\Piutang.php(23): App\Models\ModelInvoice->getHutang(NULL)
#6 C:\laragon\www\SIPIUTANG\system\CodeIgniter.php(934): App\Controllers\AJAX\Piutang->index(NULL)
#7 C:\laragon\www\SIPIUTANG\system\CodeIgniter.php(499): CodeIgniter\CodeIgniter->runController(Object(App\Controllers\AJAX\Piutang))
#8 C:\laragon\www\SIPIUTANG\system\CodeIgniter.php(368): CodeIgniter\CodeIgniter->handleRequest(NULL, Object(Config\Cache), false)
#9 C:\laragon\www\SIPIUTANG\public\index.php(67): CodeIgniter\CodeIgniter->run()
#10 C:\laragon\www\SIPIUTANG\system\Commands\Server\rewrite.php(47): require_once('C:\\laragon\\www\\...')
#11 {main}
CRITICAL - 2023-03-26 07:50:55 --> Expression #3 of SELECT list is not in GROUP BY clause and contains nonaggregated column 'db_piutang.tb_invoice.id_invoice_ekspedisi' which is not functionally dependent on columns in GROUP BY clause; this is incompatible with sql_mode=only_full_group_by
in SYSTEMPATH\Database\BaseConnection.php on line 645.
 1 SYSTEMPATH\Database\BaseBuilder.php(1616): CodeIgniter\Database\BaseConnection->query('SELECT SUM(sisa_hutang) as hutang_invoice, `id_customer`, `id_invoice_ekspedisi` `nama_usaha`, `nama_cstmr`, `telepon`, `atas_nama`, COUNT(sisa_hutang_ekspedisi) AS jmlh_data
FROM `tb_invoice`
JOIN `tb_customer` ON `tb_customer`.`id` = `tb_invoice`.`id_customer`
LEFT JOIN `tb_invoice_ekspedisi` ON `tb_invoice_ekspedisi`.`id` = `tb_invoice`.`id_invoice_ekspedisi`
LEFT JOIN `tb_ekspedisi` ON `tb_ekspedisi`.`id` = `tb_invoice_ekspedisi`.`id_ekspedisi`
GROUP BY `tb_invoice`.`id_customer`', [], false)
 2 APPPATH\Models\ModelInvoice.php(77): CodeIgniter\Database\BaseBuilder->get()
 3 APPPATH\Controllers\AJAX\Piutang.php(23): App\Models\ModelInvoice->getHutang(null)
 4 SYSTEMPATH\CodeIgniter.php(934): App\Controllers\AJAX\Piutang->index(null)
 5 SYSTEMPATH\CodeIgniter.php(499): CodeIgniter\CodeIgniter->runController(Object(App\Controllers\AJAX\Piutang))
 6 SYSTEMPATH\CodeIgniter.php(368): CodeIgniter\CodeIgniter->handleRequest(null, Object(Config\Cache), false)
 7 FCPATH\index.php(67): CodeIgniter\CodeIgniter->run()
 8 SYSTEMPATH\Commands\Server\rewrite.php(47): require_once('FCPATH\\index.php')
ERROR - 2023-03-26 07:51:45 --> mysqli_sql_exception: Expression #3 of SELECT list is not in GROUP BY clause and contains nonaggregated column 'db_piutang.tb_invoice_ekspedisi.id' which is not functionally dependent on columns in GROUP BY clause; this is incompatible with sql_mode=only_full_group_by in C:\laragon\www\SIPIUTANG\system\Database\MySQLi\Connection.php:295
Stack trace:
#0 C:\laragon\www\SIPIUTANG\system\Database\MySQLi\Connection.php(295): mysqli->query('SELECT SUM(sisa...', 0)
#1 C:\laragon\www\SIPIUTANG\system\Database\BaseConnection.php(691): CodeIgniter\Database\MySQLi\Connection->execute('SELECT SUM(sisa...')
#2 C:\laragon\www\SIPIUTANG\system\Database\BaseConnection.php(605): CodeIgniter\Database\BaseConnection->simpleQuery('SELECT SUM(sisa...')
#3 C:\laragon\www\SIPIUTANG\system\Database\BaseBuilder.php(1616): CodeIgniter\Database\BaseConnection->query('SELECT SUM(sisa...', Array, false)
#4 C:\laragon\www\SIPIUTANG\app\Models\ModelInvoice.php(77): CodeIgniter\Database\BaseBuilder->get()
#5 C:\laragon\www\SIPIUTANG\app\Controllers\AJAX\Piutang.php(23): App\Models\ModelInvoice->getHutang(NULL)
#6 C:\laragon\www\SIPIUTANG\system\CodeIgniter.php(934): App\Controllers\AJAX\Piutang->index(NULL)
#7 C:\laragon\www\SIPIUTANG\system\CodeIgniter.php(499): CodeIgniter\CodeIgniter->runController(Object(App\Controllers\AJAX\Piutang))
#8 C:\laragon\www\SIPIUTANG\system\CodeIgniter.php(368): CodeIgniter\CodeIgniter->handleRequest(NULL, Object(Config\Cache), false)
#9 C:\laragon\www\SIPIUTANG\public\index.php(67): CodeIgniter\CodeIgniter->run()
#10 C:\laragon\www\SIPIUTANG\system\Commands\Server\rewrite.php(47): require_once('C:\\laragon\\www\\...')
#11 {main}
CRITICAL - 2023-03-26 07:51:45 --> Expression #3 of SELECT list is not in GROUP BY clause and contains nonaggregated column 'db_piutang.tb_invoice_ekspedisi.id' which is not functionally dependent on columns in GROUP BY clause; this is incompatible with sql_mode=only_full_group_by
in SYSTEMPATH\Database\BaseConnection.php on line 645.
 1 SYSTEMPATH\Database\BaseBuilder.php(1616): CodeIgniter\Database\BaseConnection->query('SELECT SUM(sisa_hutang) as hutang_invoice, `id_customer`, `tb_invoice_ekspedisi`.`id` AS `id_invoice_ekspedisi nama_usaha`, `nama_cstmr`, `telepon`, `atas_nama`, COUNT(sisa_hutang_ekspedisi) AS jmlh_data
FROM `tb_invoice`
JOIN `tb_customer` ON `tb_customer`.`id` = `tb_invoice`.`id_customer`
LEFT JOIN `tb_invoice_ekspedisi` ON `tb_invoice_ekspedisi`.`id` = `tb_invoice`.`id_invoice_ekspedisi`
LEFT JOIN `tb_ekspedisi` ON `tb_ekspedisi`.`id` = `tb_invoice_ekspedisi`.`id_ekspedisi`
GROUP BY `tb_invoice`.`id_customer`', [], false)
 2 APPPATH\Models\ModelInvoice.php(77): CodeIgniter\Database\BaseBuilder->get()
 3 APPPATH\Controllers\AJAX\Piutang.php(23): App\Models\ModelInvoice->getHutang(null)
 4 SYSTEMPATH\CodeIgniter.php(934): App\Controllers\AJAX\Piutang->index(null)
 5 SYSTEMPATH\CodeIgniter.php(499): CodeIgniter\CodeIgniter->runController(Object(App\Controllers\AJAX\Piutang))
 6 SYSTEMPATH\CodeIgniter.php(368): CodeIgniter\CodeIgniter->handleRequest(null, Object(Config\Cache), false)
 7 FCPATH\index.php(67): CodeIgniter\CodeIgniter->run()
 8 SYSTEMPATH\Commands\Server\rewrite.php(47): require_once('FCPATH\\index.php')
ERROR - 2023-03-26 07:53:25 --> mysqli_sql_exception: Expression #3 of SELECT list is not in GROUP BY clause and contains nonaggregated column 'db_piutang.tb_invoice_ekspedisi.id' which is not functionally dependent on columns in GROUP BY clause; this is incompatible with sql_mode=only_full_group_by in C:\laragon\www\SIPIUTANG\system\Database\MySQLi\Connection.php:295
Stack trace:
#0 C:\laragon\www\SIPIUTANG\system\Database\MySQLi\Connection.php(295): mysqli->query('SELECT SUM(sisa...', 0)
#1 C:\laragon\www\SIPIUTANG\system\Database\BaseConnection.php(691): CodeIgniter\Database\MySQLi\Connection->execute('SELECT SUM(sisa...')
#2 C:\laragon\www\SIPIUTANG\system\Database\BaseConnection.php(605): CodeIgniter\Database\BaseConnection->simpleQuery('SELECT SUM(sisa...')
#3 C:\laragon\www\SIPIUTANG\system\Database\BaseBuilder.php(1616): CodeIgniter\Database\BaseConnection->query('SELECT SUM(sisa...', Array, false)
#4 C:\laragon\www\SIPIUTANG\app\Models\ModelInvoice.php(77): CodeIgniter\Database\BaseBuilder->get()
#5 C:\laragon\www\SIPIUTANG\app\Controllers\AJAX\Piutang.php(23): App\Models\ModelInvoice->getHutang(NULL)
#6 C:\laragon\www\SIPIUTANG\system\CodeIgniter.php(934): App\Controllers\AJAX\Piutang->index(NULL)
#7 C:\laragon\www\SIPIUTANG\system\CodeIgniter.php(499): CodeIgniter\CodeIgniter->runController(Object(App\Controllers\AJAX\Piutang))
#8 C:\laragon\www\SIPIUTANG\system\CodeIgniter.php(368): CodeIgniter\CodeIgniter->handleRequest(NULL, Object(Config\Cache), false)
#9 C:\laragon\www\SIPIUTANG\public\index.php(67): CodeIgniter\CodeIgniter->run()
#10 C:\laragon\www\SIPIUTANG\system\Commands\Server\rewrite.php(47): require_once('C:\\laragon\\www\\...')
#11 {main}
CRITICAL - 2023-03-26 07:53:25 --> Expression #3 of SELECT list is not in GROUP BY clause and contains nonaggregated column 'db_piutang.tb_invoice_ekspedisi.id' which is not functionally dependent on columns in GROUP BY clause; this is incompatible with sql_mode=only_full_group_by
in SYSTEMPATH\Database\BaseConnection.php on line 645.
 1 SYSTEMPATH\Database\BaseBuilder.php(1616): CodeIgniter\Database\BaseConnection->query('SELECT SUM(sisa_hutang) as hutang_invoice, `id_customer`, `tb_invoice_ekspedisi`.`id` AS `id_invoice_ekspedisi`, `nama_usaha`, `nama_cstmr`, `telepon`, `atas_nama`, COUNT(sisa_hutang_ekspedisi) AS jmlh_data
FROM `tb_invoice`
JOIN `tb_customer` ON `tb_customer`.`id` = `tb_invoice`.`id_customer`
LEFT JOIN `tb_invoice_ekspedisi` ON `tb_invoice_ekspedisi`.`id` = `tb_invoice`.`id_invoice_ekspedisi`
LEFT JOIN `tb_ekspedisi` ON `tb_ekspedisi`.`id` = `tb_invoice_ekspedisi`.`id_ekspedisi`
GROUP BY `tb_invoice`.`id_customer`', [], false)
 2 APPPATH\Models\ModelInvoice.php(77): CodeIgniter\Database\BaseBuilder->get()
 3 APPPATH\Controllers\AJAX\Piutang.php(23): App\Models\ModelInvoice->getHutang(null)
 4 SYSTEMPATH\CodeIgniter.php(934): App\Controllers\AJAX\Piutang->index(null)
 5 SYSTEMPATH\CodeIgniter.php(499): CodeIgniter\CodeIgniter->runController(Object(App\Controllers\AJAX\Piutang))
 6 SYSTEMPATH\CodeIgniter.php(368): CodeIgniter\CodeIgniter->handleRequest(null, Object(Config\Cache), false)
 7 FCPATH\index.php(67): CodeIgniter\CodeIgniter->run()
 8 SYSTEMPATH\Commands\Server\rewrite.php(47): require_once('FCPATH\\index.php')
ERROR - 2023-03-26 07:53:35 --> mysqli_sql_exception: Expression #3 of SELECT list is not in GROUP BY clause and contains nonaggregated column 'db_piutang.tb_invoice.id_invoice_ekspedisi' which is not functionally dependent on columns in GROUP BY clause; this is incompatible with sql_mode=only_full_group_by in C:\laragon\www\SIPIUTANG\system\Database\MySQLi\Connection.php:295
Stack trace:
#0 C:\laragon\www\SIPIUTANG\system\Database\MySQLi\Connection.php(295): mysqli->query('SELECT SUM(sisa...', 0)
#1 C:\laragon\www\SIPIUTANG\system\Database\BaseConnection.php(691): CodeIgniter\Database\MySQLi\Connection->execute('SELECT SUM(sisa...')
#2 C:\laragon\www\SIPIUTANG\system\Database\BaseConnection.php(605): CodeIgniter\Database\BaseConnection->simpleQuery('SELECT SUM(sisa...')
#3 C:\laragon\www\SIPIUTANG\system\Database\BaseBuilder.php(1616): CodeIgniter\Database\BaseConnection->query('SELECT SUM(sisa...', Array, false)
#4 C:\laragon\www\SIPIUTANG\app\Models\ModelInvoice.php(77): CodeIgniter\Database\BaseBuilder->get()
#5 C:\laragon\www\SIPIUTANG\app\Controllers\AJAX\Piutang.php(23): App\Models\ModelInvoice->getHutang(NULL)
#6 C:\laragon\www\SIPIUTANG\system\CodeIgniter.php(934): App\Controllers\AJAX\Piutang->index(NULL)
#7 C:\laragon\www\SIPIUTANG\system\CodeIgniter.php(499): CodeIgniter\CodeIgniter->runController(Object(App\Controllers\AJAX\Piutang))
#8 C:\laragon\www\SIPIUTANG\system\CodeIgniter.php(368): CodeIgniter\CodeIgniter->handleRequest(NULL, Object(Config\Cache), false)
#9 C:\laragon\www\SIPIUTANG\public\index.php(67): CodeIgniter\CodeIgniter->run()
#10 C:\laragon\www\SIPIUTANG\system\Commands\Server\rewrite.php(47): require_once('C:\\laragon\\www\\...')
#11 {main}
CRITICAL - 2023-03-26 07:53:35 --> Expression #3 of SELECT list is not in GROUP BY clause and contains nonaggregated column 'db_piutang.tb_invoice.id_invoice_ekspedisi' which is not functionally dependent on columns in GROUP BY clause; this is incompatible with sql_mode=only_full_group_by
in SYSTEMPATH\Database\BaseConnection.php on line 645.
 1 SYSTEMPATH\Database\BaseBuilder.php(1616): CodeIgniter\Database\BaseConnection->query('SELECT SUM(sisa_hutang) as hutang_invoice, `id_customer`, `id_invoice_ekspedisi`, `nama_usaha`, `nama_cstmr`, `telepon`, `atas_nama`, COUNT(sisa_hutang_ekspedisi) AS jmlh_data
FROM `tb_invoice`
JOIN `tb_customer` ON `tb_customer`.`id` = `tb_invoice`.`id_customer`
LEFT JOIN `tb_invoice_ekspedisi` ON `tb_invoice_ekspedisi`.`id` = `tb_invoice`.`id_invoice_ekspedisi`
LEFT JOIN `tb_ekspedisi` ON `tb_ekspedisi`.`id` = `tb_invoice_ekspedisi`.`id_ekspedisi`
GROUP BY `tb_invoice`.`id_customer`', [], false)
 2 APPPATH\Models\ModelInvoice.php(77): CodeIgniter\Database\BaseBuilder->get()
 3 APPPATH\Controllers\AJAX\Piutang.php(23): App\Models\ModelInvoice->getHutang(null)
 4 SYSTEMPATH\CodeIgniter.php(934): App\Controllers\AJAX\Piutang->index(null)
 5 SYSTEMPATH\CodeIgniter.php(499): CodeIgniter\CodeIgniter->runController(Object(App\Controllers\AJAX\Piutang))
 6 SYSTEMPATH\CodeIgniter.php(368): CodeIgniter\CodeIgniter->handleRequest(null, Object(Config\Cache), false)
 7 FCPATH\index.php(67): CodeIgniter\CodeIgniter->run()
 8 SYSTEMPATH\Commands\Server\rewrite.php(47): require_once('FCPATH\\index.php')
ERROR - 2023-03-26 07:54:14 --> mysqli_sql_exception: Expression #3 of SELECT list is not in GROUP BY clause and contains nonaggregated column 'db_piutang.tb_invoice_ekspedisi.id' which is not functionally dependent on columns in GROUP BY clause; this is incompatible with sql_mode=only_full_group_by in C:\laragon\www\SIPIUTANG\system\Database\MySQLi\Connection.php:295
Stack trace:
#0 C:\laragon\www\SIPIUTANG\system\Database\MySQLi\Connection.php(295): mysqli->query('SELECT SUM(sisa...', 0)
#1 C:\laragon\www\SIPIUTANG\system\Database\BaseConnection.php(691): CodeIgniter\Database\MySQLi\Connection->execute('SELECT SUM(sisa...')
#2 C:\laragon\www\SIPIUTANG\system\Database\BaseConnection.php(605): CodeIgniter\Database\BaseConnection->simpleQuery('SELECT SUM(sisa...')
#3 C:\laragon\www\SIPIUTANG\system\Database\BaseBuilder.php(1616): CodeIgniter\Database\BaseConnection->query('SELECT SUM(sisa...', Array, false)
#4 C:\laragon\www\SIPIUTANG\app\Models\ModelInvoice.php(77): CodeIgniter\Database\BaseBuilder->get()
#5 C:\laragon\www\SIPIUTANG\app\Controllers\AJAX\Piutang.php(23): App\Models\ModelInvoice->getHutang(NULL)
#6 C:\laragon\www\SIPIUTANG\system\CodeIgniter.php(934): App\Controllers\AJAX\Piutang->index(NULL)
#7 C:\laragon\www\SIPIUTANG\system\CodeIgniter.php(499): CodeIgniter\CodeIgniter->runController(Object(App\Controllers\AJAX\Piutang))
#8 C:\laragon\www\SIPIUTANG\system\CodeIgniter.php(368): CodeIgniter\CodeIgniter->handleRequest(NULL, Object(Config\Cache), false)
#9 C:\laragon\www\SIPIUTANG\public\index.php(67): CodeIgniter\CodeIgniter->run()
#10 C:\laragon\www\SIPIUTANG\system\Commands\Server\rewrite.php(47): require_once('C:\\laragon\\www\\...')
#11 {main}
CRITICAL - 2023-03-26 07:54:14 --> Expression #3 of SELECT list is not in GROUP BY clause and contains nonaggregated column 'db_piutang.tb_invoice_ekspedisi.id' which is not functionally dependent on columns in GROUP BY clause; this is incompatible with sql_mode=only_full_group_by
in SYSTEMPATH\Database\BaseConnection.php on line 645.
 1 SYSTEMPATH\Database\BaseBuilder.php(1616): CodeIgniter\Database\BaseConnection->query('SELECT SUM(sisa_hutang) as hutang_invoice, `id_customer`, `tb_invoice_ekspedisi`.`id`, `nama_usaha`, `nama_cstmr`, `telepon`, `atas_nama`, COUNT(sisa_hutang_ekspedisi) AS jmlh_data
FROM `tb_invoice`
JOIN `tb_customer` ON `tb_customer`.`id` = `tb_invoice`.`id_customer`
LEFT JOIN `tb_invoice_ekspedisi` ON `tb_invoice_ekspedisi`.`id` = `tb_invoice`.`id_invoice_ekspedisi`
LEFT JOIN `tb_ekspedisi` ON `tb_ekspedisi`.`id` = `tb_invoice_ekspedisi`.`id_ekspedisi`
GROUP BY `tb_invoice`.`id_customer`', [], false)
 2 APPPATH\Models\ModelInvoice.php(77): CodeIgniter\Database\BaseBuilder->get()
 3 APPPATH\Controllers\AJAX\Piutang.php(23): App\Models\ModelInvoice->getHutang(null)
 4 SYSTEMPATH\CodeIgniter.php(934): App\Controllers\AJAX\Piutang->index(null)
 5 SYSTEMPATH\CodeIgniter.php(499): CodeIgniter\CodeIgniter->runController(Object(App\Controllers\AJAX\Piutang))
 6 SYSTEMPATH\CodeIgniter.php(368): CodeIgniter\CodeIgniter->handleRequest(null, Object(Config\Cache), false)
 7 FCPATH\index.php(67): CodeIgniter\CodeIgniter->run()
 8 SYSTEMPATH\Commands\Server\rewrite.php(47): require_once('FCPATH\\index.php')
ERROR - 2023-03-26 07:56:33 --> mysqli_sql_exception: Expression #3 of SELECT list is not in GROUP BY clause and contains nonaggregated column 'db_piutang.tb_invoice.id_user' which is not functionally dependent on columns in GROUP BY clause; this is incompatible with sql_mode=only_full_group_by in C:\laragon\www\SIPIUTANG\system\Database\MySQLi\Connection.php:295
Stack trace:
#0 C:\laragon\www\SIPIUTANG\system\Database\MySQLi\Connection.php(295): mysqli->query('SELECT SUM(sisa...', 0)
#1 C:\laragon\www\SIPIUTANG\system\Database\BaseConnection.php(691): CodeIgniter\Database\MySQLi\Connection->execute('SELECT SUM(sisa...')
#2 C:\laragon\www\SIPIUTANG\system\Database\BaseConnection.php(605): CodeIgniter\Database\BaseConnection->simpleQuery('SELECT SUM(sisa...')
#3 C:\laragon\www\SIPIUTANG\system\Database\BaseBuilder.php(1616): CodeIgniter\Database\BaseConnection->query('SELECT SUM(sisa...', Array, false)
#4 C:\laragon\www\SIPIUTANG\app\Models\ModelInvoice.php(77): CodeIgniter\Database\BaseBuilder->get()
#5 C:\laragon\www\SIPIUTANG\app\Controllers\AJAX\Piutang.php(23): App\Models\ModelInvoice->getHutang(NULL)
#6 C:\laragon\www\SIPIUTANG\system\CodeIgniter.php(934): App\Controllers\AJAX\Piutang->index(NULL)
#7 C:\laragon\www\SIPIUTANG\system\CodeIgniter.php(499): CodeIgniter\CodeIgniter->runController(Object(App\Controllers\AJAX\Piutang))
#8 C:\laragon\www\SIPIUTANG\system\CodeIgniter.php(368): CodeIgniter\CodeIgniter->handleRequest(NULL, Object(Config\Cache), false)
#9 C:\laragon\www\SIPIUTANG\public\index.php(67): CodeIgniter\CodeIgniter->run()
#10 C:\laragon\www\SIPIUTANG\system\Commands\Server\rewrite.php(47): require_once('C:\\laragon\\www\\...')
#11 {main}
CRITICAL - 2023-03-26 07:56:33 --> Expression #3 of SELECT list is not in GROUP BY clause and contains nonaggregated column 'db_piutang.tb_invoice.id_user' which is not functionally dependent on columns in GROUP BY clause; this is incompatible with sql_mode=only_full_group_by
in SYSTEMPATH\Database\BaseConnection.php on line 645.
 1 SYSTEMPATH\Database\BaseBuilder.php(1616): CodeIgniter\Database\BaseConnection->query('SELECT SUM(sisa_hutang) as hutang_invoice, `id_customer`, `id_user` `nama_usaha`, `nama_cstmr`, `telepon`, `atas_nama`, COUNT(sisa_hutang_ekspedisi) AS jmlh_data
FROM `tb_invoice`
JOIN `tb_customer` ON `tb_customer`.`id` = `tb_invoice`.`id_customer`
LEFT JOIN `tb_invoice_ekspedisi` ON `tb_invoice_ekspedisi`.`id` = `tb_invoice`.`id_invoice_ekspedisi`
LEFT JOIN `tb_ekspedisi` ON `tb_ekspedisi`.`id` = `tb_invoice_ekspedisi`.`id_ekspedisi`
GROUP BY `tb_invoice`.`id_customer`', [], false)
 2 APPPATH\Models\ModelInvoice.php(77): CodeIgniter\Database\BaseBuilder->get()
 3 APPPATH\Controllers\AJAX\Piutang.php(23): App\Models\ModelInvoice->getHutang(null)
 4 SYSTEMPATH\CodeIgniter.php(934): App\Controllers\AJAX\Piutang->index(null)
 5 SYSTEMPATH\CodeIgniter.php(499): CodeIgniter\CodeIgniter->runController(Object(App\Controllers\AJAX\Piutang))
 6 SYSTEMPATH\CodeIgniter.php(368): CodeIgniter\CodeIgniter->handleRequest(null, Object(Config\Cache), false)
 7 FCPATH\index.php(67): CodeIgniter\CodeIgniter->run()
 8 SYSTEMPATH\Commands\Server\rewrite.php(47): require_once('FCPATH\\index.php')
ERROR - 2023-03-26 08:02:08 --> mysqli_sql_exception: Expression #3 of SELECT list is not in GROUP BY clause and contains nonaggregated column 'db_piutang.tb_invoice.id_invoice_ekspedisi' which is not functionally dependent on columns in GROUP BY clause; this is incompatible with sql_mode=only_full_group_by in C:\laragon\www\SIPIUTANG\system\Database\MySQLi\Connection.php:295
Stack trace:
#0 C:\laragon\www\SIPIUTANG\system\Database\MySQLi\Connection.php(295): mysqli->query('SELECT SUM(sisa...', 0)
#1 C:\laragon\www\SIPIUTANG\system\Database\BaseConnection.php(691): CodeIgniter\Database\MySQLi\Connection->execute('SELECT SUM(sisa...')
#2 C:\laragon\www\SIPIUTANG\system\Database\BaseConnection.php(605): CodeIgniter\Database\BaseConnection->simpleQuery('SELECT SUM(sisa...')
#3 C:\laragon\www\SIPIUTANG\system\Database\BaseBuilder.php(1616): CodeIgniter\Database\BaseConnection->query('SELECT SUM(sisa...', Array, false)
#4 C:\laragon\www\SIPIUTANG\app\Models\ModelInvoice.php(77): CodeIgniter\Database\BaseBuilder->get()
#5 C:\laragon\www\SIPIUTANG\app\Controllers\AJAX\Piutang.php(23): App\Models\ModelInvoice->getHutang(NULL)
#6 C:\laragon\www\SIPIUTANG\system\CodeIgniter.php(934): App\Controllers\AJAX\Piutang->index(NULL)
#7 C:\laragon\www\SIPIUTANG\system\CodeIgniter.php(499): CodeIgniter\CodeIgniter->runController(Object(App\Controllers\AJAX\Piutang))
#8 C:\laragon\www\SIPIUTANG\system\CodeIgniter.php(368): CodeIgniter\CodeIgniter->handleRequest(NULL, Object(Config\Cache), false)
#9 C:\laragon\www\SIPIUTANG\public\index.php(67): CodeIgniter\CodeIgniter->run()
#10 C:\laragon\www\SIPIUTANG\system\Commands\Server\rewrite.php(47): require_once('C:\\laragon\\www\\...')
#11 {main}
CRITICAL - 2023-03-26 08:02:08 --> Expression #3 of SELECT list is not in GROUP BY clause and contains nonaggregated column 'db_piutang.tb_invoice.id_invoice_ekspedisi' which is not functionally dependent on columns in GROUP BY clause; this is incompatible with sql_mode=only_full_group_by
in SYSTEMPATH\Database\BaseConnection.php on line 645.
 1 SYSTEMPATH\Database\BaseBuilder.php(1616): CodeIgniter\Database\BaseConnection->query('SELECT SUM(sisa_hutang) as hutang_invoice, `id_customer`, `id_invoice_ekspedisi` `nama_usaha`, `nama_cstmr`, `telepon`, `atas_nama`
FROM `tb_invoice`
JOIN `tb_customer` ON `tb_customer`.`id` = `tb_invoice`.`id_customer`
LEFT JOIN `tb_invoice_ekspedisi` ON `tb_invoice_ekspedisi`.`id` = `tb_invoice`.`id_invoice_ekspedisi`
LEFT JOIN `tb_ekspedisi` ON `tb_ekspedisi`.`id` = `tb_invoice_ekspedisi`.`id_ekspedisi`
GROUP BY `tb_invoice`.`id_customer`', [], false)
 2 APPPATH\Models\ModelInvoice.php(77): CodeIgniter\Database\BaseBuilder->get()
 3 APPPATH\Controllers\AJAX\Piutang.php(23): App\Models\ModelInvoice->getHutang(null)
 4 SYSTEMPATH\CodeIgniter.php(934): App\Controllers\AJAX\Piutang->index(null)
 5 SYSTEMPATH\CodeIgniter.php(499): CodeIgniter\CodeIgniter->runController(Object(App\Controllers\AJAX\Piutang))
 6 SYSTEMPATH\CodeIgniter.php(368): CodeIgniter\CodeIgniter->handleRequest(null, Object(Config\Cache), false)
 7 FCPATH\index.php(67): CodeIgniter\CodeIgniter->run()
 8 SYSTEMPATH\Commands\Server\rewrite.php(47): require_once('FCPATH\\index.php')
ERROR - 2023-03-26 08:07:33 --> mysqli_sql_exception: Not unique table/alias: 'tb_invoice' in C:\laragon\www\SIPIUTANG\system\Database\MySQLi\Connection.php:295
Stack trace:
#0 C:\laragon\www\SIPIUTANG\system\Database\MySQLi\Connection.php(295): mysqli->query('SELECT SUM(sisa...', 0)
#1 C:\laragon\www\SIPIUTANG\system\Database\BaseConnection.php(691): CodeIgniter\Database\MySQLi\Connection->execute('SELECT SUM(sisa...')
#2 C:\laragon\www\SIPIUTANG\system\Database\BaseConnection.php(605): CodeIgniter\Database\BaseConnection->simpleQuery('SELECT SUM(sisa...')
#3 C:\laragon\www\SIPIUTANG\system\Database\BaseBuilder.php(1616): CodeIgniter\Database\BaseConnection->query('SELECT SUM(sisa...', Array, false)
#4 C:\laragon\www\SIPIUTANG\app\Models\ModelInvoice.php(79): CodeIgniter\Database\BaseBuilder->get()
#5 C:\laragon\www\SIPIUTANG\app\Controllers\AJAX\Piutang.php(23): App\Models\ModelInvoice->getHutang(NULL)
#6 C:\laragon\www\SIPIUTANG\system\CodeIgniter.php(934): App\Controllers\AJAX\Piutang->index(NULL)
#7 C:\laragon\www\SIPIUTANG\system\CodeIgniter.php(499): CodeIgniter\CodeIgniter->runController(Object(App\Controllers\AJAX\Piutang))
#8 C:\laragon\www\SIPIUTANG\system\CodeIgniter.php(368): CodeIgniter\CodeIgniter->handleRequest(NULL, Object(Config\Cache), false)
#9 C:\laragon\www\SIPIUTANG\public\index.php(67): CodeIgniter\CodeIgniter->run()
#10 C:\laragon\www\SIPIUTANG\system\Commands\Server\rewrite.php(47): require_once('C:\\laragon\\www\\...')
#11 {main}
CRITICAL - 2023-03-26 08:07:33 --> Not unique table/alias: 'tb_invoice'
in SYSTEMPATH\Database\BaseConnection.php on line 645.
 1 SYSTEMPATH\Database\BaseBuilder.php(1616): CodeIgniter\Database\BaseConnection->query('SELECT SUM(sisa_hutang) as hutang_invoice, `id_customer`, `id_invoice_ekspedisi //` `nama_usaha`, `nama_cstmr`, `telepon`, `atas_nama`
FROM `tb_invoice`, `tb_invoice`
WHERE   (
`id_customer` = :id_customer:
 )', [...], false)
 2 APPPATH\Models\ModelInvoice.php(79): CodeIgniter\Database\BaseBuilder->get()
 3 APPPATH\Controllers\AJAX\Piutang.php(23): App\Models\ModelInvoice->getHutang(null)
 4 SYSTEMPATH\CodeIgniter.php(934): App\Controllers\AJAX\Piutang->index(null)
 5 SYSTEMPATH\CodeIgniter.php(499): CodeIgniter\CodeIgniter->runController(Object(App\Controllers\AJAX\Piutang))
 6 SYSTEMPATH\CodeIgniter.php(368): CodeIgniter\CodeIgniter->handleRequest(null, Object(Config\Cache), false)
 7 FCPATH\index.php(67): CodeIgniter\CodeIgniter->run()
 8 SYSTEMPATH\Commands\Server\rewrite.php(47): require_once('FCPATH\\index.php')
ERROR - 2023-03-26 08:08:17 --> mysqli_sql_exception: Expression #3 of SELECT list is not in GROUP BY clause and contains nonaggregated column 'db_piutang.tb_invoice.id_invoice_ekspedisi' which is not functionally dependent on columns in GROUP BY clause; this is incompatible with sql_mode=only_full_group_by in C:\laragon\www\SIPIUTANG\system\Database\MySQLi\Connection.php:295
Stack trace:
#0 C:\laragon\www\SIPIUTANG\system\Database\MySQLi\Connection.php(295): mysqli->query('SELECT SUM(sisa...', 0)
#1 C:\laragon\www\SIPIUTANG\system\Database\BaseConnection.php(691): CodeIgniter\Database\MySQLi\Connection->execute('SELECT SUM(sisa...')
#2 C:\laragon\www\SIPIUTANG\system\Database\BaseConnection.php(605): CodeIgniter\Database\BaseConnection->simpleQuery('SELECT SUM(sisa...')
#3 C:\laragon\www\SIPIUTANG\system\Database\BaseBuilder.php(1616): CodeIgniter\Database\BaseConnection->query('SELECT SUM(sisa...', Array, false)
#4 C:\laragon\www\SIPIUTANG\app\Models\ModelInvoice.php(78): CodeIgniter\Database\BaseBuilder->get()
#5 C:\laragon\www\SIPIUTANG\app\Controllers\AJAX\Piutang.php(23): App\Models\ModelInvoice->getHutang(NULL)
#6 C:\laragon\www\SIPIUTANG\system\CodeIgniter.php(934): App\Controllers\AJAX\Piutang->index(NULL)
#7 C:\laragon\www\SIPIUTANG\system\CodeIgniter.php(499): CodeIgniter\CodeIgniter->runController(Object(App\Controllers\AJAX\Piutang))
#8 C:\laragon\www\SIPIUTANG\system\CodeIgniter.php(368): CodeIgniter\CodeIgniter->handleRequest(NULL, Object(Config\Cache), false)
#9 C:\laragon\www\SIPIUTANG\public\index.php(67): CodeIgniter\CodeIgniter->run()
#10 C:\laragon\www\SIPIUTANG\system\Commands\Server\rewrite.php(47): require_once('C:\\laragon\\www\\...')
#11 {main}
CRITICAL - 2023-03-26 08:08:17 --> Expression #3 of SELECT list is not in GROUP BY clause and contains nonaggregated column 'db_piutang.tb_invoice.id_invoice_ekspedisi' which is not functionally dependent on columns in GROUP BY clause; this is incompatible with sql_mode=only_full_group_by
in SYSTEMPATH\Database\BaseConnection.php on line 645.
 1 SYSTEMPATH\Database\BaseBuilder.php(1616): CodeIgniter\Database\BaseConnection->query('SELECT SUM(sisa_hutang) as hutang_invoice, `id_customer`, `id_invoice_ekspedisi` `nama_usaha`, `nama_cstmr`, `telepon`, `atas_nama`
FROM `tb_invoice`
JOIN `tb_customer` ON `tb_customer`.`id` = `tb_invoice`.`id_customer`
LEFT JOIN `tb_invoice_ekspedisi` ON `tb_invoice_ekspedisi`.`id` = `tb_invoice`.`id_invoice_ekspedisi`
LEFT JOIN `tb_ekspedisi` ON `tb_ekspedisi`.`id` = `tb_invoice_ekspedisi`.`id_ekspedisi`
GROUP BY `tb_invoice`.`id_customer`', [], false)
 2 APPPATH\Models\ModelInvoice.php(78): CodeIgniter\Database\BaseBuilder->get()
 3 APPPATH\Controllers\AJAX\Piutang.php(23): App\Models\ModelInvoice->getHutang(null)
 4 SYSTEMPATH\CodeIgniter.php(934): App\Controllers\AJAX\Piutang->index(null)
 5 SYSTEMPATH\CodeIgniter.php(499): CodeIgniter\CodeIgniter->runController(Object(App\Controllers\AJAX\Piutang))
 6 SYSTEMPATH\CodeIgniter.php(368): CodeIgniter\CodeIgniter->handleRequest(null, Object(Config\Cache), false)
 7 FCPATH\index.php(67): CodeIgniter\CodeIgniter->run()
 8 SYSTEMPATH\Commands\Server\rewrite.php(47): require_once('FCPATH\\index.php')
ERROR - 2023-03-26 08:09:46 --> mysqli_sql_exception: Expression #3 of SELECT list is not in GROUP BY clause and contains nonaggregated column 'db_piutang.tb_invoice.tgl_invoice' which is not functionally dependent on columns in GROUP BY clause; this is incompatible with sql_mode=only_full_group_by in C:\laragon\www\SIPIUTANG\system\Database\MySQLi\Connection.php:295
Stack trace:
#0 C:\laragon\www\SIPIUTANG\system\Database\MySQLi\Connection.php(295): mysqli->query('SELECT SUM(sisa...', 0)
#1 C:\laragon\www\SIPIUTANG\system\Database\BaseConnection.php(691): CodeIgniter\Database\MySQLi\Connection->execute('SELECT SUM(sisa...')
#2 C:\laragon\www\SIPIUTANG\system\Database\BaseConnection.php(605): CodeIgniter\Database\BaseConnection->simpleQuery('SELECT SUM(sisa...')
#3 C:\laragon\www\SIPIUTANG\system\Database\BaseBuilder.php(1616): CodeIgniter\Database\BaseConnection->query('SELECT SUM(sisa...', Array, false)
#4 C:\laragon\www\SIPIUTANG\app\Models\ModelInvoice.php(78): CodeIgniter\Database\BaseBuilder->get()
#5 C:\laragon\www\SIPIUTANG\app\Controllers\AJAX\Piutang.php(23): App\Models\ModelInvoice->getHutang(NULL)
#6 C:\laragon\www\SIPIUTANG\system\CodeIgniter.php(934): App\Controllers\AJAX\Piutang->index(NULL)
#7 C:\laragon\www\SIPIUTANG\system\CodeIgniter.php(499): CodeIgniter\CodeIgniter->runController(Object(App\Controllers\AJAX\Piutang))
#8 C:\laragon\www\SIPIUTANG\system\CodeIgniter.php(368): CodeIgniter\CodeIgniter->handleRequest(NULL, Object(Config\Cache), false)
#9 C:\laragon\www\SIPIUTANG\public\index.php(67): CodeIgniter\CodeIgniter->run()
#10 C:\laragon\www\SIPIUTANG\system\Commands\Server\rewrite.php(47): require_once('C:\\laragon\\www\\...')
#11 {main}
CRITICAL - 2023-03-26 08:09:46 --> Expression #3 of SELECT list is not in GROUP BY clause and contains nonaggregated column 'db_piutang.tb_invoice.tgl_invoice' which is not functionally dependent on columns in GROUP BY clause; this is incompatible with sql_mode=only_full_group_by
in SYSTEMPATH\Database\BaseConnection.php on line 645.
 1 SYSTEMPATH\Database\BaseBuilder.php(1616): CodeIgniter\Database\BaseConnection->query('SELECT SUM(sisa_hutang) as hutang_invoice, `id_customer`, `tgl_invoice` `nama_usaha`, `nama_cstmr`, `telepon`, `atas_nama`
FROM `tb_invoice`
JOIN `tb_customer` ON `tb_customer`.`id` = `tb_invoice`.`id_customer`
LEFT JOIN `tb_invoice_ekspedisi` ON `tb_invoice_ekspedisi`.`id` = `tb_invoice`.`id_invoice_ekspedisi`
LEFT JOIN `tb_ekspedisi` ON `tb_ekspedisi`.`id` = `tb_invoice_ekspedisi`.`id_ekspedisi`
GROUP BY `tb_invoice`.`id_customer`', [], false)
 2 APPPATH\Models\ModelInvoice.php(78): CodeIgniter\Database\BaseBuilder->get()
 3 APPPATH\Controllers\AJAX\Piutang.php(23): App\Models\ModelInvoice->getHutang(null)
 4 SYSTEMPATH\CodeIgniter.php(934): App\Controllers\AJAX\Piutang->index(null)
 5 SYSTEMPATH\CodeIgniter.php(499): CodeIgniter\CodeIgniter->runController(Object(App\Controllers\AJAX\Piutang))
 6 SYSTEMPATH\CodeIgniter.php(368): CodeIgniter\CodeIgniter->handleRequest(null, Object(Config\Cache), false)
 7 FCPATH\index.php(67): CodeIgniter\CodeIgniter->run()
 8 SYSTEMPATH\Commands\Server\rewrite.php(47): require_once('FCPATH\\index.php')
ERROR - 2023-03-26 08:10:15 --> mysqli_sql_exception: Expression #3 of SELECT list is not in GROUP BY clause and contains nonaggregated column 'db_piutang.tb_invoice_ekspedisi.no_invoice_ekspedisi' which is not functionally dependent on columns in GROUP BY clause; this is incompatible with sql_mode=only_full_group_by in C:\laragon\www\SIPIUTANG\system\Database\MySQLi\Connection.php:295
Stack trace:
#0 C:\laragon\www\SIPIUTANG\system\Database\MySQLi\Connection.php(295): mysqli->query('SELECT SUM(sisa...', 0)
#1 C:\laragon\www\SIPIUTANG\system\Database\BaseConnection.php(691): CodeIgniter\Database\MySQLi\Connection->execute('SELECT SUM(sisa...')
#2 C:\laragon\www\SIPIUTANG\system\Database\BaseConnection.php(605): CodeIgniter\Database\BaseConnection->simpleQuery('SELECT SUM(sisa...')
#3 C:\laragon\www\SIPIUTANG\system\Database\BaseBuilder.php(1616): CodeIgniter\Database\BaseConnection->query('SELECT SUM(sisa...', Array, false)
#4 C:\laragon\www\SIPIUTANG\app\Models\ModelInvoice.php(78): CodeIgniter\Database\BaseBuilder->get()
#5 C:\laragon\www\SIPIUTANG\app\Controllers\AJAX\Piutang.php(23): App\Models\ModelInvoice->getHutang(NULL)
#6 C:\laragon\www\SIPIUTANG\system\CodeIgniter.php(934): App\Controllers\AJAX\Piutang->index(NULL)
#7 C:\laragon\www\SIPIUTANG\system\CodeIgniter.php(499): CodeIgniter\CodeIgniter->runController(Object(App\Controllers\AJAX\Piutang))
#8 C:\laragon\www\SIPIUTANG\system\CodeIgniter.php(368): CodeIgniter\CodeIgniter->handleRequest(NULL, Object(Config\Cache), false)
#9 C:\laragon\www\SIPIUTANG\public\index.php(67): CodeIgniter\CodeIgniter->run()
#10 C:\laragon\www\SIPIUTANG\system\Commands\Server\rewrite.php(47): require_once('C:\\laragon\\www\\...')
#11 {main}
CRITICAL - 2023-03-26 08:10:15 --> Expression #3 of SELECT list is not in GROUP BY clause and contains nonaggregated column 'db_piutang.tb_invoice_ekspedisi.no_invoice_ekspedisi' which is not functionally dependent on columns in GROUP BY clause; this is incompatible with sql_mode=only_full_group_by
in SYSTEMPATH\Database\BaseConnection.php on line 645.
 1 SYSTEMPATH\Database\BaseBuilder.php(1616): CodeIgniter\Database\BaseConnection->query('SELECT SUM(sisa_hutang) as hutang_invoice, `id_customer`, `no_invoice_ekspedisi` `nama_usaha`, `nama_cstmr`, `telepon`, `atas_nama`
FROM `tb_invoice`
JOIN `tb_customer` ON `tb_customer`.`id` = `tb_invoice`.`id_customer`
LEFT JOIN `tb_invoice_ekspedisi` ON `tb_invoice_ekspedisi`.`id` = `tb_invoice`.`id_invoice_ekspedisi`
LEFT JOIN `tb_ekspedisi` ON `tb_ekspedisi`.`id` = `tb_invoice_ekspedisi`.`id_ekspedisi`
GROUP BY `tb_invoice`.`id_customer`', [], false)
 2 APPPATH\Models\ModelInvoice.php(78): CodeIgniter\Database\BaseBuilder->get()
 3 APPPATH\Controllers\AJAX\Piutang.php(23): App\Models\ModelInvoice->getHutang(null)
 4 SYSTEMPATH\CodeIgniter.php(934): App\Controllers\AJAX\Piutang->index(null)
 5 SYSTEMPATH\CodeIgniter.php(499): CodeIgniter\CodeIgniter->runController(Object(App\Controllers\AJAX\Piutang))
 6 SYSTEMPATH\CodeIgniter.php(368): CodeIgniter\CodeIgniter->handleRequest(null, Object(Config\Cache), false)
 7 FCPATH\index.php(67): CodeIgniter\CodeIgniter->run()
 8 SYSTEMPATH\Commands\Server\rewrite.php(47): require_once('FCPATH\\index.php')
ERROR - 2023-03-26 08:11:17 --> mysqli_sql_exception: Expression #3 of SELECT list is not in GROUP BY clause and contains nonaggregated column 'db_piutang.tb_invoice_ekspedisi.no_invoice_ekspedisi' which is not functionally dependent on columns in GROUP BY clause; this is incompatible with sql_mode=only_full_group_by in C:\laragon\www\SIPIUTANG\system\Database\MySQLi\Connection.php:295
Stack trace:
#0 C:\laragon\www\SIPIUTANG\system\Database\MySQLi\Connection.php(295): mysqli->query('SELECT SUM(sisa...', 0)
#1 C:\laragon\www\SIPIUTANG\system\Database\BaseConnection.php(691): CodeIgniter\Database\MySQLi\Connection->execute('SELECT SUM(sisa...')
#2 C:\laragon\www\SIPIUTANG\system\Database\BaseConnection.php(605): CodeIgniter\Database\BaseConnection->simpleQuery('SELECT SUM(sisa...')
#3 C:\laragon\www\SIPIUTANG\system\Database\BaseBuilder.php(1616): CodeIgniter\Database\BaseConnection->query('SELECT SUM(sisa...', Array, false)
#4 C:\laragon\www\SIPIUTANG\app\Models\ModelInvoice.php(78): CodeIgniter\Database\BaseBuilder->get()
#5 C:\laragon\www\SIPIUTANG\app\Controllers\AJAX\Piutang.php(23): App\Models\ModelInvoice->getHutang(NULL)
#6 C:\laragon\www\SIPIUTANG\system\CodeIgniter.php(934): App\Controllers\AJAX\Piutang->index(NULL)
#7 C:\laragon\www\SIPIUTANG\system\CodeIgniter.php(499): CodeIgniter\CodeIgniter->runController(Object(App\Controllers\AJAX\Piutang))
#8 C:\laragon\www\SIPIUTANG\system\CodeIgniter.php(368): CodeIgniter\CodeIgniter->handleRequest(NULL, Object(Config\Cache), false)
#9 C:\laragon\www\SIPIUTANG\public\index.php(67): CodeIgniter\CodeIgniter->run()
#10 C:\laragon\www\SIPIUTANG\system\Commands\Server\rewrite.php(47): require_once('C:\\laragon\\www\\...')
#11 {main}
CRITICAL - 2023-03-26 08:11:17 --> Expression #3 of SELECT list is not in GROUP BY clause and contains nonaggregated column 'db_piutang.tb_invoice_ekspedisi.no_invoice_ekspedisi' which is not functionally dependent on columns in GROUP BY clause; this is incompatible with sql_mode=only_full_group_by
in SYSTEMPATH\Database\BaseConnection.php on line 645.
 1 SYSTEMPATH\Database\BaseBuilder.php(1616): CodeIgniter\Database\BaseConnection->query('SELECT SUM(sisa_hutang) as hutang_invoice, `id_customer`, `no_invoice_ekspedisi` `nama_usaha`, `nama_cstmr`, `telepon`, `atas_nama`
FROM `tb_invoice`
JOIN `tb_customer` ON `tb_customer`.`id` = `tb_invoice`.`id_customer`
LEFT JOIN `tb_invoice_ekspedisi` ON `tb_invoice_ekspedisi`.`id` = `tb_invoice`.`id_invoice_ekspedisi`
LEFT JOIN `tb_ekspedisi` ON `tb_ekspedisi`.`id` = `tb_invoice_ekspedisi`.`id_ekspedisi`
GROUP BY `tb_invoice`.`id_customer`', [], false)
 2 APPPATH\Models\ModelInvoice.php(78): CodeIgniter\Database\BaseBuilder->get()
 3 APPPATH\Controllers\AJAX\Piutang.php(23): App\Models\ModelInvoice->getHutang(null)
 4 SYSTEMPATH\CodeIgniter.php(934): App\Controllers\AJAX\Piutang->index(null)
 5 SYSTEMPATH\CodeIgniter.php(499): CodeIgniter\CodeIgniter->runController(Object(App\Controllers\AJAX\Piutang))
 6 SYSTEMPATH\CodeIgniter.php(368): CodeIgniter\CodeIgniter->handleRequest(null, Object(Config\Cache), false)
 7 FCPATH\index.php(67): CodeIgniter\CodeIgniter->run()
 8 SYSTEMPATH\Commands\Server\rewrite.php(47): require_once('FCPATH\\index.php')
